-86.000000
100
0 10
0 13
0 15
0 19
0 22
0 26
0 31
0 32
0 37
0 39
0 42
0 44
0 46
0 48
0 50
0 52
0 57
0 60
0 65
0 66
0 71
0 72
0 75
0 77
0 84
0 89
0 94
0 96
0 97
0 99
1 50
2 91
3 71
4 32
5 8
6 37
7 37
8 5
8 21
8 50
8 70
8 93
9 41
10 0
10 82
11 99
12 86
12 92
13 0
14 30
14 74
15 0
15 68
16 29
17 18
17 54
17 69
18 17
18 52
19 0
20 41
21 8
21 45
22 0
23 92
24 87
25 92
26 0
27 47
27 49
28 59
28 71
29 16
29 53
29 63
29 75
30 14
30 39
31 0
32 0
32 4
32 83
33 51
33 95
34 76
35 71
36 72
37 0
37 6
37 7
37 41
38 64
38 80
39 0
39 30
39 73
40 98
41 9
41 20
41 37
42 0
43 56
43 71
44 0
45 21
46 0
46 91
47 27
48 0
49 27
49 67
50 0
50 1
50 8
51 33
51 96
52 0
52 18
53 29
54 17
55 98
56 43
57 0
58 78
58 99
59 28
60 0
60 61
60 62
60 67
61 60
61 81
62 60
62 87
63 29
63 92
64 38
65 0
66 0
66 85
67 49
67 60
68 15
69 17
70 8
71 0
71 3
71 28
71 35
71 43
72 0
72 36
73 39
74 14
75 0
75 29
76 34
76 90
77 0
77 79
78 58
79 77
80 38
80 87
81 61
82 10
83 32
83 98
84 0
85 66
85 90
86 12
87 24
87 62
87 80
88 93
89 0
90 76
90 85
91 2
91 46
92 12
92 23
92 25
92 63
93 8
93 88
94 0
95 33
96 0
96 51
97 0
98 40
98 55
98 83
99 0
99 11
99 58
