1248.000000
190
0 2
0 4
0 10
0 20
0 22
0 26
0 33
0 34
0 44
0 45
0 46
0 52
0 53
0 54
0 65
0 80
0 81
0 87
0 95
0 103
0 113
0 114
0 128
0 132
0 136
0 156
0 161
0 162
0 170
1 50
2 0
2 11
2 91
2 111
2 126
2 146
2 173
3 17
4 0
4 96
5 29
5 156
6 36
7 80
7 119
7 138
7 153
8 158
9 159
10 0
10 13
10 76
10 159
11 2
11 84
11 180
12 42
12 148
12 170
13 10
13 117
13 187
14 153
15 103
16 45
16 83
16 131
17 3
17 132
17 183
18 100
19 23
19 128
20 0
20 144
21 40
22 0
22 49
22 163
23 19
24 68
25 111
26 0
26 89
26 120
27 33
27 185
28 73
29 5
30 68
31 85
31 181
32 113
32 166
32 171
33 0
33 27
33 152
34 0
34 133
35 141
36 6
36 49
37 44
38 82
38 143
38 162
39 60
39 73
39 156
40 21
40 51
40 52
40 101
40 125
40 188
41 90
42 12
43 147
44 0
44 37
44 48
44 110
44 181
45 0
45 16
45 74
46 0
46 50
46 79
46 94
47 49
48 44
48 72
48 112
49 22
49 36
49 47
49 71
49 184
50 1
50 46
50 107
50 189
51 40
52 0
52 40
52 177
53 0
53 77
54 0
55 147
56 135
57 110
58 163
59 93
60 39
61 96
62 130
63 75
63 156
63 167
64 86
65 0
65 118
65 124
66 120
67 138
68 24
68 30
68 170
69 173
70 121
71 49
72 48
73 28
73 39
74 45
75 63
76 10
76 90
76 178
77 53
78 182
79 46
80 0
80 7
81 0
81 86
81 122
82 38
83 16
84 11
85 31
86 64
86 81
86 97
86 123
87 0
87 157
88 142
88 152
89 26
89 104
89 105
90 41
90 76
91 2
92 119
93 59
93 122
94 46
94 182
95 0
95 140
96 4
96 61
97 86
98 188
99 153
100 18
100 156
100 165
101 40
102 110
103 0
103 15
103 175
104 89
105 89
106 181
107 50
108 147
109 160
110 44
110 57
110 102
110 139
110 141
111 2
111 25
111 134
112 48
112 176
113 0
113 32
113 130
113 147
113 158
114 0
115 178
116 161
117 13
118 65
119 7
119 92
120 26
120 66
121 70
121 163
122 81
122 93
122 135
122 145
122 150
123 86
124 65
124 186
125 40
126 2
127 181
128 0
128 19
129 166
130 62
130 113
130 137
130 179
131 16
132 0
132 17
133 34
134 111
134 149
134 172
135 56
135 122
136 0
137 130
138 7
138 67
139 110
140 95
141 35
141 110
142 88
143 38
144 20
145 122
146 2
146 151
147 43
147 55
147 108
147 113
147 164
148 12
149 134
150 122
151 146
152 33
152 88
153 7
153 14
153 99
154 171
155 158
156 0
156 5
156 39
156 63
156 100
156 160
156 169
157 87
158 8
158 113
158 155
159 9
159 10
160 109
160 156
161 0
161 116
162 0
162 38
163 22
163 58
163 121
164 147
165 100
166 32
166 129
167 63
168 181
169 156
169 174
170 0
170 12
170 68
171 32
171 154
172 134
173 2
173 69
174 169
175 103
176 112
177 52
178 76
178 115
179 130
180 11
181 31
181 44
181 106
181 127
181 168
182 78
182 94
183 17
184 49
185 27
186 124
187 13
188 40
188 98
189 50
