-124.000000
100
0 5
0 22
0 27
0 29
0 45
0 52
0 61
0 69
0 70
0 80
0 82
0 83
0 84
0 88
0 95
1 87
2 5
2 11
2 63
3 49
4 13
4 67
5 0
5 2
6 20
6 22
7 17
8 86
9 92
10 28
10 55
11 2
12 42
13 4
13 73
14 84
15 81
16 27
16 44
17 7
17 39
17 88
18 56
18 89
19 95
20 6
20 35
20 62
20 92
21 42
22 0
22 6
22 57
23 43
24 74
24 88
25 30
25 31
26 84
27 0
27 16
28 10
29 0
29 86
30 25
30 98
31 25
31 49
31 69
31 71
32 74
33 89
34 45
34 54
35 20
36 93
37 95
38 84
39 17
40 98
41 43
41 65
42 12
42 21
42 76
43 23
43 41
44 16
45 0
45 34
46 58
46 69
47 72
48 97
49 3
49 31
50 70
50 97
51 52
51 77
52 0
52 51
53 98
54 34
54 93
55 10
55 84
55 85
56 18
56 67
56 93
57 22
58 46
59 83
60 65
60 79
61 0
61 64
61 76
61 99
62 20
63 2
63 68
63 78
64 61
64 87
65 41
65 60
65 86
66 88
67 4
67 56
68 63
69 0
69 31
69 46
70 0
70 50
70 81
71 31
72 47
72 86
73 13
74 24
74 32
75 90
75 96
76 42
76 61
77 51
78 63
79 60
80 0
81 15
81 70
82 0
82 96
83 0
83 59
84 0
84 14
84 26
84 38
84 55
85 55
85 91
86 8
86 29
86 65
86 72
87 1
87 64
88 0
88 17
88 24
88 66
89 18
89 33
90 75
91 85
92 9
92 20
93 36
93 54
93 56
94 99
95 0
95 19
95 37
96 75
96 82
97 48
97 50
98 30
98 40
98 53
99 61
99 94
