1821.000000
200
0 28
0 32
0 35
0 36
0 41
0 45
0 55
0 58
0 66
0 68
0 69
0 76
0 79
0 87
0 95
0 110
0 133
0 166
0 179
0 185
0 190
0 191
0 193
0 199
1 38
1 183
2 188
3 23
4 90
4 129
4 157
4 184
5 35
6 138
7 53
7 151
8 103
9 145
10 24
10 52
10 116
11 145
12 27
12 55
13 145
14 41
15 83
15 122
16 173
17 173
18 77
19 89
19 135
20 49
20 110
21 113
22 77
23 3
23 181
23 199
24 10
24 132
25 44
25 88
25 92
25 162
26 28
27 12
28 0
28 26
29 182
30 140
31 80
31 90
31 118
31 158
32 0
32 82
33 77
33 94
33 102
33 113
34 66
35 0
35 5
35 47
35 84
35 135
35 138
35 188
36 0
37 140
38 1
38 97
38 142
38 172
39 74
39 161
40 42
40 94
41 0
41 14
41 54
41 77
41 108
41 171
42 40
42 174
43 95
44 25
45 0
45 96
46 145
46 194
47 35
47 107
48 107
49 20
50 57
51 93
51 134
51 195
52 10
53 7
53 117
53 142
53 198
54 41
54 177
55 0
55 12
56 173
57 50
57 62
57 145
58 0
59 117
60 87
61 76
61 143
62 57
63 72
64 169
65 99
66 0
66 34
66 111
66 119
67 145
68 0
68 78
68 115
69 0
70 165
71 147
71 156
72 63
72 114
72 142
73 159
74 39
75 124
76 0
76 61
77 18
77 22
77 33
77 41
77 150
77 178
78 68
78 149
78 163
78 189
79 0
79 91
79 129
80 31
81 100
82 32
82 126
83 15
84 35
84 169
85 137
85 172
86 110
87 0
87 60
88 25
88 170
89 19
90 4
90 31
91 79
91 140
92 25
92 109
92 187
93 51
94 33
94 40
94 153
95 0
95 43
96 45
97 38
98 166
99 65
99 145
100 81
100 125
100 197
101 110
102 33
103 8
103 147
104 176
105 161
106 107
107 47
107 48
107 106
107 124
108 41
109 92
110 0
110 20
110 86
110 101
110 142
111 66
112 126
113 21
113 33
113 128
114 72
115 68
115 161
116 10
116 185
117 53
117 59
118 31
119 66
120 171
121 164
122 15
122 135
123 144
124 75
124 107
125 100
125 131
125 140
126 82
126 112
126 148
126 152
126 182
127 140
127 164
127 173
128 113
129 4
129 79
129 160
130 154
130 187
131 125
132 24
132 146
133 0
133 145
134 51
134 147
134 171
135 19
135 35
135 122
135 136
136 135
137 85
138 6
138 35
139 161
140 30
140 37
140 91
140 125
140 127
141 145
142 38
142 53
142 72
142 110
143 61
143 168
144 123
144 193
145 9
145 11
145 13
145 46
145 57
145 67
145 99
145 133
145 141
145 154
146 132
147 71
147 103
147 134
148 126
149 78
150 77
151 7
151 155
151 175
152 126
153 94
154 130
154 145
155 151
156 71
157 4
158 31
159 73
159 179
160 129
161 39
161 105
161 115
161 139
162 25
163 78
164 121
164 127
165 70
165 193
166 0
166 98
167 198
168 143
169 64
169 84
170 88
171 41
171 120
171 134
171 192
171 196
172 38
172 85
173 16
173 17
173 56
173 127
174 42
175 151
176 104
176 199
177 54
178 77
179 0
179 159
180 199
181 23
182 29
182 126
183 1
184 4
185 0
185 116
186 192
187 92
187 130
188 2
188 35
189 78
190 0
191 0
192 171
192 186
193 0
193 144
193 165
194 46
195 51
196 171
197 100
198 53
198 167
199 0
199 23
199 176
199 180
