39.000000
100
0 2
0 5
0 12
0 17
0 25
0 29
0 34
0 52
0 54
0 68
0 79
0 89
0 93
1 56
2 0
2 56
2 62
3 51
3 77
4 87
5 0
5 10
5 24
6 45
6 82
7 16
7 92
8 44
9 91
10 5
11 20
12 0
13 24
14 21
14 89
15 94
16 7
16 71
17 0
17 37
17 67
17 98
18 35
18 54
19 99
20 11
20 28
20 64
20 66
21 14
22 39
22 45
23 53
24 5
24 13
25 0
25 73
25 99
26 52
27 33
28 20
28 63
29 0
29 43
30 97
31 78
32 54
33 27
33 43
34 0
34 88
35 18
36 58
36 74
37 17
37 46
38 71
39 22
39 76
40 50
40 54
41 82
42 43
43 29
43 33
43 42
43 58
44 8
44 48
44 69
44 70
45 6
45 22
45 73
46 37
47 88
47 92
48 44
48 50
49 54
50 40
50 48
51 3
51 60
52 0
52 26
53 23
53 59
54 0
54 18
54 32
54 40
54 49
54 75
54 91
55 85
56 1
56 2
57 72
58 36
58 43
59 53
59 83
60 51
60 68
61 68
61 87
62 2
63 28
63 90
64 20
64 95
65 71
66 20
67 17
67 85
68 0
68 60
68 61
68 97
69 44
70 44
71 16
71 38
71 65
72 57
72 91
73 25
73 45
74 36
75 54
76 39
77 3
78 31
78 82
79 0
80 87
81 96
82 6
82 41
82 78
82 84
83 59
83 85
83 96
84 82
85 55
85 67
85 83
85 86
86 85
87 4
87 61
87 80
87 94
88 34
88 47
89 0
89 14
90 63
91 9
91 54
91 72
92 7
92 47
92 95
93 0
94 15
94 87
95 64
95 92
96 81
96 83
97 30
97 68
98 17
99 19
99 25
