3276.000000
350
0 17
0 20
0 34
0 39
0 43
0 61
0 67
0 75
0 90
0 94
0 106
0 112
0 128
0 129
0 149
0 154
0 157
0 198
0 207
0 209
0 233
0 257
0 261
0 274
0 293
0 298
0 301
0 329
0 330
0 331
0 332
0 337
0 339
1 32
1 276
1 312
2 72
3 329
4 208
4 248
5 246
6 290
7 178
7 313
7 318
8 177
9 61
9 227
10 253
11 251
11 265
11 270
12 248
13 199
14 145
14 160
14 166
14 193
15 26
15 211
15 272
15 281
15 305
16 127
17 0
18 35
18 295
19 111
20 0
20 30
20 286
21 142
22 200
23 208
24 208
25 333
26 15
27 36
28 130
28 153
29 305
30 20
30 276
31 127
32 1
33 108
33 213
34 0
34 213
35 18
35 73
35 82
35 251
36 27
36 85
36 261
36 282
37 254
38 53
38 171
39 0
40 112
40 230
41 149
42 197
42 282
43 0
44 150
44 175
45 232
46 96
46 136
46 148
46 162
46 340
47 116
47 184
47 287
47 344
48 149
48 322
49 112
50 228
51 91
52 302
52 332
53 38
53 142
54 62
54 236
55 112
56 191
56 198
57 146
57 157
57 201
57 259
57 280
57 310
57 325
58 93
58 286
58 307
59 69
59 149
59 223
59 300
60 252
60 301
61 0
61 9
61 101
62 54
62 298
63 219
64 257
64 267
65 212
66 164
66 165
66 261
66 297
66 319
67 0
67 117
67 231
68 292
69 59
69 185
69 338
70 347
71 157
72 2
72 121
73 35
73 289
74 99
75 0
75 348
76 195
76 244
76 342
77 80
78 123
79 193
79 228
79 269
80 77
80 308
81 82
82 35
82 81
83 124
84 337
85 36
85 299
86 245
87 111
87 346
88 137
89 150
90 0
90 105
90 158
90 193
91 51
91 157
92 207
92 264
93 58
94 0
94 97
94 168
94 206
94 239
94 253
95 127
96 46
97 94
97 225
98 342
99 74
99 231
100 346
101 61
102 136
103 127
103 331
104 137
105 90
105 155
106 0
107 337
108 33
109 114
109 126
109 243
110 119
111 19
111 87
111 215
111 258
111 341
111 348
112 0
112 40
112 49
112 55
112 219
112 342
113 311
114 109
115 344
116 47
117 67
118 138
118 294
118 301
118 320
119 110
119 157
119 203
119 250
120 290
121 72
121 268
122 201
123 78
123 308
123 337
124 83
124 298
125 262
125 280
126 109
126 138
127 16
127 31
127 95
127 103
127 144
127 210
128 0
129 0
129 315
130 28
130 193
131 162
131 291
132 205
133 228
134 149
134 177
135 270
136 46
136 102
136 198
137 88
137 104
137 167
137 259
137 263
137 309
137 349
138 118
138 126
139 187
140 311
141 247
142 21
142 53
142 186
143 337
144 127
145 14
146 57
147 228
148 46
149 0
149 41
149 48
149 59
149 134
149 212
149 232
149 237
149 255
149 277
149 296
150 44
150 89
150 234
151 162
152 221
153 28
154 0
154 241
155 105
156 339
157 0
157 57
157 71
157 91
157 119
157 265
157 345
158 90
158 249
159 245
160 14
160 283
161 255
162 46
162 131
162 151
162 182
163 186
164 66
165 66
166 14
167 137
168 94
168 304
169 193
170 218
170 240
170 317
171 38
172 260
173 336
174 314
175 44
175 314
176 265
177 8
177 134
177 204
177 313
178 7
179 199
179 245
179 321
180 208
181 242
182 162
182 220
183 250
184 47
184 260
184 292
185 69
186 142
186 163
186 248
186 271
187 139
187 205
188 277
189 223
190 242
191 56
192 276
193 14
193 79
193 90
193 130
193 169
193 217
193 328
194 277
195 76
195 221
196 311
197 42
198 0
198 56
198 136
199 13
199 179
199 285
200 22
200 268
200 305
201 57
201 122
202 296
203 119
204 177
205 132
205 187
205 218
206 94
207 0
207 92
208 4
208 23
208 24
208 180
209 0
209 273
210 127
211 15
212 65
212 149
212 235
213 33
213 34
214 239
215 111
216 316
216 324
217 193
218 170
218 205
218 276
218 303
219 63
219 112
220 182
221 152
221 195
222 229
223 59
223 189
224 308
225 97
226 337
227 9
228 50
228 79
228 133
228 147
229 222
229 256
230 40
231 67
231 99
232 45
232 149
233 0
234 150
235 212
236 54
237 149
238 344
239 94
239 214
240 170
241 154
242 181
242 190
242 336
243 109
244 76
245 86
245 159
245 179
245 277
246 5
246 300
247 141
247 261
248 4
248 12
248 186
248 261
248 290
249 158
250 119
250 183
251 11
251 35
252 60
253 10
253 94
254 37
254 300
255 149
255 161
255 279
256 229
256 306
257 0
257 64
257 305
257 347
258 111
259 57
259 137
259 324
260 172
260 184
261 0
261 36
261 66
261 247
261 248
261 306
262 125
263 137
264 92
265 11
265 157
265 176
266 292
267 64
268 121
268 200
269 79
270 11
270 135
271 186
272 15
273 209
274 0
275 303
276 1
276 30
276 192
276 218
277 149
277 188
277 194
277 245
278 281
279 255
280 57
280 125
280 326
281 15
281 278
282 36
282 42
283 160
284 292
285 199
285 288
286 20
286 58
287 47
287 334
287 335
288 285
289 73
290 6
290 120
290 248
291 131
292 68
292 184
292 266
292 284
292 301
293 0
293 314
293 323
293 327
294 118
295 18
296 149
296 202
297 66
298 0
298 62
298 124
299 85
300 59
300 246
300 254
301 0
301 60
301 118
301 292
302 52
303 218
303 275
304 168
305 15
305 29
305 200
305 257
305 311
306 256
306 261
307 58
308 80
308 123
308 224
309 137
310 57
311 113
311 140
311 196
311 305
312 1
313 7
313 177
314 174
314 175
314 293
315 129
316 216
317 170
318 7
319 66
320 118
321 179
322 48
323 293
324 216
324 259
325 57
325 333
325 343
326 280
327 293
328 193
329 0
329 3
330 0
331 0
331 103
332 0
332 52
333 25
333 325
334 287
335 287
336 173
336 242
336 343
337 0
337 84
337 107
337 123
337 143
337 226
338 69
339 0
339 156
340 46
341 111
342 76
342 98
342 112
343 325
343 336
344 47
344 115
344 238
345 157
346 87
346 100
347 70
347 257
348 75
348 111
349 137
