-323.000000
450
0 1
0 5
0 7
0 23
0 25
0 28
0 29
0 48
0 51
0 53
0 54
0 65
0 66
0 78
0 92
0 94
0 95
0 103
0 107
0 114
0 116
0 118
0 119
0 123
0 124
0 126
0 127
0 130
0 131
0 150
0 162
0 169
0 173
0 176
0 178
0 181
0 185
0 186
0 194
0 196
0 201
0 206
0 207
0 223
0 230
0 232
0 240
0 247
0 248
0 250
0 254
0 260
0 261
0 265
0 270
0 280
0 282
0 298
0 299
0 303
0 307
0 311
0 320
0 341
0 342
0 343
0 350
0 366
0 369
0 378
0 384
0 391
0 393
0 403
0 407
0 416
0 418
0 419
0 423
0 428
0 430
0 431
0 441
0 444
0 446
1 0
1 365
2 30
3 166
3 343
4 403
5 0
5 35
5 190
6 127
6 160
7 0
7 55
7 224
8 53
8 104
9 252
10 69
10 225
10 391
11 57
12 376
13 86
13 368
13 383
14 123
14 158
15 130
15 279
15 345
15 427
16 195
16 197
16 395
16 399
16 444
17 152
18 122
19 67
20 82
21 368
22 87
22 150
22 159
22 433
23 0
23 164
24 77
24 329
24 423
25 0
25 239
25 356
26 267
26 371
27 399
28 0
28 243
28 253
29 0
29 402
30 2
30 38
30 167
30 320
30 435
31 390
32 117
33 95
34 156
34 223
34 387
35 5
35 63
36 281
37 38
37 174
38 30
38 37
39 59
39 76
40 426
41 115
41 139
42 116
43 185
43 222
44 103
44 234
45 195
46 368
47 304
47 334
48 0
48 129
48 339
49 162
49 220
49 417
50 178
50 352
51 0
51 301
52 392
52 428
53 0
53 8
54 0
54 353
55 7
55 373
56 240
57 11
57 141
58 213
59 39
60 186
61 204
61 299
61 364
62 334
63 35
63 165
64 207
64 410
65 0
65 347
66 0
66 143
67 19
67 430
68 163
69 10
70 408
70 415
70 443
71 147
71 148
71 205
72 236
72 291
73 214
73 284
74 435
75 390
76 39
76 245
76 289
77 24
77 219
77 370
78 0
78 321
79 124
79 163
80 107
80 135
80 199
81 285
82 20
82 87
83 122
83 183
84 123
85 127
86 13
86 323
86 358
86 407
87 22
87 82
88 237
89 263
90 256
91 285
91 362
92 0
92 145
92 242
93 107
94 0
94 379
95 0
95 33
95 338
95 371
96 176
97 127
98 173
99 129
100 433
101 261
101 263
102 217
103 0
103 44
103 133
104 8
104 144
105 351
106 297
107 0
107 80
107 93
107 121
108 118
108 286
108 313
109 234
110 150
111 232
112 229
113 208
114 0
114 217
115 41
116 0
116 42
117 32
117 126
118 0
118 108
118 325
119 0
119 385
120 251
120 352
121 107
122 18
122 83
123 0
123 14
123 84
123 189
124 0
124 79
125 449
126 0
126 117
126 182
127 0
127 6
127 85
127 97
127 264
127 424
128 134
129 48
129 99
130 0
130 15
130 439
131 0
131 319
131 333
132 158
133 103
134 128
134 354
135 80
135 415
136 254
136 328
137 179
137 314
138 231
138 431
139 41
139 284
140 411
141 57
141 378
142 181
142 445
143 66
144 104
145 92
146 430
147 71
147 442
148 71
148 273
149 230
150 0
150 22
150 110
151 215
152 17
152 247
153 220
154 381
155 367
156 34
157 291
158 14
158 132
159 22
159 309
160 6
161 301
162 0
162 49
162 215
163 68
163 79
164 23
164 335
165 63
166 3
167 30
167 288
168 217
168 235
169 0
169 448
170 228
170 349
171 263
171 272
172 246
173 0
173 98
174 37
175 379
176 0
176 96
176 397
177 213
177 298
178 0
178 50
179 137
179 389
180 203
180 347
181 0
181 142
182 126
183 83
183 266
184 200
184 255
185 0
185 43
185 269
186 0
186 60
187 306
188 206
189 123
189 218
190 5
191 202
191 230
192 237
193 313
194 0
194 438
195 16
195 45
195 293
196 0
196 216
196 396
197 16
198 289
199 80
199 257
199 262
199 422
200 184
200 250
201 0
201 432
202 191
202 271
202 363
203 180
204 61
205 71
206 0
206 188
207 0
207 64
208 113
208 229
208 351
209 436
210 365
210 440
211 361
212 372
213 58
213 177
214 73
214 297
215 151
215 162
215 326
215 337
216 196
216 292
217 102
217 114
217 168
218 189
219 77
220 49
220 153
221 371
222 43
222 372
223 0
223 34
223 401
224 7
224 249
225 10
226 265
226 331
227 278
228 170
228 437
229 112
229 208
230 0
230 149
230 191
231 138
231 390
232 0
232 111
233 431
234 44
234 109
234 294
234 324
235 168
236 72
237 88
237 192
237 345
238 333
239 25
240 0
240 56
241 334
242 92
242 274
243 28
244 348
244 441
245 76
245 250
245 275
246 172
246 425
246 431
247 0
247 152
248 0
249 224
250 0
250 200
250 245
251 120
252 9
252 291
252 416
253 28
254 0
254 136
255 184
256 90
256 428
257 199
258 303
259 419
260 0
260 266
260 308
261 0
261 101
262 199
263 89
263 101
263 171
264 127
265 0
265 226
266 183
266 260
267 26
267 317
268 274
268 426
269 185
269 281
269 374
270 0
270 296
270 400
271 202
272 171
273 148
274 242
274 268
275 245
275 421
276 307
277 280
278 227
278 386
278 402
279 15
280 0
280 277
281 36
281 269
282 0
282 340
283 314
283 434
284 73
284 139
284 304
284 360
285 81
285 91
285 353
286 108
287 367
287 384
288 167
289 76
289 198
290 404
291 72
291 157
291 252
292 216
293 195
294 234
295 354
295 448
296 270
296 330
297 106
297 214
298 0
298 177
299 0
299 61
300 350
300 361
300 436
301 51
301 161
302 419
303 0
303 258
303 310
304 47
304 284
304 366
305 368
306 187
306 359
306 397
307 0
307 276
307 394
308 260
308 349
309 159
310 303
311 0
311 315
312 393
313 108
313 193
314 137
314 283
315 311
316 325
317 267
318 409
319 131
319 434
320 0
320 30
321 78
322 411
323 86
324 234
325 118
325 316
326 215
327 413
328 136
328 411
329 24
330 296
331 226
331 380
331 447
332 427
333 131
333 238
334 47
334 62
334 241
335 164
336 395
337 215
338 95
338 429
339 48
340 282
340 409
341 0
342 0
342 404
343 0
343 3
344 390
345 15
345 237
345 449
346 375
347 65
347 180
348 244
348 406
349 170
349 308
350 0
350 300
350 382
351 105
351 208
351 369
352 50
352 120
352 375
353 54
353 285
354 134
354 295
355 357
355 418
356 25
357 355
357 413
358 86
359 306
360 284
361 211
361 300
361 405
362 91
363 202
364 61
365 1
365 210
365 414
366 0
366 304
367 155
367 287
368 13
368 21
368 46
368 305
369 0
369 351
370 77
371 26
371 95
371 221
372 212
372 222
373 55
374 269
375 346
375 352
376 12
376 394
377 388
377 403
378 0
378 141
379 94
379 175
380 331
381 154
381 420
382 350
383 13
384 0
384 287
385 119
386 278
387 34
388 377
389 179
390 31
390 75
390 231
390 344
391 0
391 10
392 52
393 0
393 312
394 307
394 376
395 16
395 336
396 196
397 176
397 306
398 418
399 16
399 27
400 270
401 223
402 29
402 278
403 0
403 4
403 377
404 290
404 342
404 412
405 361
405 420
406 348
407 0
407 86
408 70
409 318
409 340
410 64
411 140
411 322
411 328
412 404
413 327
413 357
414 365
415 70
415 135
416 0
416 252
417 49
418 0
418 355
418 398
419 0
419 259
419 302
420 381
420 405
421 275
422 199
423 0
423 24
424 127
425 246
426 40
426 268
427 15
427 332
428 0
428 52
428 256
429 338
430 0
430 67
430 146
430 442
431 0
431 138
431 233
431 246
432 201
433 22
433 100
434 283
434 319
435 30
435 74
436 209
436 300
437 228
438 194
439 130
440 210
441 0
441 244
442 147
442 430
443 70
444 0
444 16
445 142
446 0
447 331
448 169
448 295
449 125
449 345
