93.000000
500
0 33
0 70
0 118
0 148
0 207
0 282
0 296
0 313
0 346
0 351
0 371
0 376
0 414
0 418
0 419
0 458
0 466
1 207
2 349
3 388
4 142
4 218
5 102
5 300
6 137
6 182
6 330
7 55
7 105
7 331
7 485
8 171
8 269
8 434
9 100
9 184
9 366
9 408
9 482
10 269
11 321
11 466
12 162
12 248
13 289
13 307
14 154
15 23
15 353
16 98
16 368
17 296
18 217
18 232
18 255
18 380
19 90
19 448
20 105
21 335
22 38
22 366
23 15
23 197
23 201
24 255
24 275
25 151
26 181
27 213
27 320
28 80
28 298
29 224
30 158
31 185
31 474
32 223
32 303
33 0
33 106
33 220
33 422
34 154
35 123
36 423
37 60
37 90
38 22
38 296
39 244
39 384
39 392
40 327
41 181
41 306
42 261
42 403
42 469
43 107
43 172
44 174
45 158
45 243
45 273
46 91
46 353
47 223
47 430
48 168
48 307
48 334
49 164
49 172
49 234
50 177
50 226
51 167
52 386
53 93
53 187
53 390
54 271
54 305
54 371
55 7
55 223
56 372
57 341
58 174
59 396
59 398
60 37
61 80
61 113
62 206
63 429
64 327
65 111
66 318
67 109
68 159
68 205
68 483
69 142
69 319
69 446
70 0
70 109
70 211
70 444
71 85
71 126
71 254
72 290
73 133
73 154
73 200
73 286
74 104
74 118
75 178
75 181
76 161
76 329
77 187
78 189
79 103
79 129
79 249
79 338
79 460
80 28
80 61
80 111
81 217
81 219
81 363
82 284
83 180
84 169
84 456
85 71
86 470
87 196
87 325
87 326
87 477
88 124
88 210
88 268
89 194
89 281
89 400
90 19
90 37
90 122
90 336
90 451
91 46
92 157
93 53
94 285
95 327
95 482
96 250
97 101
98 16
99 321
100 9
101 97
101 181
101 475
102 5
102 372
103 79
104 74
104 333
104 389
104 407
104 453
105 7
105 20
105 433
106 33
107 43
107 262
107 312
108 430
109 67
109 70
109 198
109 391
110 265
111 65
111 80
111 167
111 297
111 432
112 243
112 413
113 61
113 211
113 214
113 467
114 345
115 254
115 465
116 422
116 496
117 358
118 0
118 74
118 464
119 147
120 361
120 466
121 153
121 227
122 90
122 189
123 35
123 241
124 88
124 183
124 322
125 150
125 163
125 465
126 71
126 240
127 128
127 294
127 356
128 127
128 251
129 79
129 253
129 390
129 429
130 212
131 416
132 309
132 422
133 73
134 286
135 242
136 296
137 6
137 190
137 207
137 222
137 468
138 208
138 466
139 226
140 226
141 292
141 317
142 4
142 69
143 427
144 157
144 301
144 311
144 411
145 456
145 477
146 233
147 119
147 264
147 283
147 421
148 0
148 169
149 461
149 479
149 484
150 125
151 25
151 419
152 246
152 455
153 121
153 282
154 14
154 34
154 73
154 369
155 353
155 446
156 470
157 92
157 144
157 186
157 225
157 347
158 30
158 45
158 349
158 445
159 68
159 295
160 467
161 76
161 293
161 360
162 12
163 125
163 202
163 224
163 350
164 49
165 329
166 475
167 51
167 111
167 497
168 48
168 250
169 84
169 148
170 263
171 8
172 43
172 49
173 224
174 44
174 58
174 188
174 223
174 313
175 199
175 418
176 349
177 50
177 419
178 75
179 345
180 83
180 335
181 26
181 41
181 75
181 101
181 281
182 6
183 124
183 212
184 9
185 31
186 157
187 53
187 77
187 288
188 174
189 78
189 122
190 137
190 402
191 349
192 436
193 265
194 89
194 234
194 348
194 404
195 242
195 379
195 388
196 87
196 395
197 23
197 229
198 109
198 469
199 175
200 73
200 463
201 23
202 163
203 237
203 238
203 402
204 302
205 68
205 296
205 355
205 426
206 62
206 209
206 223
207 0
207 1
207 137
207 377
208 138
209 206
210 88
211 70
211 113
212 130
212 183
213 27
213 215
214 113
215 213
215 363
215 389
216 345
217 18
217 81
218 4
218 285
218 344
219 81
220 33
220 257
220 334
221 469
222 137
222 454
222 473
223 32
223 47
223 55
223 174
223 206
224 29
224 163
224 173
224 449
225 157
226 50
226 139
226 140
227 121
228 422
229 197
229 462
230 325
231 361
231 438
232 18
233 146
233 265
233 334
233 354
233 489
234 49
234 194
235 274
235 368
236 498
237 203
238 203
238 302
239 483
240 126
240 409
241 123
241 494
242 135
242 195
243 45
243 112
244 39
244 486
245 376
246 152
246 270
246 494
247 260
247 452
248 12
248 460
249 79
250 96
250 168
250 415
251 128
251 259
252 254
253 129
253 386
254 71
254 115
254 252
255 18
255 24
256 369
257 220
258 279
258 292
258 423
259 251
259 379
260 247
260 267
260 339
260 427
261 42
262 107
263 170
263 307
264 147
265 110
265 193
265 233
265 332
265 488
265 491
266 368
267 260
267 323
267 375
268 88
268 476
268 493
268 498
269 8
269 10
270 246
271 54
271 436
272 419
272 424
272 443
273 45
273 308
274 235
274 326
274 382
275 24
276 385
276 460
277 317
277 328
278 407
279 258
280 302
281 89
281 181
282 0
282 153
282 425
282 455
283 147
283 346
284 82
284 317
285 94
285 218
285 466
285 481
286 73
286 134
286 315
286 318
287 377
288 187
289 13
290 72
290 331
291 463
291 490
292 141
292 258
293 161
294 127
295 159
295 374
295 459
296 0
296 17
296 38
296 136
296 205
296 358
297 111
297 362
298 28
298 461
299 455
299 472
300 5
300 406
301 144
301 414
302 204
302 238
302 280
302 329
302 343
303 32
303 335
304 434
304 453
305 54
306 41
307 13
307 48
307 263
308 273
309 132
310 342
310 353
311 144
311 420
311 450
312 107
312 441
312 442
313 0
313 174
313 457
314 326
315 286
316 418
316 478
317 141
317 277
317 284
318 66
318 286
319 69
320 27
321 11
321 99
322 124
322 470
323 267
324 411
325 87
325 230
326 87
326 274
326 314
327 40
327 64
327 95
327 370
328 277
328 422
329 76
329 165
329 302
330 6
330 401
331 7
331 290
332 265
333 104
333 417
334 48
334 220
334 233
334 480
335 21
335 180
335 303
335 487
336 90
337 352
338 79
339 260
339 443
339 492
340 404
341 57
341 471
341 481
342 310
343 302
344 218
345 114
345 179
345 216
345 368
346 0
346 283
346 383
346 405
347 157
348 194
348 405
349 2
349 158
349 176
349 191
350 163
350 414
351 0
352 337
352 378
352 433
353 15
353 46
353 155
353 310
353 435
354 233
354 381
355 205
356 127
356 499
357 380
358 117
358 296
359 371
359 413
360 161
360 397
361 120
361 231
362 297
363 81
363 215
364 405
365 433
366 9
366 22
367 402
368 16
368 235
368 266
368 345
369 154
369 256
369 458
370 327
371 0
371 54
371 359
372 56
372 102
372 419
373 411
374 295
375 267
376 0
376 245
376 470
377 207
377 287
378 352
379 195
379 259
379 458
380 18
380 357
381 354
382 274
383 346
384 39
385 276
386 52
386 253
387 411
388 3
388 195
389 104
389 215
390 53
390 129
391 109
392 39
393 452
394 452
395 196
396 59
396 448
397 360
398 59
399 438
399 495
400 89
401 330
402 190
402 203
402 367
403 42
404 194
404 340
405 346
405 348
405 364
406 300
407 104
407 278
408 9
409 240
410 418
410 429
411 144
411 324
411 373
411 387
412 454
413 112
413 359
414 0
414 301
414 350
415 250
416 131
416 439
416 457
417 333
418 0
418 175
418 316
418 410
419 0
419 151
419 177
419 272
419 372
420 311
421 147
422 33
422 116
422 132
422 228
422 328
423 36
423 258
424 272
425 282
426 205
427 143
427 260
428 438
429 63
429 129
429 410
429 474
430 47
430 108
430 431
431 430
432 111
433 105
433 352
433 365
434 8
434 304
435 353
436 192
436 271
437 454
438 231
438 399
438 428
439 416
440 452
441 312
442 312
443 272
443 339
444 70
445 158
446 69
446 155
447 472
448 19
448 396
448 459
449 224
450 311
451 90
452 247
452 393
452 394
452 440
453 104
453 304
454 222
454 412
454 437
455 152
455 282
455 299
455 486
456 84
456 145
457 313
457 416
458 0
458 369
458 379
459 295
459 448
460 79
460 248
460 276
461 149
461 298
462 229
463 200
463 291
464 118
465 115
465 125
466 0
466 11
466 120
466 138
466 285
467 113
467 160
468 137
469 42
469 198
469 221
470 86
470 156
470 322
470 376
471 341
472 299
472 447
473 222
474 31
474 429
475 101
475 166
476 268
477 87
477 145
478 316
479 149
480 334
481 285
481 341
482 9
482 95
483 68
483 239
484 149
485 7
486 244
486 455
487 335
488 265
489 233
490 291
491 265
492 339
493 268
494 241
494 246
495 399
496 116
497 167
498 236
498 268
499 356
