78.000000
450
0 3
0 49
0 61
0 79
0 86
0 116
0 193
0 196
0 220
0 224
0 256
0 260
0 282
0 292
0 298
0 314
0 326
0 327
0 339
0 341
0 376
0 393
0 420
0 426
1 177
1 361
1 424
2 58
2 257
3 0
3 272
3 318
3 386
4 104
4 387
4 434
5 30
6 34
6 196
6 285
6 413
7 23
8 406
8 434
9 238
10 418
11 160
12 239
13 204
13 238
14 327
15 307
16 83
16 128
17 275
17 382
18 172
18 183
19 160
20 299
20 365
21 25
21 373
22 32
22 304
23 7
23 227
24 136
24 438
25 21
25 59
25 117
25 433
26 94
26 222
26 235
26 392
27 91
27 119
28 203
29 231
30 5
30 298
31 231
32 22
32 409
33 77
33 92
33 124
34 6
34 361
34 374
35 445
36 127
36 171
36 268
36 362
37 401
38 145
38 366
39 378
40 85
40 325
41 318
41 348
42 131
43 303
44 204
45 344
46 185
47 55
47 67
47 69
47 277
47 313
48 219
48 410
49 0
49 184
49 368
49 446
50 111
50 115
51 247
51 373
52 194
52 309
53 359
54 120
54 201
55 47
56 80
57 84
57 395
57 437
57 439
58 2
58 95
58 167
59 25
59 387
60 148
61 0
61 155
61 203
62 191
63 354
63 385
63 430
64 391
65 220
66 422
66 426
67 47
67 222
68 301
69 47
70 192
70 220
70 356
71 221
71 389
72 276
73 217
73 445
74 230
74 348
74 416
75 164
75 208
75 221
76 283
77 33
78 245
79 0
79 130
80 56
80 337
81 315
81 372
82 210
83 16
83 99
83 206
84 57
84 144
85 40
86 0
87 180
88 165
89 302
90 178
91 27
91 116
91 425
92 33
92 289
93 106
93 192
93 251
94 26
95 58
95 337
96 245
97 236
97 241
98 127
98 311
98 403
99 83
99 224
100 151
100 206
100 257
100 383
101 237
101 253
101 302
101 305
102 292
103 249
103 320
104 4
104 431
105 292
105 359
105 440
106 93
107 379
107 415
108 181
108 394
109 355
109 418
110 249
111 50
111 117
111 343
112 361
113 152
113 222
113 398
113 428
114 409
115 50
116 0
116 91
116 209
117 25
117 111
118 163
118 219
119 27
120 54
120 292
120 342
121 337
122 352
123 250
123 301
123 322
123 400
124 33
124 320
124 393
125 181
126 137
126 298
126 316
127 36
127 98
127 421
128 16
129 208
130 79
130 223
130 441
131 42
131 155
132 139
133 255
133 338
133 411
134 164
134 170
134 429
135 178
136 24
137 126
137 210
138 264
138 432
139 132
139 215
140 418
141 241
142 197
143 282
143 294
144 84
145 38
146 240
147 422
148 60
148 232
148 239
148 248
148 350
148 357
149 373
150 161
150 231
151 100
151 397
152 113
153 306
153 340
153 358
153 362
154 236
154 242
154 407
155 61
155 131
156 240
156 303
157 202
157 269
158 350
159 241
159 269
160 11
160 19
160 188
160 284
161 150
162 178
163 118
163 212
163 401
163 408
164 75
164 134
164 321
165 88
165 328
166 207
166 367
167 58
168 179
169 337
170 134
170 326
171 36
171 256
172 18
172 370
173 271
173 371
174 271
175 217
176 225
177 1
178 90
178 135
178 162
178 245
178 399
179 168
179 231
180 87
180 297
181 108
181 125
181 276
182 352
183 18
183 207
183 270
183 378
184 49
184 215
185 46
185 240
186 283
187 361
188 160
188 379
189 261
189 264
189 285
189 438
190 409
191 62
191 300
192 70
192 93
192 212
192 275
193 0
193 385
194 52
194 214
194 249
195 414
196 0
196 6
196 349
197 142
197 361
198 371
199 419
200 373
201 54
202 157
202 324
203 28
203 61
203 271
204 13
204 44
204 293
205 326
206 83
206 100
207 166
207 183
208 75
208 129
209 116
210 82
210 137
211 255
212 163
212 192
213 414
214 194
215 139
215 184
215 293
216 246
217 73
217 175
218 419
219 48
219 118
220 0
220 65
220 70
221 71
221 75
222 26
222 67
222 113
222 252
223 130
224 0
224 99
224 412
225 176
225 302
226 256
227 23
227 359
228 247
228 418
229 366
230 74
231 29
231 31
231 150
231 179
231 250
231 442
231 449
232 148
232 254
233 238
233 288
234 337
234 414
235 26
235 307
236 97
236 154
237 101
237 327
238 9
238 13
238 233
239 12
239 148
240 146
240 156
240 185
240 284
241 97
241 141
241 159
241 274
242 154
242 271
242 351
243 404
243 427
244 384
245 78
245 96
245 178
246 216
246 430
247 51
247 228
248 148
248 314
249 103
249 110
249 194
249 372
250 123
250 231
251 93
252 222
252 350
253 101
254 232
255 133
255 211
255 326
256 0
256 171
256 226
256 317
256 448
257 2
257 100
257 391
258 412
259 440
260 0
261 189
262 266
262 340
263 312
264 138
264 189
265 327
266 262
267 331
267 445
268 36
269 157
269 159
270 183
270 282
271 173
271 174
271 203
271 242
272 3
273 302
274 241
275 17
275 192
275 402
276 72
276 181
276 433
277 47
278 418
279 377
279 412
280 302
281 444
282 0
282 143
282 270
283 76
283 186
283 320
284 160
284 240
284 422
285 6
285 189
286 352
287 437
288 233
289 92
290 439
291 395
292 0
292 102
292 105
292 120
292 299
292 347
293 204
293 215
294 143
295 418
296 327
296 419
296 444
297 180
297 379
298 0
298 30
298 126
299 20
299 292
300 191
300 335
300 413
301 68
301 123
302 89
302 101
302 225
302 273
302 280
302 423
303 43
303 156
304 22
304 382
305 101
306 153
307 15
307 235
308 346
309 52
310 444
311 98
311 333
312 263
312 388
312 401
313 47
314 0
314 248
314 380
315 81
316 126
316 346
317 256
318 3
318 41
319 344
320 103
320 124
320 283
321 164
321 396
322 123
322 420
323 338
324 202
324 363
325 40
325 364
325 383
326 0
326 170
326 205
326 255
327 0
327 14
327 237
327 265
327 296
328 165
328 347
329 430
330 351
331 267
331 345
332 409
333 311
334 339
335 300
336 388
337 80
337 95
337 121
337 169
337 234
338 133
338 323
339 0
339 334
339 431
340 153
340 262
341 0
341 369
341 437
342 120
343 111
344 45
344 319
344 382
345 331
346 308
346 316
346 447
347 292
347 328
348 41
348 74
349 196
350 148
350 158
350 252
351 242
351 330
352 122
352 182
352 286
352 385
353 381
354 63
355 109
356 70
357 148
358 153
359 53
359 105
359 227
360 420
361 1
361 34
361 112
361 187
361 197
362 36
362 153
363 324
364 325
365 20
365 390
366 38
366 229
366 441
367 166
368 49
368 445
369 341
369 404
370 172
371 173
371 198
371 405
372 81
372 249
373 21
373 51
373 149
373 200
374 34
375 376
376 0
376 375
377 279
378 39
378 183
379 107
379 188
379 297
379 384
380 314
380 435
381 353
381 408
381 443
382 17
382 304
382 344
383 100
383 325
384 244
384 379
385 63
385 193
385 352
386 3
387 4
387 59
388 312
388 336
389 71
390 365
390 399
391 64
391 257
392 26
393 0
393 124
394 108
395 57
395 291
396 321
397 151
398 113
399 178
399 390
400 123
401 37
401 163
401 312
402 275
403 98
404 243
404 369
404 417
405 371
406 8
407 154
408 163
408 381
409 32
409 114
409 190
409 332
410 48
411 133
412 224
412 258
412 279
413 6
413 300
414 195
414 213
414 234
415 107
416 74
417 404
418 10
418 109
418 140
418 228
418 278
418 295
419 199
419 218
419 296
420 0
420 322
420 360
421 127
422 66
422 147
422 284
422 436
423 302
424 1
425 91
426 0
426 66
427 243
428 113
429 134
430 63
430 246
430 329
431 104
431 339
432 138
433 25
433 276
434 4
434 8
435 380
436 422
437 57
437 287
437 341
438 24
438 189
439 57
439 290
440 105
440 259
441 130
441 366
442 231
443 381
444 281
444 296
444 310
445 35
445 73
445 267
445 368
446 49
447 346
448 256
449 231
