33.000000
250
0 5
0 21
0 33
0 34
0 38
0 48
0 55
0 65
0 66
0 68
0 77
0 95
0 102
0 111
0 122
0 127
0 128
0 140
0 146
0 148
0 152
0 181
0 207
0 225
1 150
2 197
3 23
3 37
3 134
3 198
4 25
4 97
5 0
5 84
5 119
5 136
6 96
6 146
6 196
6 218
7 223
8 85
8 86
8 243
9 32
9 177
9 182
9 208
10 152
11 194
12 69
12 152
12 234
13 187
14 109
14 154
14 157
14 158
15 216
16 169
17 111
17 203
18 160
19 244
20 202
21 0
21 236
22 165
23 3
24 127
24 159
24 162
25 4
26 49
26 199
27 103
27 130
28 97
29 47
29 123
30 143
31 56
31 217
32 9
32 40
32 63
33 0
33 86
34 0
34 76
34 139
34 204
35 83
35 223
36 132
36 240
37 3
37 161
38 0
38 93
38 189
39 87
39 248
40 32
41 43
41 140
41 224
42 172
42 203
43 41
44 192
45 72
45 90
45 168
46 114
46 175
46 245
47 29
47 65
48 0
48 53
49 26
49 230
50 62
50 236
51 88
51 164
52 160
53 48
53 157
53 214
54 233
55 0
55 118
56 31
56 133
56 203
56 245
57 149
58 145
59 207
60 131
61 148
61 156
61 188
62 50
62 210
62 212
63 32
64 82
64 110
65 0
65 47
65 164
66 0
66 99
66 209
67 104
67 132
67 187
67 219
68 0
68 142
68 165
68 200
69 12
69 177
70 202
71 173
71 215
72 45
72 81
72 89
73 242
74 85
75 80
75 98
76 34
76 201
77 0
77 168
77 249
78 100
78 207
79 204
80 75
81 72
81 244
82 64
83 35
83 238
84 5
84 151
85 8
85 74
85 91
85 231
86 8
86 33
87 39
87 118
87 185
87 216
88 51
88 137
89 72
90 45
91 85
92 101
92 236
93 38
93 132
94 109
95 0
95 121
95 238
96 6
96 166
97 4
97 28
97 146
97 183
98 75
98 179
98 197
99 66
99 107
99 199
100 78
101 92
102 0
102 239
103 27
104 67
105 246
105 247
106 170
107 99
107 220
108 176
109 14
109 94
110 64
110 151
110 194
111 0
111 17
112 187
113 154
114 46
115 194
116 238
117 145
118 55
118 87
119 5
120 231
121 95
122 0
122 149
122 247
123 29
124 163
125 209
126 169
126 233
127 0
127 24
127 143
128 0
128 191
129 163
129 202
130 27
130 191
131 60
131 247
132 36
132 67
132 93
133 56
134 3
134 227
135 168
136 5
137 88
137 153
137 160
138 192
138 193
139 34
139 232
140 0
140 41
140 144
140 227
141 237
142 68
143 30
143 127
144 140
145 58
145 117
145 165
145 213
146 0
146 6
146 97
147 158
148 0
148 61
148 211
149 57
149 122
149 174
150 1
150 178
150 235
151 84
151 110
152 0
152 10
152 12
153 137
154 14
154 113
155 173
156 61
156 170
157 14
157 53
158 14
158 147
159 24
159 167
159 179
160 18
160 52
160 137
161 37
162 24
163 124
163 129
164 51
164 65
165 22
165 68
165 145
166 96
167 159
167 176
168 45
168 77
168 135
169 16
169 126
170 106
170 156
170 190
171 209
172 42
173 71
173 155
174 149
175 46
176 108
176 167
176 180
177 9
177 69
178 150
178 192
179 98
179 159
180 176
181 0
181 202
182 9
183 97
184 207
185 87
185 215
186 226
187 13
187 67
187 112
188 61
189 38
190 170
191 128
191 130
191 237
192 44
192 138
192 178
192 207
193 138
194 11
194 110
194 115
195 202
196 6
197 2
197 98
198 3
199 26
199 99
200 68
200 241
201 76
201 228
202 20
202 70
202 129
202 181
202 195
203 17
203 42
203 56
204 34
204 79
205 225
206 243
207 0
207 59
207 78
207 184
207 192
208 9
209 66
209 125
209 171
210 62
211 148
212 62
213 145
213 221
214 53
215 71
215 185
216 15
216 87
217 31
218 6
219 67
220 107
221 213
222 226
223 7
223 35
224 41
225 0
225 205
225 233
226 186
226 222
226 233
227 134
227 140
228 201
229 237
230 49
231 85
231 120
232 139
233 54
233 126
233 225
233 226
234 12
235 150
236 21
236 50
236 92
237 141
237 191
237 229
237 242
238 83
238 95
238 116
239 102
240 36
241 200
242 73
242 237
243 8
243 206
244 19
244 81
245 46
245 56
246 105
247 105
247 122
247 131
248 39
249 77
