2091.000000
250
0 13
0 23
0 28
0 39
0 40
0 58
0 61
0 63
0 76
0 86
0 103
0 106
0 137
0 149
0 162
0 165
0 177
0 182
0 184
0 185
0 189
0 192
0 198
0 204
0 207
0 225
0 235
0 243
0 247
1 106
1 125
2 15
3 124
4 135
5 56
5 73
6 70
7 215
8 21
8 86
8 126
9 97
10 15
10 148
11 170
12 172
13 0
14 71
15 2
15 10
15 121
15 170
15 213
16 132
16 192
17 123
18 166
19 131
19 164
19 172
20 88
21 8
22 138
23 0
23 34
23 157
24 168
25 242
26 77
26 87
27 183
27 203
28 0
29 74
29 143
29 219
29 223
30 50
30 106
31 42
32 174
33 111
34 23
34 135
35 197
35 204
36 224
37 61
38 76
38 112
39 0
39 193
40 0
41 187
42 31
42 57
42 159
42 247
43 151
44 54
44 167
45 100
45 174
46 185
47 161
48 113
49 238
49 239
50 30
51 215
52 207
53 185
54 44
55 149
56 5
56 150
57 42
57 242
58 0
58 68
58 163
58 199
58 229
59 231
60 219
61 0
61 37
62 92
62 212
63 0
64 161
65 89
66 174
67 245
68 58
69 242
70 6
70 235
71 14
71 126
72 118
73 5
74 29
74 149
74 224
75 243
76 0
76 38
77 26
78 108
79 152
80 118
81 114
82 89
83 115
84 126
85 249
86 0
86 8
86 115
86 196
87 26
87 149
87 164
87 168
87 205
88 20
88 119
89 65
89 82
89 196
90 131
91 185
92 62
92 95
92 220
93 158
94 115
94 121
94 178
95 92
96 158
97 9
97 140
97 158
98 243
99 215
100 45
101 117
101 145
101 194
101 204
102 208
103 0
104 132
104 161
105 213
106 0
106 1
106 30
106 156
107 142
108 78
108 160
108 165
109 233
109 239
110 176
110 241
111 33
111 160
111 166
111 179
111 232
112 38
112 180
113 48
113 128
113 154
113 186
113 211
114 81
114 241
115 83
115 86
115 94
115 119
115 218
116 233
117 101
117 220
118 72
118 80
118 248
119 88
119 115
120 208
121 15
121 94
122 212
123 17
123 139
123 204
124 3
124 171
124 208
124 215
125 1
126 8
126 71
126 84
127 163
128 113
129 192
130 229
131 19
131 90
132 16
132 104
132 175
133 161
134 181
135 4
135 34
135 173
135 227
136 235
137 0
138 22
138 165
139 123
140 97
141 245
141 246
142 107
142 208
143 29
144 175
144 202
145 101
146 171
147 155
147 192
147 234
148 10
149 0
149 55
149 74
149 87
149 151
149 206
149 221
150 56
150 154
150 216
151 43
151 149
152 79
152 164
153 215
154 113
154 150
154 190
154 192
155 147
156 106
157 23
157 158
157 215
158 93
158 96
158 97
158 157
159 42
160 108
160 111
161 47
161 64
161 104
161 133
161 230
162 0
163 58
163 127
163 183
164 19
164 87
164 152
165 0
165 108
165 138
165 217
165 248
166 18
166 111
167 44
167 224
168 24
168 87
169 247
170 11
170 15
171 124
171 146
171 195
172 12
172 19
173 135
174 32
174 45
174 66
174 183
174 209
174 222
174 245
175 132
175 144
176 110
176 214
176 235
177 0
178 94
179 111
180 112
181 134
181 241
182 0
183 27
183 163
183 174
184 0
185 0
185 46
185 53
185 91
186 113
187 41
187 221
188 215
189 0
189 233
190 154
191 233
192 0
192 16
192 129
192 147
192 154
192 240
193 39
194 101
195 171
196 86
196 89
197 35
198 0
199 58
200 235
200 249
201 234
202 144
203 27
204 0
204 35
204 101
204 123
205 87
206 149
207 0
207 52
208 102
208 120
208 124
208 142
209 174
210 242
211 113
212 62
212 122
213 15
213 105
214 176
215 7
215 51
215 99
215 124
215 153
215 157
215 188
215 236
216 150
217 165
218 115
219 29
219 60
220 92
220 117
221 149
221 187
221 237
222 174
223 29
224 36
224 74
224 167
225 0
226 228
227 135
228 226
228 229
229 58
229 130
229 228
230 161
231 59
231 235
231 244
232 111
233 109
233 116
233 189
233 191
234 147
234 201
235 0
235 70
235 136
235 176
235 200
235 231
236 215
237 221
238 49
239 49
239 109
240 192
241 110
241 114
241 181
242 25
242 57
242 69
242 210
243 0
243 75
243 98
244 231
245 67
245 141
245 174
246 141
247 0
247 42
247 169
248 118
248 165
249 85
249 200
