39.000000
400
0 16
0 21
0 25
0 53
0 55
0 58
0 60
0 72
0 86
0 95
0 107
0 110
0 116
0 138
0 141
0 148
0 164
0 165
0 190
0 191
0 210
0 211
0 216
0 222
0 228
0 249
0 250
0 251
0 260
0 268
0 274
0 278
0 284
0 288
0 289
0 296
0 313
0 316
0 319
0 328
0 332
0 334
0 335
0 336
0 342
0 378
0 381
0 394
1 397
2 273
2 318
3 106
3 183
4 37
5 138
5 276
5 358
6 135
6 340
7 181
8 147
9 29
10 210
11 102
11 119
11 307
12 391
13 290
13 370
14 47
14 182
14 332
15 16
15 84
16 0
16 15
16 151
16 242
17 134
17 190
18 179
18 316
19 91
20 224
20 382
21 0
21 69
21 312
22 89
22 245
23 56
24 294
25 0
25 156
25 372
26 233
27 74
27 258
28 142
28 376
29 9
29 378
30 240
30 344
31 60
31 70
32 263
33 185
33 377
33 381
34 304
35 239
36 132
36 346
37 4
37 371
38 125
38 210
39 53
40 194
40 197
40 234
41 249
41 305
42 106
43 347
44 139
44 211
45 138
46 71
46 311
47 14
47 137
47 281
48 131
48 159
48 254
48 260
48 355
49 72
50 74
50 95
51 266
52 154
52 341
53 0
53 39
53 62
54 72
55 0
55 293
56 23
56 205
56 287
56 345
56 380
57 221
58 0
58 183
58 196
59 220
59 241
59 319
59 367
60 0
60 31
61 111
61 312
62 53
62 343
63 373
64 125
65 157
66 356
67 135
68 282
69 21
69 232
70 31
70 88
70 344
71 46
72 0
72 49
72 54
72 173
73 167
73 184
73 218
74 27
74 50
74 90
75 299
76 209
77 129
77 169
78 207
79 322
79 348
80 278
81 263
82 392
83 294
83 372
84 15
84 127
84 219
85 250
86 0
87 279
88 70
88 301
89 22
89 195
89 223
89 352
90 74
91 19
91 96
91 305
92 358
93 293
94 109
94 252
95 0
95 50
95 361
96 91
96 143
97 106
98 369
98 380
98 398
99 176
99 269
99 337
100 162
101 248
102 11
103 257
103 300
104 217
104 270
105 372
106 3
106 42
106 97
107 0
107 329
107 375
108 387
109 94
109 302
109 313
110 0
110 167
111 61
112 225
113 224
113 233
114 196
115 124
115 212
115 320
116 0
116 227
116 314
117 153
118 179
118 246
119 11
119 291
120 166
121 283
121 305
121 379
122 238
122 248
123 244
124 115
124 155
124 367
125 38
125 64
125 221
126 292
127 84
128 297
129 77
129 199
129 354
129 388
130 319
131 48
131 136
132 36
132 305
133 228
134 17
135 6
135 67
136 131
137 47
138 0
138 5
138 45
139 44
139 170
140 168
140 269
141 0
141 271
142 28
142 250
142 330
143 96
144 237
144 327
145 166
145 266
145 267
145 279
145 393
146 270
146 351
147 8
147 178
147 323
148 0
148 245
148 356
149 238
149 284
150 217
151 16
152 208
152 238
153 117
153 236
154 52
154 253
155 124
156 25
157 65
157 292
158 202
159 48
160 238
161 334
162 100
162 363
163 245
164 0
164 303
164 324
164 327
165 0
166 120
166 145
167 73
167 110
168 140
168 273
169 77
169 172
170 139
170 390
171 180
171 368
171 373
172 169
173 72
174 375
175 391
176 99
177 325
178 147
178 186
178 254
179 18
179 118
179 325
180 171
180 270
181 7
181 209
182 14
183 3
183 58
183 234
184 73
184 262
185 33
186 178
186 231
186 304
187 389
188 388
189 286
189 294
190 0
190 17
190 266
191 0
191 389
192 203
192 355
193 364
194 40
195 89
196 58
196 114
196 333
197 40
198 397
199 129
199 278
200 303
201 206
201 252
202 158
202 275
202 281
202 322
203 192
204 222
205 56
206 201
207 78
207 261
208 152
209 76
209 181
209 235
210 0
210 10
210 38
210 386
211 0
211 44
211 341
212 115
212 362
213 259
213 294
213 297
214 341
215 332
216 0
216 225
217 104
217 150
218 73
219 84
219 263
220 59
220 383
221 57
221 125
222 0
222 204
222 366
223 89
224 20
224 113
224 394
225 112
225 216
226 255
226 390
227 116
227 359
228 0
228 133
228 273
229 309
229 378
230 288
230 395
231 186
232 69
233 26
233 113
234 40
234 183
235 209
235 264
236 153
236 395
237 144
237 310
238 122
238 149
238 152
238 160
239 35
239 291
240 30
241 59
242 16
243 387
244 123
244 274
245 22
245 148
245 163
246 118
247 289
248 101
248 122
249 0
249 41
250 0
250 85
250 142
250 277
251 0
252 94
252 201
253 154
254 48
254 178
254 282
255 226
256 365
257 103
258 27
258 265
259 213
260 0
260 48
261 207
261 294
262 184
263 32
263 81
263 219
263 306
264 235
264 308
264 396
265 258
266 51
266 145
266 190
267 145
268 0
268 369
269 99
269 140
269 385
270 104
270 146
270 180
270 326
271 141
271 285
272 395
273 2
273 168
273 228
274 0
274 244
275 202
275 353
276 5
277 250
277 371
278 0
278 80
278 199
279 87
279 145
280 305
281 47
281 202
282 68
282 254
283 121
284 0
284 149
285 271
286 189
286 364
287 56
288 0
288 230
289 0
289 247
290 13
291 119
291 239
292 126
292 157
292 329
293 55
293 93
294 24
294 83
294 189
294 213
294 261
295 310
296 0
297 128
297 213
298 329
299 75
299 335
300 103
300 366
300 370
301 88
302 109
303 164
303 200
304 34
304 186
305 41
305 91
305 121
305 132
305 280
306 263
307 11
307 344
307 357
308 264
308 328
309 229
310 237
310 295
311 46
311 342
312 21
312 61
312 360
313 0
313 109
314 116
315 324
316 0
316 18
317 377
317 397
318 2
319 0
319 59
319 130
320 115
320 331
321 397
322 79
322 202
323 147
324 164
324 315
325 177
325 179
326 270
327 144
327 164
328 0
328 308
329 107
329 292
329 298
330 142
331 320
332 0
332 14
332 215
332 392
333 196
334 0
334 161
335 0
335 299
335 340
336 0
337 99
338 356
338 391
339 378
340 6
340 335
341 52
341 211
341 214
341 363
342 0
342 311
342 349
343 62
343 373
344 30
344 70
344 307
345 56
346 36
347 43
347 358
348 79
349 342
349 399
350 360
351 146
352 89
353 275
354 129
355 48
355 192
356 66
356 148
356 338
357 307
358 5
358 92
358 347
359 227
360 312
360 350
361 95
362 212
363 162
363 341
364 193
364 286
365 256
365 395
366 222
366 300
367 59
367 124
368 171
369 98
369 268
370 13
370 300
371 37
371 277
372 25
372 83
372 105
372 387
373 63
373 171
373 343
374 375
375 107
375 174
375 374
376 28
377 33
377 317
378 0
378 29
378 229
378 339
379 121
380 56
380 98
381 0
381 33
382 20
383 220
384 394
385 269
386 210
387 108
387 243
387 372
388 129
388 188
389 187
389 191
390 170
390 226
391 12
391 175
391 338
392 82
392 332
393 145
394 0
394 224
394 384
395 230
395 236
395 272
395 365
396 264
397 1
397 198
397 317
397 321
398 98
399 349
