822.000000
100
0 2
0 4
0 19
0 28
0 33
0 37
0 40
0 55
0 56
0 59
0 60
0 69
0 89
1 39
1 72
2 0
2 12
3 91
4 0
4 66
5 54
5 97
6 9
6 13
6 15
6 25
6 54
7 17
7 18
7 61
7 89
8 88
9 6
10 59
10 70
11 62
12 2
12 27
13 6
14 24
15 6
16 98
17 7
17 30
18 7
19 0
19 21
20 22
20 62
21 19
21 41
21 44
22 20
23 32
23 49
23 51
24 14
24 32
24 57
24 67
24 92
25 6
25 65
26 78
27 12
27 52
28 0
28 97
29 89
30 17
30 53
31 50
31 82
32 23
32 24
32 76
33 0
33 71
33 76
34 60
34 95
35 81
35 93
35 96
36 99
37 0
38 73
39 1
39 59
40 0
41 21
42 57
42 77
42 84
43 89
44 21
45 50
46 92
47 89
48 55
48 68
49 23
50 31
50 45
50 83
51 23
52 27
53 30
54 5
54 6
55 0
55 48
55 98
56 0
57 24
57 42
57 94
58 89
58 90
59 0
59 10
59 39
60 0
60 34
60 83
60 85
60 88
61 7
62 11
62 20
62 63
63 62
63 88
64 87
65 25
66 4
67 24
67 73
67 80
68 48
68 99
69 0
70 10
71 33
71 78
71 91
71 93
72 1
73 38
73 67
74 97
75 87
76 32
76 33
77 42
77 79
78 26
78 71
78 86
79 77
80 67
81 35
82 31
83 50
83 60
84 42
85 60
86 78
87 64
87 75
87 97
88 8
88 60
88 63
89 0
89 7
89 29
89 43
89 47
89 58
90 58
91 3
91 71
92 24
92 46
93 35
93 71
94 57
95 34
96 35
97 5
97 28
97 74
97 87
98 16
98 55
99 36
99 68
