90.000000
300
0 14
0 20
0 31
0 34
0 36
0 53
0 67
0 68
0 79
0 90
0 93
0 114
0 150
0 183
0 274
0 290
1 30
1 209
2 24
2 41
3 8
3 186
3 278
4 8
4 56
4 154
4 244
5 171
6 36
6 58
6 75
6 178
6 207
7 126
8 3
8 4
8 27
8 142
8 156
8 241
9 204
10 89
10 276
11 28
12 157
12 290
13 272
14 0
15 82
16 110
16 182
16 295
17 76
17 129
18 103
18 188
19 229
19 262
20 0
20 24
20 132
20 257
21 175
21 286
22 193
23 61
23 177
24 2
24 20
24 123
24 148
24 277
25 75
26 72
26 226
26 246
27 8
27 153
27 231
28 11
28 213
29 82
30 1
30 240
30 287
31 0
32 72
32 230
32 296
33 263
34 0
35 176
35 191
35 240
36 0
36 6
37 219
38 283
39 113
40 129
41 2
41 298
42 131
42 276
43 202
44 216
44 221
44 299
45 156
46 213
47 75
48 100
48 255
49 52
49 196
49 251
50 68
50 112
51 93
52 49
52 120
52 267
53 0
53 263
54 99
55 213
56 4
57 62
57 63
57 124
58 6
58 80
58 285
59 74
59 117
59 281
60 242
61 23
61 95
62 57
62 205
63 57
63 197
63 263
64 218
64 260
65 100
65 215
66 134
66 137
66 230
67 0
67 149
67 153
68 0
68 50
68 212
68 242
69 134
70 83
70 111
70 147
70 275
71 268
72 26
72 32
73 194
74 59
75 6
75 25
75 47
76 17
76 91
77 156
78 179
78 286
79 0
79 113
80 58
81 91
82 15
82 29
82 181
82 264
83 70
83 198
84 238
85 299
86 205
87 211
88 282
89 10
90 0
91 76
91 81
91 150
91 177
91 288
92 100
93 0
93 51
93 249
93 268
93 296
94 281
95 61
95 102
95 239
96 107
96 203
97 153
97 184
98 210
98 235
98 268
99 54
99 192
100 48
100 65
100 92
100 285
101 160
101 203
101 204
101 225
102 95
102 233
103 18
103 270
103 273
104 261
105 108
105 120
105 130
105 192
105 202
106 141
106 211
107 96
108 105
108 132
109 232
109 268
110 16
110 208
111 70
112 50
113 39
113 79
113 282
114 0
115 145
116 217
117 59
117 265
117 274
118 288
119 161
119 250
119 296
120 52
120 105
120 227
121 138
121 140
122 124
122 213
123 24
124 57
124 122
125 255
126 7
126 138
127 263
128 149
129 17
129 40
130 105
131 42
132 20
132 108
132 171
132 271
133 192
134 66
134 69
135 221
136 271
137 66
138 121
138 126
138 174
138 208
139 200
139 212
139 299
140 121
140 180
141 106
142 8
142 289
143 166
143 205
144 223
144 242
145 115
145 235
146 187
146 201
146 287
147 70
147 164
148 24
149 67
149 128
149 272
150 0
150 91
150 160
150 181
151 212
151 222
152 257
153 27
153 67
153 97
154 4
155 158
155 254
156 8
156 45
156 77
157 12
157 237
158 155
158 237
159 224
159 253
160 101
160 150
160 185
161 119
162 183
163 216
164 147
165 211
165 297
166 143
167 258
168 205
169 173
169 267
170 191
171 5
171 132
172 211
173 169
174 138
175 21
175 228
175 257
176 35
176 214
177 23
177 91
178 6
178 269
179 78
180 140
181 82
181 150
181 218
182 16
183 0
183 162
184 97
185 160
186 3
187 146
188 18
189 261
190 243
190 248
190 283
191 35
191 170
192 99
192 105
192 133
192 247
193 22
193 213
194 73
194 256
195 263
196 49
197 63
198 83
199 212
200 139
200 284
201 146
201 206
202 43
202 105
203 96
203 101
204 9
204 101
205 62
205 86
205 143
205 168
205 219
206 201
206 292
207 6
207 279
207 295
208 110
208 138
209 1
209 274
210 98
211 87
211 106
211 165
211 172
211 238
211 253
212 68
212 139
212 151
212 199
212 273
213 28
213 46
213 55
213 122
213 193
214 176
215 65
216 44
216 163
216 256
216 275
217 116
217 250
218 64
218 181
219 37
219 205
220 286
221 44
221 135
222 151
222 280
223 144
224 159
225 101
226 26
227 120
228 175
229 19
230 32
230 66
231 27
232 109
233 102
233 294
234 239
234 252
235 98
235 145
236 239
237 157
237 158
237 266
238 84
238 211
239 95
239 234
239 236
239 291
240 30
240 35
241 8
241 258
242 60
242 68
242 144
243 190
244 4
245 263
246 26
247 192
248 190
248 277
249 93
250 119
250 217
251 49
251 293
252 234
253 159
253 211
254 155
255 48
255 125
256 194
256 216
257 20
257 152
257 175
258 167
258 241
259 268
260 64
261 104
261 189
261 263
262 19
262 281
263 33
263 53
263 63
263 127
263 195
263 245
263 261
264 82
265 117
266 237
266 297
267 52
267 169
268 71
268 93
268 98
268 109
268 259
269 178
270 103
271 132
271 136
272 13
272 149
273 103
273 212
274 0
274 117
274 209
275 70
275 216
276 10
276 42
276 284
277 24
277 248
278 3
279 207
280 222
281 59
281 94
281 262
282 88
282 113
283 38
283 190
284 200
284 276
285 58
285 100
286 21
286 78
286 220
287 30
287 146
288 91
288 118
289 142
290 0
290 12
291 239
292 206
293 251
294 233
295 16
295 207
296 32
296 93
296 119
297 165
297 266
298 41
299 44
299 85
299 139
