-177.000000
200
0 4
0 10
0 11
0 16
0 17
0 22
0 27
0 34
0 37
0 46
0 55
0 63
0 74
0 86
0 103
0 105
0 110
0 120
0 131
0 134
0 139
0 144
0 151
0 155
0 168
0 176
0 179
0 185
0 188
0 196
0 199
1 11
2 10
2 177
3 86
3 95
3 157
4 0
4 23
5 13
5 131
6 19
6 33
6 85
7 112
8 22
9 112
9 153
10 0
10 2
10 125
11 0
11 1
11 162
11 166
12 27
12 163
13 5
14 100
14 110
15 145
16 0
16 48
16 58
17 0
17 47
18 88
19 6
19 46
19 108
20 49
20 117
21 83
21 176
22 0
22 8
22 97
23 4
23 54
23 193
24 189
25 109
25 158
26 142
26 149
26 179
27 0
27 12
27 44
27 175
28 158
28 168
29 159
30 105
31 168
32 86
32 170
33 6
33 57
33 122
34 0
34 183
35 77
36 52
36 180
37 0
37 191
38 75
38 105
38 195
39 156
39 193
40 68
41 83
42 157
43 59
43 148
43 167
44 27
44 138
45 75
46 0
46 19
46 99
47 17
47 93
48 16
48 67
49 20
49 63
49 115
49 152
50 179
51 197
52 36
52 132
53 186
54 23
54 94
54 181
55 0
55 182
56 60
56 134
57 33
58 16
58 106
59 43
60 56
61 134
62 63
63 0
63 49
63 62
64 69
64 79
65 103
66 129
66 188
67 48
68 40
68 110
69 64
69 131
70 75
70 92
71 96
71 121
72 140
72 179
73 176
74 0
74 124
74 194
75 38
75 45
75 70
75 114
76 196
77 35
77 125
78 89
79 64
80 124
81 149
82 163
83 21
83 41
83 136
84 93
84 133
85 6
85 119
86 0
86 3
86 32
87 104
87 137
88 18
88 91
89 78
89 120
89 137
89 198
90 107
90 164
91 88
91 157
92 70
93 47
93 84
94 54
95 3
96 71
96 143
96 199
97 22
97 180
98 172
99 46
100 14
101 169
101 191
101 192
102 188
103 0
103 65
104 87
105 0
105 30
105 38
106 58
107 90
107 185
108 19
109 25
110 0
110 14
110 68
111 189
112 7
112 9
112 117
113 121
114 75
115 49
115 147
116 171
117 20
117 112
118 139
119 85
120 0
120 89
121 71
121 113
122 33
123 179
124 74
124 80
125 10
125 77
126 182
127 154
128 197
129 66
129 135
130 187
131 0
131 5
131 69
132 52
132 150
133 84
134 0
134 56
134 61
134 186
135 129
136 83
136 159
137 87
137 89
138 44
139 0
139 118
139 167
140 72
140 161
141 174
141 196
142 26
142 146
143 96
144 0
144 145
145 15
145 144
146 142
147 115
148 43
149 26
149 81
150 132
151 0
151 160
152 49
153 9
154 127
154 182
154 197
155 0
155 173
155 178
156 39
157 3
157 42
157 91
158 25
158 28
159 29
159 136
160 151
161 140
162 11
163 12
163 82
164 90
165 191
166 11
167 43
167 139
168 0
168 28
168 31
168 190
169 101
169 189
170 32
171 116
171 184
171 194
172 98
172 196
173 155
174 141
175 27
176 0
176 21
176 73
177 2
178 155
179 0
179 26
179 50
179 72
179 123
180 36
180 97
181 54
182 55
182 126
182 154
183 34
184 171
185 0
185 107
186 53
186 134
187 130
187 199
188 0
188 66
188 102
189 24
189 111
189 169
190 168
191 37
191 101
191 165
192 101
193 23
193 39
194 74
194 171
195 38
196 0
196 76
196 141
196 172
197 51
197 128
197 154
198 89
199 0
199 96
199 187
