35.000000
200
0 6
0 18
0 29
0 40
0 41
0 46
0 69
0 73
0 87
0 97
0 102
0 113
0 116
0 124
0 136
0 139
0 158
0 162
0 164
0 176
0 178
0 187
0 193
1 33
2 29
2 189
3 59
3 114
4 75
4 94
5 96
6 0
6 68
7 44
8 124
9 179
10 31
11 56
11 157
11 199
12 37
13 33
13 60
14 69
14 89
15 60
16 152
17 36
17 66
17 75
17 161
18 0
19 39
19 118
20 199
21 28
21 43
22 47
22 76
22 192
23 53
23 140
23 167
24 33
25 44
25 58
26 89
27 121
28 21
28 129
29 0
29 2
30 88
30 194
31 10
31 131
32 78
32 102
32 144
33 1
33 13
33 24
33 73
33 165
33 172
34 62
34 112
35 101
36 17
37 12
37 46
37 76
38 144
39 19
40 0
40 159
40 184
41 0
42 114
42 184
43 21
43 87
44 7
44 25
44 115
45 72
45 164
45 169
46 0
46 37
47 22
48 171
48 176
49 77
49 171
50 78
50 174
51 104
51 156
52 70
53 23
54 196
55 157
56 11
56 115
57 145
58 25
59 3
60 13
60 15
60 101
61 166
62 34
62 143
63 103
63 142
63 177
64 84
65 68
66 17
67 114
68 6
68 65
68 128
68 182
69 0
69 14
69 95
70 52
70 91
70 143
70 158
71 118
72 45
73 0
73 33
73 137
74 192
75 4
75 17
75 113
75 163
76 22
76 37
76 79
76 179
77 49
77 152
78 32
78 50
79 76
80 170
80 183
80 193
81 129
81 197
82 175
83 157
84 64
84 136
85 100
85 186
86 108
87 0
87 43
87 88
88 30
88 87
88 126
89 14
89 26
89 121
89 153
90 108
90 127
90 147
91 70
91 145
92 162
93 107
94 4
95 69
95 118
96 5
96 98
96 171
97 0
97 149
98 96
99 159
100 85
100 170
101 35
101 60
101 148
102 0
102 32
103 63
104 51
105 165
106 180
106 187
107 93
107 119
108 86
108 90
108 138
109 157
110 188
111 159
112 34
113 0
113 75
113 198
114 3
114 42
114 67
114 123
115 44
115 56
115 160
116 0
116 175
117 130
118 19
118 71
118 95
119 107
119 175
120 192
121 27
121 89
122 134
122 147
123 114
124 0
124 8
125 130
126 88
127 90
128 68
129 28
129 81
130 117
130 125
130 193
131 31
131 136
132 144
133 183
134 122
135 159
135 181
136 0
136 84
136 131
137 73
137 150
138 108
139 0
139 199
140 23
141 152
142 63
142 168
143 62
143 70
143 191
144 32
144 38
144 132
145 57
145 91
145 190
146 162
146 168
147 90
147 122
147 149
148 101
149 97
149 147
150 137
151 173
152 16
152 77
152 141
153 89
153 156
154 156
155 198
156 51
156 153
156 154
157 11
157 55
157 83
157 109
158 0
158 70
159 40
159 99
159 111
159 135
160 115
161 17
162 0
162 92
162 146
163 75
164 0
164 45
165 33
165 105
166 61
166 194
167 23
167 187
168 142
168 146
169 45
170 80
170 100
171 48
171 49
171 96
172 33
173 151
173 187
174 50
175 82
175 116
175 119
176 0
176 48
176 188
177 63
178 0
179 9
179 76
179 185
180 106
181 135
182 68
183 80
183 133
184 40
184 42
185 179
185 196
186 85
187 0
187 106
187 167
187 173
188 110
188 176
188 195
189 2
190 145
191 143
192 22
192 74
192 120
193 0
193 80
193 130
194 30
194 166
195 188
196 54
196 185
197 81
198 113
198 155
199 11
199 20
199 139
