-277.000000
350
0 13
0 18
0 36
0 50
0 53
0 54
0 58
0 64
0 65
0 66
0 76
0 78
0 85
0 87
0 90
0 98
0 100
0 110
0 112
0 114
0 118
0 124
0 129
0 132
0 135
0 136
0 139
0 141
0 145
0 152
0 156
0 158
0 160
0 163
0 172
0 174
0 184
0 186
0 190
0 192
0 193
0 196
0 200
0 210
0 211
0 233
0 258
0 260
0 262
0 263
0 268
0 270
0 271
0 273
0 274
0 275
0 281
0 286
0 287
0 294
0 299
0 302
0 312
0 316
0 320
0 325
0 327
0 335
0 338
0 344
0 345
1 127
1 307
2 227
2 323
3 152
4 68
5 7
5 174
6 252
7 5
8 67
8 118
9 273
9 340
10 185
10 263
11 68
11 174
12 16
12 189
13 0
13 97
14 96
15 163
16 12
17 340
18 0
18 119
19 64
20 346
21 160
21 177
22 221
22 241
23 51
24 112
24 164
25 27
25 313
26 288
27 25
27 46
27 281
28 56
29 87
30 300
31 160
32 34
32 161
33 318
33 333
34 32
34 320
35 168
35 180
35 251
36 0
36 230
37 57
38 43
38 109
39 314
40 164
41 170
42 336
43 38
43 182
44 199
45 278
46 27
47 167
48 138
49 54
50 0
50 279
51 23
51 88
51 330
52 136
53 0
53 282
54 0
54 49
54 255
55 124
56 28
56 84
56 91
56 343
57 37
57 98
57 108
57 224
58 0
59 214
59 326
60 279
61 155
61 212
62 181
62 281
63 124
63 127
63 194
64 0
64 19
64 80
65 0
65 198
66 0
66 94
66 131
67 8
67 107
68 4
68 11
69 270
70 115
70 244
71 106
72 140
72 193
72 208
72 267
73 188
74 257
74 299
75 79
75 279
76 0
76 113
76 237
77 130
77 157
78 0
78 285
79 75
79 159
80 64
81 178
82 129
83 259
84 56
85 0
85 323
86 141
87 0
87 29
88 51
89 196
90 0
90 126
90 339
91 56
91 135
92 275
93 204
93 258
94 66
95 286
96 14
96 247
96 265
97 13
97 228
98 0
98 57
99 232
99 258
100 0
100 188
100 243
101 176
101 190
101 191
101 336
102 126
102 154
102 309
103 178
104 272
105 156
105 183
105 298
106 71
106 200
107 67
108 57
109 38
110 0
110 212
111 282
111 311
112 0
112 24
112 219
113 76
113 203
113 284
114 0
114 189
114 216
114 229
115 70
115 198
116 177
117 249
117 344
118 0
118 8
119 18
120 239
120 344
121 327
122 196
123 240
124 0
124 55
124 63
125 172
126 90
126 102
126 289
127 1
127 63
127 223
127 315
128 228
129 0
129 82
129 317
130 77
131 66
131 179
132 0
133 288
134 320
135 0
135 91
136 0
136 52
136 314
136 326
137 156
138 48
138 152
139 0
139 142
139 348
140 72
140 225
141 0
141 86
142 139
143 273
144 156
145 0
145 209
145 301
146 232
147 226
147 263
148 149
148 274
148 331
149 148
150 262
151 211
152 0
152 3
152 138
153 349
154 102
155 61
156 0
156 105
156 137
156 144
157 77
157 170
157 297
158 0
158 166
159 79
159 288
160 0
160 21
160 31
161 32
162 256
163 0
163 15
163 280
164 24
164 40
164 231
165 345
166 158
167 47
167 276
168 35
168 260
168 332
169 265
170 41
170 157
171 182
171 233
172 0
172 125
172 346
173 218
173 276
174 0
174 5
174 11
175 230
176 101
177 21
177 116
178 81
178 103
178 220
179 131
180 35
181 62
182 43
182 171
183 105
184 0
184 220
185 10
186 0
186 272
187 203
188 73
188 100
189 12
189 114
189 264
190 0
190 101
190 242
191 101
192 0
192 199
192 296
193 0
193 72
194 63
195 284
196 0
196 89
196 122
197 210
198 65
198 115
199 44
199 192
200 0
200 106
201 222
202 287
203 113
203 187
204 93
205 227
206 264
206 300
207 220
208 72
208 349
209 145
210 0
210 197
211 0
211 151
212 61
212 110
213 271
214 59
215 234
215 305
216 114
217 301
218 173
219 112
220 178
220 184
220 207
220 329
221 22
222 201
222 277
223 127
224 57
225 140
226 147
226 308
227 2
227 205
228 97
228 128
229 114
230 36
230 175
230 342
231 164
232 99
232 146
233 0
233 171
233 241
233 306
234 215
235 281
236 241
237 76
238 248
238 279
239 120
240 123
240 308
241 22
241 233
241 236
242 190
243 100
244 70
245 253
246 284
246 303
247 96
247 259
247 335
248 238
249 117
250 338
251 35
252 6
252 255
253 245
253 261
254 312
255 54
255 252
256 162
256 345
257 74
258 0
258 93
258 99
259 83
259 247
260 0
260 168
261 253
261 316
262 0
262 150
262 278
262 319
263 0
263 10
263 147
264 189
264 206
265 96
265 169
266 341
267 72
268 0
269 310
270 0
270 69
271 0
271 213
272 104
272 186
272 330
273 0
273 9
273 143
274 0
274 148
275 0
275 92
276 167
276 173
276 280
277 222
277 338
278 45
278 262
279 50
279 60
279 75
279 238
280 163
280 276
281 0
281 27
281 62
281 235
282 53
282 111
283 292
283 322
284 113
284 195
284 246
285 78
285 297
286 0
286 95
286 337
287 0
287 202
287 334
288 26
288 133
288 159
289 126
290 305
290 312
291 311
292 283
293 299
294 0
294 318
295 323
296 192
297 157
297 285
298 105
299 0
299 74
299 293
300 30
300 206
301 145
301 217
302 0
303 246
304 317
305 215
305 290
306 233
307 1
307 322
308 226
308 240
309 102
310 269
310 316
310 328
311 111
311 291
312 0
312 254
312 290
313 25
314 39
314 136
315 127
316 0
316 261
316 310
317 129
317 304
318 33
318 294
319 262
320 0
320 34
320 134
320 324
321 325
322 283
322 307
323 2
323 85
323 295
324 320
325 0
325 321
326 59
326 136
327 0
327 121
327 341
328 310
329 220
330 51
330 272
331 148
332 168
333 33
334 287
335 0
335 247
336 42
336 101
337 286
338 0
338 250
338 277
339 90
340 9
340 17
341 266
341 327
342 230
343 56
344 0
344 117
344 120
345 0
345 165
345 256
345 347
346 20
346 172
347 345
348 139
349 153
349 208
