-279.000000
450
0 8
0 14
0 23
0 25
0 35
0 39
0 43
0 48
0 49
0 63
0 66
0 77
0 78
0 80
0 85
0 87
0 93
0 103
0 112
0 126
0 130
0 147
0 164
0 175
0 179
0 182
0 185
0 225
0 226
0 230
0 235
0 241
0 247
0 251
0 271
0 273
0 293
0 298
0 300
0 301
0 303
0 316
0 331
0 332
0 333
0 337
0 347
0 348
0 350
0 364
0 369
0 380
0 387
0 391
0 397
0 399
0 401
0 409
0 415
0 417
0 419
0 426
0 433
0 437
0 448
1 152
1 193
1 402
2 204
2 348
3 199
3 428
4 63
4 310
4 360
4 412
5 146
5 230
6 34
7 222
7 387
8 0
8 152
9 32
9 440
10 347
10 449
11 137
11 174
11 260
11 419
12 346
13 83
13 184
14 0
14 214
14 315
14 442
15 199
16 264
17 141
18 31
18 271
19 190
19 409
20 52
20 212
20 257
20 400
21 179
21 328
22 248
23 0
23 277
23 305
23 383
24 35
24 50
24 299
25 0
25 424
26 318
27 437
28 317
29 170
29 449
30 60
30 309
31 18
32 9
33 359
33 392
34 6
34 112
34 374
35 0
35 24
35 61
36 148
37 332
38 178
38 346
39 0
40 227
41 379
42 64
43 0
43 55
44 145
44 302
45 273
46 259
47 207
48 0
48 221
49 0
49 117
50 24
51 357
51 438
52 20
53 166
54 132
54 341
55 43
56 435
57 349
58 84
59 289
60 30
60 122
60 175
60 187
60 234
61 35
62 373
63 0
63 4
63 148
63 344
64 42
64 124
64 362
65 191
65 248
65 295
66 0
66 188
67 156
68 119
69 145
70 181
70 320
71 172
71 300
72 160
72 231
72 267
73 306
74 322
75 411
75 433
76 182
76 209
77 0
77 89
78 0
78 192
78 207
79 180
79 284
79 289
79 348
80 0
80 161
80 373
81 380
82 290
83 13
83 362
84 58
84 143
84 237
84 332
85 0
85 171
86 268
87 0
87 248
87 395
88 434
89 77
90 211
90 315
91 163
91 196
92 337
93 0
94 296
95 364
96 313
97 247
98 138
98 203
99 195
99 300
100 158
100 427
101 160
102 137
102 288
103 0
103 201
103 381
104 316
105 113
105 331
106 234
107 227
107 386
107 426
108 185
109 193
109 224
110 426
111 377
111 444
112 0
112 34
112 163
113 105
113 198
113 314
114 336
115 332
116 172
117 49
117 292
118 156
118 200
118 389
119 68
119 124
119 429
120 157
120 373
121 199
121 230
121 232
121 393
122 60
122 155
123 418
124 64
124 119
124 162
124 263
125 250
125 312
126 0
126 262
126 435
127 256
128 335
129 353
130 0
130 443
131 216
132 54
132 397
132 436
133 401
133 438
134 263
135 141
135 441
136 249
137 11
137 102
137 167
138 98
138 316
139 241
139 306
140 289
141 17
141 135
141 256
142 213
143 84
144 299
145 44
145 69
146 5
146 150
147 0
147 322
148 36
148 63
149 206
149 365
150 146
151 255
151 347
152 1
152 8
153 437
154 206
155 122
155 219
156 67
156 118
157 120
158 100
159 299
160 72
160 101
160 316
161 80
161 194
161 259
162 124
162 218
162 401
163 91
163 112
164 0
164 279
164 392
164 406
165 377
165 446
166 53
166 242
166 370
167 137
168 211
169 249
170 29
171 85
171 238
172 71
172 116
173 326
173 439
174 11
175 0
175 60
175 410
176 179
177 286
178 38
178 225
179 0
179 21
179 176
180 79
181 70
181 225
182 0
182 76
183 373
184 13
185 0
185 108
185 427
186 446
187 60
187 324
188 66
189 347
190 19
191 65
192 78
193 1
193 109
194 161
194 291
195 99
195 345
196 91
197 238
198 113
198 423
199 3
199 15
199 121
200 118
200 337
201 103
201 378
202 249
203 98
204 2
204 405
205 432
206 149
206 154
206 301
207 47
207 78
208 405
209 76
210 360
211 90
211 168
212 20
212 448
213 142
213 427
214 14
214 272
214 283
215 372
215 409
216 131
216 245
216 279
216 323
216 404
216 407
216 418
217 333
217 339
218 162
219 155
220 266
220 448
221 48
222 7
223 274
224 109
225 0
225 178
225 181
226 0
226 265
226 421
227 40
227 107
228 290
228 298
229 284
230 0
230 5
230 121
231 72
232 121
232 278
233 306
234 60
234 106
234 336
234 342
235 0
235 327
236 313
237 84
238 171
238 197
239 248
240 294
241 0
241 139
242 166
242 338
243 425
243 430
244 363
245 216
246 247
247 0
247 97
247 246
248 22
248 65
248 87
248 239
249 136
249 169
249 202
249 276
249 284
250 125
250 301
251 0
251 441
252 279
253 340
254 439
255 151
256 127
256 141
257 20
258 314
259 46
259 161
260 11
261 290
262 126
262 318
263 124
263 134
264 16
264 285
264 308
264 381
265 226
266 220
266 368
267 72
268 86
268 324
269 290
270 369
271 0
271 18
272 214
273 0
273 45
273 375
273 390
274 223
274 287
274 418
275 364
276 249
277 23
278 232
278 340
279 164
279 216
279 252
279 304
280 303
280 396
281 368
282 403
282 447
283 214
284 79
284 229
284 249
284 302
285 264
286 177
286 304
287 274
288 102
289 59
289 79
289 140
290 82
290 228
290 261
290 269
291 194
292 117
292 321
293 0
293 338
294 240
294 354
294 358
294 392
295 65
296 94
296 311
297 334
298 0
298 228
299 24
299 144
299 159
300 0
300 71
300 99
301 0
301 206
301 250
301 366
301 422
302 44
302 284
303 0
303 280
303 326
304 279
304 286
305 23
305 329
306 73
306 139
306 233
307 308
308 264
308 307
309 30
310 4
310 367
311 296
311 360
312 125
313 96
313 236
313 438
314 113
314 258
315 14
315 90
316 0
316 104
316 138
316 160
317 28
317 388
317 426
318 26
318 262
319 322
320 70
321 292
322 74
322 147
322 319
323 216
324 187
324 268
325 417
326 173
326 303
327 235
328 21
329 305
330 387
331 0
331 105
331 440
332 0
332 37
332 84
332 115
333 0
333 217
333 335
334 297
334 414
335 128
335 333
336 114
336 234
337 0
337 92
337 200
337 403
338 242
338 293
339 217
339 385
340 253
340 278
341 54
342 234
343 437
344 63
344 361
345 195
346 12
346 38
347 0
347 10
347 151
347 189
348 0
348 2
348 79
349 57
349 367
350 0
351 353
351 444
352 437
353 129
353 351
354 294
355 419
356 419
357 51
357 371
358 294
359 33
360 4
360 210
360 311
361 344
362 64
362 83
363 244
363 372
364 0
364 95
364 275
364 377
365 149
366 301
367 310
367 349
368 266
368 281
369 0
369 270
370 166
371 357
372 215
372 363
373 62
373 80
373 120
373 183
374 34
375 273
376 435
377 111
377 165
377 364
378 201
379 41
379 445
380 0
380 81
381 103
381 264
381 413
382 410
383 23
384 445
385 339
386 107
387 0
387 7
387 330
388 317
389 118
390 273
391 0
392 33
392 164
392 294
393 121
394 401
395 87
395 408
396 280
397 0
397 132
398 412
399 0
399 425
400 20
401 0
401 133
401 162
401 394
402 1
403 282
403 337
403 420
404 216
405 204
405 208
406 164
407 216
408 395
409 0
409 19
409 215
410 175
410 382
411 75
412 4
412 398
413 381
414 334
414 418
415 0
415 434
416 431
416 442
417 0
417 325
417 445
418 123
418 216
418 274
418 414
419 0
419 11
419 355
419 356
420 403
421 226
422 301
423 198
424 25
425 243
425 399
426 0
426 107
426 110
426 317
427 100
427 185
427 213
428 3
429 119
430 243
431 416
432 205
432 434
433 0
433 75
434 88
434 415
434 432
435 56
435 126
435 376
436 132
437 0
437 27
437 153
437 343
437 352
438 51
438 133
438 313
439 173
439 254
440 9
440 331
441 135
441 251
442 14
442 416
443 130
444 111
444 351
445 379
445 384
445 417
446 165
446 186
447 282
448 0
448 212
448 220
449 10
449 29
