54.000000
150
0 34
0 44
0 56
0 66
0 68
0 86
0 93
1 5
1 25
1 67
1 87
1 90
2 15
3 25
3 26
4 43
4 50
4 121
5 1
6 86
7 28
7 40
7 46
7 88
8 39
9 38
10 68
10 135
11 21
11 71
12 73
12 121
13 33
13 47
14 79
15 2
15 30
15 130
16 75
16 98
17 41
17 42
18 29
19 59
20 21
21 11
21 20
21 137
22 68
23 25
23 109
24 66
25 1
25 3
25 23
25 111
26 3
26 70
27 133
28 7
28 83
28 98
29 18
29 48
29 53
29 119
30 15
30 61
31 47
32 68
32 126
33 13
34 0
34 62
34 97
35 70
36 59
37 89
37 117
38 9
38 49
38 126
39 8
39 79
39 103
40 7
41 17
41 49
41 122
42 17
42 125
43 4
43 45
44 0
44 101
45 43
46 7
46 52
46 91
47 13
47 31
47 94
47 102
47 128
47 133
47 142
48 29
49 38
49 41
49 58
49 59
50 4
50 137
51 69
51 146
52 46
53 29
53 105
54 111
54 136
55 93
55 138
56 0
56 95
56 146
57 100
58 49
59 19
59 36
59 49
60 71
61 30
61 118
62 34
63 123
63 143
64 123
65 68
65 78
66 0
66 24
66 96
67 1
67 100
68 0
68 10
68 22
68 32
68 65
69 51
69 127
70 26
70 35
70 147
71 11
71 60
71 77
71 146
72 147
73 12
74 116
75 16
76 78
77 71
78 65
78 76
78 131
79 14
79 39
79 107
79 108
79 114
79 132
80 108
80 115
81 134
82 133
83 28
84 96
84 105
85 130
86 0
86 6
86 106
86 148
87 1
88 7
88 112
89 37
89 141
90 1
90 92
91 46
91 101
92 90
93 0
93 55
93 99
93 128
94 47
95 56
95 140
96 66
96 84
97 34
98 16
98 28
99 93
100 57
100 67
101 44
101 91
101 116
101 123
102 47
102 103
103 39
103 102
104 105
105 53
105 84
105 104
105 120
105 124
106 86
106 109
107 79
108 79
108 80
109 23
109 106
109 134
110 126
110 145
111 25
111 54
112 88
113 123
114 79
115 80
116 74
116 101
116 129
117 37
118 61
119 29
119 130
120 105
121 4
121 12
122 41
122 149
123 63
123 64
123 101
123 113
124 105
124 141
125 42
126 32
126 38
126 110
127 69
128 47
128 93
129 116
130 15
130 85
130 119
131 78
132 79
132 144
133 27
133 47
133 82
134 81
134 109
135 10
136 54
137 21
137 50
138 55
139 141
140 95
141 89
141 124
141 139
142 47
143 63
144 132
145 110
146 51
146 56
146 71
147 70
147 72
148 86
149 122
