-309.000000
400
0 1
0 22
0 26
0 37
0 40
0 52
0 55
0 57
0 60
0 61
0 63
0 65
0 69
0 79
0 81
0 83
0 89
0 107
0 115
0 120
0 123
0 126
0 132
0 134
0 151
0 152
0 166
0 170
0 171
0 181
0 184
0 198
0 209
0 210
0 213
0 224
0 225
0 227
0 233
0 235
0 239
0 243
0 244
0 249
0 250
0 253
0 255
0 257
0 260
0 271
0 275
0 291
0 298
0 300
0 306
0 307
0 310
0 315
0 320
0 323
0 324
0 332
0 345
0 359
0 364
0 376
0 380
0 386
0 387
0 389
1 0
1 2
2 1
2 4
2 390
3 84
3 260
4 2
4 218
4 256
5 224
6 64
6 387
7 32
7 272
8 102
8 130
8 289
9 399
10 185
10 195
11 52
11 199
12 331
13 59
13 240
14 242
14 291
14 334
15 76
16 20
16 74
16 319
16 361
17 30
18 38
18 182
19 215
20 16
21 140
22 0
22 68
22 377
23 185
24 83
24 207
25 104
26 0
26 325
27 132
27 173
28 55
29 162
29 181
30 17
30 127
31 137
32 7
32 45
32 136
33 120
33 128
34 334
35 150
35 172
36 251
37 0
37 67
37 204
38 18
38 277
39 81
40 0
40 369
41 189
42 106
42 123
43 285
44 229
45 32
46 206
47 63
47 293
48 185
49 174
49 244
50 281
51 261
52 0
52 11
52 129
53 78
53 113
53 133
54 201
55 0
55 28
55 92
55 288
56 112
57 0
57 142
57 169
57 189
58 344
59 13
59 345
60 0
60 292
60 360
61 0
61 90
62 253
63 0
63 47
64 6
65 0
65 185
65 261
66 158
67 37
67 283
67 318
68 22
68 138
68 187
69 0
70 392
71 384
71 389
72 376
73 183
74 16
75 329
76 15
76 111
77 229
78 53
78 255
79 0
79 176
79 241
79 326
79 356
80 351
81 0
81 39
81 202
82 193
83 0
83 24
83 363
84 3
85 227
85 328
86 164
86 317
86 332
87 350
88 151
89 0
89 238
89 248
90 61
90 351
90 367
91 123
91 254
92 55
93 376
94 351
95 194
96 101
97 211
98 114
98 169
99 145
99 168
100 302
101 96
101 120
102 8
103 375
104 25
104 317
105 204
106 42
106 160
107 0
107 327
108 361
109 294
110 323
110 358
111 76
111 134
112 56
112 236
113 53
114 98
115 0
115 214
116 255
117 157
118 205
119 217
119 335
120 0
120 33
120 101
121 177
122 266
123 0
123 42
123 91
124 342
125 298
126 0
126 329
127 30
127 154
127 310
128 33
129 52
129 313
130 8
130 232
131 216
131 222
132 0
132 27
133 53
134 0
134 111
134 246
135 391
136 32
136 210
137 31
137 275
137 319
138 68
138 322
139 201
140 21
140 265
141 382
142 57
143 326
144 187
145 99
146 251
146 364
147 292
148 233
148 372
149 234
150 35
150 159
151 0
151 88
151 370
152 0
152 237
152 340
153 191
153 397
154 127
155 201
156 245
156 257
157 117
157 247
158 66
158 202
159 150
159 224
160 106
161 181
161 193
161 268
162 29
163 320
164 86
165 184
165 226
166 0
166 247
166 269
167 199
168 99
168 239
169 57
169 98
170 0
170 194
171 0
171 190
171 311
172 35
173 27
173 201
174 49
175 237
176 79
177 121
177 304
177 306
177 337
178 183
178 300
179 344
180 317
181 0
181 29
181 161
182 18
182 271
183 73
183 178
183 197
183 338
183 365
184 0
184 165
184 396
185 10
185 23
185 48
185 65
185 262
186 274
186 324
186 348
187 68
187 144
188 353
189 41
189 57
190 171
191 153
192 351
193 82
193 161
194 95
194 170
195 10
196 230
196 274
197 183
198 0
198 232
198 357
199 11
199 167
199 354
200 283
201 54
201 139
201 155
201 173
201 220
201 284
201 305
202 81
202 158
202 341
203 239
204 37
204 105
205 118
205 209
206 46
206 250
206 281
206 381
207 24
207 280
208 234
208 377
209 0
209 205
210 0
210 136
211 97
211 219
211 291
212 314
213 0
213 263
214 115
214 229
214 299
215 19
215 296
216 131
217 119
217 387
218 4
219 211
219 388
220 201
221 395
222 131
222 323
223 228
223 297
223 342
223 359
224 0
224 5
224 159
225 0
225 236
225 397
226 165
226 278
227 0
227 85
228 223
228 258
229 44
229 77
229 214
230 196
231 394
232 130
232 198
233 0
233 148
233 267
234 149
234 208
235 0
235 316
235 355
236 112
236 225
237 152
237 175
238 89
238 336
239 0
239 168
239 203
240 13
241 79
242 14
243 0
243 276
244 0
244 49
245 156
246 134
247 157
247 166
248 89
249 0
249 285
249 301
250 0
250 206
251 36
251 146
252 387
253 0
253 62
253 265
254 91
255 0
255 78
255 116
256 4
257 0
257 156
258 228
259 282
259 390
260 0
260 3
260 395
261 51
261 65
262 185
263 213
264 386
265 140
265 253
266 122
266 298
266 375
267 233
267 312
268 161
269 166
270 306
271 0
271 182
271 339
271 383
272 7
273 276
274 186
274 196
275 0
275 137
276 243
276 273
277 38
278 226
279 320
279 394
280 207
281 50
281 206
282 259
283 67
283 200
284 201
285 43
285 249
285 302
286 352
287 391
288 55
288 350
289 8
290 309
291 0
291 14
291 211
292 60
292 147
293 47
294 109
294 325
295 319
295 362
296 215
296 340
296 385
296 398
297 223
298 0
298 125
298 266
299 214
300 0
300 178
301 249
302 100
302 285
303 359
304 177
305 201
306 0
306 177
306 270
307 0
307 346
308 350
309 290
309 327
310 0
310 127
310 373
311 171
311 314
312 267
313 129
314 212
314 311
315 0
315 371
316 235
316 344
317 86
317 104
317 180
318 67
319 16
319 137
319 295
320 0
320 163
320 279
321 336
322 138
323 0
323 110
323 222
324 0
324 186
325 26
325 294
326 79
326 143
326 399
327 107
327 309
327 391
328 85
329 75
329 126
330 333
330 343
331 12
331 360
332 0
332 86
332 349
333 330
333 380
334 14
334 34
335 119
336 238
336 321
337 177
338 183
339 271
340 152
340 296
341 202
342 124
342 223
343 330
344 58
344 179
344 316
345 0
345 59
345 347
346 307
347 345
348 186
349 332
350 87
350 288
350 308
351 80
351 90
351 94
351 192
351 368
351 379
352 286
352 366
353 188
353 370
354 199
355 235
356 79
357 198
358 110
358 374
359 0
359 223
359 303
360 60
360 331
361 16
361 108
362 295
363 83
364 0
364 146
365 183
366 352
366 375
367 90
368 351
369 40
370 151
370 353
371 315
372 148
372 392
373 310
374 358
375 103
375 266
375 366
376 0
376 72
376 93
376 393
377 22
377 208
378 387
379 351
380 0
380 333
381 206
382 141
382 393
383 271
384 71
385 296
386 0
386 264
387 0
387 6
387 217
387 252
387 378
388 219
389 0
389 71
390 2
390 259
391 135
391 287
391 327
392 70
392 372
393 376
393 382
394 231
394 279
395 221
395 260
396 184
397 153
397 225
398 296
399 9
399 326
