-226.000000
300
0 5
0 13
0 17
0 24
0 30
0 34
0 38
0 39
0 43
0 44
0 65
0 67
0 86
0 100
0 106
0 114
0 117
0 121
0 126
0 128
0 143
0 144
0 159
0 169
0 175
0 177
0 178
0 179
0 181
0 191
0 192
0 195
0 197
0 205
0 210
0 218
0 222
0 228
0 231
0 232
0 235
0 241
0 247
0 248
0 260
0 262
0 265
0 275
0 284
0 289
0 292
0 296
1 171
2 58
2 68
2 219
3 230
4 151
5 0
6 38
7 62
7 76
8 157
9 275
10 153
11 16
12 177
12 261
13 0
13 82
13 98
13 158
14 192
14 240
15 131
16 11
16 129
16 262
17 0
17 69
18 39
18 215
19 199
19 248
20 193
21 75
22 48
23 266
24 0
24 202
25 78
25 127
25 285
26 210
27 101
27 152
27 197
28 145
29 89
30 0
31 284
32 193
33 215
34 0
35 182
36 98
36 99
37 48
37 87
38 0
38 6
38 182
39 0
39 18
40 239
41 210
42 216
43 0
43 138
43 160
44 0
44 183
44 230
45 155
45 239
46 163
47 53
47 124
47 157
48 22
48 37
49 85
49 205
49 237
50 62
51 61
51 71
52 225
53 47
54 187
55 218
56 90
56 277
57 244
57 257
58 2
59 113
60 165
61 51
61 108
61 236
62 7
62 50
63 74
63 132
64 241
65 0
65 267
66 283
67 0
67 90
67 250
67 297
68 2
69 17
69 256
70 113
71 51
72 101
72 105
72 186
72 255
73 96
74 63
75 21
75 264
76 7
76 181
77 170
77 174
78 25
79 106
80 130
80 134
80 138
80 176
80 209
81 165
82 13
82 87
83 177
83 254
84 101
85 49
86 0
87 37
87 82
88 289
89 29
89 174
90 56
90 67
90 194
90 252
91 178
92 248
93 123
93 149
93 159
94 139
94 164
94 227
95 129
95 234
96 73
96 115
96 142
96 196
96 206
96 214
97 189
98 13
98 36
99 36
100 0
100 116
100 146
100 153
100 188
101 27
101 72
101 84
102 112
103 113
103 169
104 153
105 72
106 0
106 79
106 132
107 118
108 61
108 284
109 117
109 221
110 216
111 255
112 102
112 159
113 59
113 70
113 103
113 211
114 0
114 227
115 96
115 290
116 100
117 0
117 109
117 225
117 281
118 107
118 146
119 189
119 295
119 296
120 205
121 0
121 280
121 283
122 156
122 182
122 238
123 93
123 274
124 47
125 203
126 0
126 166
126 264
126 288
127 25
128 0
128 203
129 16
129 95
130 80
131 15
131 269
132 63
132 106
133 145
133 192
134 80
135 177
136 264
137 168
138 43
138 80
139 94
140 201
140 289
141 154
142 96
143 0
144 0
144 157
145 28
145 133
145 273
145 294
146 100
146 118
147 205
147 293
148 184
149 93
150 183
151 4
151 203
152 27
153 10
153 100
153 104
154 141
154 184
154 251
155 45
155 225
156 122
157 8
157 47
157 144
158 13
159 0
159 93
159 112
160 43
161 210
162 218
163 46
163 235
164 94
165 60
165 81
165 202
165 291
166 126
167 204
168 137
168 210
169 0
169 103
169 207
170 77
170 232
171 1
171 230
172 175
173 213
173 247
174 77
174 89
175 0
175 172
175 223
176 80
177 0
177 12
177 83
177 135
178 0
178 91
178 279
179 0
179 282
180 262
181 0
181 76
182 35
182 38
182 122
182 299
183 44
183 150
183 286
184 148
184 154
185 208
186 72
187 54
187 204
188 100
189 97
189 119
190 218
191 0
191 200
191 226
191 243
192 0
192 14
192 133
193 20
193 32
193 220
193 271
194 90
194 278
195 0
195 219
196 96
197 0
197 27
198 267
199 19
200 191
200 263
201 140
201 298
202 24
202 165
203 125
203 128
203 151
203 245
204 167
204 187
204 249
204 265
205 0
205 49
205 120
205 147
206 96
207 169
207 269
208 185
208 282
209 80
210 0
210 26
210 41
210 161
210 168
211 113
212 255
213 173
214 96
215 18
215 33
215 253
215 287
216 42
216 110
216 231
217 262
218 0
218 55
218 162
218 190
218 229
219 2
219 195
220 193
221 109
222 0
222 276
223 175
224 233
224 241
225 52
225 117
225 155
226 191
227 94
227 114
228 0
228 266
229 218
230 3
230 44
230 171
231 0
231 216
232 0
232 170
233 224
233 285
234 95
235 0
235 163
235 242
236 61
237 49
237 246
238 122
239 40
239 45
240 14
241 0
241 64
241 224
242 235
243 191
243 251
244 57
245 203
246 237
247 0
247 173
248 0
248 19
248 92
248 257
249 204
249 271
250 67
251 154
251 243
252 90
253 215
254 83
254 259
255 72
255 111
255 212
256 69
257 57
257 248
258 283
259 254
260 0
260 272
261 12
262 0
262 16
262 180
262 217
263 200
264 75
264 126
264 136
265 0
265 204
266 23
266 228
267 65
267 198
267 270
268 292
269 131
269 207
270 267
271 193
271 249
272 260
273 145
274 123
275 0
275 9
276 222
277 56
278 194
279 178
280 121
281 117
282 179
282 208
283 66
283 121
283 258
283 290
284 0
284 31
284 108
285 25
285 233
286 183
287 215
288 126
289 0
289 88
289 140
290 115
290 283
291 165
292 0
292 268
293 147
294 145
295 119
296 0
296 119
297 67
298 201
299 182
