39.000000
500
0 13
0 24
0 26
0 45
0 46
0 81
0 86
0 109
0 118
0 119
0 123
0 130
0 134
0 137
0 155
0 161
0 172
0 198
0 205
0 210
0 228
0 229
0 231
0 232
0 258
0 274
0 276
0 284
0 299
0 303
0 331
0 332
0 348
0 361
0 381
0 384
0 386
0 395
0 409
0 415
0 424
0 425
0 433
0 434
0 452
0 456
0 461
0 462
0 472
0 477
0 488
1 287
1 388
2 58
2 377
3 386
4 169
5 150
6 23
6 80
7 62
7 188
7 488
8 182
8 491
9 161
9 260
10 477
10 479
11 285
12 166
12 261
13 0
13 56
13 57
14 420
14 443
15 489
16 95
16 382
17 69
18 381
19 149
19 391
20 136
21 80
22 421
23 6
23 28
23 311
24 0
24 325
24 494
25 247
25 269
25 327
26 0
26 40
26 401
27 228
28 23
28 101
28 374
29 91
30 298
31 205
32 130
33 381
34 252
35 398
35 469
36 297
36 334
36 386
37 354
37 402
38 374
39 282
39 369
39 489
40 26
40 427
41 472
42 220
42 453
43 152
44 117
44 137
44 320
45 0
45 393
45 486
45 491
46 0
46 313
46 470
47 128
48 167
49 155
50 85
50 133
51 250
52 219
53 107
53 162
54 189
54 465
55 194
55 247
55 375
55 452
56 13
57 13
57 483
58 2
58 258
58 277
59 171
59 339
59 390
60 65
60 97
60 111
61 136
62 7
62 88
63 460
63 465
64 482
65 60
65 212
66 459
66 461
67 282
68 88
69 17
69 338
70 237
71 460
72 91
72 160
73 128
74 303
74 394
75 291
76 428
77 103
77 121
77 438
78 239
78 299
79 397
79 433
80 6
80 21
80 225
81 0
81 344
81 444
81 474
82 129
82 154
82 318
83 104
83 433
84 310
85 50
86 0
86 148
86 448
87 245
88 62
88 68
88 145
88 278
88 335
89 179
90 422
91 29
91 72
91 279
92 196
92 224
92 285
92 314
92 454
93 166
94 249
95 16
95 158
96 134
96 261
97 60
98 129
99 332
100 489
101 28
101 135
102 206
103 77
104 83
104 391
105 141
106 434
107 53
107 155
107 337
107 341
107 399
107 447
108 450
109 0
109 185
109 189
110 488
111 60
111 234
112 225
113 391
113 431
114 227
114 289
115 393
116 208
117 44
118 0
118 351
118 359
118 482
119 0
119 458
119 499
120 307
121 77
122 366
123 0
123 213
123 255
124 494
125 253
125 360
126 477
127 436
128 47
128 73
128 260
129 82
129 98
130 0
130 32
130 215
130 230
130 242
130 389
131 167
131 322
131 475
132 276
133 50
133 204
133 325
134 0
134 96
134 235
135 101
136 20
136 61
136 231
137 0
137 44
137 241
138 168
138 434
139 412
139 468
140 233
141 105
141 229
141 436
141 455
142 251
142 418
143 251
143 429
143 442
144 331
145 88
146 231
147 216
147 377
148 86
148 201
148 291
148 294
149 19
150 5
150 377
151 210
152 43
152 259
152 368
152 417
153 176
153 382
154 82
154 215
155 0
155 49
155 107
156 202
157 348
157 370
158 95
158 395
159 238
159 286
159 424
160 72
160 234
161 0
161 9
161 293
161 380
162 53
162 245
163 370
164 172
165 370
166 12
166 93
167 48
167 131
168 138
169 4
169 441
170 483
171 59
171 482
172 0
172 164
172 410
173 371
174 433
175 177
175 328
176 153
177 175
177 476
178 233
179 89
179 361
180 384
180 437
181 493
182 8
183 331
184 395
185 109
185 445
186 434
187 496
188 7
189 54
189 109
190 249
190 332
191 456
192 295
192 332
193 329
193 383
194 55
195 229
196 92
197 413
198 0
198 289
198 484
199 233
200 314
201 148
202 156
202 338
202 386
203 321
203 349
203 471
204 133
204 268
205 0
205 31
205 252
206 102
206 353
207 296
207 343
208 116
208 257
209 282
210 0
210 151
210 287
210 430
211 248
211 250
211 275
212 65
212 306
212 345
213 123
213 464
214 305
214 392
215 130
215 154
216 147
217 324
217 355
217 373
218 402
219 52
219 271
219 363
219 402
220 42
220 236
221 385
221 448
222 299
222 302
223 268
224 92
224 456
225 80
225 112
225 415
226 455
227 114
228 0
228 27
228 283
228 329
228 449
229 0
229 141
229 195
230 130
231 0
231 136
231 146
232 0
232 263
232 349
232 407
233 140
233 178
233 199
233 295
233 333
234 111
234 160
235 134
235 421
236 220
237 70
237 331
238 159
239 78
240 301
240 331
240 353
241 137
242 130
243 322
244 426
245 87
245 162
245 357
246 335
247 25
247 55
248 211
248 284
249 94
249 190
250 51
250 211
250 272
251 142
251 143
252 34
252 205
252 440
253 125
254 461
255 123
255 368
256 274
256 406
256 414
257 208
257 385
258 0
258 58
259 152
260 9
260 128
261 12
261 96
262 406
263 232
263 496
264 309
264 455
265 489
266 315
267 275
268 204
268 223
269 25
270 494
271 219
272 250
273 301
273 350
274 0
274 256
274 317
275 211
275 267
276 0
276 132
276 419
277 58
278 88
279 91
280 356
280 435
280 481
281 376
282 39
282 67
282 209
283 228
284 0
284 248
284 307
284 403
285 11
285 92
286 159
287 1
287 210
287 355
288 457
289 114
289 198
290 371
291 75
291 148
292 380
293 161
293 467
293 492
294 148
295 192
295 233
296 207
296 410
297 36
298 30
298 400
298 462
299 0
299 78
299 222
300 424
301 240
301 273
302 222
302 366
303 0
303 74
303 340
304 493
305 214
305 347
306 212
306 344
307 120
307 284
308 316
309 264
310 84
310 393
311 23
312 329
313 46
313 408
314 92
314 200
314 387
315 266
315 382
316 308
316 466
317 274
318 82
319 338
320 44
320 428
321 203
322 131
322 243
322 451
323 329
324 217
325 24
325 133
326 339
327 25
327 473
328 175
328 425
329 193
329 228
329 312
329 323
330 458
331 0
331 144
331 183
331 237
331 240
331 378
331 495
332 0
332 99
332 190
332 192
333 233
334 36
335 88
335 246
336 358
336 411
336 497
337 107
338 69
338 202
338 319
339 59
339 326
339 365
340 303
340 396
341 107
342 413
342 425
343 207
344 81
344 306
345 212
346 497
347 305
348 0
348 157
348 364
349 203
349 232
349 439
350 273
351 118
352 457
353 206
353 240
354 37
354 372
354 384
355 217
355 287
356 280
357 245
358 336
358 447
359 118
360 125
360 427
361 0
361 179
361 451
362 383
363 219
364 348
365 339
366 122
366 302
367 463
367 480
368 152
368 255
369 39
369 477
370 157
370 163
370 165
370 376
371 173
371 290
371 400
372 354
373 217
374 28
374 38
375 55
376 281
376 370
376 485
377 2
377 147
377 150
377 426
377 457
378 331
379 470
380 161
380 292
381 0
381 18
381 33
381 412
382 16
382 153
382 315
383 193
383 362
383 446
384 0
384 180
384 354
385 221
385 257
386 0
386 3
386 36
386 202
387 314
388 1
389 130
390 59
391 19
391 104
391 113
392 214
392 459
393 45
393 115
393 310
394 74
394 481
395 0
395 158
395 184
396 340
397 79
398 35
398 410
399 107
400 298
400 371
401 26
402 37
402 218
402 219
403 284
404 484
405 456
406 256
406 262
407 232
408 313
409 0
410 172
410 296
410 398
410 443
411 336
412 139
412 381
412 498
413 197
413 342
414 256
415 0
415 225
415 453
416 450
416 493
417 152
418 142
418 472
419 276
419 466
420 14
421 22
421 235
422 90
422 438
423 476
424 0
424 159
424 300
425 0
425 328
425 342
426 244
426 377
427 40
427 360
428 76
428 320
429 143
430 210
431 113
432 462
433 0
433 79
433 83
433 174
434 0
434 106
434 138
434 186
435 280
436 127
436 141
437 180
438 77
438 422
438 499
439 349
440 252
440 480
441 169
441 468
441 487
442 143
443 14
443 410
444 81
445 185
446 383
447 107
447 358
448 86
448 221
449 228
450 108
450 416
451 322
451 361
452 0
452 55
452 490
453 42
453 415
454 92
455 141
455 226
455 264
456 0
456 191
456 224
456 405
457 288
457 352
457 377
458 119
458 330
459 66
459 392
460 63
460 71
461 0
461 66
461 254
462 0
462 298
462 432
463 367
463 478
464 213
465 54
465 63
466 316
466 419
467 293
468 139
468 441
469 35
470 46
470 379
471 203
472 0
472 41
472 418
473 327
474 81
475 131
476 177
476 423
477 0
477 10
477 126
477 369
478 463
479 10
480 367
480 440
481 280
481 394
482 64
482 118
482 171
483 57
483 170
484 198
484 404
485 376
486 45
487 441
488 0
488 7
488 110
489 15
489 39
489 100
489 265
490 452
491 8
491 45
492 293
493 181
493 304
493 416
493 496
494 24
494 124
494 270
495 331
496 187
496 263
496 493
497 336
497 346
498 412
499 119
499 438
