-76.000000
100
0 1
0 6
0 10
0 14
0 16
0 17
0 21
0 28
0 29
0 38
0 42
0 56
0 59
0 62
0 72
0 77
0 79
0 81
0 90
0 94
1 0
2 5
3 24
3 98
4 65
5 2
5 37
5 58
5 79
6 0
7 20
7 45
8 82
9 11
9 14
10 0
11 9
11 96
12 36
13 53
13 66
14 0
14 9
14 69
15 29
16 0
16 33
17 0
17 88
18 26
19 24
20 7
21 0
22 54
22 80
23 86
24 3
24 19
24 75
24 85
25 46
25 74
26 18
26 44
27 51
27 60
28 0
28 30
28 76
29 0
29 15
30 28
30 95
31 33
32 41
32 55
32 62
33 16
33 31
34 96
35 54
36 12
36 69
37 5
38 0
38 48
38 64
38 92
39 67
40 90
41 32
41 43
41 86
42 0
43 41
43 82
44 26
44 65
45 7
45 48
46 25
46 83
47 55
48 38
48 45
49 80
50 97
51 27
51 59
52 74
53 13
53 75
54 22
54 35
55 32
55 47
56 0
56 65
57 68
57 79
58 5
59 0
59 51
59 66
59 87
60 27
61 69
62 0
62 32
62 97
63 89
64 38
65 4
65 44
65 56
65 67
65 74
66 13
66 59
67 39
67 65
68 57
69 14
69 36
69 61
69 80
70 92
71 90
72 0
72 84
73 85
74 25
74 52
74 65
75 24
75 53
76 28
76 89
77 0
78 83
78 93
79 0
79 5
79 57
80 22
80 49
80 69
81 0
82 8
82 43
83 46
83 78
84 72
85 24
85 73
86 23
86 41
87 59
88 17
89 63
89 76
90 0
90 40
90 71
90 99
91 92
92 38
92 70
92 91
93 78
94 0
95 30
96 11
96 34
97 50
97 62
98 3
99 90
