41.000000
450
0 3
0 30
0 43
0 50
0 60
0 91
0 107
0 110
0 138
0 139
0 144
0 148
0 149
0 168
0 174
0 176
0 196
0 197
0 213
0 216
0 238
0 239
0 248
0 264
0 269
0 285
0 297
0 311
0 328
0 350
0 356
0 360
0 373
0 380
0 391
0 393
0 394
0 397
0 409
0 410
0 415
0 431
0 441
1 151
2 309
3 0
3 362
4 149
4 199
4 401
5 249
6 128
7 160
7 419
8 180
9 36
10 79
10 165
11 50
11 347
11 381
12 49
13 285
14 183
15 246
16 25
17 89
17 98
17 400
18 216
19 380
20 248
21 173
22 54
22 94
22 313
22 414
23 110
24 168
25 16
25 29
26 90
27 85
28 119
29 25
29 267
29 364
30 0
30 152
30 301
31 37
31 142
31 198
32 215
32 410
33 334
33 380
34 80
34 264
35 116
35 399
36 9
36 37
37 31
37 36
38 326
39 109
39 338
40 103
40 244
41 448
42 278
43 0
43 156
43 388
44 365
45 338
45 442
46 90
47 263
47 375
48 421
49 12
49 355
50 0
50 11
50 72
50 92
51 104
52 88
52 427
53 130
54 22
54 81
54 247
55 169
55 375
56 300
57 343
57 349
58 239
59 88
59 297
59 422
60 0
60 175
60 257
61 299
62 212
62 350
63 171
64 101
64 151
64 180
64 244
64 413
65 347
66 155
67 273
67 382
68 74
68 130
68 168
69 86
70 119
70 155
70 196
70 268
71 269
72 50
73 148
73 194
74 68
74 315
75 193
75 216
75 407
75 425
75 440
76 352
77 183
77 184
77 212
77 346
78 429
79 10
80 34
80 147
80 188
80 234
81 54
81 96
81 191
82 90
83 300
83 304
84 328
85 27
85 242
86 69
86 104
86 152
87 396
88 52
88 59
88 121
89 17
89 370
90 26
90 46
90 82
90 166
90 335
90 424
91 0
91 276
91 330
92 50
92 277
93 123
93 177
93 385
94 22
95 188
96 81
97 206
98 17
99 370
100 160
101 64
102 246
103 40
104 51
104 86
104 182
105 448
106 410
107 0
107 404
108 155
109 39
110 0
110 23
110 435
111 258
111 294
111 421
112 352
113 165
114 366
115 367
116 35
116 261
116 429
117 156
117 186
118 252
118 361
119 28
119 70
120 437
121 88
121 361
122 386
122 436
123 93
124 285
125 307
125 379
126 315
126 351
127 397
128 6
128 158
128 403
129 139
129 370
130 53
130 68
131 395
131 397
132 417
133 299
133 330
134 186
135 297
136 324
136 437
137 140
138 0
138 200
138 359
139 0
139 129
140 137
140 199
141 383
142 31
143 249
144 0
144 240
145 248
145 335
146 279
147 80
148 0
148 73
148 287
148 402
148 438
149 0
149 4
149 201
150 233
150 272
151 1
151 64
151 225
152 30
152 86
152 303
153 220
153 355
154 200
154 290
155 66
155 70
155 108
155 423
156 43
156 117
157 275
158 128
158 176
159 288
159 321
159 428
160 7
160 100
161 188
162 173
162 223
162 442
163 300
164 365
165 10
165 113
165 219
165 255
165 312
165 406
166 90
167 253
167 310
168 0
168 24
168 68
169 55
170 396
171 63
171 207
171 338
171 373
172 344
172 430
173 21
173 162
174 0
174 281
174 284
175 60
176 0
176 158
176 437
177 93
177 249
178 436
179 264
180 8
180 64
181 213
181 365
182 104
182 217
182 416
183 14
183 77
183 434
184 77
184 433
185 226
185 339
185 429
186 117
186 134
187 349
187 441
188 80
188 95
188 161
188 251
189 410
190 430
191 81
192 325
193 75
193 309
194 73
195 205
196 0
196 70
196 447
197 0
197 367
198 31
198 368
199 4
199 140
199 270
200 138
200 154
201 149
202 316
203 215
204 264
205 195
205 388
205 449
206 97
206 227
207 171
208 362
209 213
209 242
209 353
210 311
211 230
211 280
212 62
212 77
213 0
213 181
213 209
213 372
214 296
215 32
215 203
215 260
216 0
216 18
216 75
216 327
217 182
218 306
219 165
220 153
221 239
222 362
223 162
224 404
225 151
226 185
227 206
227 324
228 363
228 417
228 419
229 314
229 411
230 211
231 243
232 307
233 150
234 80
234 320
234 405
235 316
235 409
236 283
236 323
237 326
237 348
237 431
238 0
238 318
238 355
239 0
239 58
239 221
239 325
240 144
240 321
241 396
242 85
242 209
243 231
243 407
244 40
244 64
244 291
245 325
245 396
246 15
246 102
246 397
247 54
247 274
247 390
248 0
248 20
248 145
248 253
249 5
249 143
249 177
249 295
249 400
250 304
251 188
252 118
253 167
253 248
254 285
254 340
255 165
256 323
257 60
257 275
257 341
257 371
258 111
258 322
259 362
260 215
261 116
262 309
262 443
263 47
264 0
264 34
264 179
264 204
265 338
266 334
267 29
267 391
268 70
268 333
269 0
269 71
269 387
270 199
271 293
271 357
272 150
272 387
273 67
273 279
274 247
275 157
275 257
276 91
277 92
278 42
278 296
279 146
279 273
279 296
280 211
280 296
281 174
281 342
282 403
283 236
284 174
284 323
285 0
285 13
285 124
285 254
286 319
287 148
288 159
288 374
288 445
289 431
290 154
291 244
291 387
292 397
293 271
294 111
295 249
296 214
296 278
296 279
296 280
296 360
296 412
297 0
297 59
297 135
298 394
299 61
299 133
299 336
300 56
300 83
300 163
300 441
301 30
302 356
302 408
303 152
304 83
304 250
305 397
306 218
306 409
307 125
307 232
307 364
308 421
309 2
309 193
309 262
310 167
310 376
311 0
311 210
311 377
312 165
312 438
313 22
314 229
315 74
315 126
316 202
316 235
317 348
318 238
319 286
319 355
320 234
321 159
321 240
322 258
322 367
323 236
323 256
323 284
323 358
323 418
324 136
324 227
325 192
325 239
325 245
326 38
326 237
327 216
328 0
328 84
328 352
329 387
330 91
330 133
330 357
331 346
332 359
333 268
334 33
334 266
335 90
335 145
336 299
337 426
338 39
338 45
338 171
338 265
339 185
339 411
340 254
340 432
341 257
342 281
343 57
344 172
345 355
346 77
346 331
347 11
347 65
348 237
348 317
349 57
349 187
350 0
350 62
351 126
352 76
352 112
352 328
353 209
354 407
355 49
355 153
355 238
355 319
355 345
356 0
356 302
356 429
357 271
357 330
358 323
359 138
359 332
359 436
360 0
360 296
360 384
361 118
361 121
362 3
362 208
362 222
362 259
363 228
364 29
364 307
364 392
365 44
365 164
365 181
366 114
366 373
367 115
367 197
367 322
368 198
368 404
369 396
370 89
370 99
370 129
371 257
372 213
373 0
373 171
373 366
373 378
374 288
375 47
375 55
375 377
376 310
377 311
377 375
378 373
379 125
380 0
380 19
380 33
380 417
381 11
382 67
383 141
383 425
384 360
385 93
386 122
386 420
387 269
387 272
387 291
387 329
388 43
388 205
389 393
390 247
390 393
391 0
391 267
392 364
393 0
393 389
393 390
394 0
394 298
394 430
395 131
396 87
396 170
396 241
396 245
396 369
397 0
397 127
397 131
397 246
397 292
397 305
397 444
398 438
399 35
400 17
400 249
401 4
401 426
402 148
403 128
403 282
404 107
404 224
404 368
405 234
406 165
406 446
407 75
407 243
407 354
407 439
408 302
409 0
409 235
409 306
410 0
410 32
410 106
410 189
411 229
411 339
412 296
413 64
414 22
415 0
416 182
417 132
417 228
417 380
418 323
419 7
419 228
420 386
421 48
421 111
421 308
422 59
423 155
424 90
425 75
425 383
426 337
426 401
427 52
428 159
428 448
429 78
429 116
429 185
429 356
430 172
430 190
430 394
431 0
431 237
431 289
432 340
433 184
434 183
435 110
436 122
436 178
436 359
437 120
437 136
437 176
438 148
438 312
438 398
439 407
440 75
441 0
441 187
441 300
442 45
442 162
443 262
444 397
445 288
446 406
447 196
448 41
448 105
448 428
449 205
