33.000000
350
0 1
0 9
0 18
0 41
0 48
0 66
0 76
0 90
0 100
0 102
0 104
0 114
0 118
0 133
0 157
0 159
0 180
0 201
0 217
0 219
0 228
0 230
0 241
0 242
0 254
0 258
0 264
0 267
0 309
0 315
0 319
0 320
0 322
0 332
0 337
0 347
1 0
1 128
1 136
1 294
2 21
2 218
3 4
3 309
4 3
4 163
5 243
5 337
6 324
7 18
7 204
8 253
9 0
9 297
9 335
10 56
10 105
10 187
11 65
11 221
12 328
13 338
14 194
15 280
15 318
16 301
17 43
17 46
18 0
18 7
18 333
19 60
19 337
20 157
21 2
21 122
21 325
22 328
23 226
23 309
24 87
24 135
25 320
26 226
27 270
28 177
29 48
29 268
29 317
29 340
30 249
30 341
31 54
31 169
32 46
32 217
33 34
33 251
33 264
34 33
35 37
35 187
36 122
36 202
37 35
38 178
39 176
39 215
40 57
40 72
40 225
41 0
41 97
41 139
41 170
42 314
43 17
44 60
45 310
46 17
46 32
46 284
47 51
47 228
48 0
48 29
48 67
48 143
49 134
49 145
50 343
50 349
51 47
51 208
52 336
53 99
53 198
53 278
53 312
54 31
54 252
54 330
55 105
56 10
56 83
56 111
56 242
57 40
57 271
58 332
59 200
59 210
60 19
60 44
60 279
61 272
62 192
63 152
63 305
64 87
64 97
65 11
66 0
66 316
67 48
68 309
69 120
69 123
70 324
70 333
71 74
71 293
72 40
73 170
74 71
74 124
75 292
75 331
76 0
76 166
76 236
76 247
77 284
78 330
79 152
79 171
79 172
80 125
80 216
81 197
81 348
82 137
83 56
84 97
85 88
86 129
86 148
87 24
87 64
88 85
88 255
89 272
90 0
90 222
91 192
92 153
92 164
92 192
92 286
93 178
93 326
94 301
95 199
96 261
97 41
97 64
97 84
97 112
98 242
99 53
100 0
100 207
100 250
100 273
100 345
101 213
102 0
102 129
102 137
102 238
103 331
104 0
104 126
105 10
105 55
106 131
106 188
106 234
106 333
107 289
108 120
108 319
108 321
108 329
109 250
110 214
111 56
111 214
112 97
112 138
113 323
114 0
114 255
114 308
114 334
115 228
116 320
117 134
118 0
118 257
118 302
119 235
120 69
120 108
121 237
122 21
122 36
123 69
124 74
125 80
126 104
126 210
126 288
127 306
128 1
128 149
129 86
129 102
129 237
130 180
131 106
132 323
133 0
133 266
134 49
134 117
134 332
135 24
136 1
136 215
137 82
137 102
138 112
139 41
139 167
140 247
141 335
142 195
142 221
143 48
143 283
143 303
144 212
144 287
145 49
145 223
146 338
147 201
148 86
149 128
150 266
151 195
152 63
152 79
153 92
153 174
154 314
154 347
155 171
155 257
155 262
156 222
157 0
157 20
157 272
157 325
158 343
159 0
159 301
160 275
160 315
161 221
161 301
162 240
162 244
162 260
162 322
163 4
164 92
164 316
165 182
165 313
165 338
166 76
166 311
167 139
168 338
169 31
170 41
170 73
171 79
171 155
172 79
173 267
174 153
175 323
176 39
177 28
177 224
178 38
178 93
178 219
179 235
180 0
180 130
180 181
180 185
181 180
182 165
183 185
184 189
184 280
185 180
185 183
185 253
186 280
187 10
187 35
188 106
189 184
190 310
191 328
192 62
192 91
192 92
193 234
194 14
194 348
195 142
195 151
196 221
197 81
197 245
197 256
198 53
199 95
199 215
200 59
201 0
201 147
201 280
202 36
203 298
204 7
205 259
205 266
205 312
206 224
207 100
207 323
208 51
209 251
209 328
210 59
210 126
211 281
211 335
212 144
213 101
213 222
214 110
214 111
214 233
215 39
215 136
215 199
215 248
216 80
216 288
217 0
217 32
217 249
217 304
218 2
218 232
219 0
219 178
219 298
220 234
221 11
221 142
221 161
221 196
221 310
222 90
222 156
222 213
223 145
223 339
224 177
224 206
224 258
225 40
225 231
225 267
225 282
225 300
226 23
226 26
227 335
228 0
228 47
228 115
229 328
230 0
230 342
231 225
232 218
233 214
234 106
234 193
234 220
235 119
235 179
235 322
236 76
237 121
237 129
238 102
239 254
240 162
240 327
241 0
241 343
242 0
242 56
242 98
243 5
244 162
244 307
245 197
246 253
247 76
247 140
247 293
247 299
248 215
249 30
249 217
250 100
250 109
251 33
251 209
252 54
252 265
252 342
253 8
253 185
253 246
253 338
254 0
254 239
255 88
255 114
256 197
257 118
257 155
258 0
258 224
259 205
260 162
261 96
261 314
262 155
263 284
264 0
264 33
265 252
266 133
266 150
266 205
266 287
267 0
267 173
267 225
268 29
269 291
270 27
270 296
271 57
272 61
272 89
272 157
273 100
273 306
274 342
275 160
276 322
277 328
278 53
279 60
280 15
280 184
280 186
280 201
281 211
282 225
283 143
284 46
284 77
284 263
285 296
286 92
287 144
287 266
288 126
288 216
288 290
289 107
289 345
290 288
291 269
291 347
292 75
292 318
293 71
293 247
294 1
295 331
296 270
296 285
296 315
297 9
298 203
298 219
299 247
300 225
301 16
301 94
301 159
301 161
302 118
302 336
303 143
304 217
304 346
305 63
306 127
306 273
307 244
308 114
309 0
309 3
309 23
309 68
310 45
310 190
310 221
311 166
312 53
312 205
313 165
314 42
314 154
314 261
315 0
315 160
315 296
316 66
316 164
317 29
318 15
318 292
319 0
319 108
320 0
320 25
320 116
320 348
321 108
322 0
322 162
322 235
322 276
323 113
323 132
323 175
323 207
324 6
324 70
325 21
325 157
326 93
327 240
328 12
328 22
328 191
328 209
328 229
328 277
329 108
330 54
330 78
331 75
331 103
331 295
332 0
332 58
332 134
332 344
333 18
333 70
333 106
334 114
335 9
335 141
335 211
335 227
336 52
336 302
337 0
337 5
337 19
338 13
338 146
338 165
338 168
338 253
339 223
340 29
341 30
342 230
342 252
342 274
343 50
343 158
343 241
344 332
345 100
345 289
346 304
347 0
347 154
347 291
348 81
348 194
348 320
349 50
