-373.000000
500
0 9
0 15
0 18
0 21
0 25
0 37
0 41
0 53
0 55
0 58
0 64
0 73
0 76
0 92
0 99
0 109
0 113
0 121
0 131
0 135
0 137
0 142
0 151
0 155
0 166
0 167
0 181
0 196
0 203
0 207
0 219
0 220
0 238
0 242
0 252
0 253
0 277
0 279
0 291
0 293
0 298
0 300
0 301
0 303
0 310
0 311
0 321
0 322
0 326
0 328
0 334
0 344
0 353
0 356
0 364
0 366
0 368
0 374
0 377
0 387
0 389
0 390
0 394
0 396
0 398
0 399
0 403
0 409
0 421
0 422
0 427
0 434
0 440
0 447
0 460
0 464
0 469
0 472
0 479
0 493
0 495
1 363
1 463
2 3
2 393
3 2
4 92
5 37
6 214
7 163
7 252
8 31
8 185
9 0
9 229
9 255
9 454
10 112
10 466
11 253
11 416
12 244
13 203
13 400
14 39
14 177
14 336
15 0
15 130
15 250
15 384
16 167
16 365
17 80
17 353
18 0
18 66
18 195
18 320
19 88
19 287
20 175
21 0
21 119
21 319
21 404
22 101
23 25
23 54
24 235
25 0
25 23
25 280
26 356
27 228
28 249
28 251
28 361
28 476
29 401
30 145
30 166
31 8
31 136
31 321
32 162
32 466
33 203
34 279
35 107
35 279
36 58
37 0
37 5
37 283
38 231
39 14
39 45
40 78
40 378
40 492
41 0
41 110
41 202
42 171
42 346
43 340
43 434
44 306
45 39
46 385
47 58
47 74
47 98
47 123
48 305
48 355
49 91
50 299
51 282
52 63
53 0
54 23
54 227
55 0
55 236
55 341
56 427
57 398
58 0
58 36
58 47
59 254
60 316
60 328
61 121
62 237
62 401
63 52
63 201
63 353
63 418
64 0
64 91
64 239
65 334
66 18
66 84
67 184
68 419
69 479
69 484
70 196
71 273
72 217
72 231
73 0
73 214
74 47
74 200
75 344
75 369
76 0
76 134
77 299
77 489
78 40
79 368
79 393
80 17
80 126
81 370
82 422
83 133
83 437
83 464
84 66
85 152
86 193
86 460
87 274
88 19
89 403
89 480
90 122
90 234
91 49
91 64
91 149
91 257
92 0
92 4
92 177
93 196
94 366
95 328
96 247
97 292
98 47
98 116
99 0
99 127
99 199
99 425
100 122
100 207
101 22
101 204
101 322
102 449
103 283
104 166
105 293
105 345
106 206
106 230
106 405
107 35
108 213
108 374
109 0
109 478
110 41
110 432
110 439
110 452
111 322
112 10
113 0
113 190
113 244
114 268
115 478
116 98
117 174
118 221
118 317
118 343
119 21
120 163
120 453
121 0
121 61
121 209
121 289
122 90
122 100
123 47
124 146
124 285
124 412
125 474
126 80
127 99
128 415
128 465
129 344
129 371
130 15
130 266
131 0
131 482
132 238
133 83
134 76
134 156
135 0
135 169
135 231
136 31
137 0
137 189
137 386
137 424
138 437
139 417
139 468
140 219
141 328
142 0
143 426
144 460
145 30
146 124
147 256
148 322
149 91
150 363
151 0
151 173
151 349
152 85
152 318
152 404
152 444
153 301
154 442
155 0
155 485
155 492
156 134
157 286
157 420
158 235
158 396
159 167
160 359
161 301
162 32
163 7
163 120
164 368
165 387
166 0
166 30
166 104
167 0
167 16
167 159
167 449
168 394
169 135
169 232
170 196
171 42
172 366
173 151
173 438
174 117
174 460
175 20
175 469
176 399
177 14
177 92
178 443
179 348
179 421
180 448
181 0
181 274
182 334
183 239
183 391
184 67
184 320
185 8
186 240
186 262
186 470
187 256
188 364
189 137
189 324
189 468
190 113
190 433
191 311
191 474
192 279
193 86
194 416
195 18
196 0
196 70
196 93
196 170
196 198
196 373
196 431
197 478
198 196
199 99
199 325
200 74
201 63
202 41
203 0
203 13
203 33
203 494
204 101
204 276
205 377
206 106
206 334
207 0
207 100
207 312
207 329
208 403
209 121
210 284
211 387
211 395
212 218
212 272
212 493
213 108
214 6
214 73
214 226
215 344
216 259
217 72
218 212
218 338
219 0
219 140
220 0
220 287
220 375
221 118
222 396
223 440
224 319
225 499
226 214
227 54
228 27
228 283
229 9
229 306
230 106
231 38
231 72
231 135
232 169
233 307
234 90
235 24
235 158
235 383
236 55
237 62
237 495
238 0
238 132
238 467
239 64
239 183
240 186
240 291
241 298
242 0
242 260
243 366
243 455
244 12
244 113
245 311
246 447
246 461
247 96
247 490
248 490
249 28
250 15
251 28
251 450
252 0
252 7
253 0
253 11
254 59
254 398
255 9
256 147
256 187
256 274
256 305
257 91
258 395
259 216
259 342
260 242
260 408
261 434
262 186
263 334
264 433
265 277
265 402
266 130
266 308
267 287
268 114
268 315
268 451
269 407
270 401
271 437
272 212
272 435
273 71
273 440
274 87
274 181
274 256
274 376
275 469
276 204
277 0
277 265
277 473
278 304
279 0
279 34
279 35
279 192
280 25
280 475
281 466
282 51
282 409
282 477
283 37
283 103
283 228
284 210
284 356
284 397
284 471
285 124
285 472
285 496
286 157
287 19
287 220
287 267
288 373
289 121
290 299
290 479
291 0
291 240
291 352
292 97
292 493
293 0
293 105
294 301
294 499
295 497
296 323
296 366
297 433
298 0
298 241
298 411
299 50
299 77
299 290
299 309
300 0
300 415
300 419
301 0
301 153
301 161
301 294
302 472
303 0
303 372
303 381
304 278
304 330
304 441
305 48
305 256
306 44
306 229
306 370
307 233
307 434
308 266
309 299
310 0
310 314
310 490
311 0
311 191
311 245
312 207
313 389
314 310
315 268
316 60
317 118
318 152
319 21
319 224
320 18
320 184
321 0
321 31
321 451
322 0
322 101
322 111
322 148
323 296
324 189
324 331
325 199
326 0
326 347
327 462
327 484
328 0
328 60
328 95
328 141
329 207
329 380
330 304
331 324
332 337
333 397
334 0
334 65
334 182
334 206
334 263
335 482
336 14
337 332
337 362
338 218
339 415
340 43
341 55
341 385
341 388
342 259
342 349
343 118
343 482
344 0
344 75
344 129
344 215
345 105
346 42
346 433
347 326
347 448
348 179
348 362
349 151
349 342
349 351
350 423
350 482
351 349
352 291
353 0
353 17
353 63
353 486
354 367
354 436
355 48
356 0
356 26
356 284
356 456
357 445
358 422
359 160
359 368
359 382
360 362
361 28
361 487
362 337
362 348
362 360
363 1
363 150
363 411
364 0
364 188
364 491
365 16
366 0
366 94
366 172
366 243
366 296
366 392
367 354
367 413
368 0
368 79
368 164
368 359
369 75
370 81
370 306
371 129
372 303
373 196
373 288
374 0
374 108
375 220
376 274
377 0
377 205
378 40
379 400
380 329
381 303
382 359
383 235
384 15
384 413
384 481
385 46
385 341
386 137
387 0
387 165
387 211
388 341
388 406
388 442
389 0
389 313
390 0
390 420
390 429
391 183
392 366
393 2
393 79
394 0
394 168
394 441
395 211
395 258
396 0
396 158
396 222
397 284
397 333
398 0
398 57
398 254
398 487
399 0
399 176
399 457
400 13
400 379
400 428
401 29
401 62
401 270
402 265
403 0
403 89
403 208
404 21
404 152
405 106
406 388
407 269
407 417
408 260
409 0
409 282
410 459
410 485
411 298
411 363
412 124
413 367
413 384
414 496
415 128
415 300
415 339
416 11
416 194
417 139
417 407
418 63
419 68
419 300
420 157
420 390
421 0
421 179
421 497
422 0
422 82
422 358
423 350
424 137
425 99
426 143
426 436
427 0
427 56
427 466
428 400
429 390
429 443
430 496
431 196
432 110
433 190
433 264
433 297
433 346
434 0
434 43
434 261
434 307
435 272
436 354
436 426
437 83
437 138
437 271
438 173
439 110
439 445
440 0
440 223
440 273
441 304
441 394
442 154
442 388
443 178
443 429
444 152
445 357
445 439
446 494
447 0
447 246
448 180
448 347
449 102
449 167
450 251
451 268
451 321
452 110
453 120
454 9
455 243
456 356
457 399
458 499
459 410
460 0
460 86
460 144
460 174
461 246
462 327
463 1
464 0
464 83
465 128
466 10
466 32
466 281
466 427
467 238
467 488
468 139
468 189
469 0
469 175
469 275
470 186
471 284
472 0
472 285
472 302
473 277
474 125
474 191
475 280
476 28
477 282
478 109
478 115
478 197
478 498
479 0
479 69
479 290
480 89
481 384
482 131
482 335
482 343
482 350
483 491
484 69
484 327
485 155
485 410
486 353
487 361
487 398
488 467
489 77
490 247
490 248
490 310
491 364
491 483
492 40
492 155
493 0
493 212
493 292
494 203
494 446
495 0
495 237
496 285
496 414
496 430
497 295
497 421
498 478
499 225
499 294
499 458
