59.000000
350
0 1
0 14
0 15
0 16
0 19
0 34
0 48
0 100
0 105
0 152
0 165
0 167
0 172
0 180
0 216
0 240
0 252
0 259
0 265
0 288
0 293
0 295
0 312
0 313
0 332
0 336
1 0
1 85
1 114
2 337
3 19
4 54
4 102
5 250
6 268
6 333
7 150
7 208
8 19
9 104
10 21
10 129
11 37
11 162
11 232
12 140
12 175
12 270
13 308
13 347
14 0
14 103
15 0
15 17
15 128
16 0
16 254
17 15
18 244
19 0
19 3
19 8
19 71
19 314
20 287
20 304
21 10
22 107
22 290
22 344
23 150
23 293
24 98
24 264
24 309
25 28
26 349
27 328
28 25
28 345
29 273
30 88
31 105
32 68
33 64
33 286
34 0
34 263
34 267
35 251
35 281
36 41
37 11
38 331
39 41
39 126
40 68
40 101
41 36
41 39
41 129
42 62
43 57
43 332
44 190
44 316
45 251
45 293
46 253
46 269
47 116
47 149
47 158
47 290
48 0
48 213
49 108
50 257
50 349
51 268
52 53
52 205
53 52
53 149
54 4
54 78
55 207
56 184
56 305
57 43
57 95
58 68
59 94
59 113
59 183
60 169
60 282
61 99
61 189
62 42
62 216
63 288
64 33
64 197
64 318
64 345
65 159
66 244
67 162
68 32
68 40
68 58
68 134
68 219
68 226
69 260
70 97
70 132
71 19
71 221
72 123
72 340
73 220
74 195
74 211
75 162
76 108
77 93
78 54
79 174
79 294
80 110
81 277
82 187
82 220
83 238
84 152
85 1
85 227
86 254
87 293
88 30
88 136
89 160
90 189
90 279
91 100
92 225
93 77
93 190
94 59
94 256
95 57
95 206
95 236
96 184
96 244
97 70
97 103
98 24
99 61
99 273
100 0
100 91
100 268
101 40
101 135
101 176
101 191
102 4
102 160
102 183
103 14
103 97
104 9
104 151
104 248
104 280
104 341
105 0
105 31
105 168
106 161
107 22
108 49
108 76
108 122
108 133
109 259
110 80
110 262
110 309
110 328
111 319
111 340
112 311
113 59
114 1
115 123
116 47
116 157
117 277
118 155
118 228
118 298
119 294
120 148
120 227
121 314
122 108
122 186
123 72
123 115
123 143
124 206
125 296
126 39
127 206
128 15
129 10
129 41
129 153
130 189
131 153
131 307
132 70
132 198
132 199
133 108
133 312
134 68
135 101
136 88
136 211
137 216
138 192
138 303
138 342
139 259
140 12
141 245
142 252
143 123
144 249
145 341
146 182
147 260
147 294
148 120
149 47
149 53
150 7
150 23
150 302
151 104
152 0
152 84
152 207
152 296
153 129
153 131
154 164
154 337
155 118
156 269
157 116
157 218
158 47
159 65
159 249
159 263
160 89
160 102
160 322
161 106
161 273
162 11
162 67
162 75
162 217
162 310
162 334
163 319
164 154
164 317
165 0
165 195
166 241
167 0
167 264
168 105
169 60
169 210
169 315
170 193
171 180
171 299
171 347
172 0
172 185
172 243
172 323
173 241
173 313
174 79
174 285
174 338
175 12
175 214
175 283
175 317
176 101
177 179
177 181
177 269
178 312
179 177
179 300
180 0
180 171
180 194
180 220
181 177
181 291
181 342
182 146
182 283
183 59
183 102
184 56
184 96
184 297
185 172
185 329
186 122
186 339
187 82
188 288
188 346
189 61
189 90
189 130
190 44
190 93
191 101
191 275
192 138
193 170
193 216
194 180
195 74
195 165
196 228
196 301
197 64
198 132
198 271
199 132
199 272
200 294
201 317
202 238
202 240
203 232
203 273
204 212
204 296
205 52
206 95
206 124
206 127
206 258
207 55
207 152
207 335
208 7
208 230
209 250
210 169
210 234
211 74
211 136
212 204
212 223
213 48
213 306
214 175
215 242
215 311
216 0
216 62
216 137
216 193
216 275
217 162
217 326
218 157
218 261
218 336
219 68
220 73
220 82
220 180
221 71
221 250
222 331
223 212
224 264
224 330
225 92
225 244
225 320
226 68
227 85
227 120
227 228
227 231
228 118
228 196
228 227
228 229
229 228
230 208
231 227
231 282
232 11
232 203
233 246
234 210
235 293
236 95
236 266
237 341
238 83
238 202
239 265
239 277
239 279
240 0
240 202
241 166
241 173
241 248
242 215
243 172
244 18
244 66
244 96
244 225
245 141
245 267
246 233
246 302
246 325
247 343
248 104
248 241
249 144
249 159
250 5
250 209
250 221
251 35
251 45
252 0
252 142
253 46
254 16
254 86
254 284
254 311
254 321
255 273
256 94
257 50
257 304
257 333
258 206
258 316
259 0
259 109
259 139
260 69
260 147
261 218
262 110
263 34
263 159
264 24
264 167
264 224
265 0
265 239
266 236
267 34
267 245
268 6
268 51
268 100
269 46
269 156
269 177
270 12
271 198
272 199
273 29
273 99
273 161
273 203
273 255
274 337
275 191
275 216
276 291
277 81
277 117
277 239
278 345
279 90
279 239
279 324
280 104
281 35
282 60
282 231
283 175
283 182
284 254
285 174
285 314
286 33
287 20
288 0
288 63
288 188
288 322
289 331
290 22
290 47
291 181
291 276
292 313
293 0
293 23
293 45
293 87
293 235
293 327
294 79
294 119
294 147
294 200
295 0
295 343
296 125
296 152
296 204
297 184
298 118
299 171
300 179
301 196
302 150
302 246
303 138
303 311
304 20
304 257
305 56
305 306
306 213
306 305
306 318
307 131
307 323
307 331
308 13
309 24
309 110
310 162
311 112
311 215
311 254
311 303
312 0
312 133
312 178
313 0
313 173
313 292
314 19
314 121
314 285
315 169
316 44
316 258
317 164
317 175
317 201
317 339
318 64
318 306
319 111
319 163
320 225
321 254
322 160
322 288
323 172
323 307
324 279
325 246
326 217
327 293
328 27
328 110
329 185
330 224
331 38
331 222
331 289
331 307
332 0
332 43
333 6
333 257
334 162
335 207
336 0
336 218
337 2
337 154
337 274
338 174
339 186
339 317
340 72
340 111
340 347
341 104
341 145
341 237
342 138
342 181
343 247
343 295
344 22
345 28
345 64
345 278
346 188
346 348
347 13
347 171
347 340
348 346
349 26
349 50
