60.000000
250
0 23
0 34
0 71
0 82
0 86
0 103
0 112
0 123
0 125
0 127
0 165
0 200
0 227
0 233
0 234
0 249
1 61
1 88
1 125
2 135
3 116
3 161
3 194
4 135
5 213
6 249
7 19
7 167
8 138
8 244
9 28
9 198
10 175
10 225
11 113
11 124
11 126
11 225
12 89
13 234
13 235
14 40
14 114
15 111
16 69
16 104
16 181
16 239
17 109
18 39
19 7
19 184
19 246
20 81
20 206
21 44
22 146
23 0
23 117
23 230
24 93
24 203
24 207
25 123
26 96
27 222
28 9
28 77
29 90
30 86
30 144
30 156
31 144
32 110
33 110
34 0
34 126
34 245
35 110
36 75
37 144
38 224
39 18
39 234
40 14
40 203
41 111
41 143
42 217
43 99
43 231
44 21
44 137
45 55
45 107
46 182
46 189
46 190
47 103
47 210
48 224
48 239
49 92
49 160
50 77
50 179
51 180
51 199
52 169
52 221
53 68
53 187
54 137
54 158
55 45
56 66
56 86
56 244
57 78
58 62
58 241
59 82
60 157
60 205
61 1
61 178
62 58
62 84
62 143
62 191
63 230
64 98
65 79
65 204
66 56
67 73
67 136
67 145
68 53
68 137
69 16
69 74
69 115
69 222
70 106
70 160
71 0
71 172
72 162
73 67
73 123
74 69
75 36
75 134
76 129
77 28
77 50
77 90
78 57
78 94
78 151
79 65
80 183
81 20
81 207
82 0
82 59
82 166
82 218
83 230
84 62
84 210
85 86
86 0
86 30
86 56
86 85
87 105
87 117
88 1
89 12
89 219
90 29
90 77
90 214
91 159
91 189
92 49
92 155
92 208
92 242
93 24
94 78
95 228
96 26
96 183
97 194
98 64
98 149
98 217
99 43
100 158
100 204
101 195
102 143
103 0
103 47
104 16
104 176
104 212
105 87
106 70
106 131
107 45
107 246
108 150
108 215
109 17
109 168
109 227
110 32
110 33
110 35
110 173
110 190
110 202
111 15
111 41
111 161
112 0
113 11
113 183
113 213
114 14
115 69
116 3
116 135
117 23
117 87
117 152
117 209
118 236
119 121
119 216
119 229
120 205
121 119
122 136
122 203
123 0
123 25
123 73
123 151
124 11
125 0
125 1
125 198
126 11
126 34
126 232
127 0
127 236
128 162
128 228
128 235
129 76
129 248
130 176
130 238
131 106
132 137
133 141
134 75
134 153
134 170
134 180
134 236
135 2
135 4
135 116
136 67
136 122
136 221
137 44
137 54
137 68
137 132
138 8
139 205
140 166
141 133
141 209
142 152
143 41
143 62
143 102
144 30
144 31
144 37
144 226
145 67
146 22
146 153
147 189
147 249
148 188
149 98
150 108
150 158
151 78
151 123
152 117
152 142
152 201
153 134
153 146
154 235
155 92
155 157
156 30
157 60
157 155
158 54
158 100
158 150
158 171
158 177
159 91
160 49
160 70
161 3
161 111
162 72
162 128
163 247
164 233
165 0
165 171
166 82
166 140
167 7
168 109
169 52
170 134
170 188
171 158
171 165
172 71
173 110
174 218
175 10
176 104
176 130
176 220
176 227
177 158
178 61
179 50
180 51
180 134
180 248
181 16
182 46
182 192
183 80
183 96
183 113
184 19
185 213
186 231
186 244
187 53
188 148
188 170
188 216
189 46
189 91
189 147
190 46
190 110
190 243
191 62
192 182
192 223
193 217
193 235
194 3
194 97
195 101
195 228
196 235
197 236
198 9
198 125
199 51
200 0
200 246
201 152
202 110
203 24
203 40
203 122
204 65
204 100
205 60
205 120
205 139
205 246
206 20
207 24
207 81
208 92
208 211
209 117
209 141
210 47
210 84
211 208
212 104
213 5
213 113
213 185
214 90
215 108
216 119
216 188
216 219
217 42
217 98
217 193
218 82
218 174
219 89
219 216
220 176
221 52
221 136
222 27
222 69
223 192
223 240
224 38
224 48
225 10
225 11
226 144
227 0
227 109
227 176
228 95
228 128
228 195
229 119
230 23
230 63
230 83
231 43
231 186
232 126
233 0
233 164
234 0
234 13
234 39
234 247
235 13
235 128
235 154
235 193
235 196
236 118
236 127
236 134
236 197
236 237
237 236
238 130
239 16
239 48
240 223
241 58
242 92
243 190
244 8
244 56
244 186
245 34
246 19
246 107
246 200
246 205
247 163
247 234
248 129
248 180
249 0
249 6
249 147
