-330.000000
400
0 10
0 12
0 15
0 46
0 47
0 52
0 59
0 67
0 69
0 73
0 75
0 76
0 79
0 80
0 95
0 101
0 104
0 107
0 124
0 127
0 139
0 140
0 143
0 148
0 151
0 154
0 164
0 169
0 171
0 172
0 175
0 180
0 186
0 192
0 197
0 212
0 213
0 222
0 228
0 232
0 243
0 247
0 253
0 262
0 280
0 290
0 294
0 303
0 312
0 315
0 319
0 329
0 331
0 333
0 336
0 345
0 348
0 358
0 364
0 365
0 367
0 371
0 374
0 380
0 381
0 383
0 389
0 393
0 397
0 398
1 169
1 229
2 95
2 105
2 339
3 211
3 253
4 197
4 234
5 379
6 55
6 262
7 73
7 100
7 352
7 377
8 369
9 130
9 257
9 329
10 0
10 27
10 178
11 123
11 175
12 0
12 335
12 368
13 34
14 282
15 0
15 179
15 260
16 291
17 173
18 346
19 164
20 61
20 141
21 151
22 34
22 315
23 143
24 325
24 359
25 247
26 227
26 299
27 10
28 191
29 346
30 76
31 178
31 341
32 370
33 52
33 206
34 13
34 22
35 115
36 270
37 68
37 143
37 334
38 289
38 393
39 397
40 311
40 345
40 357
41 52
42 148
42 281
43 172
43 195
44 172
45 142
46 0
46 199
46 216
47 0
47 185
47 191
48 155
49 381
50 256
51 56
51 151
51 317
52 0
52 33
52 41
53 266
54 202
55 6
56 51
57 345
58 211
59 0
59 155
59 297
60 382
61 20
61 113
61 120
62 318
63 242
63 243
63 313
64 121
65 253
66 170
66 342
67 0
67 309
67 366
67 387
68 37
68 395
69 0
69 181
70 360
71 310
71 333
72 87
72 146
73 0
73 7
73 134
74 99
74 114
75 0
75 145
75 231
76 0
76 30
76 326
77 337
78 204
79 0
79 152
79 318
80 0
80 84
80 88
80 167
81 359
82 178
83 294
84 80
84 118
85 338
86 261
87 72
87 119
88 80
89 219
89 307
90 300
91 180
91 200
92 231
93 378
94 239
94 354
95 0
95 2
95 399
96 160
96 247
96 330
97 230
98 111
99 74
100 7
101 0
101 116
101 255
102 383
103 136
103 376
104 0
104 194
104 272
105 2
106 216
106 223
107 0
107 166
107 282
108 280
109 246
109 397
110 317
111 98
111 367
112 336
113 61
113 303
114 74
114 158
114 222
115 35
115 182
115 389
116 101
117 393
118 84
119 87
119 206
120 61
121 64
121 350
122 243
123 11
124 0
124 135
124 270
125 247
126 318
127 0
127 378
127 394
128 372
129 162
129 169
130 9
131 365
132 389
133 238
134 73
135 124
136 103
137 230
137 295
138 324
139 0
139 240
139 354
140 0
140 227
140 248
141 20
142 45
142 319
143 0
143 23
143 37
144 273
145 75
146 72
146 237
147 338
148 0
148 42
149 263
150 282
151 0
151 21
151 51
152 79
153 155
154 0
154 346
155 48
155 59
155 153
155 203
156 181
157 322
157 363
158 114
159 358
160 96
161 331
162 129
163 318
164 0
164 19
164 285
165 355
166 107
167 80
168 367
169 0
169 1
169 129
170 66
171 0
171 224
171 250
172 0
172 43
172 44
173 17
173 213
174 254
175 0
175 11
175 266
176 344
177 328
178 10
178 31
178 82
179 15
180 0
180 91
180 264
181 69
181 156
182 115
183 310
183 390
184 320
184 349
184 368
185 47
185 362
186 0
186 265
186 300
187 231
188 192
188 287
189 315
190 201
190 244
190 373
190 375
191 28
191 47
192 0
192 188
193 270
194 104
194 379
195 43
195 286
196 333
197 0
197 4
197 370
198 336
199 46
199 207
200 91
200 304
201 190
202 54
202 383
203 155
203 220
204 78
204 226
204 312
205 321
205 324
206 33
206 119
207 199
208 333
209 262
210 357
211 3
211 58
212 0
212 322
213 0
213 173
213 360
214 288
214 351
214 396
215 308
215 381
216 46
216 106
217 265
218 309
219 89
219 319
220 203
221 307
222 0
222 114
222 296
223 106
224 171
225 326
226 204
226 385
227 26
227 140
228 0
228 288
228 372
229 1
230 97
230 137
231 75
231 92
231 187
232 0
232 245
232 277
233 308
234 4
234 275
235 290
236 249
236 289
237 146
238 133
238 384
238 398
239 94
240 139
241 269
241 290
242 63
243 0
243 63
243 122
244 190
244 285
245 232
245 283
246 109
247 0
247 25
247 96
247 125
248 140
249 236
250 171
250 256
251 261
251 262
252 291
252 331
253 0
253 3
253 65
254 174
254 293
254 371
255 101
255 361
256 50
256 250
257 9
257 301
258 329
259 287
260 15
260 338
261 86
261 251
262 0
262 6
262 209
262 251
263 149
263 344
263 348
264 180
265 186
265 217
266 53
266 175
267 384
268 387
269 241
270 36
270 124
270 193
270 356
271 335
272 104
273 144
273 337
273 380
274 305
275 234
276 371
277 232
278 381
279 361
280 0
280 108
280 392
281 42
282 14
282 107
282 150
282 391
283 245
283 388
284 380
284 382
285 164
285 244
286 195
287 188
287 259
287 323
288 214
288 228
289 38
289 236
290 0
290 235
290 241
291 16
291 252
292 342
293 254
294 0
294 83
294 359
295 137
295 365
296 222
297 59
297 298
298 297
299 26
300 90
300 186
301 257
302 332
302 369
303 0
303 113
303 386
304 200
305 274
305 360
306 317
307 89
307 221
308 215
308 233
309 67
309 218
310 71
310 183
311 40
312 0
312 204
313 63
314 324
314 397
315 0
315 22
315 189
316 348
317 51
317 110
317 306
318 62
318 79
318 126
318 163
319 0
319 142
319 219
320 184
321 205
322 157
322 212
323 287
324 138
324 205
324 314
325 24
326 76
326 225
327 354
328 177
328 336
329 0
329 9
329 258
330 96
331 0
331 161
331 252
332 302
333 0
333 71
333 196
333 208
334 37
335 12
335 271
336 0
336 112
336 198
336 328
337 77
337 273
338 85
338 147
338 260
339 2
340 363
341 31
342 66
342 292
342 358
343 350
343 374
344 176
344 263
345 0
345 40
345 57
346 18
346 29
346 154
346 347
347 346
348 0
348 263
348 316
349 184
350 121
350 343
351 214
352 7
353 354
354 94
354 139
354 327
354 353
355 165
355 364
356 270
357 40
357 210
358 0
358 159
358 342
359 24
359 81
359 294
360 70
360 213
360 305
361 255
361 279
362 185
363 157
363 340
364 0
364 355
364 369
365 0
365 131
365 295
366 67
367 0
367 111
367 168
368 12
368 184
369 8
369 302
369 364
370 32
370 197
371 0
371 254
371 276
372 128
372 228
373 190
374 0
374 343
375 190
376 103
376 392
377 7
378 93
378 127
379 5
379 194
380 0
380 273
380 284
381 0
381 49
381 215
381 278
382 60
382 284
383 0
383 102
383 202
384 238
384 267
385 226
386 303
387 67
387 268
388 283
389 0
389 115
389 132
390 183
391 282
392 280
392 376
393 0
393 38
393 117
394 127
395 68
396 214
397 0
397 39
397 109
397 314
398 0
398 238
399 95
