933.000000
100
0 11
0 17
0 20
0 27
0 40
0 41
0 68
0 73
0 98
1 19
2 3
3 2
3 18
3 25
3 71
4 51
5 50
5 74
6 50
7 20
7 82
8 9
8 57
9 8
9 50
9 63
9 81
10 44
11 0
11 15
11 16
11 26
11 39
12 31
12 33
13 91
14 20
15 11
16 11
16 29
17 0
17 79
18 3
18 35
19 1
19 40
20 0
20 7
20 14
20 45
20 76
21 37
21 45
22 89
23 51
24 44
24 91
25 3
26 11
26 53
27 0
27 81
28 34
28 45
29 16
30 52
31 12
32 53
33 12
33 81
34 28
35 18
35 64
35 88
36 91
37 21
38 52
38 79
39 11
39 43
40 0
40 19
40 87
41 0
41 67
42 47
42 61
42 83
42 90
43 39
43 48
43 59
43 72
43 95
44 10
44 24
45 20
45 21
45 28
45 46
45 66
46 45
47 42
47 86
48 43
48 51
49 65
50 5
50 6
50 9
50 85
51 4
51 23
51 48
51 75
51 92
52 30
52 38
52 62
52 78
53 26
53 32
54 65
55 67
56 85
57 8
58 83
59 43
59 99
60 81
60 89
61 42
61 79
62 52
63 9
64 35
65 49
65 54
65 82
66 45
66 93
67 41
67 55
67 96
68 0
69 79
70 72
71 3
71 79
71 91
72 43
72 70
73 0
74 5
75 51
76 20
77 80
77 98
78 52
79 17
79 38
79 61
79 69
79 71
79 94
80 77
81 9
81 27
81 33
81 60
82 7
82 65
82 84
83 42
83 58
84 82
84 97
85 50
85 56
86 47
87 40
88 35
89 22
89 60
90 42
91 13
91 24
91 36
91 71
92 51
93 66
94 79
95 43
96 67
97 84
98 0
98 77
99 59
