-305.000000
500
0 5
0 32
0 37
0 38
0 40
0 44
0 72
0 78
0 94
0 96
0 100
0 103
0 106
0 110
0 116
0 117
0 121
0 126
0 142
0 153
0 156
0 171
0 172
0 175
0 176
0 193
0 200
0 209
0 217
0 223
0 224
0 226
0 233
0 239
0 253
0 262
0 280
0 281
0 282
0 283
0 304
0 310
0 316
0 324
0 330
0 332
0 335
0 338
0 341
0 343
0 353
0 356
0 361
0 362
0 363
0 369
0 386
0 404
0 413
0 427
0 434
0 438
0 439
0 445
0 449
0 450
0 453
0 457
0 460
0 463
0 472
0 483
0 488
0 493
1 207
1 444
2 14
2 321
3 159
4 260
5 0
5 234
6 329
7 426
8 412
9 437
10 160
10 292
10 390
11 152
12 296
12 353
13 177
14 2
14 476
15 386
16 126
17 44
18 69
19 244
20 176
20 273
21 353
21 394
21 436
22 382
23 136
24 115
24 123
24 151
25 185
26 186
27 74
28 121
28 219
29 46
29 90
29 205
30 85
30 95
30 385
31 67
32 0
32 48
33 435
34 218
34 383
35 418
35 431
35 432
36 339
37 0
37 66
38 0
39 183
40 0
40 446
40 494
41 106
41 177
42 262
43 280
44 0
44 17
45 439
46 29
46 457
47 100
47 201
47 466
48 32
49 355
50 297
50 403
51 56
51 85
51 408
52 167
53 240
54 62
54 324
55 106
56 51
56 284
57 300
57 349
58 240
58 328
59 61
60 116
61 59
61 99
62 54
62 287
63 324
63 426
64 352
65 142
66 37
66 357
66 364
67 31
67 282
68 124
68 322
68 438
69 18
69 130
69 290
69 394
69 447
70 180
70 321
70 404
71 270
72 0
72 187
73 283
74 27
74 86
75 214
75 282
76 101
77 96
78 0
78 108
78 136
78 354
79 368
80 209
81 239
81 319
82 482
83 262
84 139
84 472
85 30
85 51
86 74
86 330
87 369
87 478
88 177
89 310
90 29
90 160
91 103
92 105
92 483
93 401
94 0
94 410
94 414
95 30
95 141
96 0
96 77
96 188
97 343
98 149
98 456
99 61
99 304
100 0
100 47
100 455
101 76
101 389
102 347
102 456
103 0
103 91
103 258
104 287
105 92
106 0
106 41
106 55
106 337
106 384
107 325
108 78
108 215
109 132
109 173
110 0
110 194
110 401
111 127
111 161
111 384
112 227
113 428
114 236
115 24
116 0
116 60
117 0
118 208
118 486
119 472
120 160
120 249
121 0
121 28
122 379
122 467
123 24
124 68
125 397
126 0
126 16
127 111
127 358
127 422
127 491
128 438
128 485
129 181
129 310
130 69
131 356
132 109
133 234
134 488
135 391
136 23
136 78
137 177
138 312
139 84
139 340
139 395
140 174
140 334
141 95
141 469
142 0
142 65
142 452
143 174
144 359
145 313
145 438
146 384
146 420
147 283
148 448
149 98
150 388
151 24
151 356
152 11
152 437
153 0
153 162
153 256
154 233
155 217
155 303
155 312
156 0
156 189
156 260
157 272
158 174
159 3
159 430
160 10
160 90
160 120
161 111
162 153
163 231
163 409
164 388
165 193
165 458
166 224
166 236
167 52
167 247
167 436
168 378
168 434
169 363
170 460
171 0
171 305
172 0
172 267
172 269
172 327
173 109
173 197
173 216
174 140
174 143
174 158
174 374
175 0
175 498
176 0
176 20
176 396
177 13
177 41
177 88
177 137
177 279
178 310
179 196
180 70
180 489
181 129
181 331
182 330
183 39
183 262
183 381
184 252
185 25
185 383
185 398
186 26
186 343
186 387
187 72
187 261
188 96
188 391
188 419
189 156
190 327
191 422
191 471
192 411
193 0
193 165
193 403
194 110
195 239
195 393
196 179
196 440
197 173
198 412
199 262
200 0
200 334
201 47
202 297
203 243
204 287
205 29
205 259
206 253
207 1
207 315
208 118
209 0
209 80
209 284
210 295
211 428
212 345
213 298
213 307
214 75
214 441
215 108
215 496
216 173
216 226
217 0
217 155
218 34
219 28
219 373
220 371
220 386
220 416
221 283
221 339
222 432
223 0
223 263
224 0
224 166
225 248
225 338
226 0
226 216
226 454
227 112
227 318
228 248
229 484
230 350
230 437
231 163
232 306
232 375
233 0
233 154
233 306
234 5
234 133
235 465
236 114
236 166
236 302
237 270
237 370
238 353
239 0
239 81
239 195
240 53
240 58
240 272
241 380
241 395
242 438
243 203
243 363
244 19
244 465
245 316
246 394
247 167
248 225
248 228
249 120
250 499
251 260
252 184
252 308
252 320
253 0
253 206
253 352
254 457
255 461
256 153
256 429
257 259
258 103
258 461
259 205
259 257
259 275
260 4
260 156
260 251
261 187
262 0
262 42
262 83
262 183
262 199
263 223
263 349
264 353
265 449
266 498
267 172
267 329
268 281
268 412
269 172
270 71
270 237
270 341
270 443
271 277
272 157
272 240
272 426
273 20
273 278
273 484
274 428
274 464
275 259
275 372
276 458
277 271
277 285
278 273
279 177
280 0
280 43
280 499
281 0
281 268
282 0
282 67
282 75
283 0
283 73
283 147
283 221
283 382
283 392
284 56
284 209
285 277
285 450
286 461
287 62
287 104
287 204
287 474
288 432
289 405
290 69
291 338
292 10
293 486
294 310
295 210
295 404
296 12
297 50
297 202
297 323
298 213
298 332
299 454
300 57
301 445
302 236
303 155
303 348
304 0
304 99
304 442
305 171
305 355
306 232
306 233
307 213
308 252
308 413
308 473
309 352
310 0
310 89
310 129
310 178
310 294
311 385
312 138
312 155
312 376
313 145
314 409
314 438
315 207
316 0
316 245
316 345
317 450
318 227
318 345
319 81
320 252
321 2
321 70
322 68
323 297
324 0
324 54
324 63
324 432
325 107
325 370
326 472
327 172
327 190
328 58
329 6
329 267
330 0
330 86
330 182
331 181
332 0
332 298
332 377
332 435
333 438
334 140
334 200
334 421
335 0
335 415
335 430
336 440
337 106
338 0
338 225
338 291
339 36
339 221
339 479
340 139
341 0
341 270
341 406
342 392
342 402
343 0
343 97
343 186
344 494
345 212
345 316
345 318
345 497
346 437
347 102
347 488
348 303
349 57
349 263
350 230
351 396
352 64
352 253
352 309
352 417
352 481
353 0
353 12
353 21
353 238
353 264
354 78
355 49
355 305
356 0
356 131
356 151
357 66
358 127
359 144
359 449
360 446
361 0
361 444
362 0
363 0
363 169
363 243
363 411
364 66
365 386
366 453
367 468
368 79
368 470
369 0
369 87
369 383
370 237
370 325
371 220
372 275
373 219
374 174
375 232
376 312
377 332
378 168
379 122
379 460
380 241
381 183
382 22
382 283
383 34
383 185
383 369
384 106
384 111
384 146
385 30
385 311
386 0
386 15
386 220
386 365
387 186
387 459
388 150
388 164
388 462
389 101
389 440
389 493
390 10
391 135
391 188
392 283
392 342
393 195
394 21
394 69
394 246
395 139
395 241
396 176
396 351
397 125
397 469
398 185
399 436
400 425
400 466
400 477
401 93
401 110
401 475
402 342
403 50
403 193
404 0
404 70
404 295
405 289
405 453
406 341
407 429
408 51
408 487
409 163
409 314
410 94
411 192
411 363
412 8
412 198
412 268
413 0
413 308
414 94
415 335
416 220
417 352
418 35
419 188
420 146
421 334
422 127
422 191
423 470
424 498
425 400
426 7
426 63
426 272
427 0
428 113
428 211
428 274
428 475
429 256
429 407
430 159
430 335
431 35
432 35
432 222
432 288
432 324
432 465
433 491
434 0
434 168
435 33
435 332
435 486
436 21
436 167
436 399
437 9
437 152
437 230
437 346
437 493
438 0
438 68
438 128
438 145
438 242
438 314
438 333
439 0
439 45
440 196
440 336
440 389
441 214
442 304
443 270
444 1
444 361
444 448
445 0
445 301
446 40
446 360
447 69
448 148
448 444
449 0
449 265
449 359
449 495
450 0
450 285
450 317
451 483
452 142
452 468
453 0
453 366
453 405
454 226
454 299
455 100
455 482
456 98
456 102
457 0
457 46
457 254
458 165
458 276
459 387
460 0
460 170
460 379
461 255
461 258
461 286
462 388
462 463
463 0
463 462
463 490
464 274
465 235
465 244
465 432
466 47
466 400
467 122
468 367
468 452
469 141
469 397
470 368
470 423
470 498
471 191
472 0
472 84
472 119
472 326
472 480
473 308
474 287
475 401
475 428
476 14
477 400
478 87
479 339
480 472
481 352
482 82
482 455
483 0
483 92
483 451
484 229
484 273
484 492
485 128
486 118
486 293
486 435
487 408
488 0
488 134
488 347
489 180
490 463
491 127
491 433
492 484
493 0
493 389
493 437
494 40
494 344
495 449
496 215
497 345
498 175
498 266
498 424
498 470
499 250
499 280
