77.000000
400
0 11
0 20
0 41
0 59
0 70
0 107
0 108
0 111
0 116
0 138
0 145
0 149
0 200
0 244
0 270
0 315
0 316
0 362
1 60
1 155
2 81
2 96
2 186
2 320
3 61
4 73
4 197
5 177
5 193
6 244
6 386
7 261
8 200
8 370
9 64
10 124
10 268
11 0
11 129
11 278
11 317
11 333
11 350
12 276
12 361
13 314
14 175
14 321
14 360
15 82
15 118
15 220
15 277
16 101
17 365
18 60
18 106
19 233
19 244
20 0
20 29
20 69
21 113
22 84
22 286
22 393
23 208
24 153
24 243
24 350
25 244
25 253
26 35
27 149
27 275
28 39
29 20
29 112
29 120
29 216
29 343
30 304
30 380
31 219
32 115
32 340
33 153
34 148
34 181
35 26
35 117
35 262
36 243
37 224
37 338
38 256
39 28
39 138
39 235
39 359
40 201
40 246
41 0
41 299
42 118
43 164
44 335
45 110
45 131
45 209
45 267
46 232
47 221
48 202
48 337
49 341
50 79
50 231
50 254
51 311
52 239
52 303
53 183
54 399
55 86
55 393
56 106
56 108
56 146
57 242
58 85
58 214
59 0
59 269
60 1
60 18
60 175
61 3
61 235
61 328
62 172
62 259
62 343
63 300
64 9
64 138
65 126
65 228
66 180
66 219
67 163
67 220
67 302
67 329
68 263
69 20
69 250
69 289
70 0
70 263
70 265
71 87
72 201
73 4
74 81
75 195
75 236
75 364
76 338
77 279
77 322
78 91
78 116
78 134
78 310
78 334
78 356
79 50
79 299
80 390
81 2
81 74
82 15
83 191
84 22
85 58
86 55
86 316
87 71
87 98
87 141
87 341
88 145
88 392
89 219
90 105
90 173
91 78
91 208
92 281
92 390
93 177
93 303
93 327
93 368
93 369
94 133
95 204
96 2
97 311
98 87
98 351
99 147
99 273
99 322
100 178
100 344
101 16
101 214
101 346
102 298
102 362
103 224
104 156
105 90
105 207
105 256
106 18
106 56
106 194
107 0
107 185
107 190
107 397
108 0
108 56
109 276
110 45
111 0
111 174
111 211
111 258
112 29
112 355
113 21
113 286
114 246
115 32
116 0
116 78
117 35
118 15
118 42
118 261
119 239
119 255
119 283
120 29
121 150
121 295
121 301
121 363
121 381
122 155
123 215
123 281
124 10
125 147
125 153
126 65
126 345
126 375
127 210
127 211
127 332
128 331
129 11
129 213
130 157
131 45
132 230
133 94
133 381
134 78
134 377
134 396
135 294
136 148
136 197
137 165
137 218
138 0
138 39
138 64
139 246
139 372
140 244
141 87
142 204
142 361
143 174
143 186
143 218
144 167
144 209
145 0
145 88
145 274
145 326
145 342
145 349
146 56
147 99
147 125
148 34
148 136
148 306
149 0
149 27
149 372
150 121
151 274
152 198
153 24
153 33
153 125
154 291
155 1
155 122
156 104
156 354
157 130
157 182
157 218
158 184
159 349
160 323
160 375
161 197
162 276
163 67
164 43
164 183
164 362
165 137
166 191
166 226
167 144
168 252
168 368
169 272
169 290
169 310
170 216
171 346
171 352
171 373
172 62
172 178
173 90
173 188
173 214
174 111
174 143
174 232
174 324
175 14
175 60
176 219
177 5
177 93
178 100
178 172
179 294
180 66
180 203
180 318
180 327
181 34
182 157
183 53
183 164
183 325
184 158
184 237
184 245
184 251
185 107
186 2
186 143
187 302
188 173
188 285
189 246
189 387
190 107
190 223
190 293
190 330
191 83
191 166
192 198
192 225
193 5
193 269
194 106
195 75
196 317
197 4
197 136
197 161
197 212
197 275
198 152
198 192
199 224
200 0
200 8
201 40
201 72
202 48
202 222
203 180
204 95
204 142
204 230
204 288
204 298
205 235
206 325
207 105
208 23
208 91
209 45
209 144
209 264
209 280
210 127
211 111
211 127
212 197
213 129
213 227
214 58
214 101
214 173
215 123
216 29
216 170
216 331
217 380
218 137
218 143
218 157
219 31
219 66
219 89
219 176
220 15
220 67
220 221
221 47
221 220
221 314
222 202
222 345
223 190
223 311
224 37
224 103
224 199
225 192
225 364
226 166
226 343
227 213
227 351
227 367
228 65
228 309
229 276
230 132
230 204
231 50
231 308
232 46
232 174
233 19
233 284
234 331
235 39
235 61
235 205
235 249
236 75
236 240
237 184
238 387
239 52
239 119
240 236
240 347
241 347
242 57
242 356
243 24
243 36
243 358
243 391
244 0
244 6
244 19
244 25
244 140
244 373
245 184
245 284
245 398
246 40
246 114
246 139
246 189
246 296
246 399
247 383
248 264
249 235
249 340
250 69
251 184
252 168
253 25
254 50
255 119
256 38
256 105
256 389
257 366
258 111
258 354
259 62
260 373
261 7
261 118
262 35
262 331
263 68
263 70
263 305
264 209
264 248
264 380
265 70
266 338
267 45
267 366
268 10
268 287
268 288
269 59
269 193
270 0
270 385
271 293
272 169
272 338
273 99
274 145
274 151
274 357
275 27
275 197
275 376
276 12
276 109
276 162
276 229
276 282
276 379
277 15
278 11
279 77
280 209
281 92
281 123
281 349
282 276
283 119
284 233
284 245
284 292
285 188
286 22
286 113
287 268
287 313
288 204
288 268
289 69
290 169
291 154
291 385
292 284
292 319
293 190
293 271
294 135
294 179
294 329
295 121
296 246
297 312
298 102
298 204
299 41
299 79
300 63
300 301
300 394
301 121
301 300
301 342
302 67
302 187
303 52
303 93
304 30
304 353
305 263
306 148
307 366
308 231
309 228
310 78
310 169
311 51
311 97
311 223
312 297
312 360
313 287
314 13
314 221
315 0
316 0
316 86
316 366
317 11
317 196
318 180
319 292
320 2
321 14
322 77
322 99
323 160
323 330
324 174
325 183
325 206
326 145
327 93
327 180
328 61
329 67
329 294
329 385
330 190
330 323
331 128
331 216
331 234
331 262
331 365
332 127
333 11
334 78
335 44
335 361
336 376
336 395
337 48
338 37
338 76
338 266
338 272
338 371
338 382
339 347
339 360
340 32
340 249
341 49
341 87
342 145
342 301
343 29
343 62
343 226
344 100
344 348
344 374
344 378
345 126
345 222
346 101
346 171
347 240
347 241
347 339
348 344
349 145
349 159
349 281
350 11
350 24
351 98
351 227
352 171
353 304
354 156
354 258
355 112
356 78
356 242
357 274
358 243
359 39
360 14
360 312
360 339
361 12
361 142
361 335
362 0
362 102
362 164
363 121
364 75
364 225
365 17
365 331
366 257
366 267
366 307
366 316
366 383
367 227
368 93
368 168
369 93
370 8
371 338
372 139
372 149
373 171
373 244
373 260
374 344
375 126
375 160
376 275
376 336
377 134
378 344
379 276
380 30
380 217
380 264
380 384
381 121
381 133
382 338
383 247
383 366
384 380
385 270
385 291
385 329
386 6
387 189
387 238
388 398
389 256
390 80
390 92
391 243
392 88
393 22
393 55
394 300
395 336
396 134
397 107
398 245
398 388
399 54
399 246
