3588.000000
300
0 5
0 13
0 19
0 29
0 30
0 38
0 42
0 60
0 120
0 124
0 133
0 134
0 138
0 176
0 251
0 253
0 269
0 297
1 10
1 41
1 56
1 122
2 153
3 206
4 139
5 0
5 170
6 216
7 256
7 281
8 31
8 154
8 256
9 65
10 1
10 23
11 218
12 84
13 0
13 221
14 122
15 52
15 211
16 76
17 50
18 103
19 0
19 218
19 266
20 223
21 119
21 259
22 51
22 258
23 10
24 48
25 31
26 136
26 142
27 255
28 112
28 151
29 0
29 70
29 232
29 263
29 285
30 0
30 101
30 140
30 162
31 8
31 25
31 199
32 166
32 289
33 266
34 135
34 297
35 239
35 278
36 288
37 62
37 204
38 0
38 45
38 119
39 192
40 82
40 138
41 1
41 48
42 0
43 75
44 280
45 38
46 70
46 279
47 114
48 24
48 41
48 87
49 255
50 17
50 152
51 22
51 234
51 296
51 297
52 15
52 60
52 177
52 224
52 267
53 86
53 185
54 59
54 129
54 244
55 90
55 116
56 1
56 69
56 70
57 186
57 209
57 287
58 274
59 54
59 106
59 127
59 198
59 214
60 0
60 52
60 233
61 156
62 37
62 200
62 296
63 217
64 123
64 206
64 212
64 226
65 9
65 191
65 260
66 128
66 169
67 127
68 241
69 56
70 29
70 46
70 56
70 160
70 185
70 291
71 82
71 165
72 213
73 102
74 76
74 184
75 43
75 84
76 16
76 74
77 220
77 248
77 297
78 278
79 108
79 266
80 170
81 113
81 188
81 262
82 40
82 71
82 215
83 224
84 12
84 75
84 284
85 119
85 247
85 298
86 53
87 48
88 189
88 238
89 209
90 55
91 251
91 292
92 232
93 262
94 182
94 210
95 145
95 159
96 187
96 207
96 250
96 277
97 250
98 235
99 102
99 203
99 224
99 226
100 229
101 30
101 245
102 73
102 99
103 18
103 267
104 210
104 269
105 161
106 59
106 107
107 106
107 149
108 79
108 230
109 249
109 267
110 224
111 125
111 192
112 28
112 195
113 81
114 47
114 143
115 182
116 55
116 129
116 295
117 176
118 179
118 251
119 21
119 38
119 85
120 0
120 149
120 260
120 261
121 171
121 275
122 1
122 14
122 219
122 229
123 64
124 0
125 111
125 246
125 276
126 162
126 193
127 59
127 67
128 66
129 54
129 116
130 186
130 223
131 213
131 232
132 150
132 184
133 0
133 208
134 0
134 136
135 34
135 152
136 26
136 134
137 214
138 0
138 40
139 4
139 140
140 30
140 139
141 253
142 26
143 114
143 274
144 263
145 95
146 232
147 291
148 181
148 222
149 107
149 120
149 240
150 132
150 202
150 293
151 28
151 168
152 50
152 135
152 223
153 2
153 206
153 254
154 8
155 280
156 61
156 168
157 224
157 265
158 231
158 235
158 257
159 95
159 184
159 185
160 70
160 164
161 105
161 205
161 246
161 290
162 30
162 126
162 167
163 236
164 160
164 171
165 71
166 32
167 162
168 151
168 156
168 175
169 66
169 183
170 5
170 80
171 121
171 164
171 175
172 219
172 228
173 222
174 184
175 168
175 171
176 0
176 117
177 52
177 190
178 229
179 118
179 268
180 280
180 289
181 148
182 94
182 115
183 169
183 210
184 74
184 132
184 159
184 174
184 273
185 53
185 70
185 159
186 57
186 130
187 96
188 81
188 243
189 88
189 285
190 177
191 65
192 39
192 111
193 126
194 291
195 112
195 227
196 216
196 218
197 292
198 59
199 31
200 62
201 283
202 150
203 99
204 37
205 161
206 3
206 64
206 153
206 236
207 96
208 133
209 57
209 89
209 252
210 94
210 104
210 183
211 15
212 64
213 72
213 131
214 59
214 137
215 82
216 6
216 196
217 63
217 291
218 11
218 19
218 196
219 122
219 172
220 77
220 235
220 237
221 13
222 148
222 173
222 266
223 20
223 130
223 152
224 52
224 83
224 99
224 110
224 157
225 236
226 64
226 99
226 294
227 195
228 172
229 100
229 122
229 178
229 283
230 108
231 158
231 241
232 29
232 92
232 131
232 146
233 60
234 51
235 98
235 158
235 220
236 163
236 206
236 225
237 220
238 88
239 35
240 149
241 68
241 231
241 272
241 284
242 285
243 188
244 54
245 101
246 125
246 161
247 85
247 255
248 77
249 109
249 256
250 96
250 97
250 255
251 0
251 91
251 118
251 270
251 276
252 209
253 0
253 141
254 153
255 27
255 49
255 247
255 250
256 7
256 8
256 249
256 262
257 158
257 280
258 22
258 271
259 21
260 65
260 120
261 120
262 81
262 93
262 256
263 29
263 144
263 288
264 276
264 278
265 157
266 19
266 33
266 79
266 222
267 52
267 103
267 109
268 179
269 0
269 104
270 251
271 258
272 241
273 184
273 299
274 58
274 143
274 297
275 121
276 125
276 251
276 264
277 96
277 286
278 35
278 78
278 264
279 46
280 44
280 155
280 180
280 257
281 7
281 282
282 281
283 201
283 229
284 84
284 241
285 29
285 189
285 242
286 277
287 57
288 36
288 263
289 32
289 180
290 161
291 70
291 147
291 194
291 217
292 91
292 197
293 150
294 226
295 116
296 51
296 62
297 0
297 34
297 51
297 77
297 274
298 85
299 273
