59.000000
100
0 17
0 26
0 45
0 55
0 65
0 90
0 91
1 15
1 24
2 54
3 27
3 95
4 23
4 52
4 80
5 40
6 77
7 43
7 61
8 24
8 67
9 27
9 37
9 70
10 35
11 35
12 56
13 20
14 40
15 1
16 47
16 58
16 68
16 74
17 0
18 64
18 65
18 73
18 81
19 70
20 13
20 55
20 61
20 88
20 93
21 35
22 39
22 49
22 66
22 92
22 99
23 4
23 40
23 71
24 1
24 8
24 34
25 57
25 80
26 0
26 50
27 3
27 9
28 34
28 97
29 34
29 72
29 98
30 77
31 57
32 42
33 59
34 24
34 28
34 29
34 90
35 10
35 11
35 21
35 65
36 70
36 76
37 9
37 53
38 54
38 73
39 22
39 42
39 56
40 5
40 14
40 23
40 87
41 50
42 32
42 39
43 7
44 75
45 0
46 50
47 16
48 59
49 22
50 26
50 41
50 46
50 52
51 58
52 4
52 50
53 37
53 86
54 2
54 38
54 69
54 84
55 0
55 20
55 95
56 12
56 39
56 87
57 25
57 31
57 75
58 16
58 51
59 33
59 48
59 64
59 96
60 81
61 7
61 20
62 72
63 70
64 18
64 59
64 89
65 0
65 18
65 35
66 22
67 8
67 94
68 16
69 54
69 82
70 9
70 19
70 36
70 63
71 23
72 29
72 62
73 18
73 38
74 16
74 78
75 44
75 57
76 36
77 6
77 30
77 96
78 74
78 97
79 95
80 4
80 25
81 18
81 60
82 69
83 93
84 54
85 88
86 53
87 40
87 56
88 20
88 85
89 64
90 0
90 34
91 0
92 22
93 20
93 83
94 67
95 3
95 55
95 79
96 59
96 77
97 28
97 78
98 29
99 22
