47.000000
150
0 1
0 7
0 12
0 14
0 34
0 37
0 53
0 56
0 100
0 111
0 116
0 119
0 121
0 122
0 125
0 127
0 134
1 0
1 90
1 97
1 101
2 20
2 32
2 35
2 44
3 86
3 123
4 7
4 144
5 29
6 56
7 0
7 4
8 28
9 85
9 137
10 11
10 54
10 61
10 98
11 10
11 18
11 91
11 115
12 0
12 146
12 149
13 89
13 92
13 133
13 135
14 0
14 46
15 134
16 60
16 73
16 131
17 40
17 59
18 11
18 50
19 139
20 2
21 81
21 99
21 112
22 84
22 91
22 146
23 144
24 112
25 96
25 103
25 129
26 49
27 49
27 140
28 8
28 29
29 5
29 28
29 42
29 58
29 122
30 57
30 63
30 147
31 44
32 2
32 140
33 144
34 0
35 2
36 107
37 0
37 93
38 107
39 45
40 17
41 80
41 107
42 29
43 65
44 2
44 31
45 39
45 106
45 119
46 14
47 143
48 70
48 124
49 26
49 27
49 72
49 79
49 138
50 18
51 66
52 87
52 103
53 0
54 10
55 104
56 0
56 6
57 30
57 76
58 29
58 82
59 17
59 71
59 109
60 16
60 94
61 10
62 84
63 30
64 120
65 43
65 116
66 51
66 107
67 122
68 133
69 127
70 48
70 148
71 59
71 141
72 49
72 130
73 16
73 101
73 128
74 103
75 107
76 57
77 107
78 125
78 137
79 49
80 41
81 21
82 58
82 83
82 139
83 82
83 108
84 22
84 62
85 9
86 3
86 130
87 52
87 121
88 138
89 13
90 1
90 145
91 11
91 22
92 13
92 132
92 144
93 37
93 130
94 60
95 135
96 25
97 1
98 10
99 21
100 0
100 105
101 1
101 73
102 134
103 25
103 52
103 74
104 55
104 110
104 117
105 100
106 45
106 109
107 36
107 38
107 41
107 66
107 75
107 77
107 129
107 136
108 83
109 59
109 106
110 104
110 114
111 0
111 112
112 21
112 24
112 111
112 148
113 144
114 110
114 143
115 11
116 0
116 65
117 104
118 143
119 0
119 45
120 64
120 147
121 0
121 87
122 0
122 29
122 67
123 3
124 48
125 0
125 78
126 137
127 0
127 69
128 73
129 25
129 107
130 72
130 86
130 93
131 16
132 92
133 13
133 68
133 147
134 0
134 15
134 102
135 13
135 95
136 107
137 9
137 78
137 126
137 143
138 49
138 88
139 19
139 82
140 27
140 32
141 71
142 147
143 47
143 114
143 118
143 137
144 4
144 23
144 33
144 92
144 113
145 90
146 12
146 22
147 30
147 120
147 133
147 142
148 70
148 112
149 12
