1374.000000
150
0 22
0 32
0 34
0 43
0 50
0 55
0 56
0 64
0 83
0 97
0 100
0 119
0 126
0 129
0 130
0 131
0 133
0 142
0 144
0 147
1 55
1 78
1 118
2 99
3 29
4 57
4 89
5 149
6 12
6 18
6 39
6 53
6 60
6 64
6 124
7 41
7 89
8 108
9 89
10 54
10 101
11 49
11 91
11 94
11 134
12 6
13 16
13 27
14 36
15 92
16 13
16 81
17 110
18 6
18 33
18 88
18 92
19 30
20 105
20 134
21 90
22 0
22 44
23 110
23 135
24 148
25 79
25 144
25 145
26 126
27 13
28 67
28 131
29 3
29 80
30 19
30 126
31 127
32 0
32 107
33 18
33 63
34 0
34 57
34 71
35 86
36 14
36 80
36 86
36 140
36 146
37 40
38 126
39 6
40 37
40 56
41 7
41 104
42 69
42 80
43 0
43 70
43 82
43 93
44 22
45 127
46 70
47 60
48 108
48 114
48 131
49 11
50 0
50 62
51 85
51 143
52 75
52 125
52 142
53 6
53 90
53 136
54 10
54 63
54 77
55 0
55 1
55 81
55 149
56 0
56 40
56 103
57 4
57 34
58 72
58 112
59 108
60 6
60 47
61 81
62 50
62 72
62 96
63 33
63 54
64 0
64 6
65 110
66 80
66 126
67 28
68 102
69 42
70 43
70 46
70 106
70 111
71 34
72 58
72 62
73 145
74 89
75 52
76 124
77 54
78 1
79 25
80 29
80 36
80 42
80 66
80 148
81 16
81 55
81 61
81 141
82 43
82 127
83 0
84 128
85 51
85 105
85 142
86 35
86 36
87 92
88 18
89 4
89 7
89 9
89 74
89 115
90 21
90 53
90 102
91 11
92 15
92 18
92 87
93 43
94 11
95 99
95 145
96 62
97 0
97 98
98 97
99 2
99 95
100 0
101 10
102 68
102 90
102 117
103 56
104 41
105 20
105 85
105 109
106 70
107 32
108 8
108 48
108 59
108 135
108 137
108 139
109 105
110 17
110 23
110 65
110 113
110 138
111 70
112 58
113 110
114 48
115 89
116 120
117 102
118 1
119 0
120 116
120 130
121 132
122 127
123 145
124 6
124 76
125 52
126 0
126 26
126 30
126 38
126 66
127 31
127 45
127 82
127 122
128 84
128 131
129 0
130 0
130 120
131 0
131 28
131 48
131 128
132 121
132 142
133 0
134 11
134 20
135 23
135 108
136 53
137 108
138 110
139 108
140 36
141 81
142 0
142 52
142 85
142 132
143 51
144 0
144 25
145 25
145 73
145 95
145 123
146 36
147 0
148 24
148 80
149 5
149 55
