64.000000
200
0 7
0 30
0 35
0 96
0 113
0 129
0 131
0 137
0 187
1 67
2 153
2 178
3 21
3 67
3 107
4 28
4 187
5 28
5 169
6 172
7 0
7 26
8 9
8 25
8 40
8 193
9 8
10 58
10 134
10 167
11 137
12 71
13 180
13 182
14 15
14 65
15 14
16 27
17 57
17 188
18 21
18 61
18 119
19 68
19 143
20 51
21 3
21 18
21 101
21 166
22 37
22 80
22 97
23 146
24 111
24 118
25 8
25 84
26 7
26 170
27 16
27 160
28 4
28 5
29 92
29 121
29 156
30 0
30 112
31 72
32 102
33 183
34 82
35 0
35 139
36 100
37 22
37 52
38 147
38 195
39 178
40 8
41 137
42 49
42 81
43 116
44 76
44 120
44 179
45 146
46 117
47 143
48 72
49 42
50 157
50 161
51 20
51 128
52 37
53 188
54 175
55 85
56 124
57 17
57 109
57 144
57 162
58 10
58 61
59 125
60 105
60 147
61 18
61 58
61 154
61 199
62 171
63 90
63 115
63 133
63 181
64 146
64 174
65 14
65 130
65 188
66 122
67 1
67 3
68 19
68 84
69 131
70 131
71 12
71 104
72 31
72 48
72 153
73 181
74 126
74 164
75 154
76 44
76 79
76 137
77 180
77 187
78 110
78 158
79 76
79 147
80 22
80 128
80 194
81 42
81 106
82 34
82 127
83 140
84 25
84 68
85 55
85 154
86 130
86 177
87 199
88 170
88 196
89 165
90 63
90 98
91 125
92 29
93 150
94 153
95 140
95 164
96 0
96 181
97 22
98 90
99 132
100 36
100 131
100 145
100 198
101 21
102 32
102 142
102 160
103 116
103 159
103 196
104 71
104 108
105 60
106 81
106 145
107 3
108 104
108 110
108 187
109 57
110 78
110 108
111 24
112 30
112 153
113 0
113 194
114 139
115 63
115 132
116 43
116 103
116 163
117 46
117 136
118 24
118 158
119 18
120 44
120 172
121 29
121 130
122 66
122 130
122 185
122 190
123 165
124 56
124 128
124 151
125 59
125 91
125 135
125 157
126 74
127 82
127 139
127 192
128 51
128 80
128 124
129 0
129 154
130 65
130 86
130 121
130 122
131 0
131 69
131 70
131 100
132 99
132 115
133 63
134 10
134 152
134 174
135 125
136 117
136 184
136 186
137 0
137 11
137 41
137 76
138 145
139 35
139 114
139 127
140 83
140 95
140 186
141 156
142 102
142 179
143 19
143 47
144 57
145 100
145 106
145 138
146 23
146 45
146 64
147 38
147 60
147 79
148 157
148 178
148 197
149 199
150 93
150 153
151 124
151 165
152 134
153 2
153 72
153 94
153 112
153 150
153 183
154 61
154 75
154 85
154 129
155 187
156 29
156 141
157 50
157 125
157 148
157 176
158 78
158 118
159 103
159 171
160 27
160 102
160 191
161 50
162 57
163 116
164 74
164 95
164 173
164 182
165 89
165 123
165 151
166 21
167 10
168 175
169 5
170 26
170 88
171 62
171 159
172 6
172 120
173 164
174 64
174 134
175 54
175 168
175 197
176 157
177 86
177 192
178 2
178 39
178 148
179 44
179 142
180 13
180 77
181 63
181 73
181 96
182 13
182 164
183 33
183 153
184 136
185 122
186 136
186 140
187 0
187 4
187 77
187 108
187 155
188 17
188 53
188 65
189 193
190 122
191 160
192 127
192 177
193 8
193 189
193 198
194 80
194 113
195 38
196 88
196 103
197 148
197 175
198 100
198 193
199 61
199 87
199 149
