5958.000000
500
0 3
0 16
0 33
0 46
0 51
0 53
0 55
0 69
0 72
0 96
0 102
0 108
0 120
0 131
0 135
0 139
0 147
0 160
0 181
0 189
0 199
0 212
0 221
0 234
0 241
0 259
0 282
0 307
0 313
0 362
0 392
0 410
0 415
0 431
0 448
0 452
0 474
1 26
1 106
1 447
2 430
3 0
3 70
4 273
4 293
5 429
6 213
6 219
6 248
6 386
6 419
7 68
7 473
8 361
9 38
9 88
10 107
11 96
11 377
12 228
12 493
13 314
13 477
14 467
15 76
16 0
16 113
17 165
17 351
18 279
18 470
19 89
20 43
21 329
21 369
22 258
22 321
23 73
24 143
24 203
25 183
25 489
26 1
26 492
27 122
27 284
28 93
29 161
30 246
31 167
31 170
32 35
32 242
32 277
32 379
32 429
33 0
33 354
33 459
34 185
35 32
35 188
36 37
36 99
36 105
36 202
37 36
37 48
37 267
37 440
38 9
39 455
40 69
40 331
41 125
41 223
41 264
41 481
42 320
43 20
43 294
44 136
44 258
45 242
46 0
46 227
46 254
46 374
46 478
47 229
48 37
49 154
50 268
51 0
51 61
51 198
51 465
52 59
53 0
53 434
54 328
55 0
55 164
55 224
56 65
57 383
58 368
59 52
59 470
60 374
61 51
61 71
61 494
62 292
62 405
63 297
64 115
65 56
65 75
65 482
66 241
67 103
67 137
68 7
68 294
69 0
69 40
69 272
69 412
70 3
71 61
72 0
72 376
72 440
73 23
73 290
74 260
75 65
75 375
75 405
76 15
76 84
76 319
76 454
77 295
77 322
78 231
78 253
78 336
78 421
79 84
79 104
79 476
80 294
81 126
82 180
82 374
83 143
83 184
83 264
84 76
84 79
85 367
86 89
86 252
86 299
86 363
86 380
87 224
88 9
88 236
88 347
88 391
89 19
89 86
90 167
90 227
91 185
91 431
92 465
93 28
93 449
93 474
94 103
95 363
96 0
96 11
97 409
98 478
99 36
99 403
100 190
100 377
101 107
101 132
101 168
101 266
101 392
102 0
102 317
102 454
103 67
103 94
103 275
104 79
104 473
105 36
105 424
106 1
106 175
106 215
106 286
107 10
107 101
108 0
108 268
109 129
110 127
110 434
111 178
111 452
112 123
113 16
114 358
115 64
115 133
115 358
116 118
116 345
117 233
117 338
118 116
119 300
120 0
120 462
121 373
121 436
122 27
122 238
123 112
123 324
123 417
124 174
125 41
126 81
126 179
127 110
128 163
128 214
128 496
129 109
129 369
130 152
131 0
131 326
132 101
132 480
133 115
133 191
134 270
135 0
135 148
136 44
136 398
137 67
137 142
137 423
137 443
138 146
138 232
139 0
139 411
140 358
141 328
142 137
143 24
143 83
144 402
145 280
146 138
146 247
146 271
147 0
147 297
148 135
149 474
150 221
150 396
150 487
151 388
152 130
152 275
153 276
154 49
154 397
154 405
155 186
155 260
156 251
157 457
158 431
159 439
160 0
160 486
161 29
161 492
162 435
162 485
163 128
164 55
164 265
165 17
165 261
165 335
166 495
167 31
167 90
167 439
167 499
168 101
168 280
168 296
169 183
169 339
170 31
171 291
172 259
172 455
173 222
173 349
174 124
174 287
175 106
175 242
175 365
176 411
177 194
177 313
178 111
178 404
179 126
179 204
179 383
180 82
180 381
181 0
181 394
182 213
183 25
183 169
183 410
184 83
185 34
185 91
185 291
185 330
185 444
186 155
187 198
187 252
188 35
189 0
189 207
189 270
190 100
191 133
191 453
192 381
192 485
193 240
193 249
194 177
194 413
195 381
196 224
196 338
197 402
198 51
198 187
198 432
199 0
199 352
199 438
200 341
200 482
201 492
202 36
203 24
204 179
204 398
205 393
206 425
207 189
207 304
208 298
208 356
209 311
210 238
211 465
212 0
213 6
213 182
213 266
213 393
214 128
214 233
215 106
215 226
215 358
216 252
217 300
217 391
218 233
219 6
219 364
220 312
220 353
220 497
221 0
221 150
222 173
223 41
224 55
224 87
224 196
224 360
225 275
226 215
227 46
227 90
228 12
228 250
228 414
229 47
229 499
230 365
231 78
232 138
232 234
232 240
232 269
232 391
233 117
233 214
233 218
233 346
234 0
234 232
234 243
234 312
234 366
235 253
235 412
236 88
236 238
236 395
237 451
237 478
238 122
238 210
238 236
239 337
240 193
240 232
240 320
240 409
241 0
241 66
242 32
242 45
242 175
243 234
244 368
245 247
245 260
245 458
245 466
246 30
246 249
247 146
247 245
248 6
248 437
249 193
249 246
250 228
251 156
251 482
252 86
252 187
252 216
253 78
253 235
254 46
254 418
255 309
256 368
257 480
258 22
258 44
258 396
259 0
259 172
259 498
260 74
260 155
260 245
260 309
261 165
261 378
261 388
262 457
263 343
263 440
264 41
264 83
264 369
264 402
265 164
265 426
266 101
266 213
267 37
267 456
268 50
268 108
269 232
269 333
270 134
270 189
270 472
271 146
272 69
272 430
273 4
273 436
274 318
275 103
275 152
275 225
275 409
275 428
276 153
276 446
276 473
277 32
278 361
279 18
279 338
280 145
280 168
281 316
282 0
283 492
284 27
285 393
286 106
286 322
286 392
286 493
287 174
287 432
288 487
289 368
290 73
290 317
290 471
291 171
291 185
292 62
293 4
294 43
294 68
294 80
295 77
296 168
296 348
297 63
297 147
297 475
298 208
299 86
299 389
300 119
300 217
301 480
302 345
303 325
304 207
305 407
305 427
306 401
307 0
308 358
309 255
309 260
310 481
311 209
311 333
312 220
312 234
312 323
312 445
313 0
313 177
314 13
314 393
315 486
316 281
316 362
317 102
317 290
317 344
317 417
318 274
318 414
319 76
319 491
320 42
320 240
321 22
322 77
322 286
323 312
324 123
325 303
325 344
326 131
327 381
328 54
328 141
328 370
329 21
330 185
331 40
331 334
332 355
332 410
333 269
333 311
334 331
335 165
336 78
337 239
337 417
338 117
338 196
338 279
338 468
339 169
340 344
341 200
342 347
343 263
344 317
344 325
344 340
345 116
345 302
345 468
346 233
347 88
347 342
348 296
349 173
349 356
349 450
349 494
350 382
351 17
351 471
352 199
353 220
354 33
354 370
355 332
356 208
356 349
357 381
357 488
358 114
358 115
358 140
358 215
358 308
358 406
359 493
360 224
361 8
361 278
361 459
362 0
362 316
363 86
363 95
364 219
365 175
365 230
366 234
366 464
367 85
367 495
368 58
368 244
368 256
368 289
368 421
368 441
369 21
369 129
369 264
370 328
370 354
371 411
372 390
373 121
374 46
374 60
374 82
375 75
376 72
376 401
376 484
377 11
377 100
378 261
379 32
380 86
381 180
381 192
381 195
381 327
381 357
381 400
382 350
382 451
383 57
383 179
384 424
384 463
385 425
385 461
386 6
386 483
387 460
387 493
388 151
388 261
389 299
390 372
390 395
391 88
391 217
391 232
392 0
392 101
392 286
392 436
393 205
393 213
393 285
393 314
393 490
394 181
395 236
395 390
396 150
396 258
397 154
398 136
398 204
398 408
398 442
399 420
400 381
401 306
401 376
402 144
402 197
402 264
403 99
404 178
405 62
405 75
405 154
405 480
406 358
407 305
407 479
408 398
409 97
409 240
409 275
409 479
410 0
410 183
410 332
411 139
411 176
411 371
412 69
412 235
413 194
414 228
414 318
415 0
415 425
416 481
417 123
417 317
417 337
418 254
419 6
420 399
420 462
421 78
421 368
422 484
423 137
424 105
424 384
425 206
425 385
425 415
426 265
427 305
428 275
429 5
429 32
430 2
430 272
431 0
431 91
431 158
432 198
432 287
433 456
434 53
434 110
435 162
436 121
436 273
436 392
437 248
438 199
439 159
439 167
440 37
440 72
440 263
441 368
442 398
443 137
444 185
445 312
446 276
446 469
447 1
448 0
449 93
450 349
451 237
451 382
452 0
452 111
453 191
454 76
454 102
455 39
455 172
456 267
456 433
457 157
457 262
457 466
458 245
459 33
459 361
459 467
460 387
461 385
461 481
462 120
462 420
463 384
464 366
465 51
465 92
465 211
466 245
466 457
467 14
467 459
468 338
468 345
469 446
470 18
470 59
471 290
471 351
472 270
472 495
473 7
473 104
473 276
474 0
474 93
474 149
475 297
476 79
477 13
478 46
478 98
478 237
479 407
479 409
480 132
480 257
480 301
480 405
481 41
481 310
481 416
481 461
482 65
482 200
482 251
483 386
484 376
484 422
485 162
485 192
486 160
486 315
487 150
487 288
488 357
489 25
490 393
491 319
492 26
492 161
492 201
492 283
493 12
493 286
493 359
493 387
494 61
494 349
495 166
495 367
495 472
496 128
497 220
498 259
499 167
499 229
