-277.000000
350
0 21
0 35
0 38
0 39
0 40
0 45
0 56
0 63
0 73
0 79
0 91
0 93
0 94
0 95
0 98
0 102
0 103
0 106
0 110
0 113
0 116
0 120
0 121
0 131
0 135
0 150
0 156
0 163
0 172
0 182
0 184
0 186
0 187
0 189
0 191
0 192
0 193
0 195
0 198
0 207
0 219
0 223
0 224
0 240
0 249
0 251
0 254
0 255
0 262
0 265
0 269
0 270
0 272
0 278
0 286
0 292
0 300
0 309
0 314
0 327
0 328
0 329
0 330
0 334
0 340
1 17
1 142
2 156
3 309
4 320
5 63
5 174
6 80
6 137
6 304
7 156
8 192
9 250
10 322
11 169
12 232
13 319
14 184
15 349
16 106
17 1
17 45
18 98
19 347
20 149
21 0
21 204
21 253
22 329
23 195
24 240
24 267
25 258
25 270
25 297
26 103
26 313
27 168
27 315
28 53
29 116
29 212
30 81
30 95
31 190
31 265
32 344
33 56
34 125
34 262
35 0
35 214
35 238
36 81
37 88
37 323
38 0
38 151
39 0
39 53
40 0
40 61
40 347
41 201
42 113
43 285
44 64
44 278
45 0
45 17
45 271
46 81
47 114
47 318
48 201
48 237
48 279
49 311
50 89
50 341
51 111
51 201
51 343
52 299
53 28
53 39
54 287
55 174
56 0
56 33
56 302
57 67
57 133
57 210
58 82
58 300
59 100
59 283
59 335
60 196
61 40
62 236
62 288
63 0
63 5
64 44
65 134
66 227
67 57
67 198
68 138
69 77
69 188
70 165
71 192
72 325
73 0
73 144
74 91
75 227
76 290
77 69
78 151
79 0
79 220
80 6
81 30
81 36
81 46
81 129
81 316
82 58
83 98
84 115
85 128
86 184
87 166
88 37
89 50
89 219
89 322
90 336
91 0
91 74
91 167
91 310
91 346
92 242
93 0
93 176
94 0
94 236
94 321
95 0
95 30
95 264
96 230
96 256
96 348
97 296
98 0
98 18
98 83
99 116
100 59
100 224
101 117
102 0
102 206
102 298
102 312
103 0
103 26
103 161
103 273
104 326
105 118
106 0
106 16
106 143
107 154
107 161
108 267
109 309
110 0
110 257
111 51
112 264
113 0
113 42
113 234
114 47
114 189
115 84
115 126
115 300
116 0
116 29
116 99
117 101
117 314
118 105
118 339
119 187
120 0
120 326
121 0
121 130
121 200
121 246
122 334
123 177
123 213
124 177
125 34
125 145
126 115
126 295
127 219
128 85
128 255
129 81
130 121
131 0
131 136
132 178
132 235
132 340
133 57
134 65
134 204
134 208
134 247
135 0
135 165
136 131
137 6
138 68
138 257
139 254
140 185
140 254
141 158
141 182
142 1
142 166
143 106
143 157
144 73
144 293
145 125
146 260
147 182
148 155
148 328
149 20
149 203
149 274
149 275
150 0
150 274
151 38
151 78
151 285
152 202
152 330
153 186
154 107
155 148
156 0
156 2
156 7
156 342
157 143
158 141
159 331
160 336
161 103
161 107
162 297
163 0
163 320
164 296
165 70
165 135
166 87
166 142
167 91
167 171
167 277
168 27
169 11
169 227
169 324
170 242
171 167
172 0
172 280
173 267
174 5
174 55
175 233
176 93
177 123
177 124
178 132
178 266
179 185
180 192
180 284
181 258
182 0
182 141
182 147
183 339
184 0
184 14
184 86
184 289
185 140
185 179
186 0
186 153
186 227
187 0
187 119
187 215
188 69
188 270
189 0
189 114
190 31
190 304
191 0
191 248
191 343
192 0
192 8
192 71
192 180
193 0
193 325
194 311
194 334
195 0
195 23
195 281
196 60
196 241
197 259
197 318
198 0
198 67
199 270
200 121
200 296
201 41
201 48
201 51
201 282
202 152
202 250
203 149
204 21
204 134
205 278
206 102
206 319
206 323
207 0
207 221
207 229
208 134
209 315
210 57
211 349
212 29
212 252
213 123
213 286
214 35
214 242
215 187
216 315
217 274
218 257
219 0
219 89
219 127
220 79
221 207
222 289
222 307
223 0
223 256
224 0
224 100
225 232
226 269
227 66
227 75
227 169
227 186
228 252
229 207
230 96
231 249
231 294
232 12
232 225
232 325
233 175
233 336
234 113
234 332
234 344
235 132
236 62
236 94
237 48
238 35
238 260
239 329
240 0
240 24
240 338
241 196
241 327
242 92
242 170
242 214
243 304
244 251
244 336
245 297
246 121
247 134
248 191
249 0
249 231
250 9
250 202
251 0
251 244
251 299
252 212
252 228
253 21
254 0
254 139
254 140
255 0
255 128
256 96
256 223
257 110
257 138
257 218
258 25
258 181
259 197
260 146
260 238
261 308
262 0
262 34
263 272
263 306
264 95
264 112
265 0
265 31
266 178
266 349
267 24
267 108
267 173
268 325
269 0
269 226
269 291
270 0
270 25
270 188
270 199
271 45
272 0
272 263
272 345
273 103
274 149
274 150
274 217
275 149
275 303
276 342
277 167
278 0
278 44
278 205
278 339
279 48
280 172
280 308
280 337
281 195
282 201
283 59
284 180
285 43
285 151
286 0
286 213
287 54
287 327
288 62
289 184
289 222
290 76
290 292
291 269
292 0
292 290
293 144
293 305
294 231
294 301
295 126
296 97
296 164
296 200
297 25
297 162
297 245
298 102
299 52
299 251
299 331
300 0
300 58
300 115
301 294
302 56
303 275
304 6
304 190
304 243
305 293
306 263
307 222
308 261
308 280
309 0
309 3
309 109
310 91
311 49
311 194
312 102
313 26
313 333
314 0
314 117
315 27
315 209
315 216
315 328
316 81
317 345
318 47
318 197
319 13
319 206
320 4
320 163
321 94
322 10
322 89
323 37
323 206
324 169
325 72
325 193
325 232
325 268
326 104
326 120
327 0
327 241
327 287
328 0
328 148
328 315
329 0
329 22
329 239
330 0
330 152
331 159
331 299
332 234
333 313
334 0
334 122
334 194
335 59
336 90
336 160
336 233
336 244
337 280
338 240
339 118
339 183
339 278
340 0
340 132
341 50
342 156
342 276
343 51
343 191
344 32
344 234
345 272
345 317
346 91
347 19
347 40
348 96
349 15
349 211
349 266
