37.000000
300
0 2
0 30
0 34
0 62
0 63
0 78
0 85
0 92
0 118
0 129
0 146
0 148
0 161
0 168
0 176
0 182
0 192
0 193
0 194
0 195
0 218
0 235
0 236
0 242
0 247
0 252
0 263
0 282
0 286
0 298
1 45
1 159
1 206
1 238
2 0
2 91
2 100
3 262
4 47
4 162
4 219
5 30
5 66
5 183
5 220
6 244
6 289
7 276
8 32
8 88
8 198
9 168
9 177
10 90
10 168
11 96
12 27
13 35
13 260
13 268
13 282
14 265
15 169
15 286
16 215
17 113
17 165
17 258
18 110
18 157
18 272
19 224
19 245
20 54
20 122
21 187
21 229
22 218
22 237
23 60
23 139
23 146
24 76
24 171
25 44
25 84
25 161
25 261
26 79
26 256
27 12
27 63
27 116
28 62
28 240
29 280
30 0
30 5
30 110
31 85
31 99
31 257
32 8
32 57
33 298
34 0
34 186
35 13
35 214
35 225
35 249
36 192
37 71
37 78
37 135
37 279
37 293
38 69
38 145
39 240
39 267
40 72
40 134
40 149
41 172
41 189
42 80
43 74
43 180
43 248
44 25
45 1
45 241
46 156
47 4
47 172
48 280
48 292
49 59
49 98
49 203
50 64
51 147
51 276
52 242
53 120
53 293
54 20
54 256
54 280
55 197
56 153
56 207
56 272
57 32
57 263
58 138
58 223
59 49
59 234
60 23
61 176
62 0
62 28
62 126
62 253
63 0
63 27
63 102
64 50
64 171
65 96
66 5
66 173
67 96
68 282
69 38
70 101
70 107
70 141
70 274
71 37
72 40
72 293
73 232
74 43
75 81
75 139
75 229
76 24
76 266
77 189
78 0
78 37
79 26
79 232
80 42
80 118
80 199
80 259
81 75
82 250
82 259
83 106
83 133
83 283
84 25
85 0
85 31
86 148
86 188
86 216
86 246
86 284
87 175
88 8
89 285
90 10
91 2
91 270
92 0
92 172
92 179
93 245
93 253
94 139
94 228
95 233
96 11
96 65
96 67
96 125
96 154
96 158
97 187
98 49
98 186
99 31
100 2
100 241
101 70
101 129
102 63
102 131
102 197
102 201
103 129
103 150
104 216
105 196
105 285
106 83
106 235
107 70
108 112
108 174
108 252
109 183
110 18
110 30
110 231
111 177
112 108
113 17
114 141
114 297
115 214
116 27
116 221
117 136
117 176
118 0
118 80
119 151
120 53
121 230
122 20
122 164
123 218
124 265
125 96
126 62
127 262
128 129
129 0
129 101
129 103
129 128
129 175
129 181
130 259
131 102
131 205
132 231
133 83
133 212
134 40
135 37
136 117
137 263
138 58
139 23
139 75
139 94
140 214
141 70
141 114
142 267
143 215
143 222
144 255
145 38
145 192
145 255
146 0
146 23
147 51
148 0
148 86
149 40
150 103
150 295
151 119
151 208
151 211
151 281
152 211
153 56
154 96
155 267
156 46
156 223
157 18
158 96
158 263
159 1
159 202
160 219
161 0
161 25
162 4
163 237
164 122
164 277
165 17
165 242
165 271
166 243
167 186
168 0
168 9
168 10
168 185
169 15
169 210
170 295
171 24
171 64
171 176
171 290
172 41
172 47
172 92
173 66
174 108
175 87
175 129
176 0
176 61
176 117
176 171
177 9
177 111
178 259
179 92
180 43
180 233
181 129
182 0
182 223
183 5
183 109
184 259
184 299
185 168
186 34
186 98
186 167
186 281
187 21
187 97
188 86
189 41
189 77
190 217
190 291
191 270
192 0
192 36
192 145
192 215
193 0
193 248
193 262
194 0
194 227
194 280
195 0
195 296
196 105
197 55
197 102
198 8
199 80
200 235
201 102
202 159
202 289
203 49
204 211
205 131
206 1
206 273
207 56
208 151
209 213
209 267
210 169
210 288
210 294
211 151
211 152
211 204
212 133
213 209
214 35
214 115
214 140
215 16
215 143
215 192
216 86
216 104
216 276
217 190
217 247
218 0
218 22
218 123
218 285
219 4
219 160
220 5
221 116
222 143
222 226
223 58
223 156
223 182
224 19
225 35
226 222
227 194
228 94
229 21
229 75
230 121
230 285
231 110
231 132
232 73
232 79
233 95
233 180
234 59
235 0
235 106
235 200
236 0
237 22
237 163
238 1
239 287
240 28
240 39
241 45
241 100
242 0
242 52
242 165
243 166
243 247
244 6
245 19
245 93
246 86
246 275
247 0
247 217
247 243
248 43
248 193
249 35
250 82
251 289
252 0
252 108
253 62
253 93
254 276
255 144
255 145
256 26
256 54
257 31
258 17
259 80
259 82
259 130
259 178
259 184
260 13
261 25
262 3
262 127
262 193
263 0
263 57
263 137
263 158
264 280
265 14
265 124
265 275
266 76
266 269
267 39
267 142
267 155
267 209
268 13
269 266
270 91
270 191
271 165
272 18
272 56
273 206
274 70
275 246
275 265
276 7
276 51
276 216
276 254
277 164
278 291
279 37
280 29
280 48
280 54
280 194
280 264
281 151
281 186
282 0
282 13
282 68
283 83
284 86
285 89
285 105
285 218
285 230
285 287
286 0
286 15
287 239
287 285
288 210
289 6
289 202
289 251
290 171
291 190
291 278
292 48
293 37
293 53
293 72
294 210
295 150
295 170
296 195
297 114
298 0
298 33
299 184
