-184.000000
300
0 5
0 10
0 19
0 21
0 26
0 31
0 35
0 41
0 43
0 60
0 62
0 63
0 65
0 69
0 70
0 74
0 80
0 92
0 93
0 95
0 96
0 101
0 105
0 118
0 121
0 127
0 129
0 130
0 134
0 141
0 144
0 145
0 150
0 163
0 175
0 177
0 178
0 180
0 181
0 182
0 183
0 188
0 193
0 209
0 217
0 224
0 228
0 231
0 241
0 244
0 247
0 249
0 257
0 260
0 261
0 262
0 264
0 267
0 272
0 274
0 278
0 281
0 289
0 297
1 149
2 93
3 5
4 77
4 154
4 288
5 0
5 3
6 225
6 256
6 295
7 190
8 200
9 58
10 0
10 169
10 192
10 196
11 51
11 118
12 66
12 197
13 204
13 268
14 75
14 297
15 288
16 205
16 264
17 200
18 118
19 0
19 227
19 290
20 188
20 270
21 0
21 131
22 78
22 90
23 121
24 93
25 87
25 136
25 181
26 0
26 34
26 72
26 128
26 135
27 33
27 175
28 112
28 236
28 243
28 262
29 144
29 208
29 268
30 73
31 0
31 94
32 233
33 27
33 39
33 76
34 26
35 0
35 148
35 242
36 72
37 60
38 125
38 216
38 219
38 272
39 33
39 168
39 286
40 85
41 0
41 59
42 248
43 0
43 162
44 90
44 92
45 85
46 221
47 159
48 172
48 259
49 129
50 151
51 11
52 96
53 56
53 231
54 247
55 101
56 53
56 103
57 140
58 9
58 63
59 41
59 220
60 0
60 37
61 188
62 0
62 122
62 173
63 0
63 58
63 140
64 80
65 0
65 213
66 12
66 143
66 244
67 182
68 70
69 0
69 199
69 206
69 253
69 259
70 0
70 68
71 139
71 237
72 26
72 36
73 30
73 118
73 221
74 0
74 85
75 14
76 33
77 4
77 81
78 22
79 263
80 0
80 64
81 77
81 163
82 283
82 284
83 202
84 238
85 40
85 45
85 74
85 240
86 271
87 25
88 98
88 108
89 150
90 22
90 44
90 117
91 159
92 0
92 44
93 0
93 2
93 24
93 187
94 31
94 106
95 0
96 0
96 52
97 189
98 88
99 114
100 172
100 282
101 0
101 55
101 201
102 124
102 126
102 222
102 292
103 56
104 148
105 0
105 211
106 94
107 245
108 88
108 253
109 137
109 149
109 289
110 144
110 146
111 127
112 28
113 299
114 99
114 258
114 274
115 118
115 171
115 250
116 241
117 90
118 0
118 11
118 18
118 73
118 115
119 274
120 195
120 228
120 255
121 0
121 23
122 62
122 230
123 177
124 102
125 38
125 293
126 102
127 0
127 111
127 214
127 235
128 26
128 156
129 0
129 49
130 0
130 298
131 21
132 221
133 179
134 0
135 26
136 25
137 109
138 174
138 183
139 71
140 57
140 63
141 0
141 198
142 234
143 66
144 0
144 29
144 110
145 0
145 191
145 266
146 110
147 203
147 260
148 35
148 104
149 1
149 109
150 0
150 89
151 50
151 274
152 264
152 294
153 192
154 4
154 161
154 218
154 275
155 213
156 128
156 265
157 221
158 206
159 47
159 91
159 263
160 298
161 154
162 43
163 0
163 81
163 287
164 171
164 234
165 232
165 243
166 255
167 222
167 280
168 39
169 10
170 273
171 115
171 164
172 48
172 100
173 62
174 138
174 277
175 0
175 27
175 279
176 241
177 0
177 123
178 0
179 133
179 206
180 0
181 0
181 25
181 200
182 0
182 67
183 0
183 138
183 238
184 220
185 212
186 245
187 93
188 0
188 20
188 61
189 97
189 195
190 7
190 215
191 145
191 284
192 10
192 153
193 0
193 233
194 210
195 120
195 189
196 10
197 12
198 141
199 69
199 254
200 8
200 17
200 181
201 101
201 276
202 83
202 291
203 147
204 13
205 16
206 69
206 158
206 179
207 215
207 263
207 289
208 29
208 229
209 0
209 252
210 194
210 264
211 105
212 185
212 258
213 65
213 155
214 127
215 190
215 207
216 38
216 223
217 0
217 225
218 154
219 38
220 59
220 184
221 46
221 73
221 132
221 157
221 271
222 102
222 167
223 216
224 0
224 246
225 6
225 217
226 234
227 19
228 0
228 120
228 248
229 208
229 237
230 122
231 0
231 53
231 269
232 165
233 32
233 193
234 142
234 164
234 226
235 127
236 28
237 71
237 229
238 84
238 183
239 278
240 85
241 0
241 116
241 176
242 35
243 28
243 165
243 273
244 0
244 66
245 107
245 186
245 270
246 224
247 0
247 54
248 42
248 228
249 0
250 115
251 287
252 209
253 69
253 108
254 199
255 120
255 166
256 6
257 0
258 114
258 212
259 48
259 69
260 0
260 147
261 0
262 0
262 28
263 79
263 159
263 207
264 0
264 16
264 152
264 210
265 156
266 145
267 0
267 296
268 13
268 29
269 231
270 20
270 245
271 86
271 221
272 0
272 38
273 170
273 243
273 285
274 0
274 114
274 119
274 151
275 154
276 201
276 280
277 174
278 0
278 239
279 175
280 167
280 276
281 0
282 100
283 82
284 82
284 191
285 273
286 39
287 163
287 251
288 4
288 15
289 0
289 109
289 207
289 299
290 19
291 202
291 297
292 102
293 125
294 152
295 6
296 267
297 0
297 14
297 291
298 130
298 160
299 113
299 289
