2604.000000
300
0 1
0 14
0 34
0 40
0 42
0 59
0 68
0 72
0 98
0 102
0 103
0 115
0 132
0 138
0 145
0 156
0 173
0 174
0 181
0 182
0 186
0 190
0 193
0 194
0 198
0 201
0 206
0 212
0 215
0 274
0 279
0 288
0 295
0 298
1 0
1 168
2 230
3 144
3 268
4 97
4 121
4 233
5 75
5 290
6 237
7 39
7 253
8 137
9 167
10 66
10 210
11 284
12 25
12 36
12 68
12 195
13 205
14 0
15 48
15 298
16 49
16 231
17 176
17 284
18 253
19 109
19 271
20 101
21 64
22 101
22 153
22 247
23 234
23 291
24 71
24 253
24 274
25 12
25 41
25 213
25 258
26 247
27 122
27 199
28 267
29 165
29 231
30 164
31 274
32 141
32 163
33 74
33 80
34 0
34 178
35 62
36 12
36 51
37 65
37 104
38 279
39 7
40 0
40 208
40 220
41 25
41 167
42 0
43 157
44 92
44 97
45 210
46 109
46 257
47 126
47 251
48 15
49 16
50 63
50 251
51 36
51 214
52 176
53 66
53 117
53 121
54 73
54 93
55 157
56 299
57 170
57 218
57 292
58 299
59 0
60 254
61 102
61 245
61 249
61 251
61 293
62 35
62 220
62 229
62 287
63 50
64 21
64 196
65 37
66 10
66 53
66 72
67 249
68 0
68 12
68 88
69 253
70 292
71 24
72 0
72 66
72 78
72 277
73 54
74 33
74 179
74 259
74 285
75 5
75 119
75 124
76 220
77 282
78 72
78 216
79 204
80 33
80 152
80 182
81 142
81 172
81 237
82 175
82 229
83 90
83 220
83 226
84 195
85 162
86 173
86 239
87 193
88 68
89 114
89 154
89 243
89 256
89 274
90 83
91 189
92 44
93 54
93 202
94 297
95 120
95 261
96 249
97 4
97 44
98 0
98 183
98 246
99 176
100 105
100 156
101 20
101 22
102 0
102 61
102 109
102 242
103 0
104 37
104 197
104 204
104 216
104 228
105 100
106 231
107 119
108 144
109 19
109 46
109 102
110 121
111 272
112 114
113 251
114 89
114 112
115 0
115 187
116 123
116 201
116 202
117 53
118 277
119 75
119 107
119 135
120 95
120 274
121 4
121 53
121 110
121 297
122 27
122 239
123 116
124 75
124 180
124 240
125 152
126 47
127 191
127 252
128 205
128 273
129 176
130 131
131 130
131 159
131 163
131 227
131 270
132 0
133 243
133 278
134 158
134 161
134 274
135 119
135 270
136 217
136 262
137 8
137 266
137 298
138 0
139 169
140 178
141 32
141 189
142 81
143 187
144 3
144 108
145 0
146 254
146 273
147 197
148 172
149 151
150 206
151 149
151 252
152 80
152 125
153 22
154 89
154 244
155 258
156 0
156 100
156 196
157 43
157 55
157 193
158 134
159 131
160 221
161 134
162 85
162 253
163 32
163 131
164 30
164 246
165 29
166 220
167 9
167 41
168 1
169 139
169 273
169 286
170 57
171 196
172 81
172 148
172 215
172 275
173 0
173 86
173 224
174 0
174 219
175 82
176 17
176 52
176 99
176 129
176 181
177 239
178 34
178 140
179 74
180 124
180 188
181 0
181 176
182 0
182 80
182 296
183 98
184 290
185 252
186 0
186 231
187 115
187 143
188 180
189 91
189 141
190 0
191 127
192 193
193 0
193 87
193 157
193 192
193 218
193 272
194 0
195 12
195 84
196 64
196 156
196 171
197 104
197 147
198 0
199 27
200 242
200 299
201 0
201 116
201 254
202 93
202 116
203 211
203 251
204 79
204 104
205 13
205 128
206 0
206 150
207 269
208 40
208 283
209 282
210 10
210 45
211 203
212 0
212 264
213 25
214 51
215 0
215 172
216 78
216 104
217 136
217 254
218 57
218 193
219 174
220 40
220 62
220 76
220 83
220 166
221 160
221 269
221 298
222 276
223 270
224 173
225 243
226 83
227 131
228 104
229 62
229 82
230 2
230 274
231 16
231 29
231 106
231 186
232 296
233 4
234 23
235 279
236 243
237 6
237 81
238 279
238 280
239 86
239 122
239 177
240 124
241 271
242 102
242 200
242 281
243 89
243 133
243 225
243 236
244 154
245 61
246 98
246 164
246 247
246 282
247 22
247 26
247 246
248 291
249 61
249 67
249 96
250 262
251 47
251 50
251 61
251 113
251 203
252 127
252 151
252 185
252 253
253 7
253 18
253 24
253 69
253 162
253 252
254 60
254 146
254 201
254 217
255 290
256 89
257 46
257 268
258 25
258 155
258 267
259 74
260 294
260 295
261 95
262 136
262 250
263 264
264 212
264 263
265 278
266 137
267 28
267 258
268 3
268 257
269 207
269 221
270 131
270 135
270 223
270 298
271 19
271 241
272 111
272 193
273 128
273 146
273 169
274 0
274 24
274 31
274 89
274 120
274 134
274 230
275 172
276 222
276 277
277 72
277 118
277 276
278 133
278 265
279 0
279 38
279 235
279 238
280 238
281 242
282 77
282 209
282 246
283 208
284 11
284 17
285 74
286 169
287 62
287 291
288 0
289 291
290 5
290 184
290 255
291 23
291 248
291 287
291 289
292 57
292 70
293 61
294 260
295 0
295 260
296 182
296 232
297 94
297 121
298 0
298 15
298 137
298 221
298 270
299 56
299 58
299 200
