5115.000000
400
0 2
0 12
0 107
0 148
0 176
0 180
0 194
0 210
0 232
0 284
0 298
0 317
0 318
0 331
0 355
0 384
0 395
1 72
1 366
2 0
2 76
2 236
3 53
4 232
4 245
4 368
5 88
5 253
6 122
6 271
6 349
7 23
8 30
9 55
9 65
10 334
11 106
11 107
12 0
12 295
13 21
13 88
14 147
14 317
14 382
15 217
16 350
17 384
18 45
18 103
19 50
19 224
20 205
20 233
20 325
21 13
21 97
22 225
23 7
23 63
23 218
23 285
23 298
23 308
24 371
25 88
26 128
26 206
27 294
28 60
28 344
29 168
29 390
30 8
30 124
30 210
30 339
31 191
31 280
31 338
32 329
33 61
33 397
34 180
35 78
36 115
36 238
36 315
36 331
37 290
37 322
38 86
38 207
39 92
39 148
40 51
40 69
41 73
42 141
42 322
42 332
43 71
43 231
43 386
44 48
44 95
44 278
44 334
45 18
46 152
47 142
47 174
47 255
48 44
48 281
48 300
49 291
50 19
50 117
50 129
50 324
50 342
50 363
51 40
51 76
52 127
52 143
52 202
53 3
53 56
53 355
54 133
55 9
55 103
55 179
55 353
56 53
57 354
58 263
59 251
59 361
60 28
61 33
62 125
62 335
63 23
63 169
64 197
64 226
64 291
64 300
64 344
64 357
65 9
66 364
67 155
68 350
69 40
69 85
69 254
69 337
70 187
71 43
71 79
71 294
71 370
72 1
72 154
72 298
73 41
73 186
74 77
74 275
75 246
75 390
76 2
76 51
77 74
77 133
77 185
77 259
78 35
78 242
79 71
79 113
79 239
80 316
80 351
81 128
81 198
81 201
82 171
82 272
83 137
83 280
83 370
83 381
84 302
85 69
85 265
86 38
86 122
87 108
87 115
87 247
87 321
88 5
88 13
88 25
88 114
88 149
88 242
89 247
90 125
91 332
92 39
92 116
93 98
93 364
94 131
94 236
94 325
94 383
95 44
95 215
96 229
96 353
97 21
97 329
98 93
99 271
100 265
100 348
101 306
102 152
103 18
103 55
103 313
104 144
104 257
105 128
105 362
106 11
107 0
107 11
107 163
108 87
109 184
109 196
109 209
110 141
111 237
111 277
112 176
112 178
113 79
114 88
114 378
115 36
115 87
116 92
116 304
117 50
118 191
119 173
120 176
120 230
121 148
122 6
122 86
122 164
122 266
123 234
123 264
123 397
124 30
125 62
125 90
126 155
126 292
127 52
128 26
128 81
128 105
128 204
128 210
129 50
130 338
131 94
132 146
133 54
133 77
133 195
133 229
133 350
134 141
134 383
135 294
136 373
137 83
137 328
138 208
139 307
140 167
141 42
141 110
141 134
142 47
143 52
143 177
144 104
145 197
146 132
146 168
146 200
146 221
147 14
148 0
148 39
148 121
148 398
149 88
149 331
149 372
150 177
151 301
152 46
152 102
152 338
152 379
153 157
153 169
153 222
153 319
153 380
154 72
155 67
155 126
156 173
156 305
156 381
157 153
157 393
158 341
158 390
159 176
159 239
160 216
161 168
162 181
163 107
163 369
163 373
164 122
164 192
164 395
165 198
165 302
165 375
166 314
166 318
167 140
167 384
168 29
168 146
168 161
168 175
168 330
169 63
169 153
169 219
170 268
171 82
171 376
172 269
173 119
173 156
174 47
174 335
175 168
175 284
175 312
176 0
176 112
176 120
176 159
177 143
177 150
178 112
179 55
179 186
179 311
180 0
180 34
181 162
181 299
182 340
182 347
183 194
183 297
184 109
185 77
185 256
186 73
186 179
186 203
187 70
187 327
187 374
188 328
189 220
190 343
191 31
191 118
191 241
191 345
192 164
193 393
194 0
194 183
194 195
195 133
195 194
195 202
196 109
196 243
197 64
197 145
198 81
198 165
199 302
200 146
200 307
200 365
201 81
202 52
202 195
202 356
203 186
204 128
205 20
206 26
207 38
208 138
208 319
209 109
210 0
210 30
210 128
211 301
212 245
212 320
213 288
214 337
215 95
216 160
216 228
217 15
217 303
218 23
218 377
219 169
220 189
220 316
221 146
221 279
222 153
222 240
223 319
224 19
224 394
225 22
225 322
226 64
227 354
228 216
228 316
229 96
229 133
230 120
231 43
232 0
232 4
232 258
233 20
233 244
234 123
234 258
234 269
235 375
236 2
236 94
237 111
238 36
238 277
238 293
239 79
239 159
239 371
240 222
241 191
242 78
242 88
242 249
242 287
243 196
243 331
244 233
245 4
245 212
246 75
247 87
247 89
248 349
249 242
250 387
251 59
252 320
253 5
254 69
255 47
256 185
257 104
257 274
257 298
258 232
258 234
258 303
259 77
260 290
261 349
262 285
263 58
263 318
263 326
264 123
264 360
265 85
265 100
265 367
266 122
267 399
268 170
268 361
268 387
269 172
269 234
270 358
271 6
271 99
271 276
271 286
271 333
272 82
272 331
272 352
273 364
274 257
275 74
275 359
276 271
277 111
277 238
278 44
278 292
279 221
280 31
280 83
281 48
282 335
283 325
284 0
284 175
284 316
285 23
285 262
286 271
287 242
288 213
288 384
289 368
289 385
290 37
290 260
291 49
291 64
291 387
292 126
292 278
293 238
294 27
294 71
294 135
295 12
296 385
297 183
298 0
298 23
298 72
298 257
299 181
299 344
300 48
300 64
300 301
301 151
301 211
301 300
302 84
302 165
302 199
302 363
303 217
303 258
303 336
304 116
305 156
306 101
306 335
307 139
307 200
307 335
308 23
309 395
310 358
311 179
312 175
313 103
314 166
314 346
315 36
316 80
316 220
316 228
316 284
317 0
317 14
318 0
318 166
318 263
319 153
319 208
319 223
320 212
320 252
320 391
321 87
322 37
322 42
322 225
323 337
324 50
325 20
325 94
325 283
326 263
327 187
327 352
328 137
328 188
328 399
329 32
329 97
330 168
331 0
331 36
331 149
331 243
331 272
332 42
332 91
333 271
334 10
334 44
335 62
335 174
335 282
335 306
335 307
336 303
337 69
337 214
337 323
338 31
338 130
338 152
339 30
340 182
340 395
341 158
342 50
343 190
343 396
343 397
344 28
344 64
344 299
344 384
345 191
346 314
347 182
348 100
349 6
349 248
349 261
349 389
350 16
350 68
350 133
351 80
352 272
352 327
353 55
353 96
354 57
354 227
354 364
355 0
355 53
356 202
357 64
358 270
358 310
358 364
359 275
360 264
360 388
361 59
361 268
362 105
363 50
363 302
364 66
364 93
364 273
364 354
364 358
364 377
365 200
366 1
367 265
368 4
368 289
369 163
369 392
370 71
370 83
371 24
371 239
372 149
373 136
373 163
374 187
375 165
375 235
376 171
377 218
377 364
378 114
379 152
380 153
381 83
381 156
382 14
383 94
383 134
384 0
384 17
384 167
384 288
384 344
385 289
385 296
386 43
387 250
387 268
387 291
388 360
389 349
390 29
390 75
390 158
391 320
392 369
393 157
393 193
394 224
395 0
395 164
395 309
395 340
396 343
397 33
397 123
397 343
398 148
399 267
399 328
