80.000000
400
0 11
0 83
0 119
0 138
0 149
0 165
0 196
0 201
0 224
0 237
0 273
0 277
0 286
0 290
0 294
0 357
0 387
1 71
1 256
2 242
2 369
2 395
3 109
3 242
3 272
3 343
4 210
5 127
5 167
5 203
6 185
7 48
7 85
7 120
7 367
7 381
8 68
8 207
9 87
9 219
10 251
11 0
11 276
11 348
12 202
12 277
12 291
13 340
13 355
14 98
14 142
14 154
15 162
16 171
16 318
17 95
17 116
17 292
18 129
18 397
19 332
20 296
20 340
20 375
21 106
22 68
23 133
23 204
24 58
24 135
24 164
25 168
25 243
26 140
27 180
27 182
27 244
28 225
29 209
30 132
30 186
31 71
31 112
32 177
32 253
33 142
34 324
35 85
36 77
36 324
37 71
37 157
38 300
38 306
39 101
39 163
40 41
40 57
41 40
42 280
43 50
43 131
43 252
44 278
45 390
46 51
47 185
47 201
47 288
47 383
48 7
49 256
50 43
50 255
51 46
51 233
51 294
51 311
52 299
53 373
54 134
55 358
56 249
56 268
57 40
57 102
57 155
58 24
58 196
58 197
59 234
60 114
60 320
60 386
61 182
61 231
62 300
63 168
64 215
64 251
65 206
65 253
65 282
66 72
67 93
68 8
68 22
68 75
68 107
68 307
69 198
69 211
70 164
71 1
71 31
71 37
71 97
71 238
71 393
72 66
72 229
73 163
73 295
74 254
74 264
75 68
75 349
76 114
76 184
77 36
77 170
78 84
79 105
79 166
79 214
79 236
79 331
79 343
80 287
81 198
81 304
81 310
82 121
82 235
82 361
82 389
83 0
84 78
84 373
85 7
85 35
85 142
86 89
86 189
87 9
88 155
88 293
89 86
89 280
89 392
90 145
90 220
90 228
90 315
90 326
91 181
91 209
92 123
92 161
92 397
93 67
93 134
93 179
94 153
94 193
95 17
95 295
96 300
97 71
97 302
97 356
98 14
98 169
98 253
99 316
99 384
100 226
100 278
100 350
101 39
101 168
102 57
102 278
103 384
104 356
104 372
105 79
106 21
106 232
107 68
108 205
108 246
108 327
109 3
110 172
111 148
111 190
111 357
112 31
112 327
113 195
113 314
114 60
114 76
115 314
116 17
116 151
117 388
118 265
119 0
119 373
120 7
120 336
121 82
121 186
122 146
122 185
122 213
123 92
123 254
124 285
124 333
125 375
126 264
127 5
127 218
128 152
128 344
129 18
130 175
130 202
131 43
131 171
131 271
132 30
133 23
133 147
133 207
133 313
134 54
134 93
134 368
135 24
136 217
136 285
137 245
138 0
138 304
138 378
139 280
140 26
140 316
141 258
142 14
142 33
142 85
142 176
142 262
142 365
142 396
143 270
143 354
144 160
144 252
145 90
145 241
145 351
146 122
147 133
148 111
149 0
149 343
150 202
151 116
152 128
153 94
154 14
154 165
154 267
155 57
155 88
156 196
157 37
158 216
159 295
160 144
161 92
162 15
162 353
163 39
163 73
163 362
164 24
164 70
165 0
165 154
165 287
165 309
166 79
166 245
166 341
167 5
168 25
168 63
168 101
169 98
170 77
170 373
171 16
171 131
172 110
172 221
172 229
173 399
174 192
175 130
176 142
177 32
178 240
178 261
178 370
179 93
179 373
180 27
180 335
181 91
181 247
182 27
182 61
183 304
184 76
185 6
185 47
185 122
185 219
186 30
186 121
186 372
187 241
188 338
188 383
189 86
190 111
190 221
191 199
192 174
192 392
193 94
193 366
194 319
195 113
196 0
196 58
196 156
197 58
198 69
198 81
198 366
199 191
199 394
200 284
200 391
201 0
201 47
202 12
202 130
202 150
202 390
203 5
203 254
203 289
204 23
205 108
206 65
207 8
207 133
208 244
208 379
208 390
209 29
209 91
209 263
210 4
210 268
211 69
212 222
212 251
212 399
213 122
214 79
214 347
215 64
215 220
216 158
216 231
217 136
217 268
217 303
217 305
217 358
218 127
219 9
219 185
219 227
220 90
220 215
220 290
221 172
221 190
222 212
222 398
223 283
224 0
225 28
225 342
226 100
227 219
228 90
229 72
229 172
229 339
229 371
230 279
231 61
231 216
232 106
232 335
232 360
233 51
233 295
234 59
234 245
234 305
235 82
236 79
237 0
237 238
238 71
238 237
239 301
240 178
240 345
241 145
241 187
242 2
242 3
242 258
243 25
244 27
244 208
244 260
244 353
245 137
245 166
245 234
246 108
246 377
247 181
248 357
249 56
250 304
251 10
251 64
251 212
252 43
252 144
252 280
253 32
253 65
253 98
254 74
254 123
254 203
255 50
256 1
256 49
257 263
257 344
258 141
258 242
259 293
259 298
260 244
260 265
261 178
262 142
263 209
263 257
264 74
264 126
264 312
265 118
265 260
266 310
266 329
267 154
268 56
268 210
268 217
269 373
270 143
270 316
271 131
272 3
273 0
273 300
274 310
275 323
275 388
276 11
276 293
276 328
277 0
277 12
278 44
278 100
278 102
278 384
279 230
279 353
279 363
280 42
280 89
280 139
280 252
281 312
282 65
283 223
283 297
284 200
285 124
285 136
286 0
286 397
287 80
287 165
288 47
289 203
290 0
290 220
290 301
291 12
292 17
293 88
293 259
293 276
294 0
294 51
295 73
295 95
295 159
295 233
295 322
295 386
295 388
296 20
297 283
297 316
298 259
298 352
299 52
299 302
300 38
300 62
300 96
300 273
301 239
301 290
302 97
302 299
303 217
304 81
304 138
304 183
304 250
305 217
305 234
306 38
306 364
307 68
308 319
308 371
309 165
310 81
310 266
310 274
310 344
311 51
311 314
312 264
312 281
313 133
314 113
314 115
314 311
315 90
316 99
316 140
316 270
316 297
317 379
318 16
318 380
318 387
319 194
319 308
320 60
321 324
322 295
323 275
324 34
324 36
324 321
324 349
325 372
325 391
326 90
327 108
327 112
328 276
329 266
330 339
331 79
332 19
332 337
333 124
334 394
335 180
335 232
336 120
337 332
337 342
338 188
339 229
339 330
339 385
340 13
340 20
340 357
340 394
341 166
342 225
342 337
342 373
343 3
343 79
343 149
344 128
344 257
344 310
345 240
346 369
347 214
348 11
349 75
349 324
350 100
350 370
351 145
352 298
353 162
353 244
353 279
354 143
355 13
355 359
356 97
356 104
357 0
357 111
357 248
357 340
358 55
358 217
359 355
359 374
360 232
360 376
361 82
362 163
363 279
364 306
365 142
366 193
366 198
367 7
368 134
369 2
369 346
370 178
370 350
371 229
371 308
372 104
372 186
372 325
373 53
373 84
373 119
373 170
373 179
373 269
373 342
373 382
374 359
375 20
375 125
376 360
377 246
378 138
379 208
379 317
380 318
381 7
382 373
383 47
383 188
384 99
384 103
384 278
385 339
386 60
386 295
387 0
387 318
388 117
388 275
388 295
389 82
390 45
390 202
390 208
391 200
391 325
392 89
392 192
393 71
394 199
394 334
394 340
395 2
396 142
397 18
397 92
397 286
398 222
399 173
399 212
