38.000000
100
0 19
0 24
0 61
0 77
0 78
0 85
0 96
1 55
2 85
3 20
3 28
3 91
4 51
5 67
5 85
6 33
6 94
7 17
7 85
8 14
8 78
8 95
9 26
9 88
10 61
11 95
12 71
13 94
14 8
14 54
15 24
15 59
16 27
16 34
17 7
18 20
19 0
19 73
19 91
19 93
20 3
20 18
20 32
20 36
20 64
21 69
21 71
22 54
23 38
24 0
24 15
25 40
25 80
26 9
27 16
27 57
28 3
29 38
29 47
30 51
30 83
31 72
32 20
33 6
33 58
33 62
33 98
34 16
34 49
34 80
34 92
35 37
35 86
36 20
37 35
37 41
38 23
38 29
39 65
40 25
41 37
41 58
42 45
42 91
43 52
43 71
43 79
44 70
45 42
46 73
47 29
47 66
47 87
48 84
49 34
49 70
49 97
50 68
51 4
51 30
52 43
52 67
53 92
54 14
54 22
54 65
55 1
55 63
55 83
55 87
56 82
56 90
57 27
58 33
58 41
59 15
59 63
60 94
61 0
61 10
61 97
62 33
62 96
62 99
63 55
63 59
64 20
65 39
65 54
65 68
65 82
65 84
66 47
67 5
67 52
68 50
68 65
69 21
70 44
70 49
70 89
71 12
71 21
71 43
71 72
72 31
72 71
73 19
73 46
74 90
75 97
76 81
77 0
78 0
78 8
79 43
80 25
80 34
81 76
81 96
82 56
82 65
83 30
83 55
84 48
84 65
85 0
85 2
85 5
85 7
86 35
87 47
87 55
88 9
88 91
89 70
90 56
90 74
91 3
91 19
91 42
91 88
92 34
92 53
93 19
94 6
94 13
94 60
95 8
95 11
96 0
96 62
96 81
97 49
97 61
97 75
98 33
99 62
