50.000000
500
0 1
0 11
0 29
0 44
0 64
0 70
0 82
0 108
0 112
0 122
0 134
0 145
0 165
0 167
0 185
0 220
0 231
0 246
0 247
0 325
0 330
0 350
0 360
0 365
0 375
0 377
0 379
0 397
0 429
0 439
0 440
0 457
0 462
0 473
0 490
1 0
1 8
1 331
2 75
2 170
3 188
4 49
4 392
5 455
6 349
7 135
7 178
8 1
8 86
8 258
8 305
8 338
9 11
9 39
9 131
9 294
9 306
9 344
10 298
10 330
10 405
11 0
11 9
11 421
12 18
13 201
13 330
13 358
14 29
15 25
15 48
15 140
15 420
16 50
16 462
17 18
17 288
17 348
17 491
18 12
18 17
18 324
19 355
20 210
20 331
21 393
22 283
23 142
23 230
23 252
23 429
24 164
25 15
26 126
26 221
27 90
27 311
27 320
27 360
27 468
27 478
28 296
29 0
29 14
30 107
30 118
30 196
30 440
31 64
32 187
32 189
33 169
34 76
34 165
35 162
35 333
36 282
37 494
38 154
38 421
39 9
39 163
39 171
40 256
41 271
41 328
42 454
43 467
44 0
44 104
45 311
46 185
47 239
48 15
49 4
49 469
50 16
50 61
51 280
51 314
52 274
52 297
52 323
53 296
54 117
55 98
56 368
57 239
58 494
59 143
60 329
60 382
61 50
62 91
62 92
62 113
62 157
63 247
64 0
64 31
64 172
64 189
64 248
64 402
64 426
65 98
65 106
65 145
65 271
65 488
66 412
67 258
68 389
69 296
69 415
70 0
70 359
70 378
70 391
71 240
72 284
73 202
73 286
73 295
73 407
74 142
75 2
76 34
76 139
76 141
76 244
77 200
78 320
79 310
80 256
80 409
81 399
82 0
82 291
82 430
83 199
83 331
84 470
85 90
85 153
86 8
86 272
86 362
87 403
88 461
89 112
89 313
90 27
90 85
91 62
91 490
92 62
93 498
94 160
95 120
95 350
96 122
96 427
96 487
96 489
97 398
97 451
98 55
98 65
99 405
100 462
101 400
102 135
102 152
102 181
103 383
104 44
104 169
104 203
105 123
105 150
106 65
106 290
106 452
107 30
108 0
108 296
108 341
109 297
110 489
111 256
112 0
112 89
112 316
112 467
113 62
114 160
115 352
116 296
117 54
117 128
117 214
117 255
117 347
117 373
117 385
117 388
118 30
119 399
120 95
121 132
121 389
122 0
122 96
122 398
123 105
123 165
124 144
124 428
125 143
126 26
126 186
127 172
128 117
128 439
129 235
130 359
131 9
132 121
133 241
134 0
134 194
134 392
135 7
135 102
135 422
136 317
137 203
138 412
139 76
140 15
141 76
142 23
142 74
142 477
143 59
143 125
143 305
143 448
144 124
145 0
145 65
146 410
147 276
148 391
149 218
149 221
149 439
150 105
151 176
152 102
153 85
154 38
155 232
155 467
156 275
156 318
157 62
158 487
159 292
160 94
160 114
160 421
161 395
162 35
163 39
163 458
164 24
164 435
165 0
165 34
165 123
165 174
166 358
167 0
167 170
168 462
169 33
169 104
170 2
170 167
170 412
171 39
171 492
172 64
172 127
173 342
174 165
174 217
174 435
175 200
175 301
175 375
175 428
176 151
176 203
177 490
178 7
179 472
180 270
180 276
180 277
180 325
181 102
181 211
181 350
181 442
182 473
183 219
184 472
185 0
185 46
185 472
185 475
186 126
187 32
188 3
188 393
189 32
189 64
190 251
190 437
191 399
192 285
193 316
194 134
194 223
195 256
195 386
196 30
197 283
197 425
198 237
198 351
198 479
199 83
200 77
200 175
200 215
200 447
201 13
201 424
202 73
202 231
203 104
203 137
203 176
203 335
203 390
204 279
204 425
205 438
206 288
207 389
208 213
209 240
210 20
211 181
212 297
213 208
213 236
213 410
213 430
214 117
215 200
216 374
216 462
217 174
217 339
218 149
218 446
219 183
219 360
219 434
220 0
220 287
220 393
221 26
221 149
221 260
222 260
222 445
223 194
223 486
224 454
225 235
226 394
226 411
227 419
228 331
229 482
230 23
231 0
231 202
231 419
232 155
233 320
234 396
235 129
235 225
235 241
235 284
236 213
237 198
238 488
239 47
239 57
239 278
239 466
240 71
240 209
240 250
240 292
241 133
241 235
241 327
241 377
241 483
242 414
243 413
244 76
245 349
245 393
246 0
246 333
246 351
247 0
247 63
247 411
247 420
248 64
248 444
249 262
250 240
251 190
252 23
252 416
253 315
253 375
254 260
255 117
256 40
256 80
256 111
256 195
256 300
256 310
256 400
256 456
256 457
256 485
257 437
258 8
258 67
259 475
260 221
260 222
260 254
261 287
262 249
262 426
263 359
264 395
264 440
265 278
265 379
265 470
266 446
267 370
268 376
269 391
269 404
269 499
270 180
271 41
271 65
272 86
272 299
273 431
274 52
275 156
275 343
276 147
276 180
277 180
278 239
278 265
278 363
279 204
280 51
280 431
280 475
281 395
282 36
282 321
282 389
282 465
282 484
283 22
283 197
284 72
284 235
285 192
285 296
286 73
286 303
287 220
287 261
287 309
287 455
288 17
288 206
288 402
289 454
290 106
291 82
292 159
292 240
292 365
292 459
293 479
294 9
294 345
295 73
296 28
296 53
296 69
296 108
296 116
296 285
297 52
297 109
297 212
297 365
298 10
299 272
300 256
301 175
302 352
303 286
303 319
304 369
304 449
305 8
305 143
305 481
306 9
307 405
308 468
309 287
310 79
310 256
311 27
311 45
312 346
313 89
314 51
315 253
315 361
316 112
316 193
316 353
317 136
317 325
317 370
318 156
319 303
320 27
320 78
320 233
321 282
322 333
323 52
324 18
325 0
325 180
325 317
325 425
326 386
326 443
327 241
328 41
329 60
330 0
330 10
330 13
331 1
331 20
331 83
331 228
331 436
332 406
332 411
333 35
333 246
333 322
333 380
334 412
335 203
336 353
337 478
338 8
339 217
340 414
341 108
342 173
342 467
342 474
343 275
343 367
343 411
344 9
345 294
346 312
346 475
347 117
348 17
349 6
349 245
350 0
350 95
350 181
351 198
351 246
351 476
352 115
352 302
352 357
352 371
353 316
353 336
353 382
353 403
354 408
355 19
355 462
356 412
357 352
358 13
358 166
358 495
359 70
359 130
359 263
359 450
359 454
360 0
360 27
360 219
361 315
362 86
363 278
364 470
365 0
365 292
365 297
365 453
366 405
366 417
367 343
368 56
368 467
369 304
369 371
370 267
370 317
371 352
371 369
371 429
372 379
372 401
373 117
374 216
374 471
374 496
375 0
375 175
375 253
376 268
376 457
377 0
377 241
377 463
378 70
379 0
379 265
379 372
379 498
380 333
381 462
382 60
382 353
383 103
383 391
384 405
385 117
386 195
386 326
387 400
388 117
389 68
389 121
389 207
389 282
389 473
390 203
391 70
391 148
391 269
391 383
392 4
392 134
392 413
392 414
392 438
392 482
393 21
393 188
393 220
393 245
394 226
395 161
395 264
395 281
395 396
396 234
396 395
397 0
397 408
398 97
398 122
398 461
399 81
399 119
399 191
399 430
400 101
400 256
400 387
400 497
401 372
402 64
402 288
403 87
403 353
404 269
405 10
405 99
405 307
405 366
405 384
406 332
407 73
408 354
408 397
408 494
409 80
410 146
410 213
411 226
411 247
411 332
411 343
412 66
412 138
412 170
412 334
412 356
413 243
413 392
414 242
414 340
414 392
415 69
416 252
417 366
418 436
419 227
419 231
420 15
420 247
421 11
421 38
421 160
422 135
423 442
424 201
425 197
425 204
425 325
426 64
426 262
427 96
428 124
428 175
429 0
429 23
429 371
429 460
430 82
430 213
430 399
431 273
431 280
432 470
433 482
434 219
435 164
435 174
436 331
436 418
437 190
437 257
437 462
438 205
438 392
439 0
439 128
439 149
440 0
440 30
440 264
441 478
442 181
442 423
443 326
444 248
444 493
445 222
446 218
446 266
447 200
448 143
449 304
450 359
451 97
452 106
453 365
454 42
454 224
454 289
454 359
455 5
455 287
456 256
457 0
457 256
457 376
458 163
459 292
460 429
461 88
461 398
462 0
462 16
462 100
462 168
462 216
462 355
462 381
462 437
463 377
464 472
465 282
466 239
467 43
467 112
467 155
467 342
467 368
468 27
468 308
469 49
470 84
470 265
470 364
470 432
471 374
472 179
472 184
472 185
472 464
473 0
473 182
473 389
474 342
475 185
475 259
475 280
475 346
476 351
477 142
478 27
478 337
478 441
479 198
479 293
480 494
481 305
482 229
482 392
482 433
483 241
484 282
485 256
486 223
487 96
487 158
488 65
488 238
489 96
489 110
490 0
490 91
490 177
491 17
492 171
493 444
494 37
494 58
494 408
494 480
495 358
496 374
497 400
498 93
498 379
499 269
