68.000000
150
0 31
0 42
0 71
0 80
0 119
0 122
0 130
0 131
0 142
1 48
2 70
3 128
4 30
5 115
6 140
7 111
7 125
8 49
8 120
9 69
9 78
9 101
9 108
9 121
9 143
9 149
10 72
10 112
11 145
12 30
12 46
13 70
13 81
14 90
15 132
16 85
16 148
17 95
17 96
17 106
18 84
19 41
19 54
19 131
20 28
20 76
21 139
22 40
22 45
22 98
22 112
23 30
23 132
24 128
25 134
26 127
27 123
28 20
29 86
29 120
30 4
30 12
30 23
30 113
31 0
31 40
31 44
32 50
33 35
33 112
34 44
35 33
36 64
37 92
37 135
38 58
38 105
38 107
39 115
40 22
40 31
40 133
41 19
42 0
42 43
42 94
43 42
43 50
44 31
44 34
44 74
45 22
45 60
46 12
46 61
46 128
47 56
47 66
47 90
47 109
47 120
47 124
48 1
48 82
49 8
50 32
50 43
51 84
51 107
52 118
53 99
53 122
54 19
55 76
56 47
56 63
56 129
57 62
57 122
58 38
58 96
59 98
59 100
60 45
60 136
61 46
62 57
63 56
64 36
64 81
65 99
66 47
66 137
67 90
68 93
68 120
69 9
69 76
70 2
70 13
70 147
71 0
71 90
72 10
73 99
74 44
75 139
76 20
76 55
76 69
77 114
77 146
78 9
78 83
78 116
78 148
79 126
80 0
81 13
81 64
81 130
82 48
82 96
83 78
84 18
84 51
84 94
84 118
84 139
85 16
85 134
85 140
86 29
87 118
88 99
89 141
90 14
90 47
90 67
90 71
91 146
92 37
92 104
93 68
94 42
94 84
94 103
95 17
96 17
96 58
96 82
97 123
98 22
98 59
99 53
99 65
99 73
99 88
100 59
100 144
101 9
102 127
103 94
103 126
104 92
105 38
106 17
107 38
107 51
108 9
108 127
109 47
110 137
111 7
111 117
111 145
112 10
112 22
112 33
112 138
113 30
113 135
114 77
115 5
115 39
115 117
116 78
117 111
117 115
117 133
118 52
118 84
118 87
119 0
120 8
120 29
120 47
120 68
121 9
121 142
122 0
122 53
122 57
123 27
123 97
123 143
124 47
125 7
126 79
126 103
127 26
127 102
127 108
128 3
128 24
128 46
128 131
128 146
129 56
130 0
130 81
131 0
131 19
131 128
132 15
132 23
133 40
133 117
134 25
134 85
134 141
135 37
135 113
136 60
137 66
137 110
138 112
139 21
139 75
139 84
140 6
140 85
141 89
141 134
142 0
142 121
143 9
143 123
144 100
145 11
145 111
146 77
146 91
146 128
147 70
148 16
148 78
149 9
