228.000000
450
0 11
0 22
0 33
0 72
0 73
0 98
0 156
0 170
0 297
0 298
0 368
0 379
0 385
0 407
0 438
1 52
1 165
1 318
1 388
1 398
2 16
2 45
2 49
2 134
2 140
2 422
3 49
3 71
3 133
4 136
5 280
6 91
6 225
6 331
7 274
8 45
9 189
9 299
10 139
11 0
11 374
12 342
12 437
13 159
14 65
14 157
15 120
15 248
16 2
17 124
17 353
18 157
18 339
19 72
20 278
20 317
21 341
22 0
22 349
23 114
23 341
24 190
24 421
25 37
25 47
25 50
25 350
26 41
27 215
28 142
28 413
29 399
30 169
31 105
32 379
33 0
34 389
35 378
36 312
37 25
37 225
37 280
38 216
38 254
39 65
39 299
40 183
40 370
41 26
41 190
41 228
42 87
42 307
42 418
43 191
43 192
43 270
44 185
45 2
45 8
46 215
47 25
47 181
47 242
48 164
49 2
49 3
49 69
49 249
49 259
50 25
51 199
51 222
51 397
52 1
52 302
53 357
54 106
55 260
55 307
56 62
56 347
56 394
56 407
56 448
57 189
58 294
58 346
59 136
60 112
60 236
60 267
60 415
61 83
61 190
61 289
62 56
62 285
63 383
64 254
65 14
65 39
65 99
65 325
66 378
67 246
67 258
67 343
68 215
69 49
70 102
71 3
71 387
72 0
72 19
73 0
73 167
74 262
75 177
75 255
75 359
75 377
76 96
76 184
76 218
77 435
78 394
79 420
80 357
81 439
81 442
82 414
83 61
83 309
84 337
84 442
85 274
86 139
86 204
87 42
87 171
88 111
89 371
89 431
89 436
89 440
90 437
91 6
91 180
91 291
91 399
92 235
93 351
93 354
93 405
94 211
95 277
96 76
96 104
96 399
97 314
98 0
99 65
100 177
100 296
101 378
102 70
102 383
103 283
104 96
104 417
105 31
105 266
105 400
106 54
106 145
107 258
107 418
108 131
109 154
110 351
111 88
111 422
112 60
112 361
113 174
113 274
114 23
114 212
114 390
114 405
115 192
116 231
116 447
117 276
117 386
117 448
118 141
118 144
119 280
119 388
120 15
120 307
121 382
122 202
122 393
123 313
124 17
124 195
124 277
124 316
125 186
125 344
126 154
126 433
127 168
127 217
128 313
128 321
128 375
129 222
129 432
130 341
131 108
131 330
132 198
132 346
132 384
133 3
134 2
134 146
135 228
136 4
136 59
136 201
136 273
137 407
138 256
138 393
139 10
139 86
139 276
139 348
139 406
139 426
140 2
141 118
141 422
142 28
142 215
143 159
144 118
144 369
144 396
145 106
145 301
146 134
147 416
148 172
148 375
149 214
150 264
150 418
151 170
151 208
151 250
152 169
153 239
154 109
154 126
154 198
155 204
155 283
156 0
157 14
157 18
158 253
159 13
159 143
159 253
160 206
160 335
161 190
161 423
162 223
162 361
162 414
163 243
163 434
164 48
164 207
165 1
166 342
166 433
167 73
168 127
168 298
169 30
169 152
169 187
169 251
169 281
169 322
170 0
170 151
171 87
172 148
172 202
172 275
173 373
174 113
175 244
175 382
176 212
177 75
177 100
177 190
178 236
179 224
180 91
180 231
180 284
181 47
182 206
183 40
183 301
184 76
185 44
185 370
186 125
186 432
187 169
187 295
187 427
188 402
189 9
189 57
189 254
190 24
190 41
190 61
190 161
190 177
191 43
192 43
192 115
193 215
194 222
195 124
196 330
197 433
198 132
198 154
199 51
199 324
200 210
200 305
201 136
201 372
202 122
202 172
203 346
204 86
204 155
204 292
204 381
205 324
206 160
206 182
206 312
206 334
207 164
207 230
208 151
208 395
209 311
210 200
210 382
211 94
211 224
211 324
212 114
212 176
212 268
213 448
214 149
214 275
214 287
215 27
215 46
215 68
215 142
215 193
215 247
216 38
217 127
218 76
219 289
220 278
220 308
220 338
220 422
221 295
222 51
222 129
222 194
223 162
224 179
224 211
225 6
225 37
225 345
226 437
227 362
227 426
228 41
228 135
228 327
228 441
229 242
229 367
230 207
230 409
230 418
231 116
231 180
232 303
233 433
234 377
235 92
235 444
236 60
236 178
236 340
237 325
238 385
239 153
239 350
240 326
240 335
241 278
242 47
242 229
242 314
243 163
243 256
244 175
244 265
244 356
245 333
245 395
245 446
246 67
246 277
247 215
247 348
248 15
249 49
250 151
250 402
251 169
251 368
252 446
253 158
253 159
253 306
253 332
253 360
253 389
253 424
254 38
254 64
254 189
254 375
254 383
254 410
255 75
256 138
256 243
257 336
258 67
258 107
259 49
259 336
260 55
261 353
262 74
262 313
262 400
263 426
264 150
265 244
266 105
267 60
268 212
268 364
269 291
270 43
270 426
271 375
272 376
273 136
273 274
274 7
274 85
274 113
274 273
274 282
274 315
275 172
275 214
276 117
276 139
277 95
277 124
277 246
278 20
278 220
278 241
279 280
280 5
280 37
280 119
280 279
281 169
282 274
282 411
283 103
283 155
284 180
285 62
286 288
287 214
287 352
288 286
288 432
289 61
289 219
290 321
291 91
291 269
292 204
292 401
293 432
294 58
295 187
295 221
295 310
296 100
297 0
298 0
298 168
299 9
299 39
299 402
300 304
301 145
301 183
302 52
302 328
303 232
303 343
303 392
304 300
304 311
305 200
305 413
305 425
306 253
306 340
306 442
307 42
307 55
307 120
307 330
307 354
308 220
309 83
309 428
310 295
310 314
311 209
311 304
311 358
311 403
312 36
312 206
313 123
313 128
313 262
313 371
313 412
314 97
314 242
314 310
314 444
315 274
315 420
316 124
317 20
318 1
319 419
320 390
321 128
321 290
322 169
323 409
324 199
324 205
324 211
324 386
325 65
325 237
326 240
327 228
328 302
328 373
329 432
330 131
330 196
330 307
330 365
331 6
332 253
333 245
334 206
334 432
335 160
335 240
336 257
336 259
337 84
338 220
338 355
339 18
340 236
340 306
341 21
341 23
341 130
342 12
342 166
342 370
343 67
343 303
344 125
345 225
346 58
346 132
346 203
346 438
347 56
347 366
347 408
348 139
348 247
349 22
349 372
350 25
350 239
351 93
351 110
351 411
352 287
353 17
353 261
354 93
354 307
355 338
356 244
357 53
357 80
357 406
358 311
359 75
359 380
360 253
361 112
361 162
362 227
363 370
363 449
364 268
365 330
366 347
366 435
367 229
368 0
368 251
369 144
369 443
370 40
370 185
370 342
370 363
371 89
371 313
372 201
372 349
373 173
373 328
374 11
375 128
375 148
375 254
375 271
376 272
376 435
377 75
377 234
378 35
378 66
378 101
378 405
378 443
379 0
379 32
380 359
381 204
382 121
382 175
382 210
383 63
383 102
383 254
384 132
385 0
385 238
386 117
386 324
387 71
388 1
388 119
389 34
389 253
390 114
390 320
391 418
392 303
392 416
393 122
393 138
394 56
394 78
395 208
395 245
395 414
396 144
397 51
398 1
399 29
399 91
399 96
400 105
400 262
401 292
402 188
402 250
402 299
403 311
403 448
404 429
405 93
405 114
405 378
406 139
406 357
407 0
407 56
407 137
408 347
409 230
409 323
410 254
411 282
411 351
411 419
412 313
413 28
413 305
413 445
414 82
414 162
414 395
415 60
416 147
416 392
417 104
418 42
418 107
418 150
418 230
418 391
418 429
419 319
419 411
420 79
420 315
421 24
422 2
422 111
422 141
422 220
423 161
424 253
425 305
426 139
426 227
426 263
426 270
427 187
428 309
428 444
429 404
429 418
430 432
431 89
432 129
432 186
432 288
432 293
432 329
432 334
432 430
433 126
433 166
433 197
433 233
434 163
435 77
435 366
435 376
436 89
437 12
437 90
437 226
438 0
438 346
439 81
440 89
441 228
442 81
442 84
442 306
443 369
443 378
444 235
444 314
444 428
445 413
446 245
446 252
447 116
448 56
448 117
448 213
448 403
449 363
