74.000000
300
0 9
0 22
0 29
0 49
0 103
0 114
0 123
0 136
0 141
0 142
0 167
0 169
0 172
0 173
0 177
0 256
0 274
0 276
0 285
1 70
1 127
1 163
2 277
3 37
3 212
4 137
5 7
5 22
5 134
5 140
6 55
7 5
7 286
8 31
8 58
8 88
9 0
10 117
11 66
12 167
13 180
14 209
15 106
15 162
15 263
16 184
16 238
16 245
17 156
18 31
18 40
18 118
18 132
18 224
18 254
19 57
20 79
20 179
21 256
22 0
22 5
23 180
23 257
24 28
24 49
24 112
25 54
26 55
26 259
27 130
27 185
27 197
28 24
28 119
29 0
29 208
29 217
30 254
31 8
31 18
31 144
31 173
32 140
32 249
33 187
33 284
34 176
34 182
34 215
34 221
35 117
35 194
36 254
37 3
37 260
38 58
39 111
39 154
39 213
40 18
41 170
42 57
43 215
44 180
45 254
46 58
47 70
48 60
48 129
48 216
48 294
49 0
49 24
49 125
49 133
49 295
50 146
50 282
51 177
51 288
52 107
52 150
52 155
53 103
53 149
54 25
54 293
55 6
55 26
56 66
57 19
57 42
57 184
58 8
58 38
58 46
58 120
59 138
59 156
60 48
60 108
60 255
61 75
62 267
63 126
63 293
64 143
65 287
66 11
66 56
66 149
66 207
66 211
66 231
66 236
66 292
67 227
68 153
68 262
69 291
70 1
70 47
70 275
71 160
71 195
72 86
72 185
72 226
72 230
72 242
73 74
73 77
74 73
74 171
75 61
75 278
76 112
76 269
76 270
77 73
77 88
78 96
79 20
79 250
80 241
80 264
80 267
81 87
82 119
83 167
83 271
84 294
85 196
86 72
87 81
87 101
87 157
87 200
87 235
87 289
88 8
88 77
89 114
89 243
89 252
89 272
90 109
91 175
92 247
92 277
93 104
94 98
94 122
94 138
95 199
95 283
96 78
96 191
96 246
96 251
96 265
96 280
97 215
98 94
99 105
99 141
99 251
100 117
100 245
101 87
101 287
102 116
102 232
102 241
103 0
103 53
103 244
104 93
104 162
105 99
105 128
106 15
106 205
107 52
108 60
108 119
109 90
109 144
109 158
109 296
110 258
110 280
111 39
112 24
112 76
112 204
113 256
114 0
114 89
115 271
116 102
117 10
117 35
117 100
118 18
119 28
119 82
119 108
120 58
120 279
121 234
122 94
122 150
122 159
123 0
123 212
124 163
125 49
126 63
127 1
128 105
129 48
130 27
130 169
130 188
130 198
131 227
132 18
133 49
134 5
135 195
135 201
136 0
136 163
137 4
137 206
137 253
137 261
138 59
138 94
139 176
140 5
140 32
141 0
141 99
141 215
141 227
142 0
143 64
143 154
143 178
144 31
144 109
145 210
146 50
146 278
147 199
148 217
149 53
149 66
150 52
150 122
151 180
152 223
152 262
153 68
154 39
154 143
154 298
155 52
155 193
156 17
156 59
157 87
158 109
158 290
159 122
159 161
160 71
160 212
161 159
161 164
161 183
161 240
161 259
161 273
161 274
162 15
162 104
162 188
163 1
163 124
163 136
163 228
164 161
165 234
165 268
166 281
167 0
167 12
167 83
168 271
168 293
169 0
169 130
170 41
170 252
171 74
172 0
172 214
173 0
173 31
174 291
175 91
175 298
176 34
176 139
177 0
177 51
177 225
177 278
178 143
178 249
179 20
179 278
180 13
180 23
180 44
180 151
180 198
180 229
181 246
182 34
183 161
184 16
184 57
184 288
185 27
185 72
186 273
187 33
187 196
188 130
188 162
189 223
190 264
191 96
192 200
192 276
193 155
194 35
195 71
195 135
196 85
196 187
197 27
197 209
198 130
198 180
199 95
199 147
199 296
200 87
200 192
201 135
202 230
203 210
203 270
204 112
205 106
206 137
206 273
207 66
208 29
209 14
209 197
210 145
210 203
211 66
212 3
212 123
212 160
212 237
213 39
214 172
214 266
215 34
215 43
215 97
215 141
216 48
217 29
217 148
218 263
219 265
220 281
221 34
222 254
223 152
223 189
224 18
225 177
226 72
227 67
227 131
227 141
228 163
229 180
230 72
230 202
231 66
232 102
233 278
233 291
234 121
234 165
234 286
235 87
236 66
237 212
237 248
238 16
239 267
240 161
241 80
241 102
242 72
243 89
244 103
245 16
245 100
246 96
246 181
247 92
247 271
248 237
249 32
249 178
250 79
251 96
251 99
252 89
252 170
253 137
254 18
254 30
254 36
254 45
254 222
254 299
255 60
255 284
256 0
256 21
256 113
257 23
258 110
259 26
259 161
260 37
261 137
262 68
262 152
262 264
262 285
263 15
263 218
264 80
264 190
264 262
265 96
265 219
266 214
267 62
267 80
267 239
268 165
269 76
269 281
270 76
270 203
271 83
271 115
271 168
271 247
272 89
273 161
273 186
273 206
274 0
274 161
274 297
275 70
276 0
276 192
277 2
277 92
278 75
278 146
278 177
278 179
278 233
279 120
280 96
280 110
281 166
281 220
281 269
282 50
283 95
284 33
284 255
285 0
285 262
286 7
286 234
287 65
287 101
288 51
288 184
289 87
290 158
291 69
291 174
291 233
292 66
293 54
293 63
293 168
294 48
294 84
295 49
296 109
296 199
297 274
298 154
298 175
299 254
