181.000000
500
0 76
0 152
0 319
0 372
0 419
0 423
0 490
0 491
1 87
1 134
1 305
2 248
3 276
4 116
5 380
6 157
6 242
6 292
6 426
7 378
7 407
8 321
9 210
9 302
10 80
10 254
11 226
11 293
11 328
12 44
12 348
12 397
12 470
13 181
13 182
14 52
15 254
16 347
17 421
18 77
19 31
19 144
19 148
19 341
19 393
20 299
20 388
21 429
22 41
22 307
23 120
23 231
24 187
25 364
25 365
25 485
26 420
27 72
27 220
27 252
27 482
28 217
28 304
28 423
29 65
30 492
31 19
32 111
32 298
32 461
33 218
33 222
34 231
34 245
35 375
36 60
36 350
37 319
37 365
38 131
39 115
40 407
41 22
41 174
42 222
42 345
43 298
43 497
44 12
44 294
45 363
45 400
46 56
46 92
46 192
46 268
47 72
47 278
47 387
48 251
49 50
49 97
49 138
49 201
50 49
50 306
50 484
51 387
52 14
52 369
53 455
53 462
54 189
54 290
54 320
55 410
56 46
56 443
57 207
57 266
58 97
59 401
60 36
61 216
61 288
61 399
61 404
62 266
63 404
64 190
64 294
65 29
65 326
65 355
66 117
67 327
67 400
68 416
68 457
69 164
69 395
70 155
70 165
71 400
72 27
72 47
73 267
73 287
73 371
74 440
75 76
75 110
75 165
75 468
76 0
76 75
76 317
77 18
77 413
77 482
78 254
79 109
79 198
80 10
80 438
81 206
82 121
82 136
82 187
83 399
84 135
85 284
85 491
86 120
86 145
87 1
87 112
88 186
88 416
89 154
90 211
90 425
91 197
91 264
92 46
93 266
94 372
95 223
95 271
95 276
95 479
96 249
96 411
97 49
97 58
98 308
98 325
98 332
99 317
100 309
101 150
101 189
102 311
103 377
104 160
105 188
105 425
106 115
106 147
106 483
107 286
107 479
108 462
109 79
110 75
111 32
112 87
112 150
112 460
113 150
114 491
115 39
115 106
115 170
116 4
116 465
117 66
117 250
118 338
119 350
120 23
120 86
121 82
121 366
122 452
123 337
124 344
125 397
126 495
127 248
128 340
129 336
130 139
131 38
131 449
132 260
132 300
132 488
133 484
134 1
134 280
135 84
135 334
136 82
137 402
138 49
138 251
139 130
139 181
139 262
140 276
141 208
141 386
142 329
143 245
144 19
144 337
144 368
145 86
145 159
145 384
146 494
147 106
147 212
148 19
148 179
148 215
149 254
149 275
149 359
150 101
150 112
150 113
151 433
152 0
152 160
152 243
153 263
153 491
154 89
154 179
155 70
155 254
156 158
157 6
157 249
158 156
158 244
158 279
159 145
160 104
160 152
160 488
161 197
161 481
162 302
163 402
163 474
164 69
165 70
165 75
166 302
166 448
167 226
168 496
169 354
169 390
169 467
170 115
170 245
171 199
171 421
172 222
173 323
173 453
174 41
175 396
175 419
175 487
176 270
176 303
177 495
178 257
178 374
179 148
179 154
179 254
180 472
181 13
181 139
181 193
181 379
181 447
182 13
183 186
183 378
184 490
185 340
185 362
185 402
186 88
186 183
187 24
187 82
187 326
188 105
188 214
188 436
188 473
189 54
189 101
190 64
190 431
191 225
191 314
191 449
192 46
193 181
194 421
195 400
196 262
197 91
197 161
198 79
198 218
199 171
199 213
199 405
200 239
200 343
201 49
202 429
203 315
204 254
205 304
206 81
206 339
207 57
208 141
209 229
210 9
210 296
211 90
212 147
212 348
213 199
213 285
214 188
215 148
215 484
216 61
217 28
217 494
218 33
218 198
218 224
219 261
219 296
220 27
220 385
221 302
222 33
222 42
222 172
222 380
222 403
222 408
222 434
222 439
222 440
223 95
223 259
224 218
225 191
226 11
226 167
227 257
227 267
227 312
228 303
229 209
229 395
230 249
230 318
230 466
231 23
231 34
231 272
232 250
232 299
232 436
233 322
234 495
235 256
235 446
236 296
237 326
238 478
239 200
240 380
240 465
241 334
241 370
242 6
243 152
244 158
245 34
245 143
245 170
246 320
246 405
247 335
248 2
248 127
248 285
249 96
249 157
249 230
249 412
249 428
250 117
250 232
250 365
250 471
250 478
251 48
251 138
252 27
253 273
254 10
254 15
254 78
254 149
254 155
254 179
254 204
254 414
255 375
256 235
257 178
257 227
257 429
258 275
259 223
260 132
261 219
261 289
262 139
262 196
263 153
264 91
264 398
265 467
266 57
266 62
266 93
266 285
266 435
266 490
267 73
267 227
268 46
269 283
269 483
270 176
271 95
271 311
272 231
272 381
272 453
273 253
273 284
274 315
275 149
275 258
276 3
276 95
276 140
276 365
277 445
277 471
278 47
278 354
278 494
279 158
279 311
279 358
280 134
280 477
281 287
282 484
283 269
284 85
284 273
284 315
285 213
285 248
285 266
286 107
287 73
287 281
287 410
288 61
289 261
289 310
289 322
289 356
290 54
291 426
292 6
293 11
293 357
294 44
294 64
295 482
296 210
296 219
296 236
296 329
297 369
298 32
298 43
299 20
299 232
300 132
300 411
301 325
301 339
301 432
302 9
302 162
302 166
302 221
302 394
302 401
302 418
303 176
303 228
303 450
304 28
304 205
305 1
305 383
305 455
306 50
307 22
307 369
307 374
308 98
309 100
309 396
309 459
310 289
311 102
311 271
311 279
312 227
312 482
313 421
314 191
315 203
315 274
315 284
315 402
316 402
317 76
317 99
318 230
319 0
319 37
319 331
319 360
320 54
320 246
320 344
321 8
321 324
322 233
322 289
323 173
324 321
324 330
324 486
325 98
325 301
325 363
326 65
326 187
326 237
326 351
327 67
327 497
328 11
329 142
329 296
330 324
331 319
332 98
332 362
332 498
333 483
334 135
334 241
334 357
334 368
334 443
335 247
335 435
336 129
336 382
336 432
337 123
337 144
337 444
338 118
338 497
339 206
339 301
340 128
340 185
341 19
342 347
343 200
343 495
344 124
344 320
345 42
346 426
347 16
347 342
347 362
348 12
348 212
349 416
350 36
350 119
350 416
350 451
351 326
352 361
352 448
353 429
354 169
354 278
354 464
355 65
355 416
356 289
357 293
357 334
357 442
358 279
359 149
360 319
361 352
361 499
362 185
362 332
362 347
363 45
363 325
363 415
364 25
365 25
365 37
365 250
365 276
365 406
366 121
367 437
368 144
368 334
369 52
369 297
369 307
370 241
370 433
371 73
372 0
372 94
373 471
374 178
374 307
375 35
375 255
375 422
375 462
375 469
376 478
377 103
377 447
377 465
378 7
378 183
378 437
379 181
380 5
380 222
380 240
381 272
382 336
383 305
384 145
385 220
386 141
386 421
387 47
387 51
388 20
389 486
390 169
391 412
392 473
393 19
394 302
395 69
395 229
395 400
396 175
396 309
396 465
397 12
397 125
398 264
398 424
398 487
399 61
399 83
399 433
400 45
400 67
400 71
400 195
400 395
400 456
401 59
401 302
402 137
402 163
402 185
402 315
402 316
403 222
404 61
404 63
405 199
405 246
406 365
407 7
407 40
407 479
408 222
409 426
410 55
410 287
411 96
411 300
412 249
412 391
413 77
414 254
415 363
416 68
416 88
416 349
416 350
416 355
417 450
418 302
419 0
419 175
419 448
419 454
420 26
420 432
421 17
421 171
421 194
421 313
421 386
421 450
422 375
423 0
423 28
424 398
425 90
425 105
426 6
426 291
426 346
426 409
427 429
428 249
429 21
429 202
429 257
429 353
429 427
430 480
430 495
431 190
432 301
432 336
432 420
433 151
433 370
433 399
434 222
435 266
435 335
436 188
436 232
437 367
437 378
437 475
438 80
439 222
440 74
440 222
441 450
442 357
443 56
443 334
444 337
445 277
446 235
446 472
447 181
447 377
448 166
448 352
448 419
449 131
449 191
449 497
450 303
450 417
450 421
450 441
450 489
451 350
452 122
452 499
453 173
453 272
454 419
455 53
455 305
455 458
455 476
456 400
457 68
458 455
459 309
460 112
461 32
462 53
462 108
462 375
463 477
464 354
464 492
464 496
465 116
465 240
465 377
465 396
466 230
466 470
466 493
467 169
467 265
468 75
469 375
470 12
470 466
471 250
471 277
471 373
472 180
472 446
472 474
473 188
473 392
474 163
474 472
475 437
476 455
477 280
477 463
478 238
478 250
478 376
479 95
479 107
479 407
480 430
480 493
481 161
482 27
482 77
482 295
482 312
483 106
483 269
483 333
484 50
484 133
484 215
484 282
485 25
486 324
486 389
486 499
487 175
487 398
488 132
488 160
489 450
490 0
490 184
490 266
491 0
491 85
491 114
491 153
492 30
492 464
493 466
493 480
494 146
494 217
494 278
495 126
495 177
495 234
495 343
495 430
496 168
496 464
497 43
497 327
497 338
497 449
498 332
499 361
499 452
499 486
