80.000000
150
0 1
0 8
0 20
0 23
0 42
0 44
0 69
0 90
0 97
0 114
0 122
0 126
0 132
0 135
1 0
1 94
2 24
3 102
3 140
3 148
4 43
5 138
6 60
7 52
7 128
8 0
8 72
8 145
9 138
10 31
10 56
10 124
11 21
11 73
11 131
12 37
12 40
12 106
12 115
13 72
14 79
14 146
14 147
15 19
15 84
16 32
16 69
17 91
18 37
18 131
19 15
19 57
19 89
20 0
21 11
22 131
23 0
23 37
24 2
24 51
24 91
25 61
26 84
27 39
27 50
28 46
28 59
29 71
29 105
30 55
30 110
31 10
31 68
31 98
31 118
32 16
33 94
33 128
34 35
34 38
34 51
35 34
35 63
35 141
36 142
37 12
37 18
37 23
37 45
38 34
39 27
39 66
39 103
40 12
41 95
42 0
43 4
43 46
43 79
43 96
44 0
44 89
45 37
45 121
46 28
46 43
47 138
48 92
49 99
50 27
50 81
50 133
50 149
51 24
51 34
51 87
52 7
52 92
53 59
53 112
54 87
55 30
55 113
55 117
56 10
56 88
57 19
58 74
58 83
59 28
59 53
59 70
60 6
60 103
61 25
61 86
62 80
62 86
62 134
63 35
63 142
64 77
65 104
66 39
67 116
68 31
69 0
69 16
70 59
71 29
71 83
72 8
72 13
72 129
73 11
74 58
74 97
75 88
76 97
77 64
77 131
78 89
78 138
79 14
79 43
80 62
80 110
81 50
82 129
83 58
83 71
83 116
83 130
84 15
84 26
84 147
85 146
86 61
86 62
86 136
87 51
87 54
88 56
88 75
88 119
89 19
89 44
89 78
89 144
90 0
91 17
91 24
91 133
92 48
92 52
92 108
92 123
92 137
93 95
93 113
94 1
94 33
95 41
95 93
96 43
97 0
97 74
97 76
98 31
99 49
99 139
100 146
101 145
102 3
102 125
103 39
103 60
103 108
104 65
104 106
105 29
106 12
106 104
107 136
108 92
108 103
109 128
110 30
110 80
111 134
112 53
112 143
113 55
113 93
114 0
115 12
116 67
116 83
117 55
118 31
118 140
119 88
119 120
120 119
121 45
121 125
122 0
123 92
124 10
125 102
125 121
126 0
127 134
128 7
128 33
128 109
129 72
129 82
130 83
130 136
131 11
131 18
131 22
131 77
132 0
133 50
133 91
134 62
134 111
134 127
135 0
136 86
136 107
136 130
137 92
138 5
138 9
138 47
138 78
139 99
139 143
140 3
140 118
141 35
142 36
142 63
143 112
143 139
144 89
145 8
145 101
146 14
146 85
146 100
147 14
147 84
148 3
149 50
