78.000000
250
0 4
0 43
0 46
0 65
0 106
0 112
0 152
0 191
0 239
0 244
1 58
2 26
3 55
3 178
4 0
4 23
5 62
5 152
5 198
5 232
6 120
7 88
7 229
8 129
8 136
9 87
10 21
10 99
11 26
12 243
13 96
13 200
14 38
14 224
15 31
16 91
17 31
18 51
18 58
19 225
20 227
21 10
21 182
22 99
22 248
23 4
23 51
24 126
24 174
25 27
25 73
25 80
25 244
26 2
26 11
26 68
26 90
26 159
26 213
27 25
27 134
28 83
28 184
29 33
30 114
31 15
31 17
31 59
31 138
31 172
31 198
32 102
32 208
33 29
33 48
34 71
35 134
35 146
36 99
37 92
37 138
37 155
38 14
39 164
40 57
40 144
40 176
41 131
42 111
42 128
42 130
42 157
43 0
44 112
45 63
45 134
46 0
46 219
47 68
47 105
47 123
48 33
48 85
48 115
49 185
50 132
51 18
51 23
51 95
52 154
53 229
54 94
55 3
56 78
56 184
57 40
57 158
58 1
58 18
58 141
58 156
58 199
59 31
60 89
60 166
61 123
62 5
63 45
64 106
64 142
64 147
64 187
64 233
64 247
65 0
65 189
65 215
66 87
66 95
66 126
66 161
67 77
68 26
68 47
68 142
69 229
70 190
71 34
71 196
72 78
72 188
72 239
73 25
74 127
75 119
75 211
75 218
76 163
77 67
77 110
78 56
78 72
78 201
79 120
80 25
80 173
81 170
81 219
81 229
82 97
82 181
83 28
84 107
85 48
85 206
86 142
87 9
87 66
87 121
87 179
87 230
87 231
88 7
89 60
89 242
90 26
91 16
91 122
91 238
92 37
92 151
93 179
94 54
94 100
94 125
94 188
95 51
95 66
96 13
96 148
96 196
96 235
97 82
98 247
99 10
99 22
99 36
100 94
101 127
102 32
102 162
103 114
104 114
105 47
105 171
106 0
106 64
107 84
107 110
107 226
108 124
109 152
109 238
110 77
110 107
111 42
111 183
111 219
112 0
112 44
112 194
112 203
113 157
114 30
114 103
114 104
114 149
114 223
115 48
115 124
115 181
115 187
116 190
116 203
116 223
116 245
117 243
118 119
119 75
119 118
120 6
120 79
120 183
121 87
122 91
123 47
123 61
124 108
124 115
124 137
125 94
126 24
126 66
126 180
127 74
127 101
127 141
128 42
129 8
129 145
129 242
130 42
131 41
131 186
131 214
131 238
132 50
132 170
132 185
133 183
134 27
134 35
134 45
135 204
135 241
136 8
137 124
138 31
138 37
139 183
140 229
141 58
141 127
142 64
142 68
142 86
143 152
143 220
144 40
144 193
145 129
145 221
145 227
146 35
147 64
148 96
149 114
150 190
151 92
151 192
151 234
152 0
152 5
152 109
152 143
152 210
153 162
154 52
154 192
155 37
156 58
157 42
157 113
158 57
159 26
160 173
161 66
161 222
162 102
162 153
163 76
163 245
164 39
164 224
165 207
166 60
166 191
166 240
167 168
167 224
168 167
169 181
170 81
170 132
170 175
171 105
171 246
172 31
173 80
173 160
173 177
174 24
175 170
176 40
176 189
176 209
177 173
178 3
178 204
179 87
179 93
179 225
180 126
181 82
181 115
181 169
182 21
183 111
183 120
183 133
183 139
184 28
184 56
185 49
185 132
186 131
187 64
187 115
188 72
188 94
189 65
189 176
190 70
190 116
190 150
191 0
191 166
192 151
192 154
192 205
193 144
193 243
194 112
194 228
195 207
196 71
196 96
197 237
198 5
198 31
199 58
200 13
201 78
201 224
202 228
202 236
202 237
203 112
203 116
203 204
204 135
204 178
204 203
205 192
206 85
207 165
207 195
207 229
208 32
208 221
209 176
209 235
210 152
211 75
212 243
213 26
214 131
215 65
216 243
217 223
217 226
218 75
218 230
219 46
219 81
219 111
220 143
221 145
221 208
222 161
223 114
223 116
223 217
224 14
224 164
224 167
224 201
225 19
225 179
226 107
226 217
227 20
227 145
228 194
228 202
229 7
229 53
229 69
229 81
229 140
229 207
229 249
230 87
230 218
231 87
232 5
233 64
234 151
235 96
235 209
235 248
236 202
237 197
237 202
238 91
238 109
238 131
239 0
239 72
240 166
241 135
242 89
242 129
243 12
243 117
243 193
243 212
243 216
244 0
244 25
245 116
245 163
246 171
247 64
247 98
248 22
248 235
249 229
