41.000000
250
0 10
0 15
0 17
0 22
0 40
0 54
0 74
0 102
0 116
0 126
0 131
0 133
0 138
0 145
0 148
0 169
0 175
0 176
0 188
0 194
0 228
0 231
1 4
1 141
2 9
2 19
2 31
2 76
2 135
2 200
3 208
4 1
5 6
5 147
6 5
6 35
6 77
6 91
6 143
6 155
6 201
6 223
6 233
6 238
7 12
7 159
8 32
9 2
10 0
10 181
11 36
12 7
12 152
12 169
13 241
14 146
14 243
15 0
15 18
15 88
15 129
16 222
17 0
17 193
18 15
18 78
18 182
19 2
20 113
20 193
21 230
21 243
22 0
22 60
23 187
23 204
24 90
24 176
25 240
26 172
27 158
27 243
28 80
28 214
29 74
30 48
30 110
30 112
30 243
31 2
32 8
32 34
32 137
32 170
32 203
33 65
33 94
34 32
35 6
36 11
36 72
36 100
36 111
36 134
37 109
38 145
39 236
40 0
40 76
41 246
42 126
42 140
42 171
43 120
44 120
45 51
45 66
46 73
47 222
48 30
49 95
49 103
49 235
50 238
51 45
52 177
52 232
53 64
53 89
53 142
53 202
54 0
54 236
55 168
55 212
56 151
57 128
58 98
58 196
59 96
59 167
60 22
60 118
60 198
61 75
61 80
62 136
63 81
64 53
64 67
64 132
65 33
66 45
66 211
67 64
68 154
69 110
70 90
71 169
71 247
72 36
73 46
73 192
73 194
74 0
74 29
74 105
75 61
76 2
76 40
76 178
77 6
77 205
78 18
79 160
79 182
80 28
80 61
80 115
81 63
81 140
82 174
82 209
83 157
84 234
84 239
85 134
86 189
86 232
87 187
88 15
88 241
89 53
90 24
90 70
90 106
90 165
90 242
91 6
91 194
92 139
93 106
94 33
94 122
94 125
95 49
96 59
96 134
97 140
98 58
98 217
99 114
99 187
99 206
100 36
100 131
100 184
100 225
101 237
102 0
102 174
103 49
103 133
103 227
103 234
104 138
104 150
105 74
106 90
106 93
107 237
108 228
109 37
109 139
109 249
110 30
110 69
111 36
111 199
112 30
113 20
114 99
115 80
116 0
116 124
116 211
117 142
118 60
118 122
119 202
120 43
120 44
120 181
121 214
122 94
122 118
122 153
122 166
123 204
124 116
125 94
126 0
126 42
126 232
127 212
128 57
128 171
129 15
130 152
131 0
131 100
132 64
133 0
133 103
134 36
134 85
134 96
135 2
136 62
136 154
136 180
136 213
137 32
138 0
138 104
139 92
139 109
139 211
140 42
140 81
140 97
141 1
141 183
141 210
142 53
142 117
142 148
142 248
143 6
144 209
145 0
145 38
145 154
146 14
147 5
148 0
148 142
149 223
150 104
150 156
150 185
150 220
151 56
151 224
151 239
152 12
152 130
153 122
153 191
153 208
154 68
154 136
154 145
154 246
155 6
156 150
156 163
157 83
157 213
158 27
159 7
160 79
160 218
161 176
162 187
163 156
164 165
165 90
165 164
166 122
167 59
168 55
169 0
169 12
169 71
170 32
171 42
171 128
172 26
172 203
173 228
174 82
174 102
175 0
176 0
176 24
176 161
176 190
176 210
177 52
178 76
178 195
179 198
180 136
181 10
181 120
182 18
182 79
183 141
184 100
185 150
185 215
186 206
187 23
187 87
187 99
187 162
188 0
189 86
190 176
191 153
192 73
193 17
193 20
193 222
194 0
194 73
194 91
195 178
196 58
197 207
197 214
197 229
197 236
198 60
198 179
199 111
200 2
201 6
202 53
202 119
203 32
203 172
203 246
204 23
204 123
204 221
205 77
206 99
206 186
206 217
206 231
207 197
208 3
208 153
209 82
209 144
209 212
210 141
210 176
210 219
210 240
211 66
211 116
211 139
211 237
212 55
212 127
212 209
213 136
213 157
214 28
214 121
214 197
215 185
216 227
217 98
217 206
218 160
219 210
220 150
221 204
222 16
222 47
222 193
222 226
223 6
223 149
224 151
225 100
226 222
227 103
227 216
227 244
228 0
228 108
228 173
228 243
229 197
230 21
231 0
231 206
232 52
232 86
232 126
233 6
234 84
234 103
235 49
236 39
236 54
236 197
237 101
237 107
237 211
238 6
238 50
239 84
239 151
240 25
240 210
241 13
241 88
241 245
242 90
243 14
243 21
243 27
243 30
243 228
244 227
245 241
246 41
246 154
246 203
247 71
248 142
249 109
