87.000000
450
0 3
0 25
0 40
0 42
0 47
0 58
0 70
0 96
0 111
0 128
0 204
0 235
0 267
0 281
0 352
1 102
1 390
2 8
3 0
3 396
4 311
5 44
5 327
6 57
7 366
7 387
8 2
8 123
9 82
9 306
9 424
10 256
10 421
11 183
12 122
13 294
13 412
14 399
15 207
16 85
16 227
17 170
18 197
18 350
19 80
19 174
19 208
19 249
19 314
20 237
21 127
21 245
21 256
21 291
21 358
22 424
23 390
24 80
25 0
26 347
26 362
27 200
28 72
28 185
28 205
29 243
30 353
31 55
31 428
32 313
33 200
33 400
33 427
34 185
34 210
34 302
35 97
36 67
36 445
37 185
38 68
38 234
39 273
40 0
40 57
40 130
41 70
41 165
41 418
42 0
42 76
42 318
42 326
42 422
43 313
44 5
44 270
44 279
44 429
45 237
45 295
46 406
47 0
47 229
47 278
47 343
48 187
48 373
48 439
49 231
49 434
50 54
50 61
50 309
51 365
51 397
52 190
52 238
53 353
54 50
55 31
55 63
56 161
56 219
56 414
57 6
57 40
57 64
57 115
58 0
58 147
58 271
58 279
58 316
58 407
59 244
60 164
61 50
61 342
61 412
62 76
62 134
62 382
63 55
64 57
64 263
65 426
66 295
67 36
67 106
68 38
68 174
69 101
70 0
70 41
70 358
71 319
72 28
73 223
73 324
74 390
75 172
75 373
76 42
76 62
76 289
77 295
78 399
79 266
80 19
80 24
81 89
81 90
81 144
81 155
82 9
83 409
84 104
84 136
84 232
84 264
85 16
85 321
86 296
87 343
87 416
88 156
88 183
88 288
88 378
89 81
89 247
89 405
89 410
90 81
90 122
91 433
92 116
92 447
93 244
94 267
94 273
94 390
95 333
96 0
96 174
97 35
97 236
97 252
97 283
98 218
98 242
99 259
100 150
100 183
100 363
101 69
101 238
101 351
102 1
102 272
103 129
103 265
104 84
105 231
106 67
106 158
106 160
106 345
106 430
107 130
107 207
107 374
108 128
108 392
108 441
109 156
109 372
110 154
110 177
110 297
111 0
111 237
111 262
111 383
111 413
112 401
113 219
114 281
115 57
116 92
116 168
116 347
117 215
118 353
119 317
120 291
121 199
121 225
122 12
122 90
123 8
123 151
123 428
124 273
125 152
125 157
125 174
126 230
126 408
127 21
127 435
128 0
128 108
128 163
129 103
130 40
130 107
130 218
130 241
130 333
131 281
132 356
132 376
132 377
133 338
133 398
134 62
135 348
136 84
137 449
138 388
138 424
139 189
139 317
140 158
140 281
140 403
141 185
141 238
142 231
142 322
142 349
143 341
144 81
145 353
146 354
146 357
147 58
147 406
148 378
149 201
150 100
151 123
152 125
153 317
154 110
155 81
155 164
155 202
156 88
156 109
157 125
158 106
158 140
158 447
159 194
160 106
160 250
161 56
162 164
163 128
163 206
163 274
163 299
164 60
164 155
164 162
164 260
165 41
165 265
166 297
167 439
168 116
168 386
169 198
170 17
170 248
171 396
172 75
173 390
174 19
174 68
174 96
174 125
174 307
174 437
175 176
175 208
176 175
177 110
178 418
178 423
178 436
179 399
180 273
181 266
182 259
183 11
183 88
183 100
183 195
183 406
184 334
184 357
185 28
185 34
185 37
185 141
185 261
185 280
185 301
185 310
185 339
185 419
185 420
186 204
186 323
187 48
188 380
189 139
189 237
189 285
190 52
190 212
191 214
191 355
192 345
193 348
194 159
194 198
194 221
194 308
194 441
195 183
196 413
197 18
197 276
198 169
198 194
199 121
199 240
200 27
200 33
201 149
201 246
201 364
201 369
201 371
201 389
201 398
202 155
202 313
203 386
204 0
204 186
204 211
204 290
205 28
206 163
207 15
207 107
208 19
208 175
209 266
210 34
211 204
211 313
211 361
212 190
213 295
214 191
214 266
215 117
215 449
216 251
216 292
216 377
217 266
218 98
218 130
219 56
219 113
219 326
219 328
220 275
221 194
222 297
223 73
224 313
225 121
225 298
226 343
226 367
227 16
228 277
229 47
230 126
231 49
231 105
231 142
231 443
232 84
232 444
233 324
234 38
235 0
236 97
237 20
237 45
237 111
237 189
238 52
238 101
238 141
238 352
238 380
239 406
240 199
240 273
241 130
242 98
243 29
243 449
244 59
244 93
244 281
245 21
246 201
247 89
248 170
248 313
249 19
249 424
250 160
250 315
251 216
252 97
252 258
253 373
253 385
254 280
254 355
255 361
256 10
256 21
256 268
257 374
258 252
258 296
258 390
259 99
259 182
259 307
260 164
261 185
262 111
263 64
263 282
264 84
265 103
265 165
265 329
266 79
266 181
266 209
266 214
266 217
266 417
266 432
267 0
267 94
268 256
268 293
269 379
270 44
271 58
272 102
273 39
273 94
273 124
273 180
273 240
273 312
274 163
274 305
275 220
275 285
276 197
277 228
277 348
278 47
278 444
279 44
279 58
280 185
280 254
281 0
281 114
281 131
281 140
281 244
282 263
283 97
283 360
283 425
284 340
285 189
285 275
286 443
287 426
288 88
288 438
289 76
290 204
290 300
291 21
291 120
292 216
293 268
294 13
294 442
295 45
295 66
295 77
295 213
295 319
295 395
296 86
296 258
297 110
297 166
297 222
297 396
297 434
298 225
299 163
299 350
299 428
300 290
301 185
302 34
303 355
304 375
305 274
306 9
307 174
307 259
308 194
309 50
309 381
310 185
311 4
311 379
311 384
311 448
312 273
313 32
313 43
313 202
313 211
313 224
313 248
313 331
314 19
314 399
315 250
315 359
315 440
316 58
316 402
317 119
317 139
317 153
318 42
318 409
319 71
319 295
320 353
321 85
321 336
322 142
323 186
324 73
324 233
324 361
324 375
325 404
326 42
326 219
327 5
328 219
328 337
329 265
330 443
331 313
332 403
333 95
333 130
333 371
333 431
334 184
335 391
336 321
336 338
337 328
338 133
338 336
338 404
339 185
340 284
340 442
341 143
341 448
342 61
343 47
343 87
343 226
343 354
344 419
345 106
345 192
346 441
347 26
347 116
348 135
348 193
348 277
348 358
349 142
350 18
350 299
351 101
352 0
352 238
353 30
353 53
353 118
353 145
353 320
353 391
353 392
354 146
354 343
355 191
355 254
355 303
356 132
357 146
357 184
358 21
358 70
358 348
359 315
360 283
361 211
361 255
361 324
361 411
362 26
363 100
364 201
364 368
365 51
366 7
367 226
367 370
368 364
369 201
370 367
371 201
371 333
372 109
373 48
373 75
373 253
373 444
374 107
374 257
375 304
375 324
376 132
376 416
376 446
377 132
377 216
378 88
378 148
379 269
379 311
380 188
380 238
381 309
381 396
382 62
383 111
384 311
385 253
386 168
386 203
387 7
387 449
388 138
389 201
390 1
390 23
390 74
390 94
390 173
390 258
390 393
391 335
391 353
392 108
392 353
393 390
393 433
394 446
395 295
396 3
396 171
396 297
396 381
397 51
397 413
398 133
398 201
399 14
399 78
399 179
399 314
400 33
400 415
401 112
401 407
402 316
403 140
403 332
404 325
404 338
405 89
406 46
406 147
406 183
406 239
407 58
407 401
408 126
408 413
408 426
409 83
409 318
409 449
410 89
411 361
412 13
412 61
413 111
413 196
413 397
413 408
414 56
415 400
415 436
416 87
416 376
417 266
418 41
418 178
419 185
419 344
420 185
421 10
422 42
422 448
423 178
424 9
424 22
424 138
424 249
425 283
426 65
426 287
426 408
427 33
428 31
428 123
428 299
429 44
430 106
431 333
432 266
433 91
433 393
434 49
434 297
435 127
436 178
436 415
437 174
438 288
439 48
439 167
440 315
441 108
441 194
441 346
442 294
442 340
443 231
443 286
443 330
444 232
444 278
444 373
445 36
446 376
446 394
447 92
447 158
448 311
448 341
448 422
449 137
449 215
449 243
449 387
449 409
