77.000000
200
0 16
0 46
0 48
0 57
0 60
0 139
0 152
1 163
2 112
2 141
3 134
4 31
5 165
6 175
7 30
8 63
8 195
9 144
10 25
11 116
11 118
11 144
12 64
12 104
12 139
13 184
14 192
15 27
15 28
15 189
16 0
16 95
17 71
17 158
18 82
18 86
18 97
19 174
20 70
21 102
21 159
22 56
22 89
22 105
23 92
23 93
24 138
25 10
25 44
25 73
26 30
26 72
26 83
27 15
28 15
28 47
28 196
29 33
29 123
29 160
29 190
30 7
30 26
30 53
30 120
31 4
31 188
31 193
32 110
32 117
33 29
33 90
33 154
33 171
34 46
35 63
35 197
36 167
37 45
38 185
39 187
40 82
41 62
41 106
42 63
42 73
43 54
44 25
44 88
44 142
44 159
45 37
45 63
46 0
46 34
46 133
46 161
47 28
47 105
47 132
47 177
48 0
48 98
49 71
50 76
50 131
51 194
52 65
52 151
53 30
53 76
54 43
54 64
54 124
55 192
56 22
57 0
57 79
57 181
58 149
58 166
59 140
59 198
60 0
60 74
61 192
62 41
62 82
62 103
62 184
63 8
63 35
63 42
63 45
63 121
63 156
63 173
64 12
64 54
64 78
64 196
65 52
65 175
66 109
67 68
67 77
67 119
67 145
67 163
67 167
67 175
68 67
69 85
69 165
70 20
70 93
71 17
71 49
72 26
73 25
73 42
73 138
74 60
74 141
74 183
75 95
75 159
76 50
76 53
76 115
77 67
77 148
78 64
79 57
79 108
79 192
80 123
80 152
81 113
81 127
81 128
81 194
82 18
82 40
82 62
82 114
82 155
83 26
83 147
84 86
85 69
86 18
86 84
87 163
88 44
89 22
89 193
90 33
90 116
91 130
91 191
92 23
93 23
93 70
93 186
94 98
94 101
94 125
94 166
95 16
95 75
96 124
97 18
98 48
98 94
99 100
100 99
100 171
101 94
101 109
102 21
103 62
104 12
105 22
105 47
106 41
106 186
107 108
108 79
108 107
108 167
109 66
109 101
109 150
110 32
111 133
111 174
112 2
113 81
113 197
114 82
115 76
116 11
116 90
117 32
117 126
117 188
118 11
118 130
119 67
120 30
120 135
120 153
120 165
121 63
122 142
123 29
123 80
124 54
124 96
124 187
125 94
126 117
127 81
128 81
129 192
130 91
130 118
130 143
131 50
132 47
133 46
133 111
133 135
134 3
134 172
135 120
135 133
135 136
136 135
136 179
137 154
138 24
138 73
139 0
139 12
140 59
141 2
141 74
142 44
142 122
142 180
143 130
144 9
144 11
145 67
146 151
147 83
147 176
148 77
149 58
150 109
151 52
151 146
152 0
152 80
152 178
153 120
154 33
154 137
154 185
155 82
155 162
155 183
156 63
157 171
158 17
158 184
159 21
159 44
159 75
160 29
161 46
161 198
162 155
163 1
163 67
163 87
164 195
165 5
165 69
165 120
166 58
166 94
166 170
167 36
167 67
167 108
168 184
169 188
170 166
170 172
171 33
171 100
171 157
172 134
172 170
173 63
173 182
174 19
174 111
174 199
175 6
175 65
175 67
176 147
177 47
178 152
179 136
180 142
181 57
182 173
183 74
183 155
184 13
184 62
184 158
184 168
185 38
185 154
186 93
186 106
187 39
187 124
188 31
188 117
188 169
189 15
190 29
191 91
192 14
192 55
192 61
192 79
192 129
193 31
193 89
194 51
194 81
195 8
195 164
196 28
196 64
197 35
197 113
198 59
198 161
199 174
