33.000000
450
0 2
0 26
0 41
0 66
0 74
0 79
0 100
0 120
0 132
0 141
0 145
0 157
0 158
0 160
0 168
0 176
0 181
0 184
0 186
0 218
0 221
0 241
0 242
0 250
0 269
0 290
0 291
0 304
0 311
0 328
0 356
0 359
0 364
0 370
0 387
0 396
0 402
0 405
0 407
0 422
0 433
0 440
0 441
0 449
1 33
2 0
2 191
3 401
4 142
5 50
5 216
5 251
6 358
7 433
8 256
9 224
10 174
11 22
11 232
11 311
12 144
12 322
13 446
14 195
15 337
16 449
17 191
18 305
19 54
19 261
20 72
20 103
20 195
20 242
21 226
22 11
22 279
23 427
24 51
25 322
26 0
26 165
26 273
26 317
27 229
27 379
28 303
28 402
29 263
30 97
31 273
32 356
33 1
33 46
33 55
33 235
33 282
33 407
34 100
35 168
35 292
36 82
36 378
37 76
37 364
38 186
39 404
40 228
40 309
41 0
41 249
41 318
42 301
42 393
42 419
43 221
44 66
45 225
46 33
47 51
47 75
47 204
47 335
47 377
47 430
48 426
49 297
49 411
50 5
50 159
51 24
51 47
51 125
51 149
51 449
52 270
52 288
53 331
54 19
54 264
55 33
55 366
56 142
56 197
57 203
58 146
58 277
59 86
59 244
59 413
60 154
60 367
60 389
60 422
61 121
62 258
62 322
63 129
63 199
64 211
64 314
64 322
65 200
66 0
66 44
66 363
67 126
68 200
68 244
69 427
69 432
70 323
71 379
72 20
73 256
74 0
74 442
75 47
76 37
76 109
76 116
76 135
77 117
77 124
77 391
77 396
78 163
78 333
78 372
78 440
79 0
80 273
81 214
81 383
82 36
82 128
82 134
82 145
82 285
83 383
84 220
85 269
86 59
87 263
88 441
89 181
89 354
90 194
90 325
90 425
91 424
92 115
92 278
93 370
94 218
95 105
95 358
96 275
97 30
97 254
98 298
98 304
99 244
99 326
100 0
100 34
100 289
101 438
102 174
103 20
104 447
105 95
106 150
107 401
107 426
108 113
108 220
108 385
108 394
108 424
108 433
109 76
110 264
110 346
111 322
112 327
113 108
114 200
115 92
115 126
115 132
116 76
117 77
117 217
118 132
119 336
120 0
120 256
120 264
121 61
121 425
122 315
122 411
123 185
124 77
124 265
124 351
125 51
126 67
126 115
127 334
127 422
128 82
128 343
129 63
129 319
129 363
129 403
130 260
131 262
132 0
132 115
132 118
132 340
132 439
133 323
134 82
135 76
136 191
136 296
137 193
137 338
138 158
138 358
139 296
139 321
140 401
141 0
141 409
142 4
142 56
142 290
142 448
143 162
143 241
143 270
144 12
144 180
145 0
145 82
146 58
147 276
148 153
148 177
148 219
148 233
148 264
149 51
150 106
150 410
151 173
152 252
152 328
153 148
154 60
155 423
156 207
156 387
157 0
157 237
158 0
158 138
159 50
159 160
159 236
159 437
160 0
160 159
161 293
162 143
162 179
163 78
163 266
164 254
164 268
165 26
165 337
166 322
167 235
168 0
168 35
168 379
169 310
169 341
169 348
170 365
171 401
172 281
173 151
173 281
173 400
174 10
174 102
174 187
174 300
175 344
176 0
176 185
176 187
177 148
178 231
179 162
179 382
180 144
181 0
181 89
181 411
182 275
182 387
183 353
183 435
184 0
184 426
185 123
185 176
185 323
186 0
186 38
187 174
187 176
188 220
189 197
190 225
191 2
191 17
191 136
191 253
192 320
192 440
193 137
194 90
194 225
194 328
195 14
195 20
195 223
196 437
197 56
197 189
198 414
199 63
200 65
200 68
200 114
201 367
202 268
203 57
203 306
203 365
204 47
205 348
206 421
207 156
207 302
207 360
208 304
209 246
209 379
210 396
211 64
212 239
212 295
213 407
214 81
215 244
216 5
217 117
217 376
218 0
218 94
218 341
219 148
220 84
220 108
220 188
221 0
221 43
221 245
221 443
222 281
223 195
224 9
224 227
224 379
225 45
225 190
225 194
226 21
226 250
226 339
227 224
228 40
229 27
230 320
231 178
231 267
231 397
232 11
232 357
233 148
233 330
234 237
235 33
235 167
236 159
237 157
237 234
237 313
238 431
239 212
240 337
241 0
241 143
242 0
242 20
242 397
243 320
244 59
244 68
244 99
244 215
244 269
245 221
246 209
247 313
248 354
249 41
249 299
249 371
250 0
250 226
250 374
251 5
252 152
253 191
254 97
254 164
254 316
254 356
255 408
255 443
256 8
256 73
256 120
257 387
258 62
259 400
260 130
260 422
261 19
262 131
262 311
263 29
263 87
263 442
264 54
264 110
264 120
264 148
265 124
266 163
267 231
268 164
268 202
269 0
269 85
269 244
270 52
270 143
271 318
271 355
271 384
272 363
272 415
273 26
273 31
273 80
273 362
273 416
274 320
274 386
274 399
275 96
275 182
276 147
276 281
277 58
277 341
278 92
279 22
280 413
281 172
281 173
281 222
281 276
281 327
281 441
282 33
283 443
284 368
285 82
285 329
285 434
286 344
287 318
288 52
289 100
289 383
289 423
290 0
290 142
290 406
291 0
291 353
292 35
293 161
293 304
293 331
294 321
295 212
295 385
296 136
296 139
297 49
298 98
298 305
298 381
299 249
300 174
300 388
301 42
302 207
303 28
304 0
304 98
304 208
304 293
304 395
305 18
305 298
306 203
307 353
308 401
309 40
309 419
310 169
311 0
311 11
311 262
312 363
313 237
313 247
313 347
313 404
314 64
315 122
316 254
316 418
317 26
318 41
318 271
318 287
319 129
320 192
320 230
320 243
320 274
321 139
321 294
322 12
322 25
322 62
322 64
322 111
322 166
322 405
322 431
323 70
323 133
323 185
323 390
324 353
325 90
326 99
327 112
327 281
328 0
328 152
328 194
329 285
330 233
331 53
331 293
332 394
333 78
334 127
335 47
335 445
336 119
336 443
337 15
337 165
337 240
338 137
338 365
338 421
339 226
339 412
340 132
341 169
341 218
341 277
341 447
342 347
343 128
343 361
344 175
344 286
344 352
344 374
344 432
345 358
346 110
347 313
347 342
348 169
348 205
349 353
350 353
351 124
352 344
353 183
353 291
353 307
353 324
353 349
353 350
353 410
353 444
354 89
354 248
355 271
356 0
356 32
356 254
356 398
357 232
358 6
358 95
358 138
358 345
358 375
358 436
359 0
360 207
361 343
362 273
363 66
363 129
363 272
363 312
364 0
364 37
365 170
365 203
365 338
365 370
366 55
367 60
367 201
367 428
368 284
368 422
369 400
370 0
370 93
370 365
371 249
372 78
373 444
374 250
374 344
375 358
376 217
377 47
378 36
379 27
379 71
379 168
379 209
379 224
380 439
381 298
382 179
383 81
383 83
383 289
384 271
385 108
385 295
386 274
387 0
387 156
387 182
387 257
388 300
389 60
390 323
391 77
392 443
393 42
394 108
394 332
395 304
396 0
396 77
396 210
397 231
397 242
398 356
399 274
400 173
400 259
400 369
401 3
401 107
401 140
401 171
401 308
402 0
402 28
402 419
403 129
404 39
404 313
405 0
405 322
406 290
407 0
407 33
407 213
408 255
409 141
410 150
410 353
411 49
411 122
411 181
412 339
413 59
413 280
414 198
414 442
415 272
416 273
417 439
418 316
419 42
419 309
419 402
420 448
421 206
421 338
422 0
422 60
422 127
422 260
422 368
423 155
423 289
424 91
424 108
425 90
425 121
426 48
426 107
426 184
427 23
427 69
427 429
428 367
429 427
430 47
431 238
431 322
432 69
432 344
433 0
433 7
433 108
434 285
435 183
436 358
437 159
437 196
438 101
438 440
439 132
439 380
439 417
440 0
440 78
440 192
440 438
441 0
441 88
441 281
442 74
442 263
442 414
442 446
443 221
443 255
443 283
443 336
443 392
444 353
444 373
445 335
446 13
446 442
447 104
447 341
448 142
448 420
449 0
449 16
449 51
