46.000000
300
0 15
0 20
0 22
0 23
0 32
0 43
0 55
0 102
0 117
0 126
0 129
0 137
0 139
0 142
0 143
0 185
0 199
0 271
0 282
0 291
0 299
1 25
1 197
1 217
1 235
1 299
2 44
2 113
3 51
4 87
5 94
6 285
7 45
7 71
7 245
8 22
9 114
9 117
9 188
10 241
11 178
12 208
13 110
14 294
15 0
15 78
15 145
15 156
15 255
16 41
16 147
17 86
17 142
18 131
18 211
19 143
19 198
19 248
19 273
19 279
19 292
20 0
20 69
20 296
21 62
21 289
22 0
22 8
22 51
22 76
22 174
22 259
23 0
23 34
23 38
23 144
23 160
24 204
24 210
25 1
25 85
25 295
26 291
27 271
28 128
29 145
29 283
30 112
30 196
31 273
32 0
32 56
32 130
32 157
32 260
33 118
33 258
34 23
34 222
34 294
35 101
36 255
37 39
37 82
37 181
37 228
38 23
39 37
39 146
39 199
40 117
40 124
41 16
41 99
41 155
42 188
43 0
43 281
44 2
44 186
45 7
45 268
46 221
46 230
47 93
47 117
48 116
49 96
49 166
49 223
50 274
51 3
51 22
52 81
53 69
53 298
54 106
54 211
55 0
55 195
55 280
55 289
56 32
56 238
56 239
57 176
57 189
58 92
59 291
60 99
60 256
61 107
62 21
63 269
64 286
65 190
65 233
66 154
66 293
67 199
68 214
69 20
69 53
70 256
71 7
71 208
71 271
72 293
73 272
74 247
75 187
76 22
76 81
76 121
76 175
77 168
78 15
79 235
80 202
80 281
81 52
81 76
81 95
81 135
81 200
81 218
81 219
82 37
83 203
84 87
85 25
86 17
87 4
87 84
87 274
88 107
88 206
88 266
89 282
90 210
91 115
92 58
92 107
92 173
92 180
93 47
94 5
94 169
94 246
95 81
96 49
96 98
96 100
96 192
96 291
97 210
98 96
98 127
99 41
99 60
99 116
99 122
100 96
101 35
101 118
102 0
102 105
103 148
104 184
105 102
105 115
105 171
105 265
106 54
106 207
107 61
107 88
107 92
107 139
107 231
108 247
108 278
109 129
109 164
109 170
110 13
110 133
110 138
110 172
110 263
111 113
112 30
112 117
113 2
113 111
113 265
114 9
115 91
115 105
115 177
115 269
116 48
116 99
117 0
117 9
117 40
117 47
117 112
117 120
117 151
117 244
118 33
118 101
118 128
118 184
118 195
118 236
118 252
119 179
120 117
121 76
122 99
122 212
122 297
123 208
124 40
124 264
125 273
126 0
126 153
126 154
126 233
126 261
127 98
128 28
128 118
129 0
129 109
129 211
129 224
129 247
129 277
130 32
131 18
132 145
133 110
134 195
135 81
136 292
137 0
137 256
138 110
139 0
139 107
140 279
141 225
142 0
142 17
142 167
143 0
143 19
143 232
144 23
145 15
145 29
145 132
145 191
145 193
146 39
147 16
148 103
148 224
149 205
150 294
151 117
151 201
152 211
153 126
154 66
154 126
154 182
154 243
155 41
156 15
156 158
156 179
157 32
157 285
158 156
158 159
159 158
160 23
161 232
162 214
163 192
164 109
165 281
166 49
167 142
167 187
167 214
168 77
168 244
169 94
170 109
171 105
171 286
172 110
172 185
173 92
174 22
175 76
176 57
177 115
178 11
178 256
179 119
179 156
179 254
180 92
181 37
182 154
183 261
183 275
184 104
184 118
184 240
185 0
185 172
185 210
186 44
187 75
187 167
188 9
188 42
189 57
189 241
189 282
190 65
191 145
192 96
192 163
193 145
194 279
195 55
195 118
195 134
196 30
197 1
197 229
198 19
199 0
199 39
199 67
200 81
201 151
202 80
203 83
203 226
204 24
205 149
205 257
205 259
206 88
207 106
208 12
208 71
208 123
209 272
209 284
210 24
210 90
210 97
210 185
210 288
211 18
211 54
211 129
211 152
212 122
213 248
214 68
214 162
214 167
215 245
216 272
216 287
217 1
218 81
219 81
220 296
221 46
221 226
222 34
223 49
224 129
224 148
225 141
225 238
226 203
226 221
226 255
227 239
228 37
229 197
230 46
231 107
232 143
232 161
233 65
233 126
233 270
234 271
235 1
235 79
236 118
237 273
238 56
238 225
239 56
239 227
240 184
241 10
241 189
242 285
243 154
244 117
244 168
245 7
245 215
246 94
246 256
247 74
247 108
247 129
248 19
248 213
248 250
249 251
250 248
251 249
251 299
252 118
253 270
254 179
255 15
255 36
255 226
256 60
256 70
256 137
256 178
256 246
257 205
258 33
259 22
259 205
260 32
260 276
261 126
261 183
262 298
263 110
264 124
265 105
265 113
266 88
266 274
267 293
268 45
269 63
269 115
270 233
270 253
271 0
271 27
271 71
271 234
272 73
272 209
272 216
272 282
273 19
273 31
273 125
273 237
274 50
274 87
274 266
275 183
276 260
277 129
278 108
279 19
279 140
279 194
280 55
281 43
281 80
281 165
282 0
282 89
282 189
282 272
283 29
284 209
285 6
285 157
285 242
286 64
286 171
287 216
288 210
289 21
289 55
290 294
291 0
291 26
291 59
291 96
292 19
292 136
293 66
293 72
293 267
294 14
294 34
294 150
294 290
295 25
296 20
296 220
297 122
298 53
298 262
299 0
299 1
299 251
