50.000000
350
0 26
0 34
0 40
0 45
0 53
0 72
0 80
0 89
0 116
0 129
0 135
0 141
0 159
0 160
0 165
0 181
0 197
0 221
0 235
0 275
0 280
0 301
0 302
0 343
1 152
1 276
2 155
2 267
3 216
3 330
4 336
5 325
6 338
7 146
7 273
8 152
8 272
9 74
9 167
10 75
10 269
11 257
12 140
13 133
13 169
13 285
13 313
14 264
15 80
16 130
16 329
16 337
17 347
18 176
19 241
20 82
20 111
20 119
20 135
20 237
20 347
21 109
22 131
23 226
23 276
24 100
24 338
25 177
26 0
26 66
26 67
26 261
27 149
28 217
28 286
29 141
29 213
30 226
31 34
31 195
31 255
31 271
32 265
33 172
34 0
34 31
34 62
34 227
35 121
35 261
36 152
36 202
36 228
37 82
38 263
39 142
39 166
40 0
40 163
40 285
40 342
41 331
42 159
42 338
43 78
43 128
43 277
43 320
44 90
44 181
44 198
44 239
44 309
45 0
46 65
46 209
47 85
47 185
47 345
48 149
49 167
50 267
51 129
51 265
52 279
53 0
53 146
53 148
54 98
54 104
54 137
54 244
54 248
54 348
55 340
56 93
56 292
56 332
57 68
58 189
59 340
60 243
61 152
62 34
63 159
64 113
64 303
64 305
65 46
66 26
66 340
67 26
67 250
68 57
68 74
68 130
69 280
70 78
70 291
71 326
72 0
73 91
73 116
73 314
74 9
74 68
75 10
75 177
75 194
76 218
76 246
77 145
78 43
78 70
79 174
80 0
80 15
80 292
81 158
81 317
82 20
82 37
82 219
83 340
84 299
85 47
85 304
86 175
86 290
87 165
87 172
87 187
88 116
88 162
89 0
89 122
89 126
89 211
90 44
90 114
90 207
91 73
91 145
91 230
92 261
93 56
93 118
93 307
94 203
94 299
95 132
96 153
97 164
98 54
99 193
99 292
100 24
101 324
102 168
102 206
103 236
103 315
104 54
105 156
105 200
105 258
105 271
106 167
107 109
108 191
109 21
109 107
109 286
110 191
111 20
112 184
113 64
114 90
115 119
116 0
116 73
116 88
116 125
116 182
116 220
116 294
117 338
118 93
118 131
118 224
119 20
119 115
119 176
120 205
121 35
122 89
122 140
122 189
123 151
123 296
124 192
124 240
124 322
125 116
126 89
126 274
126 325
127 245
128 43
129 0
129 51
130 16
130 68
131 22
131 118
131 316
132 95
132 299
133 13
134 153
135 0
135 20
135 328
136 198
137 54
137 280
138 254
139 186
139 210
140 12
140 122
141 0
141 29
141 186
141 288
142 39
143 179
143 184
143 209
143 242
144 342
145 77
145 91
145 234
145 270
146 7
146 53
147 155
148 53
148 180
148 183
149 27
149 48
149 264
150 229
150 336
151 123
151 201
152 1
152 8
152 36
152 61
152 159
152 212
153 96
153 134
153 311
153 336
154 177
155 2
155 147
156 105
157 168
158 81
158 220
159 0
159 42
159 63
159 152
160 0
161 259
162 88
163 40
164 97
164 265
165 0
165 87
165 177
166 39
166 225
166 238
166 349
167 9
167 49
167 106
167 289
167 319
168 102
168 157
169 13
170 335
171 253
172 33
172 87
173 296
174 79
174 224
175 86
175 267
175 296
176 18
176 119
177 25
177 75
177 154
177 165
178 294
179 143
180 148
180 259
181 0
181 44
182 116
183 148
184 112
184 143
185 47
186 139
186 141
186 306
187 87
187 336
188 255
189 58
189 122
190 296
191 108
191 110
191 256
191 263
191 331
192 124
192 279
193 99
193 341
194 75
195 31
196 265
197 0
197 216
198 44
198 136
198 344
199 296
200 105
201 151
202 36
203 94
203 293
204 222
205 120
205 280
206 102
206 286
206 327
207 90
208 259
209 46
209 143
209 218
209 260
209 343
210 139
210 323
211 89
212 152
213 29
213 243
213 333
213 334
214 296
215 273
216 3
216 197
216 254
216 262
216 286
216 297
217 28
218 76
218 209
218 245
219 82
220 116
220 158
220 346
221 0
221 296
222 204
222 299
223 275
224 118
224 174
225 166
226 23
226 30
227 34
227 312
228 36
229 150
230 91
230 335
231 298
232 348
233 237
234 145
235 0
235 279
235 305
236 103
236 242
237 20
237 233
238 166
239 44
240 124
241 19
241 266
241 284
241 288
241 295
242 143
242 236
243 60
243 213
243 287
244 54
244 349
245 127
245 218
246 76
247 264
248 54
249 252
249 296
249 298
250 67
251 312
252 249
252 253
253 171
253 252
254 138
254 216
255 31
255 188
255 264
256 191
257 11
257 338
258 105
259 161
259 180
259 208
260 209
261 26
261 35
261 92
262 216
263 38
263 191
263 342
264 14
264 149
264 247
264 255
265 32
265 51
265 164
265 196
266 241
267 2
267 50
267 175
268 312
269 10
270 145
271 31
271 105
272 8
273 7
273 215
274 126
275 0
275 223
275 319
276 1
276 23
277 43
278 317
279 52
279 192
279 235
280 0
280 69
280 137
280 205
280 308
281 334
282 283
283 282
283 299
284 241
285 13
285 40
286 28
286 109
286 206
286 216
287 243
288 141
288 241
289 167
290 86
291 70
291 299
292 56
292 80
292 99
293 203
294 116
294 178
295 241
296 123
296 173
296 175
296 190
296 199
296 214
296 221
296 249
297 216
298 231
298 249
299 84
299 94
299 132
299 222
299 283
299 291
299 302
299 345
300 313
301 0
301 321
302 0
302 299
303 64
304 85
305 64
305 235
305 324
306 186
307 93
308 280
309 44
309 318
310 344
311 153
312 227
312 251
312 268
313 13
313 300
314 73
315 103
316 131
317 81
317 278
318 309
319 167
319 275
320 43
321 301
322 124
323 210
324 101
324 305
325 5
325 126
326 71
326 336
327 206
328 135
329 16
330 3
331 41
331 191
332 56
333 213
333 339
334 213
334 281
335 170
335 230
336 4
336 150
336 153
336 187
336 326
337 16
338 6
338 24
338 42
338 117
338 257
339 333
340 55
340 59
340 66
340 83
341 193
342 40
342 144
342 263
343 0
343 209
344 198
344 310
345 47
345 299
346 220
347 17
347 20
348 54
348 232
349 166
349 244
