45.000000
150
0 10
0 13
0 20
0 24
0 31
0 33
0 34
0 41
0 50
0 54
0 64
0 65
0 69
0 87
0 92
0 98
0 115
1 29
1 87
2 12
2 41
2 89
3 7
3 28
3 90
4 6
5 36
5 47
6 4
6 43
6 63
6 96
7 3
7 58
7 78
8 21
9 76
9 96
10 0
11 103
12 2
13 0
13 40
13 46
14 64
15 89
16 28
16 103
17 25
18 27
18 99
19 103
20 0
20 37
21 8
21 52
21 91
22 26
22 140
23 129
23 135
24 0
24 78
25 17
25 78
26 22
26 100
26 117
27 18
27 123
27 125
27 129
28 3
28 16
29 1
29 39
29 62
30 86
30 98
30 108
31 0
31 42
31 59
32 120
32 124
33 0
33 35
34 0
34 81
35 33
36 5
36 48
36 90
37 20
38 72
39 29
39 53
40 13
40 45
40 73
41 0
41 2
42 31
42 60
42 67
42 111
43 6
43 136
44 51
44 66
44 75
44 83
44 92
44 110
45 40
46 13
47 5
48 36
48 70
48 134
49 57
49 125
50 0
51 44
52 21
53 39
54 0
55 56
55 117
56 55
56 127
57 49
58 7
59 31
59 79
60 42
60 84
61 72
62 29
63 6
64 0
64 14
64 91
64 101
65 0
66 44
67 42
68 140
69 0
69 74
70 48
71 128
72 38
72 61
72 85
72 98
73 40
73 94
73 119
73 138
74 69
74 105
75 44
76 9
77 136
78 7
78 24
78 25
79 59
80 97
81 34
82 91
83 44
83 139
84 60
85 72
85 128
86 30
87 0
87 1
87 144
88 129
88 143
89 2
89 15
89 145
90 3
90 36
91 21
91 64
91 82
92 0
92 44
93 112
94 73
94 143
95 108
95 109
95 131
95 149
96 6
96 9
96 145
97 80
97 117
98 0
98 30
98 72
99 18
100 26
100 104
101 64
101 132
102 144
103 11
103 16
103 19
104 100
104 106
105 74
105 140
106 104
106 124
107 140
108 30
108 95
109 95
110 44
110 113
111 42
111 116
112 93
112 118
113 110
113 133
113 146
114 136
114 137
115 0
116 111
116 141
117 26
117 55
117 97
118 112
118 149
119 73
120 32
121 126
121 136
122 136
123 27
124 32
124 106
125 27
125 49
125 130
126 121
127 56
128 71
128 85
129 23
129 27
129 88
130 125
130 147
131 95
132 101
133 113
134 48
135 23
136 43
136 77
136 114
136 121
136 122
137 114
138 73
139 83
140 22
140 68
140 105
140 107
141 116
141 142
141 148
142 141
143 88
143 94
144 87
144 102
145 89
145 96
146 113
147 130
148 141
149 95
149 118
