132.000000
200
0 5
0 6
0 13
0 25
0 34
0 143
0 149
0 151
1 33
1 45
1 82
1 106
1 132
1 138
2 7
2 8
2 17
2 95
3 6
4 70
5 0
5 7
5 49
5 70
6 0
6 3
6 76
6 144
7 2
7 5
7 23
7 178
8 2
8 91
9 51
10 24
10 40
10 81
10 167
11 58
12 21
12 32
13 0
14 20
14 108
14 134
14 136
15 64
15 76
15 156
16 53
17 2
18 124
18 195
19 52
19 57
20 14
20 21
20 53
21 12
21 20
21 28
21 156
22 53
23 7
24 10
24 121
25 0
25 87
26 88
27 35
27 51
28 21
29 72
30 109
31 121
32 12
33 1
33 176
34 0
35 27
36 53
37 81
38 90
38 170
39 162
40 10
41 75
41 148
42 104
42 109
42 162
42 174
43 64
44 56
45 1
46 139
47 65
47 133
48 126
49 5
49 71
49 75
49 157
49 182
50 144
51 9
51 27
51 68
51 82
51 126
51 193
52 19
52 54
52 66
53 16
53 20
53 22
53 36
53 139
53 168
54 52
54 97
55 159
55 160
56 44
56 69
56 142
57 19
58 11
58 70
58 152
59 89
59 100
59 107
59 155
60 113
61 195
62 161
63 157
64 15
64 43
64 105
65 47
65 118
65 142
65 153
65 163
66 52
66 122
67 140
68 51
69 56
70 4
70 5
70 58
71 49
71 120
72 29
72 124
73 84
73 127
74 80
74 112
75 41
75 49
76 6
76 15
77 162
78 102
78 179
78 198
79 135
80 74
80 164
81 10
81 37
81 90
82 1
82 51
83 104
84 73
84 102
84 135
84 161
85 165
85 189
86 125
86 182
87 25
87 146
88 26
88 110
88 162
89 59
89 94
90 38
90 81
90 159
91 8
91 158
92 103
93 158
94 89
95 2
96 112
96 153
97 54
97 115
97 131
97 173
98 151
98 185
99 170
99 186
100 59
101 129
102 78
102 84
102 103
102 110
102 145
103 92
103 102
104 42
104 83
105 64
106 1
107 59
108 14
108 163
109 30
109 42
109 155
110 88
110 102
111 134
112 74
112 96
113 60
113 143
114 118
115 97
116 193
117 163
118 65
118 114
119 182
120 71
121 24
121 31
122 66
122 128
123 127
124 18
124 72
124 152
124 193
125 86
126 48
126 51
127 73
127 123
127 194
128 122
129 101
129 179
130 135
131 97
132 1
133 47
134 14
134 111
134 173
135 79
135 84
135 130
135 147
136 14
137 176
138 1
139 46
139 53
140 67
140 152
141 150
142 56
142 65
143 0
143 113
143 166
143 196
144 6
144 50
145 102
145 170
145 199
146 87
146 154
146 183
146 187
147 135
148 41
149 0
149 167
150 141
150 180
150 186
151 0
151 98
152 58
152 124
152 140
152 175
153 65
153 96
154 146
155 59
155 109
156 15
156 21
157 49
157 63
158 91
158 93
159 55
159 90
160 55
161 62
161 84
162 39
162 42
162 77
162 88
163 65
163 108
163 117
164 80
164 171
164 189
165 85
166 143
166 188
167 10
167 149
168 53
169 189
170 38
170 99
170 145
171 164
172 188
172 191
173 97
173 134
174 42
175 152
176 33
176 137
176 192
177 184
177 196
178 7
179 78
179 129
180 150
181 192
182 49
182 86
182 119
183 146
184 177
184 197
185 98
186 99
186 150
187 146
188 166
188 172
189 85
189 164
189 169
190 198
191 172
192 176
192 181
193 51
193 116
193 124
194 127
195 18
195 61
196 143
196 177
197 184
198 78
198 190
199 145
