267.000000
250
0 92
0 185
0 221
0 224
1 85
2 11
2 93
2 247
3 245
4 162
5 10
5 95
6 50
6 76
7 245
8 33
8 214
9 34
10 5
10 23
10 30
10 37
11 2
11 35
12 24
12 52
13 144
13 171
14 102
14 117
14 202
15 51
15 67
15 98
15 180
16 108
17 94
17 136
17 140
18 152
18 197
19 165
19 228
20 49
20 62
20 169
21 123
22 47
22 144
22 161
23 10
23 245
24 12
24 48
24 118
24 138
25 150
25 192
25 229
26 36
26 200
26 228
27 118
27 135
27 211
28 132
28 164
28 210
29 37
29 124
30 10
30 61
31 33
32 63
32 126
32 153
33 8
33 31
33 35
33 69
34 9
34 198
35 11
35 33
36 26
37 10
37 29
37 96
37 205
37 235
38 60
39 114
39 244
40 92
41 158
41 248
42 228
43 215
43 243
44 108
44 151
45 133
45 209
46 80
46 82
46 121
46 246
47 22
48 24
49 20
50 6
50 105
50 126
51 15
52 12
52 160
53 102
53 222
54 68
54 136
55 103
56 99
57 152
58 115
58 129
58 191
59 218
60 38
60 116
61 30
61 233
62 20
62 107
63 32
63 132
64 155
65 79
65 142
65 165
66 74
66 99
66 194
67 15
68 54
69 33
70 158
70 182
71 249
72 155
73 81
73 116
73 189
73 207
74 66
74 230
74 237
75 107
75 126
75 162
76 6
77 162
78 171
79 65
79 147
80 46
80 87
81 73
81 226
82 46
82 242
83 187
83 195
83 208
83 243
84 210
84 224
85 1
85 176
85 231
86 129
87 80
87 150
88 214
89 219
90 181
90 201
90 245
91 116
92 0
92 40
92 204
93 2
93 126
93 159
94 17
94 127
95 5
96 37
96 183
97 170
97 242
98 15
98 167
98 249
99 56
99 66
99 232
100 168
100 191
101 210
102 14
102 53
102 131
103 55
103 167
104 191
105 50
106 206
107 62
107 75
107 112
108 16
108 44
108 220
108 241
109 184
110 171
111 141
111 180
112 107
113 154
113 245
114 39
114 222
115 58
116 60
116 73
116 91
116 137
117 14
117 221
118 24
118 27
118 214
119 144
120 221
121 46
122 166
122 198
123 21
123 222
124 29
125 143
125 184
125 193
126 32
126 50
126 75
126 93
126 182
127 94
127 219
128 218
128 229
128 236
129 58
129 86
129 190
130 175
131 102
131 163
132 28
132 63
133 45
133 146
134 171
135 27
135 176
136 17
136 54
137 116
137 234
138 24
139 243
140 17
140 184
141 111
142 65
142 181
142 186
143 125
143 227
144 13
144 22
144 119
144 196
145 153
146 133
146 246
147 79
148 180
149 161
150 25
150 87
150 239
151 44
151 178
151 206
152 18
152 57
152 175
153 32
153 145
154 113
155 64
155 72
155 209
156 197
156 216
157 162
158 41
158 70
159 93
160 52
161 22
161 149
161 236
162 4
162 75
162 77
162 157
163 131
163 168
163 237
164 28
165 19
165 65
166 122
166 170
167 98
167 103
167 184
168 100
168 163
168 212
169 20
170 97
170 166
171 13
171 78
171 110
171 134
171 195
172 222
173 177
173 205
174 201
175 130
175 152
175 176
176 85
176 135
176 175
177 173
178 151
178 199
179 199
180 15
180 111
180 148
181 90
181 142
182 70
182 126
182 213
183 96
184 109
184 125
184 140
184 167
184 217
185 0
186 142
187 83
188 237
189 73
190 129
191 58
191 100
191 104
192 25
193 125
193 223
194 66
195 83
195 171
196 144
197 18
197 156
197 234
198 34
198 122
198 249
199 178
199 179
200 26
200 226
201 90
201 174
202 14
203 234
204 92
205 37
205 173
206 106
206 151
207 73
208 83
209 45
209 155
209 225
210 28
210 84
210 101
211 27
212 168
213 182
214 8
214 88
214 118
215 43
216 156
216 238
217 184
218 59
218 128
219 89
219 127
219 220
220 108
220 219
221 0
221 117
221 120
222 53
222 114
222 123
222 172
223 193
224 0
224 84
225 209
226 81
226 200
227 143
228 19
228 26
228 42
229 25
229 128
230 74
231 85
232 99
233 61
234 137
234 197
234 203
235 37
236 128
236 161
237 74
237 163
237 188
238 216
239 150
240 241
241 108
241 240
242 82
242 97
242 244
243 43
243 83
243 139
244 39
244 242
245 3
245 7
245 23
245 90
245 113
246 46
246 146
247 2
248 41
249 71
249 98
249 198
