63.000000
500
0 9
0 10
0 18
0 24
0 29
0 52
0 71
0 115
0 129
0 131
0 153
0 156
0 197
0 209
0 326
0 349
0 378
0 405
0 411
0 416
0 426
0 489
0 493
1 381
2 363
3 240
3 437
4 9
4 48
4 404
5 497
6 262
7 457
8 106
8 178
8 285
8 318
8 353
9 0
9 4
9 14
9 414
10 0
10 81
10 462
10 479
11 71
11 332
12 167
12 207
13 401
14 9
14 243
15 246
16 216
16 304
16 477
17 354
17 467
18 0
18 357
18 420
18 464
19 247
19 389
20 317
21 54
21 498
22 292
23 498
24 0
24 56
24 447
25 97
25 163
26 221
27 298
28 90
28 300
28 371
28 442
29 0
29 206
30 186
31 189
32 78
32 405
33 221
34 79
34 291
34 350
34 416
34 487
35 206
35 422
36 251
37 324
38 405
39 79
39 172
39 435
40 102
40 335
41 125
42 62
43 401
44 109
44 450
45 258
46 111
47 245
48 4
48 308
48 418
48 472
49 197
50 241
50 433
51 139
51 240
52 0
52 377
52 403
53 105
53 376
54 21
54 60
54 470
55 482
55 496
56 24
56 70
56 143
56 346
57 150
58 174
58 292
58 363
58 464
59 396
60 54
61 114
61 181
61 361
62 42
62 351
63 91
63 418
64 299
64 336
64 387
65 226
65 324
65 359
65 478
66 126
67 96
68 379
68 409
68 455
68 468
69 112
70 56
70 123
71 0
71 11
71 141
71 255
72 145
72 279
73 477
74 97
75 282
76 244
77 251
77 383
77 411
78 32
79 34
79 39
80 327
80 498
81 10
81 235
81 274
82 135
82 254
82 484
82 490
83 158
83 433
84 492
85 104
86 421
87 479
88 206
88 295
89 360
89 451
90 28
91 63
92 240
93 208
93 241
94 98
94 166
95 142
95 473
96 67
96 120
96 378
97 25
97 74
97 255
97 340
98 94
98 228
98 364
98 483
99 314
99 327
100 217
101 325
102 40
102 445
103 123
104 85
104 120
104 289
105 53
106 8
107 142
108 419
109 44
110 304
111 46
111 143
112 69
112 272
113 439
114 61
115 0
115 432
116 499
117 156
118 269
118 398
119 244
119 376
120 96
120 104
121 124
121 460
122 239
122 260
123 70
123 103
124 121
124 375
124 491
125 41
125 358
126 66
126 215
127 272
127 398
127 433
128 190
128 238
128 343
129 0
129 376
130 472
130 474
130 481
131 0
131 249
131 381
132 247
133 479
134 264
134 273
135 82
136 321
137 194
137 248
138 176
138 285
139 51
140 184
140 235
140 356
140 370
141 71
141 345
141 485
142 95
142 107
142 310
142 498
143 56
143 111
143 277
144 338
144 486
145 72
146 207
147 190
148 465
149 287
150 57
150 335
151 234
151 277
151 438
152 354
153 0
153 433
154 316
154 331
155 196
155 421
155 493
156 0
156 117
156 302
156 490
157 418
157 459
158 83
159 167
159 362
160 164
161 244
162 183
162 383
163 25
163 224
163 337
164 160
164 403
164 499
165 215
165 344
166 94
167 12
167 159
167 305
168 194
168 303
169 251
170 496
171 362
172 39
173 421
174 58
174 259
175 205
175 384
176 138
176 489
177 277
177 352
177 390
178 8
179 182
179 252
179 306
180 308
181 61
182 179
182 215
183 162
183 444
184 140
185 481
186 30
186 195
187 312
187 415
187 496
188 259
189 31
189 298
189 319
190 128
190 147
191 483
192 329
192 338
192 466
193 235
193 494
194 137
194 168
194 381
194 448
195 186
195 276
195 401
196 155
196 396
197 0
197 49
197 220
198 283
198 452
199 388
200 386
201 235
201 388
202 278
202 403
203 319
204 440
205 175
205 246
205 376
206 29
206 35
206 88
206 275
207 12
207 146
208 93
209 0
209 286
209 298
210 356
211 233
211 403
212 448
213 246
214 369
215 126
215 165
215 182
215 317
216 16
216 424
217 100
217 427
218 230
218 326
218 456
219 263
219 368
220 197
220 360
220 393
220 469
221 26
221 33
221 455
222 411
223 405
223 415
223 441
224 163
225 322
226 65
226 432
227 439
227 469
228 98
228 431
229 394
230 218
231 344
232 374
233 211
234 151
235 81
235 140
235 193
235 201
236 295
237 239
238 128
238 296
238 482
239 122
239 237
239 251
240 3
240 51
240 92
240 476
241 50
241 93
241 271
241 297
242 378
242 467
243 14
244 76
244 119
244 161
245 47
245 421
246 15
246 205
246 213
246 257
247 19
247 132
247 316
247 358
248 137
249 131
250 276
251 36
251 77
251 169
251 239
251 423
252 179
253 255
253 351
254 82
255 71
255 97
255 253
256 284
257 246
258 45
258 421
259 174
259 188
259 262
260 122
261 297
262 6
262 259
262 341
263 219
264 134
265 278
266 268
266 333
266 475
267 456
268 266
268 293
269 118
270 450
271 241
271 436
272 112
272 127
273 134
273 361
274 81
275 206
275 497
276 195
276 250
276 338
276 381
277 143
277 151
277 177
277 408
278 202
278 265
279 72
279 285
280 404
281 320
281 335
282 75
282 455
283 198
283 321
284 256
284 411
285 8
285 138
285 279
286 209
286 358
287 149
287 342
288 311
289 104
290 430
291 34
292 22
292 58
292 458
293 268
293 298
294 301
294 397
294 499
295 88
295 236
295 429
295 461
296 238
296 406
297 241
297 261
298 27
298 189
298 209
298 293
299 64
300 28
300 414
301 294
302 156
302 335
303 168
304 16
304 110
304 415
305 167
305 349
305 364
306 179
307 492
308 48
308 180
308 339
309 484
310 142
310 492
311 288
311 469
312 187
313 376
314 99
315 414
316 154
316 247
317 20
317 215
318 8
319 189
319 203
320 281
321 136
321 283
321 349
321 488
322 225
322 426
323 422
324 37
324 65
325 101
325 471
326 0
326 218
326 409
327 80
327 99
327 450
328 363
329 192
330 488
331 154
332 11
333 266
334 471
335 40
335 150
335 281
335 302
335 391
336 64
336 490
337 163
338 144
338 192
338 276
339 308
340 97
341 262
342 287
342 381
343 128
344 165
344 231
344 370
344 454
345 141
345 399
346 56
347 403
348 444
349 0
349 305
349 321
350 34
351 62
351 253
351 413
351 446
352 177
353 8
354 17
354 152
355 425
355 467
356 140
356 210
357 18
358 125
358 247
358 286
359 65
360 89
360 220
361 61
361 273
361 432
362 159
362 171
363 2
363 58
363 328
363 372
364 98
364 305
365 403
365 495
366 410
367 497
368 219
368 498
369 214
369 469
370 140
370 344
371 28
372 363
373 399
374 232
374 495
375 124
376 53
376 119
376 129
376 205
376 313
377 52
378 0
378 96
378 242
379 68
379 410
379 453
380 382
381 1
381 131
381 194
381 276
381 342
382 380
382 399
383 77
383 162
384 175
385 434
386 200
386 440
387 64
388 199
388 201
389 19
390 177
391 335
392 499
393 220
394 229
394 406
395 396
396 59
396 196
396 395
396 463
397 294
398 118
398 127
399 345
399 373
399 382
399 471
400 443
401 13
401 43
401 195
402 475
403 52
403 164
403 202
403 211
403 347
403 365
404 4
404 280
405 0
405 32
405 38
405 223
406 296
406 394
407 435
408 277
409 68
409 326
410 366
410 379
411 0
411 77
411 222
411 284
411 443
412 492
413 351
414 9
414 300
414 315
415 187
415 223
415 304
415 419
416 0
416 34
417 443
418 48
418 63
418 157
419 108
419 415
420 18
421 86
421 155
421 173
421 245
421 258
422 35
422 323
422 428
423 251
424 216
425 355
426 0
426 322
426 498
427 217
427 433
428 422
429 295
430 290
430 440
431 228
432 115
432 226
432 361
432 476
433 50
433 83
433 127
433 153
433 427
434 385
434 499
435 39
435 407
436 271
437 3
438 151
439 113
439 227
440 204
440 386
440 430
440 456
441 223
442 28
443 400
443 411
443 417
443 449
444 183
444 348
445 102
446 351
447 24
448 194
448 212
449 443
450 44
450 270
450 327
451 89
452 198
453 379
454 344
455 68
455 221
455 282
456 218
456 267
456 440
457 7
457 464
457 491
458 292
459 157
460 121
461 295
462 10
463 396
464 18
464 58
464 457
465 148
465 473
466 192
467 17
467 242
467 355
468 68
469 220
469 227
469 311
469 369
470 54
471 325
471 334
471 399
472 48
472 130
473 95
473 465
474 130
475 266
475 402
476 240
476 432
477 16
477 73
478 65
479 10
479 87
479 133
480 481
481 130
481 185
481 480
482 55
482 238
483 98
483 191
484 82
484 309
485 141
486 144
487 34
488 321
488 330
489 0
489 176
490 82
490 156
490 336
491 124
491 457
492 84
492 307
492 310
492 412
493 0
493 155
494 193
495 365
495 374
496 55
496 170
496 187
497 5
497 275
497 367
498 21
498 23
498 80
498 142
498 368
498 426
499 116
499 164
499 294
499 392
499 434
