182.000000
350
0 32
0 87
0 128
0 154
0 215
0 285
0 340
1 177
2 259
2 286
3 320
4 248
5 31
5 344
6 166
6 320
7 215
8 56
9 279
9 300
9 313
10 97
10 227
11 138
12 153
12 251
13 347
14 119
15 287
16 117
16 254
16 325
17 322
18 68
19 296
20 242
20 288
20 293
20 320
21 179
21 292
21 318
22 314
22 342
23 195
24 186
24 268
25 111
25 138
25 212
25 297
26 327
26 337
27 195
28 123
29 44
29 80
29 230
29 331
30 101
30 165
30 241
31 5
31 47
31 92
31 263
32 0
32 244
33 89
33 222
33 287
34 87
34 258
35 339
36 119
37 128
38 67
39 74
39 95
39 97
39 306
40 68
40 144
41 84
41 206
41 290
41 330
42 119
42 244
43 265
43 334
44 29
44 86
44 151
44 158
45 340
46 88
46 254
47 31
47 139
48 313
49 253
49 259
50 189
51 186
52 115
52 322
53 244
53 317
54 182
54 306
55 124
55 309
56 8
56 200
57 337
58 296
59 103
59 216
59 295
59 341
60 222
61 97
61 282
62 159
63 332
64 85
64 284
65 253
66 310
67 38
67 273
67 343
68 18
68 40
68 200
68 311
69 105
69 138
70 100
71 220
71 337
72 120
73 182
73 262
74 39
75 270
76 90
76 137
77 192
78 140
78 268
79 253
80 29
81 289
82 174
83 88
83 132
83 150
84 41
85 64
85 124
85 289
86 44
86 122
86 223
86 229
87 0
87 34
87 120
88 46
88 83
88 188
88 233
89 33
89 160
89 173
89 206
90 76
90 91
90 241
91 90
92 31
93 174
93 222
94 209
95 39
95 192
95 201
95 245
96 255
97 10
97 39
97 61
98 211
99 221
100 70
100 106
100 298
101 30
102 154
102 181
103 59
104 137
105 69
106 100
106 136
106 175
107 287
108 139
109 320
110 334
111 25
112 226
113 130
114 299
115 52
116 286
117 16
117 346
118 220
119 14
119 36
119 42
119 176
119 251
119 307
120 72
120 87
121 254
122 86
123 28
123 158
124 55
124 85
124 333
125 219
126 276
127 150
128 0
128 37
129 157
129 267
130 113
130 217
131 312
132 83
132 328
133 254
134 347
135 320
136 106
136 316
136 339
137 76
137 104
137 295
138 11
138 25
138 69
138 186
138 252
138 344
139 47
139 108
139 196
139 227
139 246
139 324
140 78
140 167
140 218
140 301
140 313
141 157
141 185
141 207
141 255
142 250
143 288
144 40
145 172
145 332
146 243
146 308
147 334
148 223
148 318
149 223
150 83
150 127
150 198
150 213
150 343
151 44
152 178
153 12
154 0
154 102
154 171
154 278
155 183
155 244
156 287
156 319
157 129
157 141
157 343
158 44
158 123
159 62
159 227
160 89
161 347
162 314
163 299
164 198
165 30
165 193
165 305
166 6
166 269
167 140
168 347
169 208
169 291
170 245
170 247
171 154
171 280
172 145
172 213
172 226
173 89
174 82
174 93
175 106
175 236
175 322
176 119
177 1
177 208
177 285
178 152
178 181
179 21
179 327
180 336
181 102
181 178
181 237
181 335
182 54
182 73
183 155
184 217
184 223
185 141
186 24
186 51
186 138
187 257
188 88
188 249
189 50
189 281
189 324
190 234
191 296
192 77
192 95
193 165
193 197
194 200
195 23
195 27
195 334
196 139
196 336
197 193
198 150
198 164
199 266
199 272
200 56
200 68
200 194
200 347
201 95
202 231
203 299
204 264
205 328
206 41
206 89
207 141
207 319
208 169
208 177
209 94
209 268
209 312
210 324
211 98
211 309
212 25
213 150
213 172
214 296
215 0
215 7
215 235
216 59
216 338
217 130
217 184
217 342
218 140
219 125
219 332
220 71
220 118
221 99
221 265
221 292
222 33
222 60
222 93
223 86
223 148
223 149
223 184
224 314
225 232
226 112
226 172
226 228
227 10
227 139
227 159
227 274
228 226
229 86
230 29
231 202
231 310
232 225
232 272
232 303
233 88
234 190
234 275
235 215
235 269
236 175
236 250
236 261
237 181
238 244
239 302
240 259
241 30
241 90
241 335
242 20
242 314
243 146
243 275
243 283
244 32
244 42
244 53
244 155
244 238
245 95
245 170
246 139
247 170
248 4
248 289
249 188
250 142
250 236
250 277
251 12
251 119
252 138
253 49
253 65
253 79
254 16
254 46
254 121
254 133
254 326
255 96
255 141
256 342
257 187
257 275
258 34
258 346
259 2
259 49
259 240
259 294
259 307
260 285
261 236
262 73
263 31
264 204
264 265
265 43
265 221
265 264
265 296
266 199
267 129
268 24
268 78
268 209
268 291
269 166
269 235
270 75
270 299
271 348
272 199
272 232
272 282
273 67
274 227
275 234
275 243
275 257
276 126
276 342
277 250
278 154
279 9
280 171
281 189
282 61
282 272
283 243
283 290
284 64
285 0
285 177
285 260
286 2
286 116
287 15
287 33
287 107
287 156
288 20
288 143
289 81
289 85
289 248
289 321
290 41
290 283
291 169
291 268
292 21
292 221
293 20
294 259
294 310
295 59
295 137
295 299
296 19
296 58
296 191
296 214
296 265
296 315
297 25
297 329
298 100
299 114
299 163
299 203
299 270
299 295
299 349
300 9
301 140
302 239
302 323
303 232
304 344
305 165
305 316
306 39
306 54
307 119
307 259
308 146
309 55
309 211
310 66
310 231
310 294
310 348
311 68
311 345
312 131
312 209
313 9
313 48
313 140
314 22
314 162
314 224
314 242
315 296
316 136
316 305
316 323
316 333
317 53
318 21
318 148
319 156
319 207
320 3
320 6
320 20
320 109
320 135
320 345
321 289
322 17
322 52
322 175
323 302
323 316
324 139
324 189
324 210
325 16
326 254
327 26
327 179
328 132
328 205
329 297
330 41
331 29
332 63
332 145
332 219
333 124
333 316
334 43
334 110
334 147
334 195
335 181
335 241
336 180
336 196
337 26
337 57
337 71
338 216
339 35
339 136
340 0
340 45
341 59
342 22
342 217
342 256
342 276
343 67
343 150
343 157
344 5
344 138
344 304
345 311
345 320
346 117
346 258
347 13
347 134
347 161
347 168
347 200
348 271
348 310
349 299
