47.000000
100
0 7
0 12
0 13
0 27
0 29
0 49
0 61
0 64
0 90
0 94
1 14
1 54
1 57
2 23
2 41
2 48
3 32
4 49
5 66
6 74
6 97
7 0
7 60
8 34
9 11
10 16
11 9
11 38
11 52
11 66
11 69
11 85
11 91
12 0
13 0
13 84
14 1
14 55
15 33
15 82
16 10
16 65
17 80
17 85
18 34
18 84
19 35
20 37
20 50
20 75
20 99
21 34
21 39
21 42
21 76
22 33
23 2
23 40
23 64
23 97
24 69
25 35
25 40
25 67
26 73
27 0
27 47
27 95
28 53
29 0
29 43
30 31
30 79
31 30
31 56
32 3
32 72
33 15
33 22
33 86
34 8
34 18
34 21
35 19
35 25
35 46
35 78
36 59
37 20
37 72
38 11
39 21
39 45
40 23
40 25
41 2
42 21
43 29
43 82
44 81
45 39
46 35
47 27
48 2
48 51
49 0
49 4
49 58
50 20
50 60
51 48
52 11
53 28
53 54
54 1
54 53
54 81
55 14
56 31
56 65
56 93
57 1
57 60
58 49
58 68
58 70
59 36
59 93
60 7
60 50
60 57
61 0
62 73
63 91
64 0
64 23
65 16
65 56
66 5
66 11
67 25
67 96
68 58
69 11
69 24
70 58
70 73
70 85
71 90
72 32
72 37
72 88
73 26
73 62
73 70
74 6
75 20
76 21
77 93
77 98
78 35
79 30
80 17
81 44
81 54
82 15
82 43
82 93
83 84
84 13
84 18
84 83
84 87
85 11
85 17
85 70
86 33
86 92
87 84
88 72
89 98
90 0
90 71
91 11
91 63
92 86
93 56
93 59
93 77
93 82
94 0
95 27
96 67
97 6
97 23
98 77
98 89
99 20
