41.000000
200
0 4
0 8
0 38
0 102
0 103
0 104
0 113
0 115
0 116
0 119
0 150
0 153
0 178
0 195
1 99
1 156
2 135
3 37
3 138
3 150
4 0
4 94
5 175
6 86
6 194
7 49
7 56
7 174
8 0
8 24
9 50
9 159
10 113
11 135
12 35
13 15
14 74
14 162
14 184
15 13
15 27
15 41
16 159
17 137
18 121
18 167
18 193
19 146
20 98
21 112
22 128
23 180
24 8
24 50
25 162
26 82
26 124
27 15
27 195
28 46
29 153
30 33
30 72
30 73
30 111
30 151
31 76
32 173
33 30
34 42
35 12
35 51
35 126
35 190
36 85
36 88
37 3
38 0
38 73
39 147
40 79
40 93
40 188
41 15
42 34
42 124
42 153
43 154
44 98
45 85
46 28
46 146
46 178
47 174
48 120
48 178
49 7
49 67
49 106
49 141
49 198
50 9
50 24
50 101
50 133
51 35
52 120
53 56
54 83
54 133
55 70
55 84
55 195
56 7
56 53
57 173
58 179
59 105
60 135
61 80
61 165
62 141
63 121
63 194
63 197
64 122
65 198
66 81
66 103
66 158
67 49
68 130
69 98
70 55
70 145
70 160
71 154
72 30
73 30
73 38
73 78
74 14
74 76
74 95
75 119
75 126
75 135
75 152
75 175
76 31
76 74
77 166
78 73
78 189
79 40
80 61
81 66
81 91
81 107
82 26
82 140
83 54
83 192
84 55
84 164
85 36
85 45
85 136
86 6
87 195
88 36
88 113
88 186
89 109
90 95
90 179
91 81
92 191
93 40
93 114
94 4
94 112
95 74
95 90
95 116
95 183
96 173
97 158
98 20
98 44
98 69
98 161
99 1
99 117
99 121
100 136
101 50
101 169
102 0
102 106
102 148
102 168
103 0
103 66
103 122
104 0
104 163
105 59
105 178
106 49
106 102
107 81
108 163
109 89
109 111
110 154
111 30
111 109
111 137
112 21
112 94
112 131
112 177
113 0
113 10
113 88
113 173
114 93
114 124
114 165
115 0
115 121
116 0
116 95
117 99
118 194
119 0
119 75
120 48
120 52
120 143
121 18
121 63
121 99
121 115
121 129
122 64
122 103
123 161
123 163
124 26
124 42
124 114
125 174
126 35
126 75
127 153
128 22
128 144
129 121
129 191
130 68
130 166
131 112
131 132
132 131
132 181
133 50
133 54
134 144
135 2
135 11
135 60
135 75
136 85
136 100
137 17
137 111
138 3
138 172
139 162
140 82
141 49
141 62
142 169
143 120
144 128
144 134
144 150
144 157
145 70
146 19
146 46
146 185
147 39
147 175
148 102
149 199
150 0
150 3
150 144
150 170
151 30
152 75
152 182
153 0
153 29
153 42
153 127
153 155
154 43
154 71
154 110
154 178
155 153
155 187
156 1
157 144
158 66
158 97
159 9
159 16
160 70
161 98
161 123
162 14
162 25
162 139
163 104
163 108
163 123
163 199
164 84
165 61
165 114
166 77
166 130
166 170
167 18
168 102
169 101
169 142
169 180
170 150
170 166
170 171
171 170
172 138
173 32
173 57
173 96
173 113
174 7
174 47
174 125
175 5
175 75
175 147
176 197
177 112
178 0
178 46
178 48
178 105
178 154
179 58
179 90
180 23
180 169
181 132
182 152
183 95
184 14
184 196
185 146
186 88
187 155
188 40
189 78
190 35
191 92
191 129
192 83
193 18
194 6
194 63
194 118
195 0
195 27
195 55
195 87
196 184
197 63
197 176
198 49
198 65
199 149
199 163
