257.000000
400
0 32
0 46
0 61
0 296
0 297
0 346
0 379
1 105
1 167
1 273
1 343
1 363
2 370
3 64
3 383
4 120
5 80
5 240
5 308
5 314
6 311
7 72
7 136
8 260
9 281
9 283
9 311
9 312
10 183
10 271
11 83
11 393
12 168
12 361
12 376
13 146
13 285
14 34
14 188
14 212
15 26
15 179
15 217
15 270
15 300
15 323
15 349
16 230
16 242
16 386
17 276
17 285
18 49
19 39
19 134
19 177
19 178
19 257
20 50
20 55
20 126
20 304
20 394
21 44
21 137
22 382
23 83
24 333
24 397
25 127
25 229
26 15
27 136
28 235
29 79
29 155
30 277
31 75
31 111
31 116
31 120
31 372
31 380
32 0
33 305
34 14
34 160
34 383
34 385
34 398
35 135
35 238
36 302
36 382
37 194
37 383
38 56
38 65
39 19
40 311
41 350
42 52
42 227
43 94
43 234
44 21
44 84
44 359
45 136
45 163
46 0
46 316
46 375
47 120
48 251
49 18
49 231
49 272
50 20
50 201
51 97
52 42
53 332
54 108
54 274
55 20
55 94
55 286
55 391
56 38
56 124
56 216
56 218
56 236
57 61
57 144
57 157
58 224
59 126
60 83
61 0
61 57
62 81
62 259
63 213
64 3
65 38
65 205
66 191
67 361
68 79
68 127
68 151
68 339
69 197
70 109
71 193
71 272
72 7
72 145
73 178
73 284
74 183
74 364
75 31
76 83
76 129
77 98
78 231
79 29
79 68
80 5
80 109
80 235
81 62
81 211
82 125
82 128
82 282
83 11
83 23
83 60
83 76
83 88
83 119
83 187
83 250
83 256
83 324
83 340
84 44
84 89
85 91
86 150
86 159
86 214
86 220
86 348
87 97
87 152
87 245
88 83
88 215
88 265
89 84
90 124
91 85
91 116
92 331
93 197
94 43
94 55
95 370
96 254
96 287
96 310
97 51
97 87
98 77
98 289
98 313
99 166
100 136
101 387
102 294
103 319
104 184
104 361
105 1
105 164
105 320
106 108
106 280
106 350
107 113
107 144
108 54
108 106
108 151
108 166
109 70
109 80
109 176
109 299
109 346
110 315
110 362
111 31
112 318
113 107
113 396
114 241
115 260
116 31
116 91
116 205
117 167
117 240
118 157
119 83
120 4
120 31
120 47
120 295
120 370
121 283
122 131
122 396
123 284
124 56
124 90
125 82
126 20
126 59
126 302
127 25
127 68
127 224
128 82
129 76
129 149
130 334
131 122
132 282
133 250
133 355
134 19
135 35
135 334
136 7
136 27
136 45
136 100
136 258
136 333
137 21
137 244
137 354
138 288
138 350
139 335
139 383
140 155
140 248
141 307
141 333
142 356
142 386
143 342
143 350
144 57
144 107
144 279
145 72
145 189
146 13
146 210
147 345
148 319
149 129
150 86
151 68
151 108
151 290
152 87
152 198
152 219
153 374
154 198
155 29
155 140
156 331
157 57
157 118
157 161
158 309
159 86
159 255
160 34
160 353
161 157
162 269
163 45
163 186
163 207
164 105
165 377
166 99
166 108
167 1
167 117
168 12
168 325
169 202
170 362
171 232
172 360
173 329
174 259
175 244
176 109
177 19
177 347
177 397
177 399
178 19
178 73
179 15
180 248
181 290
182 213
182 243
182 244
183 10
183 74
184 104
185 199
185 298
185 378
186 163
187 83
188 14
189 145
190 306
190 386
191 66
191 259
192 284
192 305
193 71
194 37
195 314
196 311
197 69
197 93
197 252
197 264
197 323
198 152
198 154
199 185
199 218
199 223
199 291
200 285
201 50
201 253
202 169
202 204
202 319
203 208
204 202
204 233
205 65
205 116
206 273
207 163
208 203
208 271
209 306
210 146
211 81
211 315
212 14
213 63
213 182
213 247
214 86
214 368
215 88
216 56
217 15
218 56
218 199
219 152
220 86
221 377
222 275
223 199
223 395
224 58
224 127
224 260
224 292
224 345
225 243
226 287
227 42
227 287
228 328
229 25
229 396
230 16
231 49
231 78
232 171
232 333
233 204
234 43
235 28
235 80
236 56
237 254
238 35
238 310
239 378
240 5
240 117
241 114
241 253
242 16
243 182
243 225
243 322
243 337
244 137
244 175
244 182
244 269
245 87
245 275
245 377
245 378
246 254
247 213
247 351
248 140
248 180
249 354
249 396
250 83
250 133
250 303
251 48
251 264
252 197
253 201
253 241
254 96
254 237
254 246
254 278
255 159
255 321
256 83
257 19
258 136
259 62
259 174
259 191
259 319
260 8
260 115
260 224
261 288
262 380
263 349
264 197
264 251
265 88
265 364
265 386
266 269
267 310
268 355
269 162
269 244
269 266
270 15
270 318
271 10
271 208
272 49
272 71
272 287
272 311
272 374
273 1
273 206
274 54
275 222
275 245
276 17
276 293
276 316
277 30
277 354
278 254
278 392
279 144
280 106
280 301
280 390
281 9
281 285
282 82
282 132
282 336
282 367
283 9
283 121
283 376
284 73
284 123
284 192
284 373
285 13
285 17
285 200
285 281
285 371
286 55
287 96
287 226
287 227
287 272
288 138
288 261
288 381
289 98
289 294
289 361
290 151
290 181
291 199
291 344
292 224
293 276
294 102
294 289
295 120
296 0
296 344
297 0
298 185
299 109
299 327
300 15
301 280
302 36
302 126
303 250
304 20
305 33
305 192
305 394
306 190
306 209
307 141
307 360
308 5
309 158
309 317
310 96
310 238
310 267
311 6
311 9
311 40
311 196
311 272
312 9
313 98
313 317
314 5
314 195
314 383
315 110
315 211
316 46
316 276
317 309
317 313
318 112
318 270
319 103
319 148
319 202
319 259
319 328
319 369
320 105
321 255
322 243
323 15
323 197
323 374
324 83
325 168
326 328
327 299
328 228
328 319
328 326
328 358
329 173
329 363
330 361
331 92
331 156
331 353
331 369
332 53
332 344
333 24
333 136
333 141
333 232
334 130
334 135
335 139
336 282
337 243
338 383
339 68
340 83
341 349
342 143
343 1
344 291
344 296
344 332
344 352
344 357
344 384
344 397
345 147
345 224
345 365
346 0
346 109
347 177
348 86
349 15
349 263
349 341
350 41
350 106
350 138
350 143
351 247
351 368
352 344
353 160
353 331
354 137
354 249
354 277
355 133
355 268
356 142
357 344
358 328
359 44
360 172
360 307
360 389
361 12
361 67
361 104
361 289
361 330
362 110
362 170
362 364
363 1
363 329
364 74
364 265
364 362
365 345
366 397
367 282
367 398
368 214
368 351
369 319
369 331
370 2
370 95
370 120
371 285
372 31
373 284
374 153
374 272
374 323
375 46
375 388
376 12
376 283
376 387
377 165
377 221
377 245
378 185
378 239
378 245
379 0
380 31
380 262
381 288
382 22
382 36
383 3
383 34
383 37
383 139
383 314
383 338
384 344
385 34
386 16
386 142
386 190
386 265
387 101
387 376
388 375
389 360
390 280
391 55
392 278
393 11
394 20
394 305
395 223
396 113
396 122
396 229
396 249
397 24
397 177
397 344
397 366
398 34
398 367
399 177
