149.000000
300
0 14
0 60
0 62
0 92
0 157
0 162
0 164
0 187
0 190
1 48
1 96
1 267
2 229
3 95
3 284
4 105
4 221
4 284
5 163
5 226
6 92
6 203
7 82
7 215
8 68
9 134
9 140
10 23
10 87
11 78
11 118
12 92
12 245
13 61
13 186
14 0
14 43
14 258
14 281
15 61
15 119
16 89
16 112
16 175
17 236
18 21
18 238
18 288
19 73
19 148
20 30
20 145
20 296
21 18
21 106
21 179
22 99
22 178
22 299
23 10
23 98
24 28
24 126
24 269
25 140
26 120
26 184
27 99
27 132
27 201
28 24
28 163
28 198
29 50
29 247
30 20
30 81
30 234
31 168
31 249
32 44
32 117
33 57
33 293
34 121
35 131
36 146
37 242
37 271
38 86
38 240
39 90
39 166
39 180
40 278
41 138
41 142
41 216
42 101
43 14
43 54
44 32
44 121
45 197
46 50
47 202
47 295
48 1
48 117
48 268
49 130
50 29
50 46
51 53
51 180
52 71
52 99
53 51
53 168
54 43
54 191
54 279
55 75
55 197
55 220
55 246
55 254
56 283
56 294
57 33
57 259
58 64
58 129
58 176
59 70
59 218
60 0
60 170
60 174
61 13
61 15
61 152
61 224
62 0
62 240
63 121
64 58
64 248
65 191
66 166
66 214
66 265
66 278
67 180
68 8
68 106
68 204
69 175
69 189
69 243
70 59
70 168
71 52
72 251
73 19
73 83
73 84
74 134
74 196
75 55
76 229
77 113
77 282
77 299
78 11
78 197
79 274
80 118
81 30
82 7
82 206
83 73
84 73
84 123
84 144
85 143
86 38
87 10
87 195
88 121
89 16
89 252
89 275
90 39
91 124
91 162
91 250
92 0
92 6
92 12
92 107
93 114
94 236
95 3
95 156
95 227
96 1
97 228
97 236
97 286
98 23
98 166
98 207
99 22
99 27
99 52
100 230
101 42
101 112
102 130
102 287
103 163
104 293
105 4
106 21
106 68
106 155
106 177
106 202
106 235
106 277
107 92
108 148
109 185
109 239
110 137
110 282
111 247
112 16
112 101
113 77
113 122
114 93
114 129
115 176
116 229
117 32
117 48
117 147
118 11
118 80
119 15
119 223
120 26
120 289
121 34
121 44
121 63
121 88
122 113
123 84
124 91
124 148
125 219
126 24
126 247
126 255
127 205
127 222
128 225
129 58
129 114
129 175
129 219
130 49
130 102
131 35
131 150
131 185
131 238
132 27
132 154
132 253
132 279
133 203
133 273
134 9
134 74
134 288
135 245
135 297
136 216
136 270
137 110
138 41
139 165
140 9
140 25
140 231
141 260
142 41
142 160
142 294
143 85
143 158
144 84
145 20
145 197
146 36
146 151
147 117
147 188
148 19
148 108
148 124
148 244
148 257
149 258
150 131
151 146
151 228
151 241
151 244
151 276
152 61
153 180
153 274
154 132
155 106
155 232
156 95
156 255
157 0
157 186
158 143
158 228
158 280
159 224
160 142
160 207
160 293
161 283
162 0
162 91
162 171
162 173
163 5
163 28
163 103
163 230
163 233
164 0
165 139
165 223
165 237
166 39
166 66
166 98
167 234
168 31
168 53
168 70
168 272
169 276
170 60
170 195
171 162
171 205
172 197
172 297
173 162
174 60
174 193
175 16
175 69
175 129
176 58
176 115
177 106
177 262
178 22
179 21
179 217
180 39
180 51
180 67
180 153
180 211
181 223
181 264
181 289
182 294
183 229
184 26
185 109
185 131
185 245
186 13
186 157
187 0
188 147
188 208
188 221
188 224
189 69
190 0
191 54
191 65
191 200
192 197
193 174
194 270
195 87
195 170
196 74
197 45
197 55
197 78
197 145
197 172
197 192
198 28
199 237
200 191
201 27
202 47
202 106
203 6
203 133
204 68
205 127
205 171
205 213
205 229
206 82
206 294
207 98
207 160
208 188
208 291
209 263
210 239
211 180
212 250
213 205
214 66
215 7
216 41
216 136
217 179
218 59
219 125
219 129
220 55
221 4
221 188
222 127
223 119
223 165
223 181
223 242
224 61
224 159
224 188
225 128
225 265
226 5
227 95
228 97
228 151
228 158
229 2
229 76
229 116
229 183
229 205
229 290
230 100
230 163
231 140
232 155
233 163
234 30
234 167
235 106
236 17
236 94
236 97
237 165
237 199
238 18
238 131
239 109
239 210
240 38
240 62
241 151
242 37
242 223
243 69
243 266
244 148
244 151
244 263
245 12
245 135
245 185
246 55
247 29
247 111
247 126
248 64
248 299
249 31
250 91
250 212
251 72
251 260
252 89
252 287
253 132
254 55
255 126
255 156
256 278
257 148
258 14
258 149
259 57
259 292
260 141
260 251
260 267
261 269
262 177
263 209
263 244
264 181
265 66
265 225
266 243
267 1
267 260
268 48
269 24
269 261
270 136
270 194
271 37
272 168
273 133
274 79
274 153
275 89
276 151
276 169
277 106
278 40
278 66
278 256
279 54
279 132
280 158
281 14
281 285
282 77
282 110
283 56
283 161
284 3
284 4
285 281
286 97
287 102
287 252
288 18
288 134
289 120
289 181
290 229
291 208
292 259
293 33
293 104
293 160
293 298
294 56
294 142
294 182
294 206
295 47
296 20
297 135
297 172
298 293
299 22
299 77
299 248
