89.000000
350
0 2
0 17
0 21
0 50
0 66
0 75
0 104
0 135
0 151
0 155
0 157
0 169
0 218
0 265
0 272
0 281
1 9
1 345
2 0
2 51
2 62
3 107
3 133
4 6
4 201
5 6
6 4
6 5
6 13
6 161
7 244
8 23
8 24
8 108
8 166
8 283
8 322
9 1
9 107
9 307
10 46
10 117
10 189
11 170
11 236
12 182
12 251
13 6
13 224
14 44
14 300
14 304
15 30
15 201
15 228
16 119
16 134
16 273
16 282
17 0
17 74
18 53
18 162
18 296
18 330
19 100
19 284
20 152
20 172
21 0
21 28
21 271
21 277
21 326
22 205
22 340
23 8
23 278
24 8
24 263
24 319
25 33
25 106
25 284
25 337
26 258
27 201
28 21
29 118
29 135
29 180
29 217
29 279
30 15
30 31
30 188
31 30
32 129
33 25
34 79
34 110
34 309
35 233
36 88
36 114
36 230
36 240
37 71
37 160
38 320
38 339
39 80
39 129
39 141
39 264
40 80
41 187
41 289
41 308
41 342
42 44
42 252
43 284
44 14
44 42
44 202
44 317
45 149
45 173
45 193
45 197
45 237
46 10
47 86
47 209
48 98
48 103
48 109
48 323
49 308
50 0
51 2
51 173
52 306
53 18
53 55
53 227
54 204
55 53
56 273
57 159
57 185
58 162
58 292
59 182
59 300
60 176
60 292
61 119
61 257
62 2
63 154
63 303
64 299
65 85
65 198
65 320
66 0
67 120
67 142
67 327
68 129
69 254
70 174
70 236
71 37
71 249
72 245
72 299
72 314
73 255
73 349
74 17
74 186
74 278
75 0
75 101
75 286
75 316
76 205
77 103
78 242
78 256
79 34
80 39
80 40
81 123
82 154
82 325
83 184
84 258
85 65
85 92
85 216
86 47
87 161
88 36
89 128
89 159
89 266
90 279
91 152
92 85
93 332
94 223
95 125
96 304
97 114
98 48
99 180
99 211
99 315
100 19
101 75
102 214
103 48
103 77
103 231
104 0
104 144
105 249
106 25
107 3
107 9
107 164
107 221
107 326
108 8
109 48
110 34
111 250
111 255
112 140
113 165
113 184
113 254
113 310
114 36
114 97
115 258
116 182
117 10
118 29
119 16
119 61
119 215
120 67
121 218
122 243
123 81
123 200
124 138
124 174
124 232
124 311
125 95
125 162
126 146
126 222
127 313
128 89
129 32
129 39
129 68
130 227
130 270
131 200
132 177
133 3
134 16
135 0
135 29
136 194
137 342
138 124
139 280
140 112
140 244
141 39
142 67
142 230
143 319
144 104
144 244
145 183
146 126
147 172
148 189
148 231
148 336
149 45
150 341
151 0
151 181
151 227
152 20
152 91
153 235
153 291
154 63
154 82
154 209
154 254
155 0
155 309
155 311
156 178
156 249
157 0
157 317
158 329
159 57
159 89
159 298
159 320
160 37
160 194
160 269
161 6
161 87
161 290
161 324
162 18
162 58
162 125
163 301
164 107
165 113
166 8
166 192
167 226
167 328
168 271
168 285
168 294
168 313
169 0
169 320
170 11
171 201
171 219
172 20
172 147
172 244
173 45
173 51
173 275
174 70
174 124
175 216
176 60
176 348
177 132
177 209
177 318
178 156
178 186
178 338
179 201
179 312
180 29
180 99
180 200
181 151
182 12
182 59
182 116
183 145
183 312
184 83
184 113
185 57
186 74
186 178
186 328
187 41
187 328
188 30
189 10
189 148
189 212
189 248
190 347
191 253
192 166
192 301
193 45
194 136
194 160
194 331
195 286
196 212
196 218
197 45
197 242
198 65
199 232
200 123
200 131
200 180
200 247
201 4
201 15
201 27
201 171
201 179
201 293
201 327
202 44
202 222
202 347
203 235
203 306
204 54
204 271
205 22
205 76
205 265
206 299
207 238
208 243
208 340
209 47
209 154
209 177
210 243
210 302
211 99
212 189
212 196
212 299
213 313
214 102
214 234
215 119
215 268
215 317
216 85
216 175
217 29
218 0
218 121
218 196
219 171
219 262
220 283
221 107
221 274
222 126
222 202
222 239
223 94
223 313
223 341
224 13
224 253
224 343
225 323
226 167
227 53
227 130
227 151
227 346
228 15
229 246
229 258
230 36
230 142
231 103
231 148
232 124
232 199
233 35
233 248
233 329
234 214
234 255
235 153
235 203
235 246
236 11
236 70
237 45
237 291
238 207
238 314
238 337
239 222
240 36
241 255
241 305
242 78
242 197
243 122
243 208
243 210
243 318
244 7
244 140
244 144
244 172
245 72
246 229
246 235
247 200
248 189
248 233
249 71
249 105
249 156
249 332
250 111
251 12
252 42
253 191
253 224
253 280
253 281
254 69
254 113
254 154
255 73
255 111
255 234
255 241
255 334
256 78
257 61
258 26
258 84
258 115
258 229
259 330
260 261
260 317
261 260
262 219
263 24
263 276
264 39
264 334
265 0
265 205
266 89
267 335
268 215
268 288
269 160
270 130
271 21
271 168
271 204
272 0
272 295
272 333
273 16
273 56
274 221
275 173
276 263
277 21
278 23
278 74
279 29
279 90
280 139
280 253
281 0
281 253
282 16
282 297
282 321
283 8
283 220
284 19
284 25
284 43
285 168
286 75
286 195
287 334
288 268
289 41
290 161
291 153
291 237
292 58
292 60
293 201
294 168
295 272
296 18
297 282
298 159
299 64
299 72
299 206
299 212
300 14
300 59
301 163
301 192
302 210
303 63
304 14
304 96
305 241
306 52
306 203
307 9
308 41
308 49
309 34
309 155
309 344
310 113
310 335
311 124
311 155
312 179
312 183
313 127
313 168
313 213
313 223
314 72
314 238
315 99
316 75
317 44
317 157
317 215
317 260
318 177
318 243
319 24
319 143
320 38
320 65
320 159
320 169
321 282
322 8
323 48
323 225
324 161
325 82
326 21
326 107
327 67
327 201
328 167
328 186
328 187
329 158
329 233
330 18
330 259
331 194
332 93
332 249
333 272
333 334
334 255
334 264
334 287
334 333
335 267
335 310
336 148
337 25
337 238
338 178
339 38
340 22
340 208
341 150
341 223
342 41
342 137
343 224
344 309
345 1
346 227
347 190
347 202
348 176
349 73
