31.000000
100
0 5
0 7
0 20
0 29
0 33
0 53
0 62
0 70
0 87
1 2
1 48
1 65
2 1
2 3
3 2
3 29
3 32
3 57
4 16
4 31
4 33
5 0
5 9
5 13
5 36
5 45
6 29
7 0
7 11
7 21
8 33
9 5
9 17
9 27
10 26
11 7
11 24
11 58
12 15
12 91
12 95
13 5
14 22
15 12
16 4
17 9
17 25
18 33
19 46
19 85
20 0
20 50
21 7
22 14
22 75
22 93
22 95
23 68
23 96
24 11
24 78
24 82
25 17
25 88
26 10
26 62
26 93
27 9
28 34
28 39
29 0
29 3
29 6
29 59
30 35
30 56
30 71
31 4
32 3
33 0
33 4
33 8
33 18
33 44
34 28
34 50
35 30
35 69
36 5
37 42
37 87
38 58
39 28
39 51
39 60
39 98
40 47
40 80
41 43
42 37
42 76
42 90
42 97
43 41
43 95
44 33
44 46
44 64
44 79
45 5
46 19
46 44
47 40
48 1
48 67
49 53
49 92
50 20
50 34
51 39
52 98
53 0
53 49
53 66
54 55
54 81
54 84
55 54
56 30
57 3
58 11
58 38
59 29
59 63
60 39
61 73
61 77
62 0
62 26
63 59
64 44
65 1
65 72
66 53
67 48
68 23
68 87
69 35
69 84
70 0
70 71
71 30
71 70
71 80
72 65
72 86
73 61
74 93
75 22
76 42
77 61
77 92
78 24
78 99
79 44
80 40
80 71
81 54
82 24
82 83
83 82
84 54
84 69
85 19
86 72
86 89
87 0
87 37
87 68
88 25
89 86
90 42
90 94
91 12
92 49
92 77
93 22
93 26
93 74
94 90
95 12
95 22
95 43
96 23
97 42
98 39
98 52
99 78
