49.000000
400
0 1
0 10
0 22
0 46
0 60
0 69
0 74
0 76
0 88
0 97
0 101
0 107
0 130
0 132
0 197
0 209
0 239
0 240
0 241
0 253
0 259
0 270
0 288
0 292
0 302
0 304
0 336
0 355
0 360
0 372
0 380
0 388
0 391
1 0
1 15
1 57
1 269
2 159
3 90
4 20
4 33
4 100
4 183
4 293
5 384
6 94
6 135
7 30
8 267
8 351
8 375
8 378
9 101
9 200
10 0
10 34
10 282
11 76
12 144
12 336
13 131
14 29
14 136
15 1
15 93
16 149
17 145
17 391
18 271
19 62
19 163
20 4
21 188
21 381
22 0
22 77
22 137
23 29
23 115
23 150
23 380
24 129
24 241
25 359
26 38
26 250
27 167
27 254
28 81
28 127
28 220
28 251
29 14
29 23
30 7
30 83
30 343
30 359
31 321
32 109
32 212
32 217
32 249
32 262
32 281
32 320
32 356
33 4
34 10
34 56
34 273
34 363
35 368
35 384
36 71
37 350
38 26
38 118
39 174
39 308
39 389
40 225
41 271
41 378
42 191
42 396
43 133
43 151
43 270
44 58
45 222
46 0
46 85
46 124
46 226
46 257
46 342
47 90
48 270
49 170
50 155
51 243
51 274
51 276
51 346
52 71
52 292
53 198
54 358
55 119
55 195
55 211
56 34
56 72
56 166
56 182
57 1
58 44
58 227
58 317
58 372
59 374
60 0
60 256
61 116
61 257
62 19
62 312
63 380
64 69
64 216
64 248
65 267
65 348
66 257
66 318
67 117
68 331
68 360
69 0
69 64
69 190
69 325
69 361
70 200
71 36
71 52
72 56
73 242
74 0
74 334
74 368
75 245
75 337
76 0
76 11
76 90
77 22
77 284
77 392
78 262
79 348
80 355
81 28
82 159
82 312
82 355
83 30
84 94
84 143
85 46
85 98
86 87
86 255
87 86
87 130
87 295
87 333
87 350
88 0
88 274
88 395
88 398
89 130
89 293
90 3
90 47
90 76
90 308
91 211
91 231
92 358
93 15
93 204
94 6
94 84
94 168
95 257
96 283
96 360
97 0
97 164
97 266
98 85
99 121
99 390
100 4
101 0
101 9
101 127
101 374
102 312
103 140
104 146
104 171
104 280
104 301
104 340
105 392
106 227
107 0
107 181
107 206
108 338
109 32
109 259
110 114
110 391
111 226
112 140
113 155
114 110
114 300
115 23
115 324
116 61
117 67
117 187
117 387
118 38
118 155
119 55
120 218
121 99
121 143
122 186
122 187
122 228
123 246
123 263
124 46
125 173
125 332
126 325
127 28
127 101
128 190
128 287
129 24
130 0
130 87
130 89
131 13
131 330
132 0
132 192
132 250
133 43
134 141
134 148
134 373
135 6
135 158
135 323
135 376
136 14
137 22
138 202
138 305
139 349
139 371
140 103
140 112
140 221
140 395
141 134
141 369
142 143
143 84
143 121
143 142
143 198
143 304
144 12
145 17
145 180
146 104
147 207
148 134
148 314
149 16
149 319
150 23
150 277
151 43
151 261
151 354
151 385
152 177
152 353
153 306
154 247
155 50
155 113
155 118
155 359
156 333
157 340
158 135
159 2
159 82
160 213
161 274
162 241
163 19
164 97
165 363
166 56
167 27
168 94
169 267
170 49
170 310
170 388
171 104
172 343
173 125
174 39
175 275
175 325
176 389
177 152
178 194
179 324
180 145
181 107
182 56
183 4
184 279
185 288
186 122
186 329
187 117
187 122
187 232
188 21
189 332
190 69
190 128
191 42
192 132
193 388
194 178
194 247
195 55
195 242
195 306
196 348
197 0
197 383
198 53
198 143
199 305
199 367
200 9
200 70
201 245
201 315
202 138
203 263
203 306
204 93
205 329
206 107
207 147
207 240
208 294
209 0
210 333
211 55
211 91
212 32
213 160
213 288
213 299
214 231
215 350
216 64
216 332
217 32
218 120
218 297
218 328
219 392
220 28
220 291
221 140
222 45
222 240
222 351
223 370
224 386
225 40
225 228
226 46
226 111
226 328
227 58
227 106
227 362
228 122
228 225
228 229
229 228
229 292
230 381
231 91
231 214
231 360
232 187
233 360
234 342
234 399
235 341
236 288
237 251
238 241
239 0
239 314
240 0
240 207
240 222
241 0
241 24
241 162
241 238
241 311
241 330
241 379
242 73
242 195
242 264
243 51
244 386
245 75
245 201
245 247
245 254
245 388
246 123
247 154
247 194
247 245
247 265
248 64
249 32
249 393
250 26
250 132
250 386
251 28
251 237
252 381
253 0
253 286
253 396
254 27
254 245
255 86
256 60
256 382
257 46
257 61
257 66
257 95
258 343
259 0
259 109
260 295
261 151
262 32
262 78
263 123
263 203
264 242
265 247
266 97
267 8
267 65
267 169
268 295
269 1
269 294
270 0
270 43
270 48
271 18
271 41
272 299
272 309
273 34
274 51
274 88
274 161
275 175
276 51
277 150
278 317
279 184
279 284
280 104
281 32
282 10
283 96
284 77
284 279
284 290
285 351
286 253
286 358
287 128
288 0
288 185
288 213
288 236
289 372
290 284
291 220
292 0
292 52
292 229
293 4
293 89
294 208
294 269
295 87
295 260
295 268
295 339
295 377
296 312
297 218
298 357
299 213
299 272
299 345
300 114
301 104
302 0
302 371
303 312
304 0
304 143
305 138
305 199
306 153
306 195
306 203
307 370
308 39
308 90
308 321
308 352
309 272
310 170
310 316
311 241
312 62
312 82
312 102
312 296
312 303
313 334
314 148
314 239
315 201
316 310
317 58
317 278
317 357
318 66
319 149
319 370
320 32
321 31
321 308
322 385
323 135
324 115
324 179
324 397
325 69
325 126
325 175
326 348
327 361
328 218
328 226
329 186
329 205
330 131
330 241
331 68
332 125
332 189
332 216
333 87
333 156
333 210
334 74
334 313
335 367
336 0
336 12
336 341
337 75
338 108
338 360
339 295
340 104
340 157
340 392
341 235
341 336
342 46
342 234
342 365
343 30
343 172
343 258
344 398
345 299
346 51
347 384
348 65
348 79
348 196
348 326
349 139
350 37
350 87
350 215
351 8
351 222
351 285
352 308
353 152
353 384
354 151
355 0
355 80
355 82
356 32
357 298
357 317
358 54
358 92
358 286
358 394
359 25
359 30
359 155
360 0
360 68
360 96
360 231
360 233
360 338
361 69
361 327
362 227
363 34
363 165
364 372
365 342
366 382
367 199
367 335
367 395
368 35
368 74
369 141
370 223
370 307
370 319
370 371
371 139
371 302
371 370
372 0
372 58
372 289
372 364
373 134
374 59
374 101
375 8
376 135
377 295
378 8
378 41
379 241
380 0
380 23
380 63
381 21
381 230
381 252
381 396
382 256
382 366
383 197
384 5
384 35
384 347
384 353
385 151
385 322
386 224
386 244
386 250
387 117
388 0
388 170
388 193
388 245
389 39
389 176
390 99
391 0
391 17
391 110
392 77
392 105
392 219
392 340
393 249
394 358
395 88
395 140
395 367
396 42
396 253
396 381
397 324
398 88
398 344
399 234
