-74.000000
100
0 1
0 6
0 10
0 14
0 16
0 17
0 21
0 28
0 29
0 38
0 42
0 56
0 59
0 62
0 72
0 77
0 79
0 81
0 90
0 94
0 95
1 0
2 24
2 37
3 53
4 52
4 65
5 58
5 79
6 0
6 8
6 82
7 45
7 56
7 74
8 6
9 14
10 0
10 65
11 69
11 96
12 36
13 24
13 53
13 66
14 0
14 9
14 69
15 29
16 0
17 0
18 44
19 24
20 25
21 0
22 54
22 80
23 86
24 2
24 13
24 19
24 85
25 20
25 46
25 74
26 44
27 32
27 43
28 0
28 76
29 0
29 15
30 50
30 95
31 65
32 27
32 41
32 51
32 62
33 67
34 96
35 54
36 12
36 69
37 2
38 0
38 48
38 64
38 92
39 67
40 90
41 32
41 60
41 86
42 0
43 27
44 18
44 26
44 52
45 7
46 25
47 55
48 38
49 58
49 61
49 80
50 30
51 32
51 55
51 68
52 4
52 44
53 3
53 13
53 75
54 22
54 35
55 47
55 51
56 0
56 7
57 79
58 5
58 49
59 0
59 66
59 87
60 41
61 49
62 0
62 32
63 76
64 38
65 4
65 10
65 31
65 67
66 13
66 59
67 33
67 39
67 65
68 51
69 11
69 14
69 36
70 92
71 90
72 0
73 85
74 7
74 25
75 53
75 98
76 28
76 63
77 0
78 99
79 0
79 5
79 57
80 22
80 49
81 0
81 88
82 6
82 97
83 93
84 90
84 91
85 24
85 73
86 23
86 41
87 59
88 81
89 97
90 0
90 40
90 71
90 84
90 99
91 84
91 93
92 38
92 70
93 83
93 91
94 0
95 0
95 30
96 11
96 34
97 82
97 89
98 75
99 78
99 90
