-184.000000
300
0 5
0 10
0 19
0 21
0 26
0 31
0 35
0 41
0 43
0 60
0 62
0 63
0 65
0 69
0 70
0 74
0 80
0 92
0 93
0 95
0 96
0 101
0 105
0 118
0 121
0 127
0 129
0 130
0 134
0 141
0 144
0 145
0 150
0 163
0 175
0 177
0 178
0 180
0 181
0 182
0 183
0 188
0 193
0 209
0 217
0 224
0 228
0 231
0 241
0 244
0 247
0 249
0 257
0 260
0 261
0 262
0 264
0 267
0 272
0 274
0 278
0 281
0 289
0 297
1 149
1 172
2 63
3 62
4 105
4 154
5 0
5 66
6 138
6 277
6 295
7 98
7 125
8 75
8 197
8 200
9 16
10 0
10 59
10 135
11 45
11 51
11 93
12 42
12 202
13 139
13 268
14 129
15 77
16 9
16 205
17 49
17 120
18 180
19 0
19 137
19 211
20 43
20 50
21 0
21 210
22 90
22 117
22 185
23 111
23 145
23 242
24 99
24 150
25 136
25 181
25 251
26 0
26 72
26 169
27 141
27 258
28 112
28 216
28 272
29 144
29 156
30 234
30 252
31 0
31 225
32 78
32 94
32 213
33 39
33 76
33 119
34 74
35 0
35 52
35 192
36 220
36 240
37 278
38 125
38 205
38 243
38 289
39 33
39 168
39 286
40 72
41 0
41 196
42 12
42 84
42 97
43 0
43 20
44 274
45 11
45 164
46 258
47 159
48 294
49 17
50 20
51 11
52 35
53 70
53 114
54 134
55 130
56 239
57 242
57 273
58 108
58 215
59 10
59 268
60 0
60 239
61 101
61 276
62 0
62 3
62 152
63 0
63 2
63 266
64 80
65 0
65 186
66 5
66 230
67 297
68 209
69 0
69 173
69 206
69 259
70 0
70 53
70 153
71 237
72 26
72 40
73 175
73 221
74 0
74 34
74 85
74 110
74 128
75 8
76 33
77 15
77 152
78 32
79 91
79 263
80 0
80 64
81 158
81 264
82 283
83 294
84 42
84 189
85 74
86 132
87 255
88 190
89 155
89 224
90 22
91 79
92 0
93 0
93 11
93 187
94 32
94 106
95 0
95 284
96 0
96 203
97 42
98 7
99 24
99 117
100 282
101 0
101 61
102 106
102 126
102 222
102 292
103 252
104 191
105 0
105 4
106 94
106 102
107 245
108 58
108 283
109 210
110 74
110 146
110 226
111 23
112 28
113 205
113 299
114 53
115 118
115 171
115 250
116 247
117 22
117 99
117 124
118 0
118 115
118 279
119 33
119 231
120 17
120 228
121 0
122 181
123 143
123 179
123 267
123 294
124 117
125 7
125 38
125 283
126 102
127 0
127 207
127 253
128 74
128 237
129 0
129 14
130 0
130 55
131 257
132 86
132 221
133 230
134 0
134 54
135 10
136 25
136 166
137 19
137 254
138 6
138 217
139 13
140 194
140 257
141 0
141 27
142 234
143 123
144 0
144 29
145 0
145 23
145 269
146 110
147 249
148 269
149 1
150 0
150 24
151 274
152 62
152 77
153 70
154 4
154 218
154 275
155 89
156 29
156 265
157 221
158 81
159 47
159 263
160 186
160 280
161 288
162 224
163 0
163 199
163 287
164 45
165 243
166 136
166 255
167 280
168 39
169 26
170 229
171 115
172 1
172 282
173 69
174 201
175 0
175 73
175 191
176 178
176 245
177 0
177 248
178 0
178 176
179 123
180 0
180 18
181 0
181 25
181 122
182 0
182 200
183 0
183 202
183 238
184 204
184 220
185 22
186 65
186 160
187 93
188 0
188 298
189 84
190 88
190 215
191 104
191 175
192 35
193 0
193 233
194 140
195 225
196 41
197 8
198 260
199 163
200 8
200 182
201 174
201 224
202 12
202 183
203 96
203 220
204 184
205 16
205 38
205 113
206 69
206 282
207 127
207 219
208 229
208 266
209 0
209 68
209 213
210 21
210 109
211 19
211 236
212 221
213 32
213 209
214 264
215 58
215 190
216 28
216 223
217 0
217 138
218 154
219 207
220 36
220 184
220 203
221 73
221 132
221 157
221 212
221 271
222 102
223 216
224 0
224 89
224 162
224 201
225 31
225 195
226 110
227 272
228 0
228 120
228 291
229 170
229 208
230 66
230 133
231 0
231 119
232 273
233 193
233 270
234 30
234 142
235 262
235 263
236 211
236 293
237 71
237 128
238 183
239 56
239 60
240 36
241 0
242 23
242 57
243 38
243 165
244 0
244 246
245 107
245 176
246 244
247 0
247 116
248 177
249 0
249 147
250 115
251 25
252 30
252 103
252 281
253 127
254 137
255 87
255 166
256 276
257 0
257 131
257 140
258 27
258 46
259 69
260 0
260 198
261 0
261 296
262 0
262 235
263 79
263 159
263 235
264 0
264 81
264 214
265 156
266 63
266 208
267 0
267 123
268 13
268 59
269 145
269 148
270 233
271 221
272 0
272 28
272 227
273 57
273 232
273 285
274 0
274 44
274 151
275 154
276 61
276 256
277 6
278 0
278 37
279 118
280 160
280 167
281 0
281 252
282 100
282 172
282 206
283 82
283 108
283 125
284 95
285 273
286 39
287 163
287 288
288 161
288 287
289 0
289 38
289 290
290 289
291 228
292 102
293 236
294 48
294 83
294 123
295 6
296 261
297 0
297 67
298 188
299 113
