74.000000
300
0 5
0 13
0 19
0 29
0 30
0 38
0 42
0 60
0 120
0 124
0 133
0 134
0 138
0 176
0 251
0 253
0 269
0 297
1 10
1 36
1 41
1 56
1 122
1 238
2 163
2 236
3 206
4 111
4 139
5 0
5 104
6 216
7 256
8 31
8 154
8 256
9 111
9 230
9 245
10 1
10 14
10 219
11 104
11 135
12 84
13 0
13 261
14 10
14 100
15 52
15 147
15 217
16 28
16 76
17 98
18 157
18 249
19 0
19 218
19 266
20 200
21 162
22 51
22 248
22 258
23 122
24 48
25 281
26 88
26 136
26 142
26 263
27 226
28 16
28 112
29 0
29 70
29 208
29 232
30 0
30 101
30 118
30 140
31 8
31 199
32 166
32 289
33 79
33 149
33 173
34 234
35 239
35 278
36 1
36 144
37 148
37 204
38 0
38 45
38 162
38 221
39 192
40 138
40 292
41 1
41 48
42 0
42 136
43 75
44 280
45 38
46 70
46 279
47 142
48 24
48 41
48 87
49 64
49 226
50 152
51 22
52 15
52 60
52 177
52 224
52 267
53 171
54 59
54 129
55 90
55 116
56 1
57 186
57 209
57 287
58 242
58 274
59 54
59 106
59 127
59 214
60 0
60 52
60 233
61 156
62 182
62 296
63 190
64 49
64 123
64 206
64 212
65 118
66 128
66 169
67 127
67 244
68 180
69 185
69 189
70 29
70 46
71 165
71 292
72 95
72 217
73 102
73 255
74 86
75 43
75 84
76 16
76 121
77 104
77 220
78 278
79 33
79 266
80 141
81 113
81 188
81 262
82 91
82 103
82 157
82 194
83 99
83 224
84 12
84 75
84 284
85 119
85 193
85 247
85 298
86 74
86 121
86 174
87 48
88 26
88 238
89 209
90 55
91 82
91 138
92 159
92 160
93 262
94 210
95 72
95 132
96 187
96 250
96 277
97 207
98 17
98 258
99 83
100 14
101 30
102 73
103 82
103 265
104 5
104 11
104 77
105 230
106 59
106 107
107 106
107 266
108 125
109 110
110 109
110 177
111 4
111 9
111 125
111 191
112 28
112 195
113 81
114 142
115 200
116 55
116 129
116 295
117 176
118 30
118 65
118 179
119 85
120 0
120 260
121 76
121 86
121 275
122 1
122 23
122 229
123 64
124 0
125 108
125 111
126 276
127 59
127 67
128 66
129 54
129 116
130 169
130 186
130 223
131 291
132 95
132 145
132 150
133 0
134 0
135 11
136 26
136 42
137 214
138 0
138 40
138 91
139 4
140 30
141 80
141 269
142 26
142 47
142 114
143 220
144 36
145 132
146 232
147 15
148 37
148 181
148 222
149 33
149 240
150 132
150 293
151 168
152 50
152 223
153 206
154 8
154 281
155 280
156 61
156 299
157 18
157 82
158 235
158 257
159 92
159 184
160 92
160 164
160 232
161 205
161 246
161 290
162 21
162 38
162 167
163 2
164 160
165 71
166 32
167 162
167 193
167 259
168 151
168 175
169 66
169 130
169 183
170 176
170 234
170 248
171 53
171 174
171 175
172 229
173 33
174 86
174 171
175 168
175 171
175 184
176 0
176 117
176 170
177 52
177 110
177 211
178 219
178 228
179 118
179 268
180 68
180 280
180 284
180 289
181 148
182 62
183 169
183 200
183 248
184 159
184 175
184 273
185 69
186 57
186 130
187 96
188 81
188 243
189 69
189 263
190 63
190 267
191 111
191 192
192 39
192 191
193 85
193 167
194 82
195 112
195 227
196 266
197 292
198 214
199 31
200 20
200 115
200 183
201 280
202 275
203 249
204 37
205 161
206 3
206 64
206 153
207 97
207 277
208 29
209 57
209 89
209 252
210 94
210 218
211 177
212 64
212 236
213 291
214 59
214 137
214 198
215 249
216 6
216 240
217 15
217 72
218 19
218 210
218 296
219 10
219 178
220 77
220 143
220 235
220 237
221 38
222 148
222 266
223 130
223 152
224 52
224 83
225 236
226 27
226 49
226 298
227 195
228 178
229 122
229 172
229 283
230 9
230 105
231 241
232 29
232 146
232 160
232 291
233 60
234 34
234 170
235 158
235 220
235 271
236 2
236 212
236 225
236 254
237 220
238 1
238 88
239 35
240 149
240 216
241 231
241 272
241 284
242 58
242 285
243 188
244 67
245 9
245 260
246 161
246 264
247 85
247 255
248 22
248 170
248 183
249 18
249 203
249 215
250 96
250 255
251 0
251 270
251 276
252 209
253 0
254 236
255 73
255 247
255 250
255 294
256 7
256 8
256 262
256 265
257 158
257 280
258 22
258 98
259 167
260 120
260 245
261 13
262 81
262 93
262 256
263 26
263 189
263 288
264 246
264 276
264 278
265 103
265 256
266 19
266 79
266 107
266 196
266 222
267 52
267 190
268 179
269 0
269 141
270 251
271 235
272 241
273 184
273 299
274 58
274 297
275 121
275 202
276 126
276 251
276 264
277 96
277 207
277 286
278 35
278 78
278 264
279 46
280 44
280 155
280 180
280 201
280 257
281 25
281 154
281 282
282 281
283 229
284 84
284 180
284 241
285 242
286 277
287 57
288 263
289 32
289 180
290 161
291 131
291 213
291 232
292 40
292 71
292 197
293 150
294 255
295 116
296 62
296 218
297 0
297 274
298 85
298 226
299 156
299 273
