-178.000000
150
0 4
0 5
0 13
0 19
0 22
0 28
0 32
0 34
0 43
0 47
0 53
0 54
0 59
0 68
0 69
0 70
0 75
0 77
0 89
0 91
0 94
0 96
0 97
0 104
0 108
0 113
0 116
0 124
0 136
0 137
0 145
0 147
0 149
1 7
2 11
3 125
4 0
4 41
5 0
5 82
6 123
7 1
7 96
8 41
8 79
9 88
10 29
11 2
11 149
12 38
12 121
13 0
13 20
14 20
15 27
15 61
16 39
16 62
17 86
18 115
19 0
19 120
20 13
20 14
20 67
20 98
21 104
21 107
22 0
23 111
24 97
24 135
25 72
25 119
26 112
27 15
28 0
28 56
29 10
29 59
29 146
30 143
31 89
32 0
32 76
33 149
34 0
34 57
34 84
35 114
35 126
36 69
37 63
37 90
38 12
38 42
38 43
38 45
38 131
39 16
40 100
40 113
41 4
41 8
42 38
43 0
43 38
44 97
45 38
46 121
47 0
47 88
48 130
49 133
50 149
51 115
52 59
53 0
53 106
54 0
55 80
56 28
56 134
57 34
57 139
58 115
58 148
59 0
59 29
59 52
60 70
60 130
61 15
61 85
62 16
62 136
63 37
64 83
65 123
66 81
67 20
68 0
68 110
69 0
69 36
69 103
70 0
70 60
71 123
71 127
72 25
73 113
74 106
75 0
76 32
76 90
77 0
77 101
78 87
78 129
78 138
79 8
79 93
80 55
80 92
80 110
81 66
81 147
82 5
82 85
82 95
83 64
83 109
84 34
85 61
85 82
86 17
86 91
86 126
87 78
87 94
88 9
88 47
88 105
89 0
89 31
89 133
90 37
90 76
91 0
91 86
92 80
93 79
94 0
94 87
94 111
95 82
96 0
96 7
96 140
97 0
97 24
97 44
98 20
99 134
100 40
100 112
100 128
101 77
102 134
103 69
104 0
104 21
105 88
106 53
106 74
107 21
107 143
108 0
109 83
109 116
109 125
110 68
110 80
111 23
111 94
112 26
112 100
113 0
113 40
113 73
114 35
115 18
115 51
115 58
115 135
116 0
116 109
117 123
118 119
119 25
119 118
119 122
119 142
120 19
121 12
121 46
122 119
122 145
123 6
123 65
123 71
123 117
124 0
124 127
125 3
125 109
126 35
126 86
126 132
127 71
127 124
128 100
129 78
130 48
130 60
131 38
132 126
133 49
133 89
134 56
134 99
134 102
135 24
135 115
136 0
136 62
137 0
138 78
139 57
140 96
141 144
141 146
142 119
143 30
143 107
144 141
145 0
145 122
146 29
146 141
147 0
147 81
148 58
149 0
149 11
149 33
149 50
