-165.000000
200
0 1
0 5
0 7
0 22
0 27
0 29
0 30
0 36
0 46
0 49
0 58
0 62
0 74
0 79
0 80
0 82
0 87
0 92
0 102
0 103
0 104
0 106
0 109
0 119
0 136
0 139
0 144
0 147
0 152
0 155
0 156
0 163
0 167
0 169
0 170
0 184
0 191
0 193
1 0
1 180
2 21
2 116
3 18
3 19
3 166
4 105
5 0
5 34
5 188
6 126
6 151
7 0
7 114
8 40
8 68
8 186
9 154
10 16
11 34
12 13
12 127
13 12
13 168
14 109
15 104
16 10
16 96
16 114
17 137
18 3
19 3
20 78
20 118
20 159
21 2
22 0
22 120
23 116
23 170
24 36
24 149
25 95
25 198
26 57
26 101
27 0
27 66
27 133
28 102
28 187
29 0
29 55
29 186
30 0
30 112
30 122
30 165
31 41
31 76
32 67
32 138
32 177
33 56
33 104
34 5
34 11
34 190
35 176
35 180
36 0
36 24
36 81
37 178
38 166
39 59
39 159
40 8
40 196
41 31
41 167
42 191
43 44
44 43
44 72
44 120
44 145
45 90
45 199
46 0
46 91
46 141
47 87
47 178
48 84
48 108
48 111
48 181
49 0
49 94
49 126
50 63
50 137
50 162
51 95
52 91
53 155
54 113
55 29
56 33
57 26
57 79
58 0
58 124
58 199
59 39
59 183
60 113
61 187
62 0
62 95
63 50
63 148
64 163
65 98
66 27
67 32
68 8
69 92
70 106
71 128
71 136
72 44
73 128
74 0
74 154
75 81
76 31
76 100
76 132
76 175
77 158
78 20
79 0
79 57
79 98
80 0
80 182
81 36
81 75
82 0
82 131
82 134
82 143
83 184
84 48
84 164
85 92
85 160
86 92
86 194
87 0
87 47
87 183
88 156
89 153
89 163
90 45
91 46
91 52
92 0
92 69
92 85
92 86
92 123
93 129
93 178
94 49
95 25
95 51
95 62
96 16
97 169
98 65
98 79
99 102
100 76
101 26
102 0
102 28
102 99
103 0
103 142
104 0
104 15
104 33
104 125
105 4
105 155
106 0
106 70
106 127
107 115
107 121
108 48
108 140
108 155
109 0
109 14
109 172
110 150
111 48
112 30
112 192
113 54
113 60
113 144
114 7
114 16
115 107
116 2
116 23
117 134
118 20
119 0
119 158
119 189
120 22
120 44
120 174
121 107
121 169
122 30
123 92
124 58
124 146
124 195
125 104
126 6
126 49
126 185
127 12
127 106
128 71
128 73
129 93
130 136
131 82
132 76
133 27
134 82
134 117
135 193
136 0
136 71
136 130
137 17
137 50
138 32
139 0
139 148
140 108
141 46
142 103
143 82
143 161
144 0
144 113
145 44
146 124
147 0
147 166
148 63
148 139
149 24
150 110
150 152
151 6
152 0
152 150
153 89
154 9
154 74
155 0
155 53
155 105
155 108
156 0
156 88
156 173
157 162
158 77
158 119
159 20
159 39
160 85
161 143
162 50
162 157
163 0
163 64
163 89
164 84
165 30
166 3
166 38
166 147
167 0
167 41
168 13
169 0
169 97
169 121
170 0
170 23
171 179
172 109
173 156
174 120
175 76
176 35
177 32
177 191
178 37
178 47
178 93
179 171
179 193
180 1
180 35
181 48
182 80
183 59
183 87
184 0
184 83
185 126
186 8
186 29
187 28
187 61
188 5
189 119
190 34
191 0
191 42
191 177
191 197
192 112
193 0
193 135
193 179
194 86
195 124
196 40
197 191
198 25
199 45
199 58
