60.000000
500
0 3
0 16
0 33
0 46
0 51
0 53
0 55
0 69
0 72
0 96
0 102
0 108
0 120
0 131
0 135
0 139
0 147
0 160
0 181
0 189
0 199
0 212
0 221
0 234
0 241
0 259
0 282
0 307
0 313
0 362
0 392
0 410
0 415
0 431
0 448
0 452
0 474
1 106
1 365
2 396
3 0
3 70
4 273
4 293
4 301
5 429
6 213
6 219
6 248
6 285
6 295
6 386
6 419
7 68
7 473
8 445
9 38
9 407
9 497
10 121
10 145
10 295
11 377
11 464
11 474
12 226
12 228
12 449
13 314
14 220
15 76
16 0
16 66
17 47
17 239
18 279
19 89
20 43
21 329
21 369
22 258
22 321
22 327
23 303
24 143
25 183
25 489
26 32
26 230
27 122
27 284
28 486
29 429
30 103
31 167
31 229
32 26
32 35
32 277
32 379
33 0
33 61
34 325
35 32
36 99
36 484
37 267
37 440
38 9
38 390
39 455
40 60
40 69
41 125
41 264
41 481
42 100
43 20
43 294
44 192
44 195
44 258
45 166
46 0
46 172
46 374
46 478
47 17
47 159
48 484
49 75
50 268
51 0
51 198
52 59
52 128
53 0
53 434
53 459
54 349
55 0
55 465
56 65
57 383
58 368
59 52
59 470
59 496
60 40
60 288
61 33
61 494
62 292
62 301
63 164
63 353
64 115
65 56
65 75
65 482
66 16
66 418
67 152
68 7
68 294
69 0
69 40
69 412
69 425
70 3
70 265
70 371
71 224
72 0
72 352
72 440
73 90
74 298
75 49
75 65
75 405
76 15
76 84
76 291
76 306
76 325
76 454
77 273
78 253
78 336
79 84
79 104
79 476
80 151
81 126
82 180
82 374
83 197
83 264
84 76
84 79
85 367
86 89
86 252
86 299
86 363
87 224
88 236
88 347
88 391
88 479
89 19
89 86
89 389
90 73
90 167
90 316
91 259
91 401
92 461
92 465
93 189
93 472
94 140
95 363
96 0
96 207
97 428
97 497
98 224
99 36
100 42
100 464
101 132
101 168
101 266
101 392
102 0
102 498
103 30
103 130
103 275
104 79
105 403
105 413
106 1
106 175
106 215
106 270
106 387
107 286
108 0
109 129
110 459
111 178
111 474
112 170
112 444
113 194
113 431
114 228
115 64
115 133
115 358
116 118
116 345
117 233
117 338
118 116
119 450
120 0
120 462
121 10
121 436
122 27
122 342
123 239
123 281
123 324
124 174
124 298
125 41
126 81
126 179
127 361
128 52
128 163
129 109
129 369
130 103
130 137
131 0
131 326
132 101
133 115
133 191
134 436
135 0
135 148
136 382
137 130
137 142
137 423
137 443
138 232
139 0
139 164
140 94
140 367
141 245
141 328
142 137
143 24
143 402
144 309
145 10
146 220
146 271
146 311
147 0
147 268
148 135
149 207
150 237
150 307
150 360
150 396
150 455
150 487
151 80
151 388
152 67
152 275
153 276
154 375
154 397
154 405
155 186
155 298
156 251
157 457
158 272
158 448
159 47
160 0
160 486
161 188
161 492
162 289
163 128
164 63
164 139
165 170
165 261
165 335
166 45
166 359
167 31
167 90
167 439
168 101
168 280
169 263
169 373
170 112
170 165
171 471
172 46
173 349
174 124
174 287
175 106
175 242
176 411
177 181
178 111
179 126
179 204
179 383
180 82
180 381
181 0
181 177
181 243
182 213
183 25
183 313
184 309
185 319
185 330
185 340
185 498
186 155
187 198
187 252
187 338
188 161
189 0
189 93
189 270
190 497
191 133
192 44
192 398
192 485
193 240
194 113
194 339
194 413
195 44
196 224
197 83
198 51
198 187
199 0
199 376
199 394
200 482
201 492
202 343
202 422
202 424
203 329
204 179
204 398
205 393
205 483
206 224
207 96
207 149
207 304
207 449
208 481
209 450
210 342
211 465
212 0
212 436
213 6
213 182
213 296
213 348
213 393
214 233
215 106
215 358
216 338
217 300
217 445
218 233
219 6
220 14
220 146
220 459
220 497
221 0
221 224
222 300
222 458
223 369
223 380
224 71
224 87
224 98
224 196
224 206
224 221
225 249
226 12
227 241
227 417
228 12
228 114
228 414
229 31
230 26
230 460
231 368
231 382
232 138
232 234
232 240
232 269
232 391
233 117
233 214
233 218
233 346
234 0
234 232
234 312
234 366
235 253
235 478
236 88
236 395
237 150
237 451
238 311
239 17
239 123
240 193
240 232
241 0
241 227
241 254
242 175
242 250
242 492
243 181
243 315
244 368
245 141
245 260
245 466
246 249
247 349
248 6
249 225
249 246
249 320
250 242
251 156
251 341
251 482
252 86
252 187
253 78
253 235
254 241
255 402
256 368
257 480
258 22
258 44
258 331
259 0
259 91
259 317
260 245
260 309
261 165
261 378
261 388
262 309
263 169
263 440
264 41
264 83
264 402
265 70
265 426
266 101
267 37
267 456
268 50
268 147
269 232
269 333
270 106
270 189
271 146
272 158
272 331
273 4
273 77
273 332
273 404
274 318
274 453
275 103
275 152
275 409
276 153
276 446
276 473
277 32
278 467
279 18
279 338
280 168
281 123
281 337
281 352
282 0
282 297
283 492
284 27
285 6
286 107
286 322
286 392
286 493
287 174
287 356
287 432
288 60
289 162
289 368
290 317
291 76
292 62
293 4
294 43
294 68
295 6
295 10
296 213
297 282
297 475
298 74
298 124
298 155
299 86
299 302
300 217
300 222
300 342
300 426
301 4
301 62
302 299
303 23
303 319
304 207
304 359
305 372
305 407
306 76
307 0
307 150
308 358
309 144
309 184
309 260
309 262
310 481
311 146
311 238
312 234
313 0
313 183
314 13
314 393
314 437
315 243
316 90
316 362
317 259
317 290
318 274
318 414
319 185
319 303
319 491
320 249
320 377
321 22
322 286
322 480
323 434
324 123
325 34
325 76
326 131
327 22
328 141
328 432
329 21
329 203
330 185
331 258
331 272
332 273
332 355
332 452
333 269
334 418
335 165
336 78
336 470
337 281
337 351
337 499
338 117
338 187
338 216
338 279
338 468
339 194
340 185
341 251
342 122
342 210
342 300
343 202
344 352
345 116
345 468
346 233
347 88
348 213
349 54
349 173
349 247
349 370
350 382
351 337
352 72
352 281
352 344
353 63
353 450
354 361
354 445
354 467
355 332
356 287
357 381
357 488
358 115
358 215
358 308
359 166
359 304
359 367
360 150
361 127
361 354
362 0
362 316
363 86
363 95
364 419
364 477
365 1
366 234
367 85
367 140
367 359
367 406
368 58
368 231
368 244
368 256
368 289
368 441
369 21
369 129
369 223
370 349
370 411
371 70
372 305
373 169
374 46
374 82
374 430
375 154
376 199
376 484
377 11
377 320
378 261
379 32
380 223
380 481
381 180
381 357
381 400
382 136
382 231
382 350
382 421
382 451
383 57
383 179
384 424
384 463
385 462
386 6
387 106
388 151
388 261
389 89
390 38
390 427
391 88
391 232
391 409
392 0
392 101
392 286
392 438
393 205
393 213
393 314
393 490
394 199
395 236
396 2
396 150
397 154
398 192
398 204
398 408
398 442
399 420
400 381
401 91
402 143
402 255
402 264
403 105
404 273
404 447
404 460
405 75
405 154
405 480
406 367
407 9
407 305
408 398
408 435
409 275
409 391
410 0
410 454
411 176
411 370
411 415
412 69
413 105
413 194
414 228
414 318
414 429
415 0
415 411
416 481
417 227
417 444
417 471
418 66
418 334
419 6
419 364
420 399
420 465
421 382
422 202
422 484
423 137
424 202
424 384
425 69
426 265
426 300
427 390
428 97
429 5
429 29
429 414
430 374
431 0
431 113
432 287
432 328
432 462
433 456
434 53
434 323
435 408
436 121
436 134
436 212
437 314
438 392
439 167
440 37
440 72
440 263
441 368
442 398
443 137
444 112
444 417
445 8
445 217
445 354
446 276
446 469
447 404
448 0
448 158
449 12
449 207
450 119
450 209
450 353
451 237
451 382
452 0
452 332
453 274
454 76
454 410
455 39
455 150
456 267
456 433
457 157
457 466
458 222
459 53
459 110
459 220
460 230
460 404
461 92
461 481
462 120
462 385
462 432
463 384
464 11
464 100
465 55
465 92
465 211
465 420
466 245
466 457
467 278
467 354
468 338
468 345
469 446
470 59
470 336
471 171
471 417
472 93
472 495
473 7
473 276
473 476
474 0
474 11
474 111
475 297
476 79
476 473
477 364
478 46
478 235
479 88
480 257
480 322
480 405
481 41
481 208
481 310
481 380
481 416
481 461
482 65
482 200
482 251
483 205
484 36
484 48
484 376
484 422
485 192
486 28
486 160
487 150
488 357
489 25
490 393
491 319
492 161
492 201
492 242
492 283
493 286
494 61
495 472
496 59
497 9
497 97
497 190
497 220
498 102
498 185
499 337
