90.000000
400
0 2
0 107
0 148
0 176
0 180
0 194
0 210
0 232
0 284
0 298
0 317
0 318
0 331
0 384
0 395
1 72
2 0
2 120
2 236
3 53
3 366
4 180
4 245
4 312
4 326
4 368
5 88
5 249
6 297
6 349
7 72
8 206
8 262
9 55
9 65
10 334
11 107
12 263
13 21
13 88
14 317
14 382
15 33
15 158
15 269
16 116
17 384
18 103
19 50
19 224
20 233
20 325
21 13
22 91
23 63
23 218
23 285
23 298
23 308
24 96
24 259
24 371
25 196
25 378
26 128
27 43
28 164
29 168
30 298
31 191
31 280
31 338
32 329
33 15
33 61
33 341
34 284
35 78
36 115
36 331
37 91
37 290
37 322
38 151
38 207
38 211
38 266
39 92
39 148
40 69
40 147
41 73
42 141
42 322
42 332
43 27
43 71
43 386
44 48
44 95
44 278
44 334
45 65
46 152
47 142
47 174
47 255
48 44
48 300
49 291
50 19
50 117
50 129
50 324
50 363
51 76
51 144
52 133
52 143
53 3
53 56
53 210
54 94
55 9
55 103
55 179
55 353
56 53
57 193
57 222
58 109
58 263
59 251
59 388
60 122
61 33
61 190
62 125
62 335
63 23
63 169
64 291
64 300
65 9
65 45
66 98
66 364
67 155
68 116
69 40
69 85
69 205
69 337
70 187
71 43
71 294
71 350
71 370
72 1
72 7
72 298
73 41
73 186
74 79
74 275
75 390
76 51
76 147
76 317
77 127
77 133
77 185
78 35
78 242
79 74
79 113
79 140
80 216
80 316
81 128
81 198
81 201
82 149
82 263
83 280
83 370
83 381
84 302
85 69
85 265
86 122
87 108
87 115
88 5
88 13
88 149
88 171
89 321
90 125
91 22
91 37
92 39
92 116
93 227
93 240
93 364
94 54
94 229
94 236
94 314
94 383
95 44
95 215
96 24
96 353
97 329
97 358
98 66
99 271
100 348
100 367
101 306
102 152
103 18
103 55
103 313
104 128
105 128
105 362
106 288
107 0
107 11
107 309
108 87
109 58
109 253
110 141
111 289
112 178
113 79
114 160
114 315
115 36
115 87
116 16
116 68
116 92
116 304
117 50
118 191
119 399
120 2
120 124
120 204
120 230
121 148
122 60
122 86
122 266
122 288
122 347
123 303
123 397
124 120
125 62
125 90
126 155
126 292
127 77
128 26
128 81
128 104
128 105
128 210
129 50
130 338
131 304
132 146
133 52
133 77
133 195
134 141
134 383
135 370
136 373
137 328
138 208
138 342
139 296
140 79
140 167
140 371
141 42
141 110
141 134
142 47
143 52
144 51
144 165
145 197
146 132
146 168
146 200
147 40
147 76
148 0
148 39
148 121
148 398
149 82
149 88
149 331
150 177
151 38
152 46
152 102
152 338
152 379
153 157
153 222
153 319
153 354
153 366
153 380
154 263
155 67
155 126
155 188
156 173
156 305
156 381
157 153
157 393
158 15
158 246
159 176
159 239
160 114
161 168
162 392
163 180
164 28
164 192
164 395
165 144
165 302
165 375
166 314
166 339
166 355
167 140
167 178
167 194
168 29
168 146
168 161
168 175
168 330
169 63
169 262
170 268
171 88
171 321
171 376
172 250
172 268
172 357
173 156
174 47
174 335
175 168
175 228
175 284
176 0
176 159
176 195
177 150
177 304
178 112
178 167
179 55
179 186
179 311
180 0
180 4
180 163
180 258
181 299
182 340
183 194
183 297
184 273
184 362
185 77
186 73
186 179
186 203
187 70
187 351
187 374
188 155
188 267
188 328
189 247
189 315
190 61
190 343
191 31
191 118
191 241
192 164
192 197
192 226
193 57
194 0
194 167
194 183
195 133
195 176
195 202
196 25
196 220
196 372
197 145
197 192
197 357
198 81
199 302
200 146
200 307
201 81
202 195
202 350
203 186
204 120
205 69
205 244
205 254
206 8
207 38
208 138
208 319
209 253
210 0
210 53
210 128
211 38
212 245
212 320
213 288
214 375
215 95
216 80
216 327
217 303
217 390
218 23
219 262
220 196
220 316
221 289
222 57
222 153
223 319
224 19
224 394
225 322
226 192
227 93
228 175
228 293
229 94
229 346
230 120
231 294
232 0
232 340
232 344
233 20
234 269
234 336
234 344
235 375
236 2
236 94
237 320
238 277
238 316
238 351
239 159
239 356
240 93
241 191
242 78
242 249
242 287
243 372
244 205
245 4
245 212
246 158
247 189
248 271
248 276
249 5
249 242
250 172
251 59
252 320
253 109
253 209
254 205
254 283
255 47
256 304
257 274
257 298
258 180
258 303
259 24
260 290
261 349
262 8
262 169
262 219
263 12
263 58
263 82
263 154
264 269
264 360
265 85
265 367
266 38
266 122
266 301
267 188
268 170
268 172
268 361
268 387
268 388
269 15
269 234
269 264
270 273
271 99
271 248
271 286
271 333
272 315
272 331
273 184
273 270
274 257
275 74
276 248
276 349
277 238
278 44
278 292
279 390
280 31
280 83
281 301
282 335
283 254
283 325
284 0
284 34
284 175
284 316
285 23
285 377
286 271
287 242
288 106
288 122
288 213
289 111
289 221
289 368
289 385
290 37
290 260
290 345
291 49
291 64
291 387
292 126
292 278
293 228
294 71
294 231
294 359
295 318
296 139
296 385
297 6
297 183
298 0
298 23
298 30
298 72
298 257
299 181
299 344
300 48
300 64
301 266
301 281
302 84
302 165
302 199
302 363
303 123
303 217
303 258
303 347
304 116
304 131
304 177
304 256
305 156
306 101
306 335
307 200
307 335
308 23
309 107
309 369
309 373
310 358
311 179
312 4
313 103
314 94
314 166
315 114
315 189
315 272
316 80
316 220
316 238
316 284
316 352
317 0
317 14
317 76
318 0
318 295
319 153
319 208
319 223
320 212
320 237
320 252
320 391
321 89
321 171
322 37
322 42
322 225
323 337
324 50
325 20
325 283
326 4
327 216
328 137
328 188
328 399
329 32
329 97
330 168
331 0
331 36
331 149
331 272
332 42
333 271
334 10
334 44
335 62
335 174
335 282
335 306
335 307
336 234
337 69
337 323
338 31
338 130
338 152
339 166
340 182
340 232
341 33
342 138
343 190
343 396
344 232
344 234
344 299
345 290
346 229
347 122
347 303
348 100
349 6
349 261
349 276
349 389
350 71
350 202
351 187
351 238
352 316
353 55
353 96
354 153
355 166
356 239
357 172
357 197
358 97
358 310
358 364
359 294
360 264
361 268
362 105
362 184
363 50
363 302
364 66
364 93
364 358
364 377
365 385
366 3
366 153
367 100
367 265
368 4
368 289
369 309
369 392
370 71
370 83
370 135
371 24
371 140
372 196
372 243
373 136
373 309
374 187
375 165
375 214
375 235
376 171
377 285
377 364
378 25
379 152
380 153
381 83
381 156
382 14
383 94
383 134
384 0
384 17
385 289
385 296
385 365
386 43
387 268
387 291
388 59
388 268
389 349
390 75
390 217
390 279
391 320
392 162
392 369
393 157
394 224
395 0
395 164
396 343
397 123
398 148
399 119
399 328
