-274.000000
350
0 13
0 18
0 27
0 36
0 50
0 53
0 54
0 58
0 64
0 65
0 76
0 78
0 85
0 87
0 90
0 98
0 100
0 110
0 112
0 114
0 118
0 124
0 129
0 132
0 135
0 136
0 139
0 141
0 145
0 152
0 156
0 158
0 160
0 163
0 172
0 174
0 184
0 186
0 190
0 192
0 193
0 196
0 200
0 210
0 211
0 233
0 258
0 260
0 262
0 263
0 264
0 268
0 270
0 271
0 273
0 274
0 275
0 281
0 286
0 287
0 294
0 299
0 312
0 314
0 316
0 320
0 323
0 325
0 335
0 338
0 344
0 345
1 127
2 227
2 323
3 152
3 310
4 68
5 7
5 174
6 252
7 5
8 67
8 118
9 273
9 340
10 185
10 263
11 68
11 174
12 16
12 189
13 0
13 97
14 96
15 163
16 12
17 340
18 0
18 119
19 64
20 222
20 305
20 346
21 160
21 177
22 221
22 241
23 51
24 112
24 164
25 27
25 313
26 288
27 0
27 25
27 46
28 56
29 87
30 300
31 160
32 34
32 161
33 318
33 333
34 32
34 320
35 168
35 180
35 251
36 0
36 230
37 57
38 43
38 109
38 291
39 314
40 164
41 170
41 197
42 336
43 38
43 182
44 199
44 205
45 159
45 278
46 27
47 128
48 138
48 269
49 54
49 321
50 0
50 279
51 23
51 88
51 330
52 136
52 204
53 0
54 0
54 49
54 255
55 124
56 28
56 84
56 91
56 343
57 37
57 98
57 108
57 224
58 0
58 182
59 214
59 326
60 260
61 155
61 212
62 181
62 281
62 342
63 124
63 127
63 194
64 0
64 19
64 80
65 0
65 175
65 198
66 94
66 131
66 273
67 8
67 107
68 4
68 11
69 273
70 115
70 153
70 244
71 106
71 154
72 193
72 208
72 267
73 188
74 213
74 299
75 279
76 0
76 113
76 237
77 130
77 244
78 0
78 285
79 159
80 64
80 252
80 257
80 288
81 178
82 129
82 322
83 249
84 56
85 0
85 149
85 253
86 141
86 169
87 0
87 29
87 248
88 51
89 196
89 318
90 0
90 126
90 339
91 56
91 135
92 275
92 329
93 258
94 66
95 286
96 14
96 229
96 247
97 13
97 228
98 0
98 57
99 232
99 258
100 0
100 188
100 243
101 176
101 190
101 336
102 126
102 309
103 178
104 272
105 156
105 183
105 298
106 71
106 200
107 67
108 57
109 38
110 0
110 212
111 282
111 311
112 0
112 24
112 219
113 76
113 203
114 0
114 191
114 216
114 229
115 70
115 198
116 177
117 249
117 344
118 0
118 8
119 18
120 239
120 344
121 327
122 196
123 234
123 240
124 0
124 55
124 63
125 172
126 90
126 102
126 266
126 289
127 1
127 63
127 223
127 315
128 47
128 228
129 0
129 82
129 317
130 77
131 66
131 179
132 0
132 137
133 288
134 320
135 0
135 91
136 0
136 52
136 326
137 132
138 48
138 152
139 0
139 142
139 348
140 225
140 284
140 303
141 0
141 86
141 165
142 139
143 273
144 156
145 0
145 209
145 301
146 159
146 232
147 263
148 274
148 331
149 85
150 262
151 211
152 0
152 3
152 138
153 70
154 71
155 61
156 0
156 105
156 144
157 297
158 0
158 166
159 45
159 79
159 146
160 0
160 21
160 31
161 32
162 335
163 0
163 15
163 280
164 24
164 40
164 231
165 141
166 158
167 276
168 35
168 260
168 332
169 86
169 265
170 41
171 268
172 0
172 125
172 346
173 218
173 276
174 0
174 5
174 11
175 65
176 101
177 21
177 116
178 81
178 103
178 220
178 236
179 131
180 35
181 62
182 43
182 58
182 293
183 105
184 0
184 220
185 10
186 0
186 226
186 272
187 203
188 73
188 100
189 12
189 264
190 0
190 101
190 242
191 114
192 0
192 199
192 296
193 0
193 72
193 284
194 63
195 284
195 349
196 0
196 89
196 122
197 41
197 210
198 65
198 115
198 235
199 44
199 192
199 245
200 0
200 106
201 222
202 287
202 328
203 113
203 187
203 246
204 52
204 250
205 44
205 218
206 300
207 211
208 72
209 145
209 282
210 0
210 197
211 0
211 151
211 207
212 61
212 110
213 74
214 59
215 234
216 114
217 301
218 173
218 205
219 112
220 178
220 184
221 22
222 20
222 201
223 127
223 283
224 57
225 140
226 186
226 308
227 2
227 295
228 97
228 128
229 96
229 114
230 36
230 261
230 337
231 164
232 99
232 146
233 0
233 302
234 123
234 215
235 198
236 178
237 76
238 248
239 120
240 123
240 308
241 22
241 279
242 190
243 100
244 70
244 77
245 199
246 203
247 96
248 87
248 238
249 83
249 117
249 330
250 204
251 35
252 6
252 80
253 85
254 345
255 54
256 345
257 80
258 0
258 93
258 99
259 336
260 0
260 60
260 168
261 230
262 0
262 150
262 319
263 0
263 10
263 147
264 0
264 189
265 169
266 126
267 72
268 0
268 171
269 48
270 0
271 0
272 104
272 186
273 0
273 9
273 66
273 69
273 143
274 0
274 148
275 0
275 92
276 167
276 173
277 338
278 45
279 50
279 75
279 241
280 163
281 0
281 62
282 111
282 209
283 223
283 292
284 140
284 193
284 195
285 78
285 297
286 0
286 95
287 0
287 202
288 26
288 80
288 133
289 126
290 321
291 38
292 283
293 182
294 0
295 227
296 192
297 157
297 285
298 105
299 0
299 74
299 327
300 30
300 206
300 336
301 145
301 217
302 233
303 140
304 328
305 20
306 345
307 322
308 226
308 240
309 102
310 3
311 111
312 0
313 25
314 0
314 39
315 127
316 0
316 334
317 129
318 33
318 89
319 262
320 0
320 34
320 134
320 324
321 49
321 290
322 82
322 307
323 0
323 2
324 320
325 0
326 59
326 136
327 121
327 299
327 341
328 202
328 304
329 92
330 51
330 249
331 148
332 168
333 33
334 316
335 0
335 162
336 42
336 101
336 259
336 300
337 230
338 0
338 277
339 90
340 9
340 17
341 327
342 62
343 56
344 0
344 117
344 120
345 0
345 254
345 256
345 306
345 347
346 20
346 172
347 345
348 139
349 195
