-279.000000
450
0 3
0 8
0 14
0 23
0 25
0 35
0 39
0 48
0 49
0 63
0 66
0 77
0 78
0 80
0 85
0 87
0 93
0 103
0 106
0 112
0 124
0 130
0 138
0 142
0 147
0 164
0 175
0 179
0 182
0 185
0 217
0 225
0 226
0 230
0 241
0 247
0 271
0 273
0 289
0 293
0 300
0 301
0 303
0 316
0 318
0 331
0 332
0 333
0 337
0 347
0 348
0 350
0 364
0 369
0 380
0 387
0 391
0 397
0 401
0 409
0 415
0 417
0 419
0 426
0 433
0 437
0 448
1 152
1 193
2 204
2 348
3 0
3 402
3 428
4 63
4 172
4 412
5 230
6 85
7 222
7 387
8 0
8 152
9 440
10 347
10 449
11 260
11 419
12 117
12 346
13 184
14 0
14 214
14 315
14 442
15 199
16 264
17 141
18 215
18 271
19 190
19 409
20 52
20 400
21 179
21 328
22 248
23 0
23 277
23 305
23 383
24 35
24 50
25 0
25 424
26 255
26 318
27 437
28 175
29 449
30 60
30 309
31 74
31 91
32 122
32 198
33 226
34 112
34 374
35 0
35 24
35 61
36 271
37 235
38 178
39 0
39 194
40 227
41 157
42 112
42 156
43 55
44 79
44 145
45 273
46 259
47 170
47 207
48 0
48 221
49 0
49 88
50 24
51 408
52 20
52 77
52 199
52 410
53 166
54 132
54 341
55 43
55 111
55 209
55 271
56 435
57 349
58 84
59 289
60 30
60 175
61 35
61 254
62 373
63 0
63 4
63 148
64 364
65 242
65 295
66 0
66 188
67 156
68 119
68 149
69 227
70 181
71 300
72 160
72 231
72 267
73 306
74 31
75 433
76 182
77 0
77 52
77 89
78 0
78 207
79 44
79 179
79 180
79 284
80 0
80 161
80 344
80 373
81 181
81 380
82 260
83 362
84 58
84 143
84 237
84 332
85 0
85 6
85 171
86 268
87 0
87 248
87 395
88 49
89 77
90 211
90 315
91 31
91 95
91 196
92 337
93 0
93 120
93 122
94 195
95 91
95 364
96 313
97 247
98 138
98 203
98 362
99 195
99 300
100 158
100 427
101 160
102 137
103 0
103 201
103 381
104 316
105 113
105 331
106 0
106 234
106 361
107 386
107 411
107 426
108 185
109 193
109 224
110 426
111 55
112 0
112 34
112 42
112 163
113 105
113 314
114 336
115 332
116 172
117 12
118 200
119 68
119 124
119 429
120 93
120 157
121 230
121 232
121 393
122 32
122 93
123 418
124 0
124 119
124 263
125 250
125 312
126 380
126 435
127 256
127 387
128 129
128 335
129 128
130 0
130 178
130 367
130 443
131 216
132 54
132 397
132 436
133 218
133 401
133 438
134 191
134 263
135 141
135 147
136 328
137 102
137 347
138 0
138 98
139 241
139 285
139 306
140 192
140 227
140 289
141 17
141 135
142 0
142 213
142 279
143 84
144 299
145 44
146 350
147 0
147 135
147 322
148 63
149 68
149 206
149 365
150 348
151 347
152 1
152 8
152 173
153 437
154 206
155 320
155 327
156 42
156 67
157 41
157 120
158 100
159 299
160 72
160 101
160 316
161 80
161 259
161 368
162 401
163 112
164 0
164 392
164 406
164 414
165 377
165 446
166 53
166 216
166 370
167 226
168 388
169 249
170 47
171 85
171 238
172 4
172 116
172 345
173 152
174 323
175 0
175 28
175 60
176 317
176 419
177 286
178 38
178 130
179 0
179 21
179 79
180 79
181 70
181 81
182 0
182 76
182 250
183 373
184 13
184 427
185 0
185 108
185 427
186 238
187 247
187 324
188 66
188 257
189 347
190 19
191 134
192 140
193 1
193 109
194 39
195 94
195 99
196 91
197 446
198 32
198 423
199 15
199 52
200 118
200 337
201 103
201 378
202 232
202 307
203 98
204 2
204 208
204 405
205 432
206 149
206 154
207 47
207 78
207 302
208 204
209 55
210 360
211 90
212 448
213 142
214 14
215 18
215 372
216 131
216 166
216 323
216 359
216 371
216 404
216 407
216 418
217 0
217 339
218 133
219 390
220 266
220 291
220 448
221 48
222 7
223 274
224 109
225 0
225 360
226 0
226 33
226 167
226 265
226 421
227 40
227 69
227 140
228 298
229 289
230 0
230 5
230 121
231 72
232 121
232 202
233 340
233 413
234 106
234 342
235 37
235 327
235 391
236 313
237 84
238 171
238 186
239 248
240 294
241 0
241 139
242 65
242 338
243 425
243 430
244 363
245 261
245 262
246 247
247 0
247 97
247 187
247 246
248 22
248 87
248 239
249 169
249 276
249 284
250 125
250 182
250 389
251 403
251 417
251 441
252 279
253 340
254 61
254 439
255 26
256 127
257 188
258 314
259 46
259 161
260 11
260 82
261 245
262 245
262 318
263 124
263 134
264 16
264 308
265 226
266 220
267 72
268 86
268 324
269 290
269 388
270 369
271 0
271 18
271 36
271 55
271 444
272 426
273 0
273 45
273 375
273 390
274 223
274 287
274 418
275 364
276 249
277 23
278 340
279 142
279 252
279 283
279 304
280 303
280 396
281 368
282 403
282 447
283 279
284 79
284 249
285 139
286 177
286 304
287 274
288 426
289 0
289 59
289 140
289 229
290 269
291 220
292 321
293 0
293 338
294 240
294 354
294 358
294 392
295 65
296 311
297 334
298 228
298 316
299 144
299 159
299 391
300 0
300 71
300 99
301 0
301 366
301 422
302 207
303 0
303 280
303 326
304 279
304 286
305 23
305 313
305 329
306 73
306 139
307 202
307 308
308 264
308 307
309 30
310 367
311 296
311 424
312 125
313 96
313 236
313 305
314 113
314 258
315 14
315 90
316 0
316 104
316 160
316 298
317 176
317 388
318 0
318 26
318 262
319 322
320 155
321 292
321 420
322 147
322 319
323 174
323 216
324 187
324 268
325 417
326 303
327 155
327 235
328 21
328 136
329 305
330 387
331 0
331 105
331 440
332 0
332 84
332 115
333 0
333 335
334 297
334 414
334 418
335 128
335 333
336 114
336 384
337 0
337 92
337 200
338 242
338 293
339 217
339 385
340 233
340 253
340 278
341 54
342 234
343 437
344 80
345 172
346 12
346 415
347 0
347 10
347 137
347 151
347 189
348 0
348 2
348 150
349 57
349 367
350 0
350 146
351 353
351 444
352 437
353 351
354 294
355 419
356 419
357 371
358 294
359 216
360 210
360 225
360 399
361 106
362 83
362 98
363 244
363 372
364 0
364 64
364 95
364 275
364 377
365 149
366 301
367 130
367 310
367 349
368 161
368 281
369 0
369 270
370 166
371 216
371 357
372 215
372 363
373 62
373 80
373 183
374 34
375 273
376 435
377 165
377 364
378 201
379 445
380 0
380 81
380 126
381 103
381 413
382 410
383 23
384 336
384 445
385 339
386 107
387 0
387 7
387 127
387 330
388 168
388 269
388 317
389 250
390 219
390 273
391 0
391 235
391 299
392 164
392 294
393 121
394 401
395 87
395 408
396 280
397 0
397 132
398 412
399 360
399 425
400 20
401 0
401 133
401 162
401 394
402 3
403 251
403 282
403 420
404 216
405 204
406 164
407 216
408 51
408 395
409 0
409 19
410 52
410 382
411 107
412 4
412 398
413 233
413 381
414 164
414 334
415 0
415 346
415 434
416 431
416 442
417 0
417 251
417 325
417 445
418 123
418 216
418 274
418 334
419 0
419 11
419 176
419 355
419 356
420 321
420 403
421 226
422 301
423 198
424 25
424 311
425 243
425 399
426 0
426 107
426 110
426 272
426 288
427 100
427 184
427 185
428 3
429 119
430 243
431 416
432 205
432 434
433 0
433 75
434 415
434 432
435 56
435 126
435 376
436 132
437 0
437 27
437 153
437 343
437 352
438 133
439 254
440 9
440 331
441 251
442 14
442 416
443 130
444 271
444 351
445 379
445 384
445 417
446 165
446 197
447 282
448 0
448 212
448 220
449 10
449 29
