-210.000000
250
0 4
0 5
0 18
0 20
0 21
0 22
0 24
0 30
0 35
0 37
0 43
0 51
0 61
0 66
0 74
0 78
0 80
0 88
0 89
0 100
0 101
0 104
0 105
0 115
0 123
0 124
0 133
0 141
0 152
0 179
0 182
0 194
0 198
0 206
0 211
0 218
0 225
0 231
0 243
0 244
0 249
1 74
1 237
2 78
2 189
3 79
4 0
4 107
4 126
5 0
5 67
5 92
6 141
6 149
6 154
7 177
8 82
8 232
9 121
9 247
10 172
10 214
10 242
11 222
12 67
13 155
14 58
15 225
16 182
17 149
18 0
18 32
19 31
19 145
19 155
20 0
20 48
20 170
21 0
21 87
21 238
22 0
22 140
22 234
22 235
23 215
24 0
24 158
24 203
25 201
25 206
26 182
27 204
27 213
28 37
28 65
28 166
29 33
30 0
30 183
30 216
31 19
32 18
32 33
32 136
33 29
33 32
34 240
35 0
35 56
35 161
36 50
36 77
36 195
37 0
37 28
38 129
38 132
39 109
39 242
40 169
41 81
41 211
42 231
43 0
43 173
44 124
45 147
46 103
47 67
48 20
49 97
49 179
49 219
50 36
50 244
51 0
51 209
52 170
53 133
53 193
54 149
55 208
56 35
57 215
58 14
58 112
58 216
59 178
59 198
59 207
60 101
61 0
61 214
61 247
62 113
62 153
63 121
64 118
64 137
64 217
64 246
65 28
66 0
66 125
66 143
67 5
67 12
67 47
67 185
67 199
68 219
69 95
70 185
71 161
72 177
72 179
73 110
74 0
74 1
74 159
74 190
74 240
75 89
76 161
76 226
77 36
78 0
78 2
79 3
79 249
80 0
80 155
81 41
81 114
82 8
83 100
84 244
85 106
86 210
87 21
87 138
87 192
87 208
88 0
88 157
89 0
89 75
89 108
90 213
91 170
92 5
93 144
94 202
95 69
95 151
95 157
96 139
97 49
98 153
99 215
100 0
100 83
101 0
101 60
101 169
102 176
102 210
103 46
103 180
103 205
104 0
104 111
104 191
105 0
105 110
106 85
106 204
107 4
107 200
108 89
109 39
110 73
110 105
110 144
110 167
111 104
111 227
112 58
113 62
114 81
114 142
115 0
115 132
116 132
117 130
117 235
118 64
119 123
119 175
119 232
120 200
121 9
121 63
121 176
122 199
123 0
123 119
124 0
124 44
124 171
125 66
126 4
127 243
128 158
129 38
130 117
131 177
132 38
132 115
132 116
133 0
133 53
133 205
134 222
134 243
135 177
136 32
136 224
137 64
137 153
137 194
138 87
139 96
139 218
140 22
141 0
141 6
142 114
143 66
144 93
144 110
145 19
146 168
147 45
147 237
148 225
149 6
149 17
149 54
150 154
151 95
151 245
152 0
152 160
152 184
153 62
153 98
153 137
154 6
154 150
155 13
155 19
155 80
156 173
157 88
157 95
158 24
158 128
159 74
160 152
161 35
161 71
161 76
162 228
163 169
164 168
164 218
165 203
166 28
167 110
168 146
168 164
168 229
169 40
169 101
169 163
170 20
170 52
170 91
170 221
171 124
171 215
172 10
173 43
173 156
173 202
174 208
175 119
176 102
176 121
177 7
177 72
177 131
177 135
178 59
178 223
179 0
179 49
179 72
180 103
181 187
181 244
182 0
182 16
182 26
183 30
184 152
185 67
185 70
186 226
187 181
188 201
189 2
190 74
191 104
192 87
193 53
194 0
194 137
194 241
194 248
195 36
196 212
197 227
197 230
198 0
198 59
198 220
199 67
199 122
200 107
200 120
200 228
201 25
201 188
202 94
202 173
203 24
203 165
204 27
204 106
204 231
205 103
205 133
206 0
206 25
206 239
207 59
208 55
208 87
208 174
208 236
209 51
210 86
210 102
211 0
211 41
212 196
212 234
213 27
213 90
214 10
214 61
215 23
215 57
215 99
215 171
216 30
216 58
217 64
218 0
218 139
218 164
218 233
219 49
219 68
220 198
221 170
222 11
222 134
223 178
224 136
225 0
225 15
225 148
226 76
226 186
227 111
227 197
228 162
228 200
229 168
230 197
231 0
231 42
231 204
232 8
232 119
233 218
234 22
234 212
235 22
235 117
236 208
237 1
237 147
238 21
239 206
240 34
240 74
241 194
242 10
242 39
243 0
243 127
243 134
244 0
244 50
244 84
244 181
245 151
246 64
247 9
247 61
248 194
249 0
249 79
